2018.10.15 00:36:57-INFO: Crawler Starts
2018.10.15 00:36:57-INFO: Crawler Ends
2018.10.15 00:36:57-INFO: Skipped D:\++WORKZONE++
2018.10.15 00:36:57-INFO: Skipped D:\++WORKZONE++\!!! Instrumentals NEW\1 part DLded\03. Instrumentals\2010 - Brown Study Instrumentals
2018.10.15 00:36:57-INFO: None
2018.10.15 00:36:57-INFO: Catalog Worker starts : D:\++WORKZONE++\!!! Instrumentals NEW\1 part DLded\03. Instrumentals\2010 - Gas Mask Instrumentals
2018.10.15 00:36:57-INFO: 
Working on file : D:\++WORKZONE++\!!! Instrumentals NEW\1 part DLded\03. Instrumentals\2010 - Gas Mask Instrumentals\01 The Left - Change (Instrumental).mp3
2018.10.15 00:36:57-INFO: 
Working on file : D:\++WORKZONE++\!!! Instrumentals NEW\1 part DLded\03. Instrumentals\2010 - Gas Mask Instrumentals\02 The Left - Gas Mask (Instrumental).mp3
2018.10.15 00:36:57-INFO: 
Working on file : D:\++WORKZONE++\!!! Instrumentals NEW\1 part DLded\03. Instrumentals\2010 - Gas Mask Instrumentals\03 The Left - Frozen (Instrumental).mp3
2018.10.15 00:36:57-INFO: 
Working on file : D:\++WORKZONE++\!!! Instrumentals NEW\1 part DLded\03. Instrumentals\2010 - Gas Mask Instrumentals\04 The Left - Battle Axe (Instrumental).mp3
2018.10.15 00:36:57-INFO: 
Working on file : D:\++WORKZONE++\!!! Instrumentals NEW\1 part DLded\03. Instrumentals\2010 - Gas Mask Instrumentals\05 The Left - Binoculars (Instrumental).mp3
2018.10.15 00:36:57-INFO: 
Working on file : D:\++WORKZONE++\!!! Instrumentals NEW\1 part DLded\03. Instrumentals\2010 - Gas Mask Instrumentals\06 The Left - How We Live (Instrumental).mp3
2018.10.15 00:36:57-INFO: 
Working on file : D:\++WORKZONE++\!!! Instrumentals NEW\1 part DLded\03. Instrumentals\2010 - Gas Mask Instrumentals\07 The Left - Chokehold (Instrumental).mp3
2018.10.15 00:36:57-INFO: 
Working on file : D:\++WORKZONE++\!!! Instrumentals NEW\1 part DLded\03. Instrumentals\2010 - Gas Mask Instrumentals\08 The Left - The Funeral (Instrumental).mp3
2018.10.15 00:36:57-INFO: 
Working on file : D:\++WORKZONE++\!!! Instrumentals NEW\1 part DLded\03. Instrumentals\2010 - Gas Mask Instrumentals\09 The Left - Statistics (Instrumental).mp3
2018.10.15 00:36:57-INFO: 
Working on file : D:\++WORKZONE++\!!! Instrumentals NEW\1 part DLded\03. Instrumentals\2010 - Gas Mask Instrumentals\10 The Left - Real Detroit (Instrumental).mp3
2018.10.15 00:36:58-INFO: 
Working on file : D:\++WORKZONE++\!!! Instrumentals NEW\1 part DLded\03. Instrumentals\2010 - Gas Mask Instrumentals\11 The Left - The Melody (Instrumental).mp3
2018.10.15 00:36:58-INFO: 
Working on file : D:\++WORKZONE++\!!! Instrumentals NEW\1 part DLded\03. Instrumentals\2010 - Gas Mask Instrumentals\12 The Left - Reporting Live (Instrumental).mp3
2018.10.15 00:36:58-INFO: 
Working on file : D:\++WORKZONE++\!!! Instrumentals NEW\1 part DLded\03. Instrumentals\2010 - Gas Mask Instrumentals\13 The Left - Fooled For Thought (Instrumental).mp3
2018.10.15 00:36:58-INFO: 
Working on file : D:\++WORKZONE++\!!! Instrumentals NEW\1 part DLded\03. Instrumentals\2010 - Gas Mask Instrumentals\14 The Left - Desperation (Instrumental).mp3
2018.10.15 00:36:58-INFO: 
Working on file : D:\++WORKZONE++\!!! Instrumentals NEW\1 part DLded\03. Instrumentals\2010 - Gas Mask Instrumentals\15 The Left - Caged Birds (Instrumental).mp3
2018.10.15 00:36:58-INFO: 
Working on file : D:\++WORKZONE++\!!! Instrumentals NEW\1 part DLded\03. Instrumentals\2010 - Gas Mask Instrumentals\16 The Left - Homage (Instrumental).mp3
2018.10.15 00:36:58-INFO: 
Working on file : D:\++WORKZONE++\!!! Instrumentals NEW\1 part DLded\03. Instrumentals\2010 - Gas Mask Instrumentals\17 The Left - Get In Where You Fit In (Instrumental).mp3
2018.10.15 00:36:58-INFO: 

***Searching for The Left - Gas Mask Instrumentals
2018.10.15 00:36:58-INFO: 
metoda Album
2018.10.15 00:36:58-INFO: Connecting Discogs
Query: Gas Mask Instrumentals
2018.10.15 00:37:00-INFO: 
metoda Token
2018.10.15 00:37:00-INFO: Connecting Discogs
 Query: The Left - Gas Mask Instrumentals
2018.10.15 00:37:02-INFO: 
metoda Variations
2018.10.15 00:37:02-INFO: Connecting Discogs
Query: The Left
2018.10.15 00:37:04-INFO: <Artist 1747231 'The Left Bank Organization'>  aliases : ['Left Bank Organization', 'The Lef Bank Organization', 'The Left Bank Organisation', 'The Left Bank Organization', 'The Left Bank Organization Inc.']
2018.10.15 00:37:04-INFO: Connecting Discogs
Query: Left Bank Organization - Gas Mask Instrumentals
2018.10.15 00:37:04-INFO: tried: Left Bank Organization - Gas Mask Instrumentals
2018.10.15 00:37:06-INFO: Connecting Discogs
Query: The Lef Bank Organization - Gas Mask Instrumentals
2018.10.15 00:37:06-INFO: tried: The Lef Bank Organization - Gas Mask Instrumentals
2018.10.15 00:37:08-INFO: Connecting Discogs
Query: The Left Bank Organisation - Gas Mask Instrumentals
2018.10.15 00:37:08-INFO: tried: The Left Bank Organisation - Gas Mask Instrumentals
2018.10.15 00:37:10-INFO: Connecting Discogs
Query: The Left Bank Organization - Gas Mask Instrumentals
2018.10.15 00:37:10-INFO: tried: The Left Bank Organization - Gas Mask Instrumentals
2018.10.15 00:37:11-INFO: Connecting Discogs
Query: The Left Bank Organization Inc. - Gas Mask Instrumentals
2018.10.15 00:37:11-INFO: tried: The Left Bank Organization Inc. - Gas Mask Instrumentals
2018.10.15 00:37:14-INFO: 
metoda Release
2018.10.15 00:37:14-INFO: Connecting Discogs
Query: Gas Mask Instrumentals
2018.10.15 00:37:15-INFO: Comparing The Left - Gas Mask
2018.10.15 00:37:15-INFO: Comparing Cannibal (4) - Resurrected Instrumentals
2018.10.15 00:37:15-INFO: Comparing Dexplicit* - Old School Grime (Instrumentals)
2018.10.15 00:37:15-INFO: Comparing Frank Zappa - Mystery Box • 10-Record Monstrosity • A Really Spiffy Collection
2018.10.15 00:37:16-INFO: 
metoda Release2
2018.10.15 00:37:16-INFO: Connecting Discogs
Query: The Left - Gas Mask Instrumentals
2018.10.15 00:37:17-INFO: Comparing The Left - Gas Mask
2018.10.15 00:37:17-INFO: With The Left - Gas Mask Instrumentals
2018.10.15 00:37:18-INFO: Worked on :
CatalogID:	3
Artysta:	The Left
Album:	Gas Mask Instrumentals
Work done


2018.10.15 00:37:19-INFO: None
2018.10.15 00:37:19-INFO: Catalog Worker starts : D:\++WORKZONE++\!!! Instrumentals NEW\1 part DLded\03. Instrumentals\2010 - The Reset Instrumentals
2018.10.15 00:37:19-INFO: 
Working on file : D:\++WORKZONE++\!!! Instrumentals NEW\1 part DLded\03. Instrumentals\2010 - The Reset Instrumentals\01 Apollo Brown - Our Time.mp3
2018.10.15 00:37:19-INFO: 
Working on file : D:\++WORKZONE++\!!! Instrumentals NEW\1 part DLded\03. Instrumentals\2010 - The Reset Instrumentals\02 Apollo Brown - Hungry Instro.mp3
2018.10.15 00:37:19-INFO: 
Working on file : D:\++WORKZONE++\!!! Instrumentals NEW\1 part DLded\03. Instrumentals\2010 - The Reset Instrumentals\03 Apollo Brown - Lower The Boom Instro.mp3
2018.10.15 00:37:19-INFO: 
Working on file : D:\++WORKZONE++\!!! Instrumentals NEW\1 part DLded\03. Instrumentals\2010 - The Reset Instrumentals\04 Apollo Brown - Beauty of a Day Instro.mp3
2018.10.15 00:37:19-INFO: 
Working on file : D:\++WORKZONE++\!!! Instrumentals NEW\1 part DLded\03. Instrumentals\2010 - The Reset Instrumentals\05 Apollo Brown - Real Detroit Instro.mp3
2018.10.15 00:37:19-INFO: 
Working on file : D:\++WORKZONE++\!!! Instrumentals NEW\1 part DLded\03. Instrumentals\2010 - The Reset Instrumentals\06 Apollo Brown - seasons instro.mp3
2018.10.15 00:37:19-INFO: 
Working on file : D:\++WORKZONE++\!!! Instrumentals NEW\1 part DLded\03. Instrumentals\2010 - The Reset Instrumentals\07 Apollo Brown - Brag Language Instro.mp3
2018.10.15 00:37:20-INFO: 
Working on file : D:\++WORKZONE++\!!! Instrumentals NEW\1 part DLded\03. Instrumentals\2010 - The Reset Instrumentals\08 Apollo Brown - Streets Won't Let Me Chill Instro.mp3
2018.10.15 00:37:20-INFO: 
Working on file : D:\++WORKZONE++\!!! Instrumentals NEW\1 part DLded\03. Instrumentals\2010 - The Reset Instrumentals\09 Apollo Brown - Balance Instro.mp3
2018.10.15 00:37:20-INFO: 
Working on file : D:\++WORKZONE++\!!! Instrumentals NEW\1 part DLded\03. Instrumentals\2010 - The Reset Instrumentals\10 Apollo Brown - Turn & Run Instro.mp3
2018.10.15 00:37:20-INFO: 
Working on file : D:\++WORKZONE++\!!! Instrumentals NEW\1 part DLded\03. Instrumentals\2010 - The Reset Instrumentals\11 Apollo Brown - Odds Aint Fair.mp3
2018.10.15 00:37:20-INFO: 
Working on file : D:\++WORKZONE++\!!! Instrumentals NEW\1 part DLded\03. Instrumentals\2010 - The Reset Instrumentals\12 Apollo Brown - Brainwash Instro.mp3
2018.10.15 00:37:20-INFO: 
Working on file : D:\++WORKZONE++\!!! Instrumentals NEW\1 part DLded\03. Instrumentals\2010 - The Reset Instrumentals\13 Apollo Brown - Just Think Instro.mp3
2018.10.15 00:37:20-INFO: 
Working on file : D:\++WORKZONE++\!!! Instrumentals NEW\1 part DLded\03. Instrumentals\2010 - The Reset Instrumentals\14 Apollo Brown - Propa Instro.mp3
2018.10.15 00:37:20-INFO: 
Working on file : D:\++WORKZONE++\!!! Instrumentals NEW\1 part DLded\03. Instrumentals\2010 - The Reset Instrumentals\15 Apollo Brown - Ghetto Soul Music Instro.mp3
2018.10.15 00:37:20-INFO: 

***Searching for Apollo Brown - The Reset Instrumentals
2018.10.15 00:37:20-INFO: 
metoda Album
2018.10.15 00:37:20-INFO: Connecting Discogs
Query: The Reset Instrumentals
2018.10.15 00:37:22-INFO: 
metoda Token
2018.10.15 00:37:22-INFO: Connecting Discogs
 Query: Apollo Brown - The Reset Instrumentals
2018.10.15 00:37:24-INFO: 
metoda Variations
2018.10.15 00:37:24-INFO: Connecting Discogs
Query: Apollo Brown
2018.10.15 00:37:26-INFO: <Artist 1461629 'Apollo Brown'>  aliases : None
2018.10.15 00:37:27-INFO: 
metoda Release
2018.10.15 00:37:27-INFO: Connecting Discogs
Query: The Reset Instrumentals
2018.10.15 00:37:27-INFO: Comparing Must Volkoff - Aquanaut (Instrumentals) 
2018.10.15 00:37:27-INFO: Comparing The Mono Men - Shut Up!
2018.10.15 00:37:28-INFO: 
metoda Release2
2018.10.15 00:37:28-INFO: Connecting Discogs
Query: Apollo Brown - The Reset Instrumentals
2018.10.15 00:37:30-INFO: Worked on :
CatalogID:	4
Artysta:	Apollo Brown
Album:	The Reset Instrumentals
Work done


2018.10.15 00:37:31-INFO: None
2018.10.15 00:37:31-INFO: Catalog Worker starts : D:\++WORKZONE++\!!! Instrumentals NEW\1 part DLded\03. Instrumentals\2013 - Trophies Instrumentals
2018.10.15 00:37:31-INFO: 
Working on file : D:\++WORKZONE++\!!! Instrumentals NEW\1 part DLded\03. Instrumentals\2013 - Trophies Instrumentals\01 Apollo Brown - Trophies.mp3
2018.10.15 00:37:31-INFO: 
Working on file : D:\++WORKZONE++\!!! Instrumentals NEW\1 part DLded\03. Instrumentals\2013 - Trophies Instrumentals\02 Apollo Brown - The Pursuit.mp3
2018.10.15 00:37:31-INFO: 
Working on file : D:\++WORKZONE++\!!! Instrumentals NEW\1 part DLded\03. Instrumentals\2013 - Trophies Instrumentals\03 Apollo Brown - Prove Me Wrong.mp3
2018.10.15 00:37:31-INFO: 
Working on file : D:\++WORKZONE++\!!! Instrumentals NEW\1 part DLded\03. Instrumentals\2013 - Trophies Instrumentals\04 Apollo Brown - Nautica.mp3
2018.10.15 00:37:32-INFO: 
Working on file : D:\++WORKZONE++\!!! Instrumentals NEW\1 part DLded\03. Instrumentals\2013 - Trophies Instrumentals\05 Apollo Brown - Anotha One.mp3
2018.10.15 00:37:32-INFO: 
Working on file : D:\++WORKZONE++\!!! Instrumentals NEW\1 part DLded\03. Instrumentals\2013 - Trophies Instrumentals\06 Apollo Brown - Disclaimer.mp3
2018.10.15 00:37:32-INFO: 
Working on file : D:\++WORKZONE++\!!! Instrumentals NEW\1 part DLded\03. Instrumentals\2013 - Trophies Instrumentals\07 Apollo Brown - We the People.mp3
2018.10.15 00:37:32-INFO: 
Working on file : D:\++WORKZONE++\!!! Instrumentals NEW\1 part DLded\03. Instrumentals\2013 - Trophies Instrumentals\08 Apollo Brown - Signs.mp3
2018.10.15 00:37:32-INFO: 
Working on file : D:\++WORKZONE++\!!! Instrumentals NEW\1 part DLded\03. Instrumentals\2013 - Trophies Instrumentals\09 Apollo Brown - The First 48.mp3
2018.10.15 00:37:32-INFO: 
Working on file : D:\++WORKZONE++\!!! Instrumentals NEW\1 part DLded\03. Instrumentals\2013 - Trophies Instrumentals\10 Apollo Brown - Angels Sing.mp3
2018.10.15 00:37:32-INFO: 
Working on file : D:\++WORKZONE++\!!! Instrumentals NEW\1 part DLded\03. Instrumentals\2013 - Trophies Instrumentals\11 Apollo Brown - Just Walk.mp3
2018.10.15 00:37:32-INFO: 
Working on file : D:\++WORKZONE++\!!! Instrumentals NEW\1 part DLded\03. Instrumentals\2013 - Trophies Instrumentals\12 Apollo Brown - The Formula.mp3
2018.10.15 00:37:32-INFO: 
Working on file : D:\++WORKZONE++\!!! Instrumentals NEW\1 part DLded\03. Instrumentals\2013 - Trophies Instrumentals\13 Apollo Brown - Peoples Champ.mp3
2018.10.15 00:37:32-INFO: 
Working on file : D:\++WORKZONE++\!!! Instrumentals NEW\1 part DLded\03. Instrumentals\2013 - Trophies Instrumentals\14 Apollo Brown - Options.mp3
2018.10.15 00:37:32-INFO: 
Working on file : D:\++WORKZONE++\!!! Instrumentals NEW\1 part DLded\03. Instrumentals\2013 - Trophies Instrumentals\15 Apollo Brown - Caught Up.mp3
2018.10.15 00:37:32-INFO: 
Working on file : D:\++WORKZONE++\!!! Instrumentals NEW\1 part DLded\03. Instrumentals\2013 - Trophies Instrumentals\16 Apollo Brown - Fantastic.mp3
2018.10.15 00:37:33-INFO: 

***Searching for Apollo Brown - Trophies Instrumentals
2018.10.15 00:37:33-INFO: 
metoda Album
2018.10.15 00:37:33-INFO: Connecting Discogs
Query: Trophies Instrumentals
2018.10.15 00:37:34-INFO: 
metoda Token
2018.10.15 00:37:34-INFO: Connecting Discogs
 Query: Apollo Brown - Trophies Instrumentals
2018.10.15 00:37:36-INFO: 
metoda Variations
2018.10.15 00:37:36-INFO: Connecting Discogs
Query: Apollo Brown
2018.10.15 00:37:38-INFO: <Artist 1461629 'Apollo Brown'>  aliases : None
2018.10.15 00:37:39-INFO: 
metoda Release
2018.10.15 00:37:39-INFO: Connecting Discogs
Query: Trophies Instrumentals
2018.10.15 00:37:40-INFO: Comparing Apollo Brown - Trophies Instrumentals
2018.10.15 00:37:40-INFO: Znaleziono ID z listy Release
2018.10.15 00:37:40-INFO: 5007460
2018.10.15 00:37:42-INFO: Worked on :
CatalogID:	5
Artysta:	Apollo Brown
Album:	Trophies Instrumentals
Work done


2018.10.15 00:37:43-INFO: None
2018.10.15 00:37:43-INFO: Catalog Worker starts : D:\++WORKZONE++\!!! Instrumentals NEW\1 part DLded\2013 - Blazo - Colors of Jazz 2
2018.10.15 00:37:43-INFO: 
Working on file : D:\++WORKZONE++\!!! Instrumentals NEW\1 part DLded\2013 - Blazo - Colors of Jazz 2\01 Blazo - Liquid Silver.mp3
2018.10.15 00:37:43-INFO: 
Working on file : D:\++WORKZONE++\!!! Instrumentals NEW\1 part DLded\2013 - Blazo - Colors of Jazz 2\02 Blazo - Flowing Violet.mp3
2018.10.15 00:37:43-INFO: 
Working on file : D:\++WORKZONE++\!!! Instrumentals NEW\1 part DLded\2013 - Blazo - Colors of Jazz 2\03 Blazo - Tender Grapphite.mp3
2018.10.15 00:37:43-INFO: 
Working on file : D:\++WORKZONE++\!!! Instrumentals NEW\1 part DLded\2013 - Blazo - Colors of Jazz 2\04 Blazo - Fresh Green.mp3
2018.10.15 00:37:43-INFO: 
Working on file : D:\++WORKZONE++\!!! Instrumentals NEW\1 part DLded\2013 - Blazo - Colors of Jazz 2\05 Blazo - Inspiration Gold.mp3
2018.10.15 00:37:43-INFO: 
Working on file : D:\++WORKZONE++\!!! Instrumentals NEW\1 part DLded\2013 - Blazo - Colors of Jazz 2\06 Blazo - Exotic Azure.mp3
2018.10.15 00:37:43-INFO: 
Working on file : D:\++WORKZONE++\!!! Instrumentals NEW\1 part DLded\2013 - Blazo - Colors of Jazz 2\07 Blazo - Vinyl Black.mp3
2018.10.15 00:37:43-INFO: 
Working on file : D:\++WORKZONE++\!!! Instrumentals NEW\1 part DLded\2013 - Blazo - Colors of Jazz 2\08 Blazo - Rainy Indygo.mp3
2018.10.15 00:37:43-INFO: 
Working on file : D:\++WORKZONE++\!!! Instrumentals NEW\1 part DLded\2013 - Blazo - Colors of Jazz 2\09 Blazo - Fine Red.mp3
2018.10.15 00:37:43-INFO: 
Working on file : D:\++WORKZONE++\!!! Instrumentals NEW\1 part DLded\2013 - Blazo - Colors of Jazz 2\10 Blazo - Light Blue.mp3
2018.10.15 00:37:43-INFO: 
Working on file : D:\++WORKZONE++\!!! Instrumentals NEW\1 part DLded\2013 - Blazo - Colors of Jazz 2\11 Blazo - Lively Purple.mp3
2018.10.15 00:37:43-INFO: 
Working on file : D:\++WORKZONE++\!!! Instrumentals NEW\1 part DLded\2013 - Blazo - Colors of Jazz 2\12 Blazo - Sharp Brown.mp3
2018.10.15 00:37:43-INFO: 
Working on file : D:\++WORKZONE++\!!! Instrumentals NEW\1 part DLded\2013 - Blazo - Colors of Jazz 2\13 Blazo - Early Orange.mp3
2018.10.15 00:37:43-INFO: 
Working on file : D:\++WORKZONE++\!!! Instrumentals NEW\1 part DLded\2013 - Blazo - Colors of Jazz 2\14 Blazo - Calm Grey.mp3
2018.10.15 00:37:43-INFO: 
Working on file : D:\++WORKZONE++\!!! Instrumentals NEW\1 part DLded\2013 - Blazo - Colors of Jazz 2\15 Blazo - Sunrise Yellow.mp3
2018.10.15 00:37:43-INFO: 
Working on file : D:\++WORKZONE++\!!! Instrumentals NEW\1 part DLded\2013 - Blazo - Colors of Jazz 2\16 Blazo - Last Sapphire.mp3
2018.10.15 00:37:43-INFO: 
Working on file : D:\++WORKZONE++\!!! Instrumentals NEW\1 part DLded\2013 - Blazo - Colors of Jazz 2\17 Blazo - Dark Sepia.mp3
2018.10.15 00:37:43-INFO: 
Working on file : D:\++WORKZONE++\!!! Instrumentals NEW\1 part DLded\2013 - Blazo - Colors of Jazz 2\18 Blazo - Moon White.mp3
2018.10.15 00:37:43-INFO: 

***Searching for Blazo - Colors of Jazz 2
2018.10.15 00:37:43-INFO: 
metoda Album
2018.10.15 00:37:43-INFO: Connecting Discogs
Query: Colors of Jazz 2
2018.10.15 00:37:45-INFO: Comparing Beck - Colors
2018.10.15 00:37:45-INFO: Comparing Blazo - Colors Of Jazz 2
2018.10.15 00:37:45-INFO: Comparing The Brass Company - Colors
2018.10.15 00:37:45-INFO: Comparing Various - Jazz Bizniz 2
2018.10.15 00:37:45-INFO: Comparing Maleem Mahmoud Ghania with Pharoah Sanders - The Trance Of Seven Colors
2018.10.15 00:37:45-INFO: Comparing Raul De Souza - Colors
2018.10.15 00:37:45-INFO: Comparing Jazzie Redd - The Colors Of Jazz EP
2018.10.15 00:37:45-INFO: Comparing Blazo - Colors Of Jazz
2018.10.15 00:37:45-INFO: Comparing Various - Spiritual Jazz 6 Vocals
2018.10.15 00:37:45-INFO: Comparing Shannon Jackson* - When Colors Play
2018.10.15 00:37:45-INFO: Comparing Herb Alpert - Colors
2018.10.15 00:37:45-INFO: Comparing Ornette* + Joachim Kühn - Colors: Live From Leipzig
2018.10.15 00:37:45-INFO: Comparing Pharoah Sanders - Karma
2018.10.15 00:37:45-INFO: Comparing Lonnie Liston Smith And The Cosmic Echoes - Visions Of A New World
2018.10.15 00:37:45-INFO: Comparing Kev Beadle* - Private Collection (Independent Jazz Sounds From The Seventies And Eighties)
2018.10.15 00:37:45-INFO: Comparing Charles Mingus - Mingus Ah Um
2018.10.15 00:37:45-INFO: Comparing Joe McPhee and John Snyder (3) - Pieces Of Light
2018.10.15 00:37:45-INFO: Comparing Chuck Loeb - Life Colors
2018.10.15 00:37:45-INFO: Comparing Various - Street Jazz Vol. 2
2018.10.15 00:37:45-INFO: Comparing The Exotic Rhythms Of Les Baxter Orchestra And Chorus* - The Colors Of Brazil / African Blue
2018.10.15 00:37:45-INFO: Comparing Pharoah Sanders - The Best Of Pharoah Sanders
2018.10.15 00:37:45-INFO: Comparing Sonny Sharrock - Black Woman
2018.10.15 00:37:45-INFO: Comparing Alphonse Mouzon - Virtue
2018.10.15 00:37:45-INFO: Comparing Jon Hassell - City: Works Of Fiction
2018.10.15 00:37:45-INFO: Comparing Sal Salvador Quartet With Brass* - Colors In Sound
2018.10.15 00:37:45-INFO: Comparing Various - The Colors Of Latin Jazz
2018.10.15 00:37:45-INFO: Comparing Mark Farina - United DJs Of America
2018.10.15 00:37:45-INFO: Comparing Various - The Sound Of Christmas, Volume 2
2018.10.15 00:37:45-INFO: Comparing Various - Stand Up And Be Counted (Soul, Funk And Jazz From A Revolutionary Era Volume 2)
2018.10.15 00:37:45-INFO: Comparing Various - The Colors Of Latin Jazz
2018.10.15 00:37:45-INFO: Comparing Eric Burdon And War* - The Black-Man's Burdon
2018.10.15 00:37:45-INFO: Comparing Quin Kirchner - The Other Side Of Time
2018.10.15 00:37:45-INFO: Comparing Laurent De Wilde - Colors Of Manhattan
2018.10.15 00:37:45-INFO: Comparing Various - Colors (The Collection)
2018.10.15 00:37:45-INFO: Comparing John Barry - The Best Of John Barry
2018.10.15 00:37:45-INFO: Comparing Shining (2) - Grindstone
2018.10.15 00:37:45-INFO: Comparing Frank Sinatra - Cycles
2018.10.15 00:37:45-INFO: Comparing Ornette*, The Original Quartet* & Prime Time (5) - In All Languages
2018.10.15 00:37:45-INFO: Comparing Shining (2) - Shining
2018.10.15 00:37:45-INFO: Comparing Colin Curtis - Jazz Dance Fusion
2018.10.15 00:37:45-INFO: Comparing Various - Audio Alchemy 2 (Directions In Sound Manipulation)
2018.10.15 00:37:45-INFO: Comparing Gary McFarland - Profiles
2018.10.15 00:37:45-INFO: Comparing Michel Petrucciani - Both Worlds
2018.10.15 00:37:45-INFO: Comparing Various - Welcome To The Basement
2018.10.15 00:37:45-INFO: Comparing Paulinho Da Costa - Happy People
2018.10.15 00:37:45-INFO: Comparing Jan Akkerman & Kaz Lux - Eli
2018.10.15 00:37:45-INFO: Comparing The Yuri Honing Trio - Star Tracks
2018.10.15 00:37:45-INFO: Comparing George Winston - All The Seasons Of George Winston
2018.10.15 00:37:45-INFO: Comparing Various - Colors Of Jazz: From Dusk Till Dawn
2018.10.15 00:37:45-INFO: Comparing Allan Holdsworth - I.O.U.
2018.10.15 00:37:46-INFO: 
metoda Token
2018.10.15 00:37:46-INFO: Connecting Discogs
 Query: Blazo - Colors of Jazz 2
2018.10.15 00:37:47-INFO: Blazo - Colors Of Jazz 2
2018.10.15 00:37:47-INFO: Comparing Blazo - Colors Of Jazz 2
2018.10.15 00:37:47-INFO: Blazo - Colors Of Jazz
2018.10.15 00:37:47-INFO: Comparing Blazo - Colors Of Jazz
2018.10.15 00:37:48-INFO: 
metoda Variations
2018.10.15 00:37:48-INFO: Connecting Discogs
Query: Blazo
2018.10.15 00:37:50-INFO: <Artist 2005317 'Blazo'>  aliases : None
2018.10.15 00:37:51-INFO: 
metoda Release
2018.10.15 00:37:51-INFO: Connecting Discogs
Query: Colors of Jazz 2
2018.10.15 00:37:52-INFO: Comparing Blazo - Colors Of Jazz 2
2018.10.15 00:37:52-INFO: Comparing The Brass Company - Colors
2018.10.15 00:37:52-INFO: Comparing Nuspirit Helsinki - Colors Of My Mind
2018.10.15 00:37:52-INFO: Comparing Beck - Colors
2018.10.15 00:37:52-INFO: Comparing Beck - Colors
2018.10.15 00:37:52-INFO: Comparing Various - Jazz Bizniz 2
2018.10.15 00:37:52-INFO: Comparing Various - Spiritual Jazz 6 Vocals
2018.10.15 00:37:52-INFO: Comparing Maleem Mahmoud Ghania with Pharoah Sanders - The Trance Of Seven Colors
2018.10.15 00:37:52-INFO: Comparing Various - Jazz Bizniz 2
2018.10.15 00:37:52-INFO: Comparing James Williams (2) with Slide Hampton - Flying Colors
2018.10.15 00:37:52-INFO: Comparing Fela Anikulapo Kuti* & Roy Ayers - Music Of Many Colors
2018.10.15 00:37:52-INFO: Comparing Raul De Souza - Colors
2018.10.15 00:37:52-INFO: Comparing Blazo - Colors Of Jazz
2018.10.15 00:37:52-INFO: Comparing Blazo - Colors Of Jazz 2
2018.10.15 00:37:52-INFO: Comparing Herb Alpert - Colors
2018.10.15 00:37:52-INFO: Comparing David Liebman - Colors
2018.10.15 00:37:52-INFO: Comparing Shannon Jackson* - When Colors Play
2018.10.15 00:37:52-INFO: Comparing Various - Street Jazz Vol. 2
2018.10.15 00:37:52-INFO: Comparing Ornette* + Joachim Kühn - Colors: Live From Leipzig
2018.10.15 00:37:52-INFO: Comparing Raul De Souza - Colors
2018.10.15 00:37:52-INFO: Comparing Pharoah Sanders - Karma
2018.10.15 00:37:52-INFO: Comparing Lonnie Liston Smith And The Cosmic Echoes - Visions Of A New World
2018.10.15 00:37:52-INFO: Comparing Ken Nordine - Colors: A Sensuous Listening Experience
2018.10.15 00:37:52-INFO: Comparing Various - Blue Note A Story Of Jazz
2018.10.15 00:37:52-INFO: Comparing Various - The Perfect Jazz Collection 2
2018.10.15 00:37:52-INFO: Comparing Ornette* + Joachim Kühn - Colors: Live From Leipzig
2018.10.15 00:37:52-INFO: Comparing Chuck Loeb - Life Colors
2018.10.15 00:37:52-INFO: Comparing Lonnie Liston Smith And The Cosmic Echoes - Visions Of A New World
2018.10.15 00:37:52-INFO: Comparing Nelson Riddle - Changing Colors
2018.10.15 00:37:52-INFO: Comparing Various - Stand Up And Be Counted: Soul, Funk And Jazz From A Revolutionary Era Volume 2
2018.10.15 00:37:52-INFO: Comparing Raul De Souza - Colors
2018.10.15 00:37:52-INFO: Comparing The Brass Company - Colors
2018.10.15 00:37:52-INFO: Comparing Lonnie Liston Smith And The Cosmic Echoes - Visions Of A New World
2018.10.15 00:37:52-INFO: Comparing Lonnie Liston Smith And The Cosmic Echoes - Visions Of A New World
2018.10.15 00:37:52-INFO: Comparing Joe McPhee and John Snyder (3) - Pieces Of Light
2018.10.15 00:37:52-INFO: Comparing Tom Harrell - Colors Of A Dream
2018.10.15 00:37:52-INFO: Comparing Maleem Mahmoud Ghania with Pharoah Sanders - The Trance Of Seven Colors
2018.10.15 00:37:52-INFO: Comparing Pharoah Sanders - The Best Of Pharoah Sanders
2018.10.15 00:37:52-INFO: Comparing Liz Story - Solid Colors
2018.10.15 00:37:52-INFO: Comparing Ken Nordine - Colors: A Sensuous Listening Experience
2018.10.15 00:37:52-INFO: Comparing Joe McPhee And John Snyder (3) - Pieces Of Light
2018.10.15 00:37:52-INFO: Comparing Jazzie Redd - The Colors Of Jazz EP
2018.10.15 00:37:52-INFO: Comparing The Exotic Rhythms Of Les Baxter Orchestra And Chorus* - The Colors Of Brazil / African Blue
2018.10.15 00:37:52-INFO: Comparing Various - Spiritual Jazz 6 Vocals
2018.10.15 00:37:52-INFO: Comparing Pharoah Sanders - Karma
2018.10.15 00:37:52-INFO: Comparing Lonnie Liston Smith And The Cosmic Echoes - Visions Of A New World
2018.10.15 00:37:52-INFO: Comparing Various - The Colors Of Latin Jazz
2018.10.15 00:37:52-INFO: Comparing Charles Mingus - Mingus Ah Um
2018.10.15 00:37:52-INFO: Comparing Lonnie Liston Smith And The Cosmic Echoes - Visions Of A New World
2018.10.15 00:37:52-INFO: Comparing Kev Beadle* - Private Collection (Independent Jazz Sounds From The Seventies And Eighties)
2018.10.15 00:37:53-INFO: 
metoda Release2
2018.10.15 00:37:53-INFO: Connecting Discogs
Query: Blazo - Colors of Jazz 2
2018.10.15 00:37:54-INFO: Comparing Blazo - Colors Of Jazz 2
2018.10.15 00:37:54-INFO: With Blazo - Colors of Jazz 2
2018.10.15 00:37:54-INFO: Comparing Blazo - Colors Of Jazz
2018.10.15 00:37:54-INFO: With Blazo - Colors of Jazz 2
2018.10.15 00:37:54-INFO: Comparing Blazo - Colors Of Jazz 2
2018.10.15 00:37:54-INFO: With Blazo - Colors of Jazz 2
2018.10.15 00:37:55-INFO: Worked on :
CatalogID:	6
Artysta:	Blazo
Album:	Colors of Jazz 2
Work done


2018.10.15 00:37:56-INFO: None
2018.10.15 00:37:56-INFO: Catalog Worker starts : D:\++WORKZONE++\!!! Instrumentals NEW\1 part DLded\Apollo Brown - Thirty Eight (2014) [FLAC]
2018.10.15 00:37:56-INFO: 
Working on file : D:\++WORKZONE++\!!! Instrumentals NEW\1 part DLded\Apollo Brown - Thirty Eight (2014) [FLAC]\01 Apollo Brown - Thirty Eight (Intro).flac
2018.10.15 00:37:56-INFO: 
Working on file : D:\++WORKZONE++\!!! Instrumentals NEW\1 part DLded\Apollo Brown - Thirty Eight (2014) [FLAC]\02 Apollo Brown - Cellophane.flac
2018.10.15 00:37:56-INFO: 
Working on file : D:\++WORKZONE++\!!! Instrumentals NEW\1 part DLded\Apollo Brown - Thirty Eight (2014) [FLAC]\03 Apollo Brown - Learn The Meaning.flac
2018.10.15 00:37:56-INFO: 
Working on file : D:\++WORKZONE++\!!! Instrumentals NEW\1 part DLded\Apollo Brown - Thirty Eight (2014) [FLAC]\04 Apollo Brown - Shotguns In Hell.flac
2018.10.15 00:37:56-INFO: 
Working on file : D:\++WORKZONE++\!!! Instrumentals NEW\1 part DLded\Apollo Brown - Thirty Eight (2014) [FLAC]\05 Apollo Brown - Dirt On The Ground.flac
2018.10.15 00:37:56-INFO: 
Working on file : D:\++WORKZONE++\!!! Instrumentals NEW\1 part DLded\Apollo Brown - Thirty Eight (2014) [FLAC]\06 Apollo Brown - The Warning.flac
2018.10.15 00:37:56-INFO: 
Working on file : D:\++WORKZONE++\!!! Instrumentals NEW\1 part DLded\Apollo Brown - Thirty Eight (2014) [FLAC]\07 Apollo Brown - Cleo's Apartment.flac
2018.10.15 00:37:56-INFO: 
Working on file : D:\++WORKZONE++\!!! Instrumentals NEW\1 part DLded\Apollo Brown - Thirty Eight (2014) [FLAC]\08 Apollo Brown - Sweet Revival.flac
2018.10.15 00:37:56-INFO: 
Working on file : D:\++WORKZONE++\!!! Instrumentals NEW\1 part DLded\Apollo Brown - Thirty Eight (2014) [FLAC]\09 Apollo Brown - Life Is A Wheel.flac
2018.10.15 00:37:56-INFO: 
Working on file : D:\++WORKZONE++\!!! Instrumentals NEW\1 part DLded\Apollo Brown - Thirty Eight (2014) [FLAC]\10 Apollo Brown - Black Suits.flac
2018.10.15 00:37:56-INFO: 
Working on file : D:\++WORKZONE++\!!! Instrumentals NEW\1 part DLded\Apollo Brown - Thirty Eight (2014) [FLAC]\11 Apollo Brown - Never Disappear.flac
2018.10.15 00:37:56-INFO: 
Working on file : D:\++WORKZONE++\!!! Instrumentals NEW\1 part DLded\Apollo Brown - Thirty Eight (2014) [FLAC]\12 Apollo Brown - The Laughter Faded.flac
2018.10.15 00:37:56-INFO: 
Working on file : D:\++WORKZONE++\!!! Instrumentals NEW\1 part DLded\Apollo Brown - Thirty Eight (2014) [FLAC]\13 Apollo Brown - All You Know.flac
2018.10.15 00:37:56-INFO: 
Working on file : D:\++WORKZONE++\!!! Instrumentals NEW\1 part DLded\Apollo Brown - Thirty Eight (2014) [FLAC]\14 Apollo Brown - Strange Things.flac
2018.10.15 00:37:56-INFO: 
Working on file : D:\++WORKZONE++\!!! Instrumentals NEW\1 part DLded\Apollo Brown - Thirty Eight (2014) [FLAC]\15 Apollo Brown - Heaven At Last.flac
2018.10.15 00:37:56-INFO: 
Working on file : D:\++WORKZONE++\!!! Instrumentals NEW\1 part DLded\Apollo Brown - Thirty Eight (2014) [FLAC]\16 Apollo Brown - Lonely And Cold.flac
2018.10.15 00:37:56-INFO: 
Working on file : D:\++WORKZONE++\!!! Instrumentals NEW\1 part DLded\Apollo Brown - Thirty Eight (2014) [FLAC]\17 Apollo Brown - A Wise Man's Woman.flac
2018.10.15 00:37:56-INFO: 
Working on file : D:\++WORKZONE++\!!! Instrumentals NEW\1 part DLded\Apollo Brown - Thirty Eight (2014) [FLAC]\18 Apollo Brown - Felonious.flac
2018.10.15 00:37:56-INFO: 
Working on file : D:\++WORKZONE++\!!! Instrumentals NEW\1 part DLded\Apollo Brown - Thirty Eight (2014) [FLAC]\19 Apollo Brown - Weight In Gold.flac
2018.10.15 00:37:56-INFO: 
Working on file : D:\++WORKZONE++\!!! Instrumentals NEW\1 part DLded\Apollo Brown - Thirty Eight (2014) [FLAC]\20 Apollo Brown - The Answer.flac
2018.10.15 00:37:56-INFO: 

***Searching for Apollo Brown - Thirty Eight
2018.10.15 00:37:56-INFO: 
metoda Album
2018.10.15 00:37:56-INFO: Connecting Discogs
Query: Thirty Eight
2018.10.15 00:37:58-INFO: Comparing Apollo Brown - Thirty Eight
2018.10.15 00:37:58-INFO: Znaleziono ID z listy Album
2018.10.15 00:37:58-INFO: 695923
2018.10.15 00:38:03-INFO: Worked on :
CatalogID:	7
Artysta:	Apollo Brown
Album:	Thirty Eight
Work done


2018.10.15 00:38:04-INFO: None
2018.10.15 00:38:04-INFO: Catalog Worker starts : D:\++WORKZONE++\!!! Instrumentals NEW\1 part DLded\Blazo\2009 - Alone Journey
2018.10.15 00:38:04-INFO: 
Working on file : D:\++WORKZONE++\!!! Instrumentals NEW\1 part DLded\Blazo\2009 - Alone Journey\01. Introducing.mp3
2018.10.15 00:38:04-INFO: 
Working on file : D:\++WORKZONE++\!!! Instrumentals NEW\1 part DLded\Blazo\2009 - Alone Journey\02. Righteous Path.mp3
2018.10.15 00:38:04-INFO: 
Working on file : D:\++WORKZONE++\!!! Instrumentals NEW\1 part DLded\Blazo\2009 - Alone Journey\03. Time In Motion.mp3
2018.10.15 00:38:04-INFO: 
Working on file : D:\++WORKZONE++\!!! Instrumentals NEW\1 part DLded\Blazo\2009 - Alone Journey\04. Alone Journey.mp3
2018.10.15 00:38:04-INFO: 
Working on file : D:\++WORKZONE++\!!! Instrumentals NEW\1 part DLded\Blazo\2009 - Alone Journey\05. Flute Story.mp3
2018.10.15 00:38:04-INFO: 
Working on file : D:\++WORKZONE++\!!! Instrumentals NEW\1 part DLded\Blazo\2009 - Alone Journey\06. Concious.mp3
2018.10.15 00:38:04-INFO: 
Working on file : D:\++WORKZONE++\!!! Instrumentals NEW\1 part DLded\Blazo\2009 - Alone Journey\07. Wind Message.mp3
2018.10.15 00:38:04-INFO: 
Working on file : D:\++WORKZONE++\!!! Instrumentals NEW\1 part DLded\Blazo\2009 - Alone Journey\08. To The Moon.mp3
2018.10.15 00:38:04-INFO: 
Working on file : D:\++WORKZONE++\!!! Instrumentals NEW\1 part DLded\Blazo\2009 - Alone Journey\09. Best Moments (Feat. Kondor).mp3
2018.10.15 00:38:04-INFO: 
Working on file : D:\++WORKZONE++\!!! Instrumentals NEW\1 part DLded\Blazo\2009 - Alone Journey\10. Little Piano.mp3
2018.10.15 00:38:04-INFO: 
Working on file : D:\++WORKZONE++\!!! Instrumentals NEW\1 part DLded\Blazo\2009 - Alone Journey\11. Monk In A Hurry.mp3
2018.10.15 00:38:04-INFO: 
Working on file : D:\++WORKZONE++\!!! Instrumentals NEW\1 part DLded\Blazo\2009 - Alone Journey\12. Through The Way.mp3
2018.10.15 00:38:04-INFO: 
Working on file : D:\++WORKZONE++\!!! Instrumentals NEW\1 part DLded\Blazo\2009 - Alone Journey\13. Rebirth.mp3
2018.10.15 00:38:04-INFO: 
Working on file : D:\++WORKZONE++\!!! Instrumentals NEW\1 part DLded\Blazo\2009 - Alone Journey\14. Through The Way (Feat. 2 Mo' Key).mp3
2018.10.15 00:38:04-INFO: 

***Searching for Blazo - Alone Journey
2018.10.15 00:38:04-INFO: 
metoda Album
2018.10.15 00:38:04-INFO: Connecting Discogs
Query: Alone Journey
2018.10.15 00:38:06-INFO: Comparing Aetherius - Alone Here (A Tortured Journey)
2018.10.15 00:38:06-INFO: Comparing Journey - Evolution
2018.10.15 00:38:06-INFO: Comparing Journey - The Best Of Journey
2018.10.15 00:38:06-INFO: Comparing Mario Basanov - Journey
2018.10.15 00:38:06-INFO: Comparing Psychic Ills - Inner Journey Out
2018.10.15 00:38:06-INFO: Comparing Gentleman - Journey To Jah
2018.10.15 00:38:06-INFO: Comparing Striborg - Nefaria / A Tragic Journey Towards The Light
2018.10.15 00:38:06-INFO: Comparing Journey - Any Way You Want It
2018.10.15 00:38:06-INFO: Comparing Oxiplegatz - Sidereal Journey
2018.10.15 00:38:06-INFO: Comparing The Doors - After All Alone
2018.10.15 00:38:06-INFO: Comparing Various - Journey Into Paradise 
2018.10.15 00:38:06-INFO: Comparing Maryam Mursal - The Journey
2018.10.15 00:38:06-INFO: Comparing Immature - The Journey
2018.10.15 00:38:06-INFO: Comparing Journey - Generations
2018.10.15 00:38:06-INFO: Comparing Various - A Journey Into Ambient Groove 4
2018.10.15 00:38:06-INFO: Comparing Defunkt - Journey
2018.10.15 00:38:06-INFO: Comparing Kathaaria - A Tragic Journey Towards The Light
2018.10.15 00:38:06-INFO: Comparing Mastermind (8) - Alone
2018.10.15 00:38:06-INFO: Comparing Rose Maddox - Alone With You
2018.10.15 00:38:06-INFO: Comparing Various - Sentimental Journey
2018.10.15 00:38:06-INFO: Comparing Journey - Original Album Classics
2018.10.15 00:38:06-INFO: Comparing Various - A Journey Into Drum 'N' Bass Vol. 2.0
2018.10.15 00:38:06-INFO: Comparing Various - Sentimental Journey
2018.10.15 00:38:06-INFO: Comparing Various - House Of Irma Vol. 3 (Another Journey Into Trippy House)
2018.10.15 00:38:06-INFO: Comparing Gerard Cox & Joke Bruys* - Sentimental Journey
2018.10.15 00:38:06-INFO: Comparing Striborg - A Tragic Journey Towards The Light / Through The Forest To Spiritual Enlightenment
2018.10.15 00:38:06-INFO: Comparing SFA - The New Morality
2018.10.15 00:38:06-INFO: Comparing Jinsang - Life.
2018.10.15 00:38:06-INFO: Comparing The Platters - 20 Greatest Hits
2018.10.15 00:38:06-INFO: Comparing Tobias Sammet's Avantasia - Angel Of Babylon
2018.10.15 00:38:06-INFO: Comparing Blvck Ceiling - Bastian
2018.10.15 00:38:06-INFO: Comparing John Barry - Out Of Africa (Music From The Motion Picture Soundtrack)
2018.10.15 00:38:06-INFO: Comparing Killswitch Engage - Incarnate
2018.10.15 00:38:06-INFO: Comparing Various - Happy Jackin' Birthday!
2018.10.15 00:38:06-INFO: Comparing Paul Brett - Earth Birth  The First Twelve String Guitar Suite
2018.10.15 00:38:06-INFO: Comparing Various - For The Sake Of Dedication
2018.10.15 00:38:06-INFO: Comparing Various - Sentimental Journey The Love Songs of World War II
2018.10.15 00:38:06-INFO: Comparing Gentleman - MTV Unplugged
2018.10.15 00:38:06-INFO: Comparing Schenker-Barden* - Gipsy Lady
2018.10.15 00:38:06-INFO: Comparing Kevin Kiner - Star Wars The Clone Wars Seasons One Through Six
2018.10.15 00:38:06-INFO: Comparing Harry Robinson - Twins Of Evil
2018.10.15 00:38:06-INFO: Comparing Conway Twitty - Conway Twitty Sings
2018.10.15 00:38:06-INFO: Comparing Jackie McLean meets Junko Onishi - Hat Trick
2018.10.15 00:38:06-INFO: Comparing High Inergy - So Right
2018.10.15 00:38:06-INFO: Comparing Rhian Sheehan - Paradigm Shift
2018.10.15 00:38:06-INFO: Comparing George Fields - Harmonica Favorites
2018.10.15 00:38:06-INFO: Comparing Pathetic (2) - Salvation
2018.10.15 00:38:06-INFO: Comparing Imagining Yellow Suns - Imagining Yellow Suns
2018.10.15 00:38:06-INFO: Comparing John Lee Hooker - Chess Masters...John Lee Hooker
2018.10.15 00:38:06-INFO: Comparing John Lee Hooker - Walking The Blues
2018.10.15 00:38:07-INFO: 
metoda Token
2018.10.15 00:38:07-INFO: Connecting Discogs
 Query: Blazo - Alone Journey
2018.10.15 00:38:09-INFO: 
metoda Variations
2018.10.15 00:38:09-INFO: Connecting Discogs
Query: Blazo
2018.10.15 00:38:11-INFO: <Artist 2005317 'Blazo'>  aliases : None
2018.10.15 00:38:12-INFO: 
metoda Release
2018.10.15 00:38:12-INFO: Connecting Discogs
Query: Alone Journey
2018.10.15 00:38:13-INFO: Comparing Blazo - Alone Journey
2018.10.15 00:38:13-INFO: Znaleziono ID z listy Release
2018.10.15 00:38:13-INFO: 2599629
2018.10.15 00:38:15-INFO: Worked on :
CatalogID:	8
Artysta:	Blazo
Album:	Alone Journey
Work done


2018.10.15 00:38:16-INFO: None
2018.10.15 00:38:16-INFO: Catalog Worker starts : D:\++WORKZONE++\!!! Instrumentals NEW\1 part DLded\Blazo\2011 - Colors of Jazz
2018.10.15 00:38:16-INFO: 
Working on file : D:\++WORKZONE++\!!! Instrumentals NEW\1 part DLded\Blazo\2011 - Colors of Jazz\01. Natural Green.mp3
2018.10.15 00:38:16-INFO: 
Working on file : D:\++WORKZONE++\!!! Instrumentals NEW\1 part DLded\Blazo\2011 - Colors of Jazz\02. Essential Violet.mp3
2018.10.15 00:38:16-INFO: 
Working on file : D:\++WORKZONE++\!!! Instrumentals NEW\1 part DLded\Blazo\2011 - Colors of Jazz\03. Fragile Gold.mp3
2018.10.15 00:38:16-INFO: 
Working on file : D:\++WORKZONE++\!!! Instrumentals NEW\1 part DLded\Blazo\2011 - Colors of Jazz\04. Sky Blue.mp3
2018.10.15 00:38:16-INFO: 
Working on file : D:\++WORKZONE++\!!! Instrumentals NEW\1 part DLded\Blazo\2011 - Colors of Jazz\05. Distant Graphite.mp3
2018.10.15 00:38:16-INFO: 
Working on file : D:\++WORKZONE++\!!! Instrumentals NEW\1 part DLded\Blazo\2011 - Colors of Jazz\06. Fresh Orange.mp3
2018.10.15 00:38:16-INFO: 
Working on file : D:\++WORKZONE++\!!! Instrumentals NEW\1 part DLded\Blazo\2011 - Colors of Jazz\07. Misty Sapphire.mp3
2018.10.15 00:38:16-INFO: 
Working on file : D:\++WORKZONE++\!!! Instrumentals NEW\1 part DLded\Blazo\2011 - Colors of Jazz\08. Smoky Grey.mp3
2018.10.15 00:38:16-INFO: 
Working on file : D:\++WORKZONE++\!!! Instrumentals NEW\1 part DLded\Blazo\2011 - Colors of Jazz\09. Illusive Azure.mp3
2018.10.15 00:38:16-INFO: 
Working on file : D:\++WORKZONE++\!!! Instrumentals NEW\1 part DLded\Blazo\2011 - Colors of Jazz\10. Brisk Yellow.mp3
2018.10.15 00:38:16-INFO: 
Working on file : D:\++WORKZONE++\!!! Instrumentals NEW\1 part DLded\Blazo\2011 - Colors of Jazz\11. Clever Red.mp3
2018.10.15 00:38:16-INFO: 
Working on file : D:\++WORKZONE++\!!! Instrumentals NEW\1 part DLded\Blazo\2011 - Colors of Jazz\12. Double Silver.mp3
2018.10.15 00:38:16-INFO: 
Working on file : D:\++WORKZONE++\!!! Instrumentals NEW\1 part DLded\Blazo\2011 - Colors of Jazz\13. Mellow Brown.mp3
2018.10.15 00:38:16-INFO: 
Working on file : D:\++WORKZONE++\!!! Instrumentals NEW\1 part DLded\Blazo\2011 - Colors of Jazz\14. Transient Sepia.mp3
2018.10.15 00:38:16-INFO: 
Working on file : D:\++WORKZONE++\!!! Instrumentals NEW\1 part DLded\Blazo\2011 - Colors of Jazz\15. Reflecting Purple.mp3
2018.10.15 00:38:16-INFO: 
Working on file : D:\++WORKZONE++\!!! Instrumentals NEW\1 part DLded\Blazo\2011 - Colors of Jazz\16. Through The Jazz.mp3
2018.10.15 00:38:16-INFO: 
Working on file : D:\++WORKZONE++\!!! Instrumentals NEW\1 part DLded\Blazo\2011 - Colors of Jazz\17. Pure White (Outro).mp3
2018.10.15 00:38:16-INFO: 
Working on file : D:\++WORKZONE++\!!! Instrumentals NEW\1 part DLded\Blazo\2011 - Colors of Jazz\18. Dock Ellis (Remix) (Feat. The 49ers).mp3
2018.10.15 00:38:16-INFO: 

***Searching for Blazo - Colors of Jazz
2018.10.15 00:38:16-INFO: 
metoda Album
2018.10.15 00:38:16-INFO: Connecting Discogs
Query: Colors of Jazz
2018.10.15 00:38:18-INFO: Comparing Blazo - Colors Of Jazz
2018.10.15 00:38:18-INFO: Comparing Beck - Colors
2018.10.15 00:38:18-INFO: Comparing Jazzie Redd - The Colors Of Jazz EP
2018.10.15 00:38:18-INFO: Comparing Blazo - Colors Of Jazz 2
2018.10.15 00:38:18-INFO: Comparing The Brass Company - Colors
2018.10.15 00:38:18-INFO: Comparing Various - Spiritual Jazz 6 Vocals
2018.10.15 00:38:18-INFO: Comparing Raul De Souza - Colors
2018.10.15 00:38:18-INFO: Comparing Maleem Mahmoud Ghania with Pharoah Sanders - The Trance Of Seven Colors
2018.10.15 00:38:18-INFO: Comparing Various - Jazz Bizniz 2
2018.10.15 00:38:18-INFO: Comparing Shannon Jackson* - When Colors Play
2018.10.15 00:38:18-INFO: Comparing Herb Alpert - Colors
2018.10.15 00:38:18-INFO: Comparing Ornette* + Joachim Kühn - Colors: Live From Leipzig
2018.10.15 00:38:18-INFO: Comparing Various - The Colors Of Latin Jazz
2018.10.15 00:38:18-INFO: Comparing Various - The Colors Of Latin Jazz
2018.10.15 00:38:18-INFO: Comparing Ricky Ford - Flying Colors
2018.10.15 00:38:18-INFO: Comparing Colin Curtis - Jazz Dance Fusion
2018.10.15 00:38:18-INFO: Comparing Lonnie Liston Smith And The Cosmic Echoes - Visions Of A New World
2018.10.15 00:38:18-INFO: Comparing Kev Beadle* - Private Collection (Independent Jazz Sounds From The Seventies And Eighties)
2018.10.15 00:38:18-INFO: Comparing Alphonse Mouzon - Virtue
2018.10.15 00:38:18-INFO: Comparing Pharoah Sanders - Karma
2018.10.15 00:38:18-INFO: Comparing Charles Mingus - Mingus Ah Um
2018.10.15 00:38:18-INFO: Comparing Various - Colors Of Jazz: From Dusk Till Dawn
2018.10.15 00:38:18-INFO: Comparing The Exotic Rhythms Of Les Baxter Orchestra And Chorus* - The Colors Of Brazil / African Blue
2018.10.15 00:38:18-INFO: Comparing Chuck Loeb - Life Colors
2018.10.15 00:38:18-INFO: Comparing Joe McPhee and John Snyder (3) - Pieces Of Light
2018.10.15 00:38:18-INFO: Comparing Pharoah Sanders - The Best Of Pharoah Sanders
2018.10.15 00:38:18-INFO: Comparing Sonny Sharrock - Black Woman
2018.10.15 00:38:18-INFO: Comparing Kenyon Hopkins And His Orchestra - Contrasting Colors
2018.10.15 00:38:18-INFO: Comparing Sal Salvador Quartet With Brass* - Colors In Sound
2018.10.15 00:38:18-INFO: Comparing The Piano, Orchestra And Chorus Of Henry Mancini* - A Warm Shade Of Ivory
2018.10.15 00:38:18-INFO: Comparing Jon Hassell - City: Works Of Fiction
2018.10.15 00:38:18-INFO: Comparing Art Ensemble Of Chicago* With Amabutho - Art Ensemble Of Soweto: America
2018.10.15 00:38:18-INFO: Comparing Various - The Colors Of Latin Jazz Soul Cookin' (A Spicy Collection Of Soulful Latin Jazz)
2018.10.15 00:38:18-INFO: Comparing Mark Farina - United DJs Of America
2018.10.15 00:38:18-INFO: Comparing Various - Street Jazz Vol. 2
2018.10.15 00:38:18-INFO: Comparing Godfather Don - Jazz Spastiks Remixes
2018.10.15 00:38:18-INFO: Comparing Laurent De Wilde - Colors Of Manhattan
2018.10.15 00:38:18-INFO: Comparing Eric Burdon And War* - The Black-Man's Burdon
2018.10.15 00:38:18-INFO: Comparing Sheila Landis + Rick Matle - Colors Of Brazil
2018.10.15 00:38:18-INFO: Comparing Various - Colors (The Collection)
2018.10.15 00:38:18-INFO: Comparing Quin Kirchner - The Other Side Of Time
2018.10.15 00:38:18-INFO: Comparing Dardanelle - The Colors Of My Life
2018.10.15 00:38:18-INFO: Comparing Ornette*, The Original Quartet* & Prime Time (5) - In All Languages
2018.10.15 00:38:18-INFO: Comparing Casiopea - Full Colors
2018.10.15 00:38:18-INFO: Comparing Grant Geissman - Flying Colors
2018.10.15 00:38:18-INFO: Comparing The Cees Slinger Octet - Live at the North Sea Jazz Festival '82
2018.10.15 00:38:18-INFO: Comparing Yutaka Yokokura - Yutaka
2018.10.15 00:38:18-INFO: Comparing Charles Mingus - Better Git It In Your Soul
2018.10.15 00:38:18-INFO: Comparing Frank Sinatra - Cycles
2018.10.15 00:38:18-INFO: Comparing Echo & The Bunnymen - BBC Radio Tapes '79
2018.10.15 00:38:19-INFO: 
metoda Token
2018.10.15 00:38:19-INFO: Connecting Discogs
 Query: Blazo - Colors of Jazz
2018.10.15 00:38:20-INFO: Blazo - Colors Of Jazz
2018.10.15 00:38:20-INFO: Comparing Blazo - Colors Of Jazz
2018.10.15 00:38:20-INFO: Blazo - Colors Of Jazz 2
2018.10.15 00:38:20-INFO: Comparing Blazo - Colors Of Jazz 2
2018.10.15 00:38:21-INFO: 
metoda Variations
2018.10.15 00:38:21-INFO: Connecting Discogs
Query: Blazo
2018.10.15 00:38:22-INFO: <Artist 2005317 'Blazo'>  aliases : None
2018.10.15 00:38:23-INFO: 
metoda Release
2018.10.15 00:38:23-INFO: Connecting Discogs
Query: Colors of Jazz
2018.10.15 00:38:25-INFO: Comparing Blazo - Colors Of Jazz
2018.10.15 00:38:25-INFO: Comparing Jazzie Redd - Misery Loves Company / The Colors Of Jazz
2018.10.15 00:38:25-INFO: Comparing Jazzie Redd - The Colors Of Jazz EP
2018.10.15 00:38:25-INFO: Comparing Blazo - Colors Of Jazz 2
2018.10.15 00:38:25-INFO: Comparing Blazo - Colors Of Jazz
2018.10.15 00:38:25-INFO: Comparing The Brass Company - Colors
2018.10.15 00:38:25-INFO: Comparing Nuspirit Helsinki - Colors Of My Mind
2018.10.15 00:38:25-INFO: Comparing Beck - Colors
2018.10.15 00:38:25-INFO: Comparing Various - Spiritual Jazz 6 Vocals
2018.10.15 00:38:25-INFO: Comparing Fela Anikulapo Kuti* & Roy Ayers - Music Of Many Colors
2018.10.15 00:38:25-INFO: Comparing Beck - Colors
2018.10.15 00:38:25-INFO: Comparing Jazzie Redd - The Colors Of Jazz EP
2018.10.15 00:38:25-INFO: Comparing Frank Dukes - Colors
2018.10.15 00:38:25-INFO: Comparing Raul De Souza - Colors
2018.10.15 00:38:25-INFO: Comparing Maleem Mahmoud Ghania with Pharoah Sanders - The Trance Of Seven Colors
2018.10.15 00:38:25-INFO: Comparing Charles Mingus - Maestros Del Jazz...Ah Um
2018.10.15 00:38:25-INFO: Comparing Various - Jazz Bizniz 2
2018.10.15 00:38:25-INFO: Comparing James Williams (2) with Slide Hampton - Flying Colors
2018.10.15 00:38:25-INFO: Comparing Konvoj Ensemble Feat. Evan Parker & Sten Sandell - Colors Of:
2018.10.15 00:38:25-INFO: Comparing Various - The Colors Of Latin Jazz
2018.10.15 00:38:25-INFO: Comparing Blazo - Colors Of Jazz 2
2018.10.15 00:38:25-INFO: Comparing Various - Colors Of Jazz: For Sunday Morning
2018.10.15 00:38:25-INFO: Comparing Herb Alpert - Colors
2018.10.15 00:38:25-INFO: Comparing Ricky Ford - Flying Colors
2018.10.15 00:38:25-INFO: Comparing Various - The Colors Of Latin Jazz
2018.10.15 00:38:25-INFO: Comparing Shannon Jackson* - When Colors Play
2018.10.15 00:38:25-INFO: Comparing Jazzie Redd - The Colors Of Jazz EP
2018.10.15 00:38:25-INFO: Comparing Freddie Hubbard Featuring The New Jazz Composers Octet - New Colors
2018.10.15 00:38:25-INFO: Comparing Hemet High School Jazz Ensemble - Colors Of Jazz
2018.10.15 00:38:25-INFO: Comparing David Liebman - Colors
2018.10.15 00:38:25-INFO: Comparing Various - The Colors Of Latin Jazz : From Samba To Bomba
2018.10.15 00:38:25-INFO: Comparing Ornette* + Joachim Kühn - Colors: Live From Leipzig
2018.10.15 00:38:25-INFO: Comparing Various - Spiritual Jazz 6 Vocals
2018.10.15 00:38:25-INFO: Comparing Various - Colors Of Latin Jazz: Mambo Mania!
2018.10.15 00:38:25-INFO: Comparing Raul De Souza - Colors
2018.10.15 00:38:25-INFO: Comparing Various - Jazz Bizniz 2
2018.10.15 00:38:25-INFO: Comparing Various - Blue Note A Story Of Jazz
2018.10.15 00:38:25-INFO: Comparing Ken Nordine - Colors: A Sensuous Listening Experience
2018.10.15 00:38:25-INFO: Comparing Lonnie Liston Smith And The Cosmic Echoes - Visions Of A New World
2018.10.15 00:38:25-INFO: Comparing Lonnie Liston Smith And The Cosmic Echoes - Visions Of A New World
2018.10.15 00:38:25-INFO: Comparing Ornette* + Joachim Kühn - Colors: Live From Leipzig
2018.10.15 00:38:25-INFO: Comparing Alphonse Mouzon - Virtue
2018.10.15 00:38:25-INFO: Comparing Chuck Loeb - Life Colors
2018.10.15 00:38:25-INFO: Comparing Lee Rockey - Jazz Drummer Extraordinaire
2018.10.15 00:38:25-INFO: Comparing Lonnie Liston Smith & The Cosmic Echoes* - Visions Of A New World
2018.10.15 00:38:25-INFO: Comparing Kev Beadle* - Private Collection (Independent Jazz Sounds From The Seventies And Eighties)
2018.10.15 00:38:25-INFO: Comparing Herb Alpert - Colors
2018.10.15 00:38:25-INFO: Comparing Donald Byrd And 125th Street, N.Y.C.* - Words, Sounds, Colors And Shapes
2018.10.15 00:38:25-INFO: Comparing Maleem Mahmoud Ghania with Pharoah Sanders - The Trance Of Seven Colors
2018.10.15 00:38:25-INFO: Comparing Raul De Souza - Colors
2018.10.15 00:38:26-INFO: 
metoda Release2
2018.10.15 00:38:26-INFO: Connecting Discogs
Query: Blazo - Colors of Jazz
2018.10.15 00:38:27-INFO: Comparing Blazo - Colors Of Jazz
2018.10.15 00:38:27-INFO: With Blazo - Colors of Jazz
2018.10.15 00:38:27-INFO: Comparing Blazo - Colors Of Jazz 2
2018.10.15 00:38:27-INFO: With Blazo - Colors of Jazz
2018.10.15 00:38:27-INFO: Comparing Blazo - Colors Of Jazz
2018.10.15 00:38:27-INFO: With Blazo - Colors of Jazz
2018.10.15 00:38:27-INFO: Comparing Blazo - Colors Of Jazz 2
2018.10.15 00:38:27-INFO: With Blazo - Colors of Jazz
2018.10.15 00:38:27-INFO: Comparing Various - Melancholic Jazz Winter
2018.10.15 00:38:27-INFO: With Blazo - Colors of Jazz
2018.10.15 00:38:28-INFO: Worked on :
CatalogID:	9
Artysta:	Blazo
Album:	Colors of Jazz
Work done


2018.10.15 00:38:29-INFO: None
2018.10.15 00:38:29-INFO: Catalog Worker starts : D:\++WORKZONE++\!!! Instrumentals NEW\1 part DLded\Blazo\2011 - Jazz Format Mixtape Vol. 1
2018.10.15 00:38:29-INFO: 
Working on file : D:\++WORKZONE++\!!! Instrumentals NEW\1 part DLded\Blazo\2011 - Jazz Format Mixtape Vol. 1\01. Blazo - Intro.mp3
2018.10.15 00:38:29-INFO: 
Working on file : D:\++WORKZONE++\!!! Instrumentals NEW\1 part DLded\Blazo\2011 - Jazz Format Mixtape Vol. 1\02. Kero One - Keep It Alive (Blazo Remix).mp3
2018.10.15 00:38:29-INFO: 
Working on file : D:\++WORKZONE++\!!! Instrumentals NEW\1 part DLded\Blazo\2011 - Jazz Format Mixtape Vol. 1\03. ShinSight Trio - Heart.mp3
2018.10.15 00:38:29-INFO: 
Working on file : D:\++WORKZONE++\!!! Instrumentals NEW\1 part DLded\Blazo\2011 - Jazz Format Mixtape Vol. 1\04. DJ Mitsu The Beats - Pursuits Of Clarity (Feat. Agape from Isosceles).mp3
2018.10.15 00:38:29-INFO: 
Working on file : D:\++WORKZONE++\!!! Instrumentals NEW\1 part DLded\Blazo\2011 - Jazz Format Mixtape Vol. 1\05. The 49ers - The Sun.mp3
2018.10.15 00:38:29-INFO: 
Working on file : D:\++WORKZONE++\!!! Instrumentals NEW\1 part DLded\Blazo\2011 - Jazz Format Mixtape Vol. 1\06. Specifics - Lifes Work.mp3
2018.10.15 00:38:29-INFO: 
Working on file : D:\++WORKZONE++\!!! Instrumentals NEW\1 part DLded\Blazo\2011 - Jazz Format Mixtape Vol. 1\07. Choice37 - Conversate (Feat. Kero One & El Gambina).mp3
2018.10.15 00:38:29-INFO: 
Working on file : D:\++WORKZONE++\!!! Instrumentals NEW\1 part DLded\Blazo\2011 - Jazz Format Mixtape Vol. 1\08. Raw Produce - The Wack MC.mp3
2018.10.15 00:38:29-INFO: 
Working on file : D:\++WORKZONE++\!!! Instrumentals NEW\1 part DLded\Blazo\2011 - Jazz Format Mixtape Vol. 1\09. The Sound Providers - Autumns Evening Breeze.mp3
2018.10.15 00:38:29-INFO: 
Working on file : D:\++WORKZONE++\!!! Instrumentals NEW\1 part DLded\Blazo\2011 - Jazz Format Mixtape Vol. 1\10. Shin-Ski - Koyoi (Feat. Apani B Fly MC).mp3
2018.10.15 00:38:29-INFO: 
Working on file : D:\++WORKZONE++\!!! Instrumentals NEW\1 part DLded\Blazo\2011 - Jazz Format Mixtape Vol. 1\11. Blazo - Essential Violet.mp3
2018.10.15 00:38:29-INFO: 
Working on file : D:\++WORKZONE++\!!! Instrumentals NEW\1 part DLded\Blazo\2011 - Jazz Format Mixtape Vol. 1\12. The Procussions - Life Of Brian.mp3
2018.10.15 00:38:29-INFO: 
Working on file : D:\++WORKZONE++\!!! Instrumentals NEW\1 part DLded\Blazo\2011 - Jazz Format Mixtape Vol. 1\13. Jazz Liberatorz - Force Be With You (Intrumental).mp3
2018.10.15 00:38:29-INFO: 
Working on file : D:\++WORKZONE++\!!! Instrumentals NEW\1 part DLded\Blazo\2011 - Jazz Format Mixtape Vol. 1\14. The Sound Providers - Braggin Boasting (Feat. Little Brother).mp3
2018.10.15 00:38:29-INFO: 
Working on file : D:\++WORKZONE++\!!! Instrumentals NEW\1 part DLded\Blazo\2011 - Jazz Format Mixtape Vol. 1\15. Himuki - Hold On (Feat. Sene).mp3
2018.10.15 00:38:29-INFO: 
Working on file : D:\++WORKZONE++\!!! Instrumentals NEW\1 part DLded\Blazo\2011 - Jazz Format Mixtape Vol. 1\16. Pat D & Lady Paradox - Step Off (Feat. Lauren Jade).mp3
2018.10.15 00:38:29-INFO: 
Working on file : D:\++WORKZONE++\!!! Instrumentals NEW\1 part DLded\Blazo\2011 - Jazz Format Mixtape Vol. 1\17. Surreal & The Sound Providers - The Rundown.mp3
2018.10.15 00:38:29-INFO: 
Working on file : D:\++WORKZONE++\!!! Instrumentals NEW\1 part DLded\Blazo\2011 - Jazz Format Mixtape Vol. 1\18. Nas - The World Is Yours (Blazo Remix).mp3
2018.10.15 00:38:29-INFO: 
Working on file : D:\++WORKZONE++\!!! Instrumentals NEW\1 part DLded\Blazo\2011 - Jazz Format Mixtape Vol. 1\19. The ParanormL - New Melodys.mp3
2018.10.15 00:38:29-INFO: 
Working on file : D:\++WORKZONE++\!!! Instrumentals NEW\1 part DLded\Blazo\2011 - Jazz Format Mixtape Vol. 1\20. Supersci - On Production.mp3
2018.10.15 00:38:29-INFO: 
Working on file : D:\++WORKZONE++\!!! Instrumentals NEW\1 part DLded\Blazo\2011 - Jazz Format Mixtape Vol. 1\21. Funky DL - If I Had A Day To Live.mp3
2018.10.15 00:38:29-INFO: 
Working on file : D:\++WORKZONE++\!!! Instrumentals NEW\1 part DLded\Blazo\2011 - Jazz Format Mixtape Vol. 1\22. Nujabes - The Final View.mp3
2018.10.15 00:38:29-INFO: 

***Searching for Blazo - Jazz Format Mixtape Vol. 1
2018.10.15 00:38:29-INFO: 
metoda Album
2018.10.15 00:38:29-INFO: Connecting Discogs
Query: Jazz Format Mixtape Vol. 1
2018.10.15 00:38:31-INFO: 
metoda Token
2018.10.15 00:38:31-INFO: Connecting Discogs
 Query: Blazo - Jazz Format Mixtape Vol. 1
2018.10.15 00:38:33-INFO: 
metoda Variations
2018.10.15 00:38:33-INFO: Connecting Discogs
Query: Blazo
2018.10.15 00:38:34-INFO: <Artist 2005317 'Blazo'>  aliases : None
2018.10.15 00:38:35-INFO: 
metoda Release
2018.10.15 00:38:35-INFO: Connecting Discogs
Query: Jazz Format Mixtape Vol. 1
2018.10.15 00:38:37-INFO: 
metoda Release2
2018.10.15 00:38:37-INFO: Connecting Discogs
Query: Blazo - Jazz Format Mixtape Vol. 1
2018.10.15 00:38:39-INFO: Worked on :
CatalogID:	10
Artysta:	Blazo
Album:	Jazz Format Mixtape Vol. 1
Work done


