2018.10.15 21:19:48-INFO: Crawler Starts
2018.10.15 21:19:48-INFO: Crawler Ends
2018.10.15 21:19:48-INFO: Skipped D:\++WORKZONE++
2018.10.15 21:19:48-INFO: Skipped D:\++WORKZONE++\!!! Instrumentals NEW\1 part DLded\03. Instrumentals\2010 - Brown Study Instrumentals
2018.10.15 21:19:48-INFO: Skipped D:\++WORKZONE++\!!! Instrumentals NEW\1 part DLded\03. Instrumentals\2010 - Gas Mask Instrumentals
2018.10.15 21:19:48-INFO: Skipped D:\++WORKZONE++\!!! Instrumentals NEW\1 part DLded\03. Instrumentals\2010 - The Reset Instrumentals
2018.10.15 21:19:48-INFO: Skipped D:\++WORKZONE++\!!! Instrumentals NEW\1 part DLded\03. Instrumentals\2013 - Trophies Instrumentals
2018.10.15 21:19:48-INFO: Skipped D:\++WORKZONE++\!!! Instrumentals NEW\1 part DLded\2013 - Blazo - Colors of Jazz 2
2018.10.15 21:19:48-INFO: Skipped D:\++WORKZONE++\!!! Instrumentals NEW\1 part DLded\Apollo Brown - Thirty Eight (2014) [FLAC]
2018.10.15 21:19:48-INFO: Skipped D:\++WORKZONE++\!!! Instrumentals NEW\1 part DLded\Blazo\2009 - Alone Journey
2018.10.15 21:19:48-INFO: Skipped D:\++WORKZONE++\!!! Instrumentals NEW\1 part DLded\Blazo\2011 - Colors of Jazz
2018.10.15 21:19:48-INFO: Skipped D:\++WORKZONE++\!!! Instrumentals NEW\1 part DLded\Blazo\2011 - Jazz Format Mixtape Vol. 1
2018.10.15 21:19:48-INFO: Skipped D:\++WORKZONE++\!!! Instrumentals NEW\1 part DLded\Blazo\2012 - Reflections
2018.10.15 21:19:48-INFO: Skipped D:\++WORKZONE++\!!! Instrumentals NEW\1 part DLded\Cypress Hill - Cypress Hil Instrumentals (1991)
2018.10.15 21:19:48-INFO: Skipped D:\++WORKZONE++\!!! Instrumentals NEW\1 part DLded\Deeb - Slowmocean (2016)
2018.10.15 21:19:48-INFO: Skipped D:\++WORKZONE++\!!! Instrumentals NEW\1 part DLded\deeB [insrumental hip-hop, acid jazz]\2012 Daydream (EP)
2018.10.15 21:19:48-INFO: Skipped D:\++WORKZONE++\!!! Instrumentals NEW\1 part DLded\Eminem Inst
2018.10.15 21:19:48-INFO: Skipped D:\++WORKZONE++\!!! Instrumentals NEW\1 part DLded\Eminem Inst\Eminem - Encore (Instrumentals) - loops
2018.10.15 21:19:48-INFO: Skipped D:\++WORKZONE++\!!! Instrumentals NEW\1 part DLded\Handbook - Olden (2014)
2018.10.15 21:19:48-INFO: Skipped D:\++WORKZONE++\!!! Instrumentals NEW\1 part DLded\Illa J Instrumentals
2018.10.15 21:19:48-INFO: Skipped D:\++WORKZONE++\!!! Instrumentals NEW\1 part DLded\Instrumentals\2003 - Resurrection (Instrumentals)
2018.10.15 21:19:48-INFO: Skipped D:\++WORKZONE++\!!! Instrumentals NEW\1 part DLded\Instrumentals\2004 - Instrumental Collection (Vol. 2)
2018.10.15 21:19:48-INFO: Skipped D:\++WORKZONE++\!!! Instrumentals NEW\1 part DLded\Instrumentals\2004 - Pacstrumentals vol.2
2018.10.15 21:19:48-INFO: Skipped D:\++WORKZONE++\!!! Instrumentals NEW\1 part DLded\Instrumentals\2007 - 2Pac Instrumentals Vol.1 (DJ Burns Luciano)
2018.10.15 21:19:48-INFO: Skipped D:\++WORKZONE++\!!! Instrumentals NEW\1 part DLded\Instrumentals\2008 - 2Pacstrumentals Vol.1 (Green Flag Productions)
2018.10.15 21:19:48-INFO: Skipped D:\++WORKZONE++\!!! Instrumentals NEW\1 part DLded\Instrumentals Evidence\Green Tape Instrumentals (2013)
2018.10.15 21:19:48-INFO: Skipped D:\++WORKZONE++\!!! Instrumentals NEW\1 part DLded\Instrumentals Evidence\Red Tape Instrumentals (2007)
2018.10.15 21:19:48-INFO: Skipped D:\++WORKZONE++\!!! Instrumentals NEW\1 part DLded\Instrumentals Evidence\The Purple Tape Instrumentals (2008)
2018.10.15 21:19:48-INFO: Skipped D:\++WORKZONE++\!!! Instrumentals NEW\1 part DLded\Instrumentals Evidence\Yellow Tape Instrumentals (2004)
2018.10.15 21:19:48-INFO: Skipped D:\++WORKZONE++\!!! Instrumentals NEW\1 part DLded\Long Arm - The Branches (Deluxe Edition) - 2012 (320 kbps)
2018.10.15 21:19:48-INFO: Skipped D:\++WORKZONE++\!!! Instrumentals NEW\1 part DLded\Mobb Deep - 2009 - The Infamous Instrumentals
2018.10.15 21:19:48-INFO: Skipped D:\++WORKZONE++\!!! Instrumentals NEW\1 part DLded\Mobb_Deep-Murda_Muzik_Instrumental_LP-1996-CHR
2018.10.15 21:19:48-INFO: Skipped D:\++WORKZONE++\!!! Instrumentals NEW\1 part DLded\Shuka4Beats - Free Hip-Hop and Rap Beats Vol.1 (2013)
2018.10.15 21:19:48-INFO: Skipped D:\++WORKZONE++\!!! Instrumentals NEW\1 part DLded\The Cancel\2011 - Diversity
2018.10.15 21:19:48-INFO: Skipped D:\++WORKZONE++\!!! Instrumentals NEW\1 part DLded\The Cancel\2011 - Reply From Space
2018.10.15 21:19:48-INFO: Skipped D:\++WORKZONE++\!!! Instrumentals NEW\1 part DLded\The Cancel\2012 - Coffee Cafe EP
2018.10.15 21:19:48-INFO: Skipped D:\++WORKZONE++\!!! Instrumentals NEW\1 part DLded\The Cancel\2013 - Collaboration
2018.10.15 21:19:48-INFO: Skipped D:\++WORKZONE++\!!! Instrumentals NEW\1 part DLded\The Cancel\2013 - Daybreak
2018.10.15 21:19:48-INFO: Skipped D:\++WORKZONE++\!!! Instrumentals NEW\1 part DLded\The Cancel\2013 - Night Light
2018.10.15 21:19:48-INFO: Skipped D:\++WORKZONE++\!!! Instrumentals NEW\1 part DLded\The Cancel\2014 - Criminal
2018.10.15 21:19:48-INFO: Skipped D:\++WORKZONE++\!!! Instrumentals NEW\1 part DLded\The Cancel\2014 - Panorama
2018.10.15 21:19:48-INFO: Skipped D:\++WORKZONE++\!!! Instrumentals NEW\1 part DLded\The Cancel\2015 - No Way To Stay
2018.10.15 21:19:48-INFO: Skipped D:\++WORKZONE++\!!! Instrumentals NEW\1 part DLded\The Cancel\2016 - Jungle
2018.10.15 21:19:48-INFO: Skipped D:\++WORKZONE++\!!! Instrumentals NEW\1 part DLded\The Instrumentals LP\(2005) The Instrumentals LP (CD 1)
2018.10.15 21:19:48-INFO: Skipped D:\++WORKZONE++\!!! Instrumentals NEW\1 part DLded\The Instrumentals LP\(2005) The Instrumentals LP (CD 2)
2018.10.15 21:19:48-INFO: Skipped D:\++WORKZONE++\!!! Instrumentals NEW\2 part\KRS-One & True Master - Meta-Historical (Instrumentals) (2011)
2018.10.15 21:19:48-INFO: Skipped D:\++WORKZONE++\!!! Instrumentals NEW\Dj Low Cut - Dead End (Instrumental & Acapella)
2018.10.15 21:19:48-INFO: Skipped D:\++WORKZONE++\!!! Instrumentals NEW\FR Instrumental [mp3]
2018.10.15 21:19:48-INFO: Skipped D:\++WORKZONE++\!!! Instrumentals NEW\Gang Starr - The Ownerz Instrumentals [2003]
2018.10.15 21:19:48-INFO: Skipped D:\++WORKZONE++\!!! Instrumentals NEW\Instrumental InVasion Vol. 4 - Kanye West Edition (Instrumentals)
2018.10.15 21:19:48-INFO: Skipped D:\++WORKZONE++\!!! Instrumentals NEW\J. Armz - How To Be An MC Vol. 17 (Instrumentals) (2004)
2018.10.15 21:19:48-INFO: Skipped D:\++WORKZONE++\!!! Instrumentals NEW\Jarmz - How To Be An Mc 20 (DatPiff.com)
2018.10.15 21:19:48-INFO: Skipped D:\++WORKZONE++\!!! Instrumentals NEW\Jay-Z Instrumentals-MIXFIEND
2018.10.15 21:19:48-INFO: Skipped D:\++WORKZONE++\!!! Instrumentals NEW\Lil Jon - Instrumental Kingz Vol 2 (2004)
2018.10.15 21:19:48-INFO: Skipped D:\++WORKZONE++\!!! Instrumentals NEW\Mos Def - Black on Both Sides
2018.10.15 21:19:48-INFO: Skipped D:\++WORKZONE++\!!! Instrumentals NEW\Nas - Instrumentals\2001 - Stillmatic (Instrumentals)
2018.10.15 21:19:48-INFO: Skipped D:\++WORKZONE++\!!! Instrumentals NEW\Nas - Instrumentals\2002 - God's Son (Instrumentals)
2018.10.15 21:19:48-INFO: Skipped D:\++WORKZONE++\!!! Instrumentals NEW\Nas - Instrumentals\2008 - Beats I Would've Gave Nas (DJ DviousMindZ) (Instrumentals)
2018.10.15 21:19:48-INFO: Skipped D:\++WORKZONE++\!!! Instrumentals NEW\ONYX - Instrumentals_[torrents.ru]
2018.10.15 21:19:48-INFO: Skipped D:\++WORKZONE++\!!! Instrumentals NEW\Rick Ross Instrumental Pack
2018.10.15 21:19:48-INFO: Skipped D:\++WORKZONE++\!!! Instrumentals NEW\Shuka4Beats - Free Hip-Hop and Rap Beats Vol.2 (2014)
2018.10.15 21:19:48-INFO: Skipped D:\++WORKZONE++\!!! Instrumentals NEW\Shuka4Beats - Free Hip-Hop and Rap Beats Vol.3 (2014)
2018.10.15 21:19:48-INFO: Skipped D:\++WORKZONE++\!!! Instrumentals NEW\Shuka4Beats - Urban Waves (2015)
2018.10.15 21:19:48-INFO: Skipped D:\++WORKZONE++\!!! Instrumentals NEW\Special Edition (Instrumental Slaughter)\Before I Self Destruct -The Instrumentals\Before I Self Destruct -The Instrumentals
2018.10.15 21:19:48-INFO: Skipped D:\++WORKZONE++\!!! Instrumentals NEW\Special Edition (Instrumental Slaughter)\Curtis Vs Graduation Instrumentals\Curtis Vs Graduation Instrumentals
2018.10.15 21:19:48-INFO: Skipped D:\++WORKZONE++\!!! Instrumentals NEW\Special Edition (Instrumental Slaughter)\Recovery vs Thank Me Later Instrumentals\Recovery vs Thank Me Later Instrumentals
2018.10.15 21:19:48-INFO: Skipped D:\++WORKZONE++\!!! Instrumentals NEW\Special Edition (Instrumental Slaughter)\T.O.S. Vs Tha Carter 3 Instrumentals\T.O.S. Vs Tha Carter 3 Instrumentals
2018.10.15 21:19:48-INFO: Skipped D:\++WORKZONE++\!!! Instrumentals NEW\Spez - Instrumental Pack (2010)
2018.10.15 21:19:48-INFO: Skipped D:\++WORKZONE++\!!! Instrumentals NEW\T.I. - Instrumental Pack
2018.10.15 21:19:48-INFO: Skipped D:\++WORKZONE++\!!! Instrumentals NEW\The Black Keys - Blakroc Instrumental (2009)
2018.10.15 21:19:48-INFO: Skipped D:\++WORKZONE++\!!! Instrumentals NEW\Trae & Dj Know Skillz - Restless Instrumentals
2018.10.15 21:19:48-INFO: Skipped D:\++WORKZONE++\!!! Oldies to CUT\ABC Andrzeja Nebeskiego-1970 (PRONIT SXL 0627)Shelter 301.II
2018.10.15 21:19:48-INFO: Skipped D:\++WORKZONE++\!!! Oldies to CUT\Alicja Majewska-1994-The Best Of-Scans
2018.10.15 21:19:48-INFO: Skipped D:\++WORKZONE++\!!! Oldies to CUT\Bemibem-1974-Bemowe frazy (2007)Scans
2018.10.15 21:19:48-INFO: Skipped D:\++WORKZONE++\!!! Oldies to CUT\DJ Quik\1991 - Quik Is The Name
2018.10.15 21:19:48-INFO: Skipped D:\++WORKZONE++\!!! Oldies to CUT\DJ Quik\1992 - Way 2 Fonky
2018.10.15 21:19:48-INFO: Skipped D:\++WORKZONE++\!!! Oldies to CUT\DJ Quik\1995 - Safe + Sound
2018.10.15 21:19:48-INFO: Skipped D:\++WORKZONE++\!!! Oldies to CUT\DJ Quik\1995 - The Death Row Sessions EP
2018.10.15 21:19:48-INFO: Skipped D:\++WORKZONE++\!!! Oldies to CUT\DJ Quik\1998 - Rhythm-al-ism
2018.10.15 21:19:48-INFO: Skipped D:\++WORKZONE++\!!! Oldies to CUT\DJ Quik\2000 - Balance & Options
2018.10.15 21:19:48-INFO: Skipped D:\++WORKZONE++\!!! Oldies to CUT\DJ Quik\2002 - Under Tha Influence
2018.10.15 21:19:48-INFO: Skipped D:\++WORKZONE++\!!! Oldies to CUT\DJ Quik\2004 - Platinum & Gold Collection
2018.10.15 21:19:48-INFO: Skipped D:\++WORKZONE++\!!! Oldies to CUT\DJ Quik\2005 - Trauma
2018.10.15 21:19:48-INFO: Skipped D:\++WORKZONE++\!!! Oldies to CUT\DJ Quik\2006 - Born & Raised In Compton (The Greatest Hits)
2018.10.15 21:19:48-INFO: Skipped D:\++WORKZONE++\!!! Oldies to CUT\DJ Quik\2006 - Greatest Hits Live At The House Of Blues
2018.10.15 21:19:48-INFO: Skipped D:\++WORKZONE++\!!! Oldies to CUT\DJ Quik\2009 - BlaQKout (with Kurupt)
2018.10.15 21:19:48-INFO: Skipped D:\++WORKZONE++\!!! Oldies to CUT\DJ Quik\2011 - The Book of David
2018.10.15 21:19:48-INFO: Skipped D:\++WORKZONE++\!!! Oldies to CUT\Eleni-1984-Morze snu (PN.SX.2168).(Vinyl.16bit-44.1kHz)NoScans
2018.10.15 21:19:48-INFO: Skipped D:\++WORKZONE++\!!! Oldies to CUT\Eleni-1986-10 (Pronit.PLP.0040).(Vinyl.16bit-44.1kHz)NoScans
2018.10.15 21:19:48-INFO: Skipped D:\++WORKZONE++\!!! Oldies to CUT\Eleni-2005-Muzyka Twoje imiê ma-Scans
2018.10.15 21:19:48-INFO: Skipped D:\++WORKZONE++\!!! Oldies to CUT\Ewa Bem With Swing Session-1981 (LP)Scans
2018.10.15 21:19:48-INFO: Skipped D:\++WORKZONE++\!!! Oldies to CUT\Ewa Bem-Gram o wszystko-Scans
2018.10.15 21:19:48-INFO: Skipped D:\++WORKZONE++\!!! Oldies to CUT\Gra¿yna £obaszewska-1989-Brzydcy (Polskie Nagrania Muza SX-2756)Scans
2018.10.15 21:19:48-INFO: Skipped D:\++WORKZONE++\!!! Oldies to CUT\Gra¿yna £obaszewska-2005-Prowincja jest  piêkna-Scans
2018.10.15 21:19:48-INFO: None
2018.10.15 21:19:48-INFO: Catalog Worker starts : D:\++WORKZONE++\!!! Oldies to CUT\Gra¿yna £obaszewska-2016-Sklejam siê-Scans
2018.10.15 21:19:48-INFO: 
Working on file : D:\++WORKZONE++\!!! Oldies to CUT\Gra¿yna £obaszewska-2016-Sklejam siê-Scans\01 Sklejam siê.flac
