2018.10.17 01:03:55-INFO: OS : Linux
2018.10.17 01:03:55-INFO: catalog_collector Function starts
2018.10.17 01:03:55-DEBUG: Catalog Cache File founded
2018.10.17 01:03:55-INFO: catalog_collector Function ended


2018.10.17 01:03:55-INFO: Skipped /home/kuba/Muzyka/Chic - (1977) Chic (kopia)
2018.10.17 01:03:55-INFO: Skipped /home/kuba/Muzyka/Gish
2018.10.17 01:03:55-INFO: Skipped /home/kuba/Muzyka/1971 - First Album
2018.10.17 01:03:55-INFO: Catalog Crawler starts
2018.10.17 01:03:55-DEBUG: Files found in catalog : ['05 Feel Like Home.ogg', '19 The Hard Way.ogg', '14 Red to Black.ogg', '13 Kenji.ogg', '04 Petrified.ogg', '10 Believe Me.ogg', '12 High Road.ogg', '16 Slip Out the Back.ogg', '07 In Stereo.ogg', '18 There They Go.ogg', "06 Where'd You Go.ogg", '11 Get me Gone.ogg', '09 Cigarettes.ogg', '02 Remember the Name.ogg', '01 Introduction.ogg', '15 The Battle.ogg', '03 Right Now.ogg', '17 Be Somebody.ogg', '08 Back Home.ogg']
2018.10.17 01:03:55-INFO: Starting loop through files

2018.10.17 01:03:55-INFO: File Crawler for starts for file : /home/kuba/Muzyka/The Rising Tied/05 Feel Like Home.ogg
2018.10.17 01:03:55-DEBUG: Handling file by taglib - correct
2018.10.17 01:03:55-INFO: All file attributes collected correct
2018.10.17 01:03:55-INFO: {'path': '/home/kuba/Muzyka/The Rising Tied/05 Feel Like Home.ogg', 'album': 'The Rising Tied', 'artist': 'Fort Minor y Styles of Beyond', 'title': 'Feel Like Home', 'date': '2005', 'length': 233, 'bitrate': 86}

2018.10.17 01:03:55-INFO: File Crawler for starts for file : /home/kuba/Muzyka/The Rising Tied/19 The Hard Way.ogg
2018.10.17 01:03:55-DEBUG: Handling file by taglib - correct
2018.10.17 01:03:55-INFO: All file attributes collected correct
2018.10.17 01:03:55-INFO: {'path': '/home/kuba/Muzyka/The Rising Tied/19 The Hard Way.ogg', 'album': 'The Rising Tied', 'artist': 'Fort Minor', 'title': 'The Hard Way', 'date': '2001', 'length': 234, 'bitrate': 93}

2018.10.17 01:03:55-INFO: File Crawler for starts for file : /home/kuba/Muzyka/The Rising Tied/14 Red to Black.ogg
2018.10.17 01:03:55-DEBUG: Handling file by taglib - correct
2018.10.17 01:03:55-INFO: All file attributes collected correct
2018.10.17 01:03:55-INFO: {'path': '/home/kuba/Muzyka/The Rising Tied/14 Red to Black.ogg', 'album': 'The Rising Tied', 'artist': 'Fort Minor, Kenna, Jonah Matranga y Styles of Beyond', 'title': 'Red To Black', 'date': '2005', 'length': 192, 'bitrate': 81}

2018.10.17 01:03:55-INFO: File Crawler for starts for file : /home/kuba/Muzyka/The Rising Tied/13 Kenji.ogg
2018.10.17 01:03:55-DEBUG: Handling file by taglib - correct
2018.10.17 01:03:55-INFO: All file attributes collected correct
2018.10.17 01:03:55-INFO: {'path': '/home/kuba/Muzyka/The Rising Tied/13 Kenji.ogg', 'album': 'The Rising Tied', 'artist': 'Fort Minor', 'title': 'Kenji', 'date': '2005', 'length': 231, 'bitrate': 77}

2018.10.17 01:03:55-INFO: File Crawler for starts for file : /home/kuba/Muzyka/The Rising Tied/04 Petrified.ogg
2018.10.17 01:03:55-DEBUG: Handling file by taglib - correct
2018.10.17 01:03:55-INFO: All file attributes collected correct
2018.10.17 01:03:55-INFO: {'path': '/home/kuba/Muzyka/The Rising Tied/04 Petrified.ogg', 'album': 'The Rising Tied', 'artist': 'Fort Minor', 'title': 'Petrified', 'date': '2005', 'length': 220, 'bitrate': 84}

2018.10.17 01:03:55-INFO: File Crawler for starts for file : /home/kuba/Muzyka/The Rising Tied/10 Believe Me.ogg
2018.10.17 01:03:55-DEBUG: Handling file by taglib - correct
2018.10.17 01:03:55-INFO: All file attributes collected correct
2018.10.17 01:03:55-INFO: {'path': '/home/kuba/Muzyka/The Rising Tied/10 Believe Me.ogg', 'album': 'The Rising Tied', 'artist': 'Fort Minor, BoBo y Styles of Beyond', 'title': 'Believe Me', 'date': '2005', 'length': 223, 'bitrate': 81}

2018.10.17 01:03:55-INFO: File Crawler for starts for file : /home/kuba/Muzyka/The Rising Tied/12 High Road.ogg
2018.10.17 01:03:55-DEBUG: Handling file by taglib - correct
2018.10.17 01:03:55-INFO: All file attributes collected correct
2018.10.17 01:03:55-INFO: {'path': '/home/kuba/Muzyka/The Rising Tied/12 High Road.ogg', 'album': 'The Rising Tied', 'artist': 'Fort Minor y John Legend', 'title': 'High Road', 'date': '2005', 'length': 196, 'bitrate': 84}

2018.10.17 01:03:55-INFO: File Crawler for starts for file : /home/kuba/Muzyka/The Rising Tied/16 Slip Out the Back.ogg
2018.10.17 01:03:55-DEBUG: Handling file by taglib - correct
2018.10.17 01:03:55-INFO: All file attributes collected correct
2018.10.17 01:03:55-INFO: {'path': '/home/kuba/Muzyka/The Rising Tied/16 Slip Out the Back.ogg', 'album': 'The Rising Tied', 'artist': 'Fort Minor y Mr Hahn', 'title': 'Slip Out the Back', 'date': '2005', 'length': 236, 'bitrate': 82}

2018.10.17 01:03:55-INFO: File Crawler for starts for file : /home/kuba/Muzyka/The Rising Tied/07 In Stereo.ogg
2018.10.17 01:03:55-DEBUG: Handling file by taglib - correct
2018.10.17 01:03:55-INFO: All file attributes collected correct
2018.10.17 01:03:55-INFO: {'path': '/home/kuba/Muzyka/The Rising Tied/07 In Stereo.ogg', 'album': 'The Rising Tied', 'artist': 'Fort Minor', 'title': 'In Stereo', 'date': '2005', 'length': 209, 'bitrate': 88}

2018.10.17 01:03:55-INFO: File Crawler for starts for file : /home/kuba/Muzyka/The Rising Tied/18 There They Go.ogg
2018.10.17 01:03:55-DEBUG: Handling file by taglib - correct
2018.10.17 01:03:55-INFO: All file attributes collected correct
2018.10.17 01:03:55-INFO: {'path': '/home/kuba/Muzyka/The Rising Tied/18 There They Go.ogg', 'album': 'The Rising Tied', 'artist': 'Fort Minor y Sixx John', 'title': 'There They Go', 'date': '2005', 'length': 197, 'bitrate': 84}

2018.10.17 01:03:55-INFO: File Crawler for starts for file : /home/kuba/Muzyka/The Rising Tied/06 Where'd You Go.ogg
2018.10.17 01:03:55-DEBUG: Handling file by taglib - correct
2018.10.17 01:03:55-INFO: All file attributes collected correct
2018.10.17 01:03:55-INFO: {'path': "/home/kuba/Muzyka/The Rising Tied/06 Where'd You Go.ogg", 'album': 'The Rising Tied', 'artist': 'Fort Minor, Holly Brook y Jonah Matranga', 'title': "Where'd You Go", 'date': '2005', 'length': 231, 'bitrate': 79}

2018.10.17 01:03:55-INFO: File Crawler for starts for file : /home/kuba/Muzyka/The Rising Tied/11 Get me Gone.ogg
2018.10.17 01:03:55-DEBUG: Handling file by taglib - correct
2018.10.17 01:03:55-INFO: All file attributes collected correct
2018.10.17 01:03:55-INFO: {'path': '/home/kuba/Muzyka/The Rising Tied/11 Get me Gone.ogg', 'album': 'The Rising Tied', 'artist': 'Fort Minor', 'title': 'Get me Gone', 'date': '2005', 'length': 116, 'bitrate': 84}

2018.10.17 01:03:55-INFO: File Crawler for starts for file : /home/kuba/Muzyka/The Rising Tied/09 Cigarettes.ogg
2018.10.17 01:03:55-DEBUG: Handling file by taglib - correct
2018.10.17 01:03:55-INFO: All file attributes collected correct
2018.10.17 01:03:55-INFO: {'path': '/home/kuba/Muzyka/The Rising Tied/09 Cigarettes.ogg', 'album': 'The Rising Tied', 'artist': 'Fort Minor', 'title': 'Cigarettes', 'date': '2005', 'length': 220, 'bitrate': 87}

2018.10.17 01:03:55-INFO: File Crawler for starts for file : /home/kuba/Muzyka/The Rising Tied/02 Remember the Name.ogg
2018.10.17 01:03:55-DEBUG: Handling file by taglib - correct
2018.10.17 01:03:55-INFO: All file attributes collected correct
2018.10.17 01:03:55-INFO: {'path': '/home/kuba/Muzyka/The Rising Tied/02 Remember the Name.ogg', 'album': 'The Rising Tied', 'artist': 'Fort Minor y Styles of Beyond', 'title': 'Remember the Name', 'date': '2005', 'length': 230, 'bitrate': 86}

2018.10.17 01:03:55-INFO: File Crawler for starts for file : /home/kuba/Muzyka/The Rising Tied/01 Introduction.ogg
2018.10.17 01:03:55-DEBUG: Handling file by taglib - correct
2018.10.17 01:03:55-INFO: All file attributes collected correct
2018.10.17 01:03:55-INFO: {'path': '/home/kuba/Muzyka/The Rising Tied/01 Introduction.ogg', 'album': 'The Rising Tied', 'artist': 'Fort Minor', 'title': 'Introduction', 'date': '2005', 'length': 43, 'bitrate': 88}

2018.10.17 01:03:55-INFO: File Crawler for starts for file : /home/kuba/Muzyka/The Rising Tied/15 The Battle.ogg
2018.10.17 01:03:55-DEBUG: Handling file by taglib - correct
2018.10.17 01:03:55-INFO: All file attributes collected correct
2018.10.17 01:03:55-INFO: {'path': '/home/kuba/Muzyka/The Rising Tied/15 The Battle.ogg', 'album': 'The Rising Tied', 'artist': 'Fort Minor y Celph Titled', 'title': 'The Battle', 'date': '2005', 'length': 32, 'bitrate': 83}

2018.10.17 01:03:55-INFO: File Crawler for starts for file : /home/kuba/Muzyka/The Rising Tied/03 Right Now.ogg
2018.10.17 01:03:55-DEBUG: Handling file by taglib - correct
2018.10.17 01:03:55-INFO: All file attributes collected correct
2018.10.17 01:03:55-INFO: {'path': '/home/kuba/Muzyka/The Rising Tied/03 Right Now.ogg', 'album': 'The Rising Tied', 'artist': 'Fort Minor, the Roots y Styles of Beyond', 'title': 'Right Now', 'date': '2005', 'length': 254, 'bitrate': 85}

2018.10.17 01:03:55-INFO: File Crawler for starts for file : /home/kuba/Muzyka/The Rising Tied/17 Be Somebody.ogg
2018.10.17 01:03:55-DEBUG: Handling file by taglib - correct
2018.10.17 01:03:55-INFO: All file attributes collected correct
2018.10.17 01:03:55-INFO: {'path': '/home/kuba/Muzyka/The Rising Tied/17 Be Somebody.ogg', 'album': 'The Rising Tied', 'artist': 'Fort Minor, Lupe Fiasco, Holly Brook y Tak', 'title': 'Be Somebody', 'date': '2005', 'length': 195, 'bitrate': 82}

2018.10.17 01:03:55-INFO: File Crawler for starts for file : /home/kuba/Muzyka/The Rising Tied/08 Back Home.ogg
2018.10.17 01:03:55-DEBUG: Handling file by taglib - correct
2018.10.17 01:03:55-INFO: All file attributes collected correct
2018.10.17 01:03:55-INFO: {'path': '/home/kuba/Muzyka/The Rising Tied/08 Back Home.ogg', 'album': 'The Rising Tied', 'artist': 'Fort Minor, Common y Styles of Beyond', 'title': 'Back Home', 'date': '2005', 'length': 224, 'bitrate': 80}

2018.10.17 01:03:55-INFO: 

2018.10.17 01:03:55-INFO: Loop through files ends succesfully

2018.10.17 01:03:55-INFO: Determine Catalog Attributes function starts

2018.10.17 01:03:55-DEBUG: Tries to guess Album name
2018.10.17 01:03:55-DEBUG: Found 1 proposition(s) : ['The Rising Tied']
2018.10.17 01:03:55-DEBUG: Album found : The Rising Tied
2018.10.17 01:03:55-DEBUG: Tries to guess Artist name
2018.10.17 01:03:55-DEBUG: Found 12 proposition(s) : ['Fort Minor y Styles of Beyond', 'Fort Minor', 'Fort Minor, Kenna, Jonah Matranga y Styles of Beyond', 'Fort Minor, BoBo y Styles of Beyond', 'Fort Minor y John Legend', 'Fort Minor y Mr Hahn', 'Fort Minor y Sixx John', 'Fort Minor, Holly Brook y Jonah Matranga', 'Fort Minor y Celph Titled', 'Fort Minor, the Roots y Styles of Beyond', 'Fort Minor, Lupe Fiasco, Holly Brook y Tak', 'Fort Minor, Common y Styles of Beyond']
2018.10.17 01:03:55-DEBUG: Many Artists found in this catalog
2018.10.17 01:03:55-INFO: Substring Finder Function starts
2018.10.17 01:03:55-DEBUG: Input : ['Fort Minor y Styles of Beyond', 'Fort Minor', 'Fort Minor, Kenna, Jonah Matranga y Styles of Beyond', 'Fort Minor, BoBo y Styles of Beyond', 'Fort Minor y John Legend', 'Fort Minor y Mr Hahn', 'Fort Minor y Sixx John', 'Fort Minor, Holly Brook y Jonah Matranga', 'Fort Minor y Celph Titled', 'Fort Minor, the Roots y Styles of Beyond', 'Fort Minor, Lupe Fiasco, Holly Brook y Tak', 'Fort Minor, Common y Styles of Beyond']

2018.10.17 01:03:55-DEBUG: find_longest_substring comparing pair: Fort Minor y Styles of Beyond and Fort Minor
2018.10.17 01:03:55-DEBUG: Selected : Fort Minor
2018.10.17 01:03:55-DEBUG: find_longest_substring comparing pair: Fort Minor and Fort Minor, Kenna, Jonah Matranga y Styles of Beyond
2018.10.17 01:03:55-DEBUG: Selected : Fort Minor
2018.10.17 01:03:55-DEBUG: find_longest_substring comparing pair: Fort Minor, Kenna, Jonah Matranga y Styles of Beyond and Fort Minor, BoBo y Styles of Beyond
2018.10.17 01:03:55-DEBUG: Selected :  y Styles of Beyond
2018.10.17 01:03:55-DEBUG: find_longest_substring comparing pair: Fort Minor, BoBo y Styles of Beyond and Fort Minor y John Legend
2018.10.17 01:03:55-DEBUG: Selected : Fort Minor
2018.10.17 01:03:55-DEBUG: find_longest_substring comparing pair: Fort Minor y John Legend and Fort Minor y Mr Hahn
2018.10.17 01:03:55-DEBUG: Selected : Fort Minor y 
2018.10.17 01:03:55-DEBUG: find_longest_substring comparing pair: Fort Minor y Mr Hahn and Fort Minor y Sixx John
2018.10.17 01:03:55-DEBUG: Selected : Fort Minor y 
2018.10.17 01:03:55-DEBUG: find_longest_substring comparing pair: Fort Minor y Sixx John and Fort Minor, Holly Brook y Jonah Matranga
2018.10.17 01:03:55-DEBUG: Selected : Fort Minor
2018.10.17 01:03:55-DEBUG: find_longest_substring comparing pair: Fort Minor, Holly Brook y Jonah Matranga and Fort Minor y Celph Titled
2018.10.17 01:03:55-DEBUG: Selected : Fort Minor
2018.10.17 01:03:55-DEBUG: find_longest_substring comparing pair: Fort Minor y Celph Titled and Fort Minor, the Roots y Styles of Beyond
2018.10.17 01:03:55-DEBUG: Selected : Fort Minor
2018.10.17 01:03:55-DEBUG: find_longest_substring comparing pair: Fort Minor, the Roots y Styles of Beyond and Fort Minor, Lupe Fiasco, Holly Brook y Tak
2018.10.17 01:03:55-DEBUG: Selected : Fort Minor, 
2018.10.17 01:03:55-DEBUG: find_longest_substring comparing pair: Fort Minor, Lupe Fiasco, Holly Brook y Tak and Fort Minor, Common y Styles of Beyond
2018.10.17 01:03:55-DEBUG: Selected : Fort Minor, 
2018.10.17 01:03:55-INFO: Existing substrings : ['Fort Minor', ' y Styles of Beyond', 'Fort Minor y ', 'Fort Minor, ']
2018.10.17 01:03:55-DEBUG: find_longest_substring comparing pair: Fort Minor and Fort Minor y Styles of Beyond
2018.10.17 01:03:55-DEBUG: Selected : Fort Minor
2018.10.17 01:03:55-DEBUG: find_longest_substring comparing pair: Fort Minor and Fort Minor
2018.10.17 01:03:55-DEBUG: Selected : Fort Minor
2018.10.17 01:03:55-DEBUG: find_longest_substring comparing pair: Fort Minor and Fort Minor, Kenna, Jonah Matranga y Styles of Beyond
2018.10.17 01:03:55-DEBUG: Selected : Fort Minor
2018.10.17 01:03:55-DEBUG: find_longest_substring comparing pair: Fort Minor and Fort Minor, BoBo y Styles of Beyond
2018.10.17 01:03:55-DEBUG: Selected : Fort Minor
2018.10.17 01:03:55-DEBUG: find_longest_substring comparing pair: Fort Minor and Fort Minor y John Legend
2018.10.17 01:03:55-DEBUG: Selected : Fort Minor
2018.10.17 01:03:55-DEBUG: find_longest_substring comparing pair: Fort Minor and Fort Minor y Mr Hahn
2018.10.17 01:03:55-DEBUG: Selected : Fort Minor
2018.10.17 01:03:55-DEBUG: find_longest_substring comparing pair: Fort Minor and Fort Minor y Sixx John
2018.10.17 01:03:55-DEBUG: Selected : Fort Minor
2018.10.17 01:03:55-DEBUG: find_longest_substring comparing pair: Fort Minor and Fort Minor, Holly Brook y Jonah Matranga
2018.10.17 01:03:55-DEBUG: Selected : Fort Minor
2018.10.17 01:03:55-DEBUG: find_longest_substring comparing pair: Fort Minor and Fort Minor y Celph Titled
2018.10.17 01:03:55-DEBUG: Selected : Fort Minor
2018.10.17 01:03:55-DEBUG: find_longest_substring comparing pair: Fort Minor and Fort Minor, the Roots y Styles of Beyond
2018.10.17 01:03:55-DEBUG: Selected : Fort Minor
2018.10.17 01:03:55-DEBUG: find_longest_substring comparing pair: Fort Minor and Fort Minor, Lupe Fiasco, Holly Brook y Tak
2018.10.17 01:03:55-DEBUG: Selected : Fort Minor
2018.10.17 01:03:55-DEBUG: find_longest_substring comparing pair: Fort Minor and Fort Minor, Common y Styles of Beyond
2018.10.17 01:03:55-DEBUG: Selected : Fort Minor
2018.10.17 01:03:55-INFO: ***Connecting Discogs
Query: Fort Minor, 
2018.10.17 01:03:56-DEBUG: Checking if my match Fort Minor,  fits to Fort Minor
2018.10.17 01:03:56-DEBUG: Found match : Fort Minor, , that exists on Discogs
2018.10.17 01:03:58-DEBUG: find_longest_substring comparing pair:  y Styles of Beyond and Fort Minor y Styles of Beyond
2018.10.17 01:03:58-DEBUG: Selected :  y Styles of Beyond
2018.10.17 01:03:58-DEBUG: find_longest_substring comparing pair:  y Styles of Beyond and Fort Minor
2018.10.17 01:03:58-DEBUG: Selected :  
2018.10.17 01:03:58-DEBUG: find_longest_substring comparing pair:  y Styles of Beyond and Fort Minor, Kenna, Jonah Matranga y Styles of Beyond
2018.10.17 01:03:58-DEBUG: Selected :  y Styles of Beyond
2018.10.17 01:03:58-DEBUG: find_longest_substring comparing pair:  y Styles of Beyond and Fort Minor, BoBo y Styles of Beyond
2018.10.17 01:03:58-DEBUG: Selected :  y Styles of Beyond
2018.10.17 01:03:58-DEBUG: find_longest_substring comparing pair:  y Styles of Beyond and Fort Minor y John Legend
2018.10.17 01:03:58-DEBUG: Selected :  y 
2018.10.17 01:03:58-DEBUG: find_longest_substring comparing pair:  y Styles of Beyond and Fort Minor y Mr Hahn
2018.10.17 01:03:58-DEBUG: Selected :  y 
2018.10.17 01:03:58-DEBUG: find_longest_substring comparing pair:  y Styles of Beyond and Fort Minor y Sixx John
2018.10.17 01:03:58-DEBUG: Selected :  y S
2018.10.17 01:03:58-DEBUG: find_longest_substring comparing pair:  y Styles of Beyond and Fort Minor, Holly Brook y Jonah Matranga
2018.10.17 01:03:58-DEBUG: Selected :  y 
2018.10.17 01:03:58-DEBUG: find_longest_substring comparing pair:  y Styles of Beyond and Fort Minor y Celph Titled
2018.10.17 01:03:58-DEBUG: Selected :  y 
2018.10.17 01:03:58-DEBUG: find_longest_substring comparing pair:  y Styles of Beyond and Fort Minor, the Roots y Styles of Beyond
2018.10.17 01:03:58-DEBUG: Selected :  y Styles of Beyond
2018.10.17 01:03:58-DEBUG: find_longest_substring comparing pair:  y Styles of Beyond and Fort Minor, Lupe Fiasco, Holly Brook y Tak
2018.10.17 01:03:58-DEBUG: Selected :  y 
2018.10.17 01:03:58-DEBUG: find_longest_substring comparing pair:  y Styles of Beyond and Fort Minor, Common y Styles of Beyond
2018.10.17 01:03:58-DEBUG: Selected :  y Styles of Beyond
2018.10.17 01:03:58-DEBUG: find_longest_substring comparing pair: Fort Minor y  and Fort Minor y Styles of Beyond
2018.10.17 01:03:58-DEBUG: Selected : Fort Minor y 
2018.10.17 01:03:58-DEBUG: find_longest_substring comparing pair: Fort Minor y  and Fort Minor
2018.10.17 01:03:58-DEBUG: Selected : Fort Minor
2018.10.17 01:03:58-DEBUG: find_longest_substring comparing pair: Fort Minor y  and Fort Minor, Kenna, Jonah Matranga y Styles of Beyond
2018.10.17 01:03:58-DEBUG: Selected : Fort Minor
2018.10.17 01:03:58-DEBUG: find_longest_substring comparing pair: Fort Minor y  and Fort Minor, BoBo y Styles of Beyond
2018.10.17 01:03:58-DEBUG: Selected : Fort Minor
2018.10.17 01:03:58-DEBUG: find_longest_substring comparing pair: Fort Minor y  and Fort Minor y John Legend
2018.10.17 01:03:58-DEBUG: Selected : Fort Minor y 
2018.10.17 01:03:58-DEBUG: find_longest_substring comparing pair: Fort Minor y  and Fort Minor y Mr Hahn
2018.10.17 01:03:58-DEBUG: Selected : Fort Minor y 
2018.10.17 01:03:58-DEBUG: find_longest_substring comparing pair: Fort Minor y  and Fort Minor y Sixx John
2018.10.17 01:03:58-DEBUG: Selected : Fort Minor y 
2018.10.17 01:03:58-DEBUG: find_longest_substring comparing pair: Fort Minor y  and Fort Minor, Holly Brook y Jonah Matranga
2018.10.17 01:03:58-DEBUG: Selected : Fort Minor
2018.10.17 01:03:58-DEBUG: find_longest_substring comparing pair: Fort Minor y  and Fort Minor y Celph Titled
2018.10.17 01:03:58-DEBUG: Selected : Fort Minor y 
2018.10.17 01:03:58-DEBUG: find_longest_substring comparing pair: Fort Minor y  and Fort Minor, the Roots y Styles of Beyond
2018.10.17 01:03:58-DEBUG: Selected : Fort Minor
2018.10.17 01:03:58-DEBUG: find_longest_substring comparing pair: Fort Minor y  and Fort Minor, Lupe Fiasco, Holly Brook y Tak
2018.10.17 01:03:58-DEBUG: Selected : Fort Minor
2018.10.17 01:03:58-DEBUG: find_longest_substring comparing pair: Fort Minor y  and Fort Minor, Common y Styles of Beyond
2018.10.17 01:03:58-DEBUG: Selected : Fort Minor
2018.10.17 01:03:58-DEBUG: find_longest_substring comparing pair: Fort Minor,  and Fort Minor y Styles of Beyond
2018.10.17 01:03:58-DEBUG: Selected : Fort Minor
2018.10.17 01:03:58-DEBUG: find_longest_substring comparing pair: Fort Minor,  and Fort Minor
2018.10.17 01:03:58-DEBUG: Selected : Fort Minor
2018.10.17 01:03:58-DEBUG: find_longest_substring comparing pair: Fort Minor,  and Fort Minor, Kenna, Jonah Matranga y Styles of Beyond
2018.10.17 01:03:58-DEBUG: Selected : Fort Minor, 
2018.10.17 01:03:58-DEBUG: find_longest_substring comparing pair: Fort Minor,  and Fort Minor, BoBo y Styles of Beyond
2018.10.17 01:03:58-DEBUG: Selected : Fort Minor, 
2018.10.17 01:03:58-DEBUG: find_longest_substring comparing pair: Fort Minor,  and Fort Minor y John Legend
2018.10.17 01:03:58-DEBUG: Selected : Fort Minor
2018.10.17 01:03:58-DEBUG: find_longest_substring comparing pair: Fort Minor,  and Fort Minor y Mr Hahn
2018.10.17 01:03:58-DEBUG: Selected : Fort Minor
2018.10.17 01:03:58-DEBUG: find_longest_substring comparing pair: Fort Minor,  and Fort Minor y Sixx John
2018.10.17 01:03:58-DEBUG: Selected : Fort Minor
2018.10.17 01:03:58-DEBUG: find_longest_substring comparing pair: Fort Minor,  and Fort Minor, Holly Brook y Jonah Matranga
2018.10.17 01:03:58-DEBUG: Selected : Fort Minor, 
2018.10.17 01:03:58-DEBUG: find_longest_substring comparing pair: Fort Minor,  and Fort Minor y Celph Titled
2018.10.17 01:03:58-DEBUG: Selected : Fort Minor
2018.10.17 01:03:58-DEBUG: find_longest_substring comparing pair: Fort Minor,  and Fort Minor, the Roots y Styles of Beyond
2018.10.17 01:03:58-DEBUG: Selected : Fort Minor, 
2018.10.17 01:03:58-DEBUG: find_longest_substring comparing pair: Fort Minor,  and Fort Minor, Lupe Fiasco, Holly Brook y Tak
2018.10.17 01:03:58-DEBUG: Selected : Fort Minor, 
2018.10.17 01:03:58-DEBUG: find_longest_substring comparing pair: Fort Minor,  and Fort Minor, Common y Styles of Beyond
2018.10.17 01:03:58-DEBUG: Selected : Fort Minor, 
2018.10.17 01:03:58-INFO: Substring Finder did not found any match

2018.10.17 01:03:58-DEBUG: Identified Various Artist as an artist
2018.10.17 01:03:58-DEBUG: Tries to guess date of album
2018.10.17 01:03:58-DEBUG: Date unreckognized
2018.10.17 01:03:58-DEBUG: Computing average bitrate of files
2018.10.17 01:03:58-DEBUG: Computing total length of files
2018.10.17 01:03:58-INFO: reckognized Catalog Attributes:
Artist: Various Artist        
Album: The Rising Tied
Date: 
AvgBitrate: 83.89473684210526
CatalogSym


2018.10.17 01:03:58-DEBUG: returns {'album': 'The Rising Tied', 'artist': 'Various Artist', 'date': '', 'avg_bitrate': 83.89473684210526, 'total_length': 3716, 'catalog_mark': '', 'img_count': 0, 'path': '/home/kuba/Muzyka/The Rising Tied'}
2018.10.17 01:03:58-INFO: Catalog Crawler ends,

2018.10.17 01:03:58-INFO: Finding Album DiscogsID started
2018.10.17 01:03:58-INFO: Working on /home/kuba/Muzyka/The Rising Tied
2018.10.17 01:03:58-INFO: metoda Album
2018.10.17 01:03:58-INFO: Connecting Discogs
Query: The Rising Tied
2018.10.17 01:03:59-INFO: Comparing Fort Minor - The Rising Tied
2018.10.17 01:03:59-INFO: Comparing Swingin' Utters - Drowning In The Sea, Rising With The Sun
2018.10.17 01:03:59-INFO: Comparing Sicarii - Within Your City Walls A Rising Storm
2018.10.17 01:03:59-INFO: Comparing Neil Halstead - Palindrome Hunches
2018.10.17 01:03:59-INFO: Comparing Controlled Bleeding / Doc Wör Mirran - Pets For Meat / The Gylsboda Snake
2018.10.17 01:03:59-INFO: Comparing Chris & Carla - Swinger 500
2018.10.17 01:03:59-INFO: Comparing My Life With The Thrill Kill Kult - Sinister Whisperz: The Wax Trax! Years (1987-1991)
2018.10.17 01:03:59-INFO: Comparing Hirax - Immortal Legacy
2018.10.17 01:03:59-INFO: Comparing Various - Dry Lungs V
2018.10.17 01:03:59-INFO: Comparing Marilyn Manson - Antichrist Superstar
2018.10.17 01:03:59-INFO: Comparing Various - The Rise And Fall Of Paramount Records 1928-1932, Volume 2
2018.10.17 01:03:59-INFO: Comparing Various - Triple J's Hottest 100 Volume 19
2018.10.17 01:03:59-INFO: Comparing 142 - Demo
2018.10.17 01:03:59-INFO: Comparing Space Chaser, Distillator - Split Album
2018.10.17 01:04:01-INFO: metoda Token
2018.10.17 01:04:01-INFO: Connecting Discogs
 Query: Various Artist - The Rising Tied
2018.10.17 01:04:02-INFO: Various - The Rise And Fall Of Paramount Records 1928-1932, Volume 2
2018.10.17 01:04:02-INFO: Comparing Various - The Rise And Fall Of Paramount Records 1928-1932, Volume 2
2018.10.17 01:04:04-INFO: metoda Variations
2018.10.17 01:04:04-INFO: Connecting Discogs
Query: Various Artist
2018.10.17 01:04:05-INFO: <Artist 35584 'Various Artists (3)'>  aliases : ['V/A']
2018.10.17 01:04:05-INFO: Connecting Discogs
Query: V/A - The Rising Tied
2018.10.17 01:04:05-INFO: tried: V/A - The Rising Tied
2018.10.17 01:04:06-INFO: Comparing Various - Dry Lungs V
2018.10.17 01:04:06-INFO: Comparing Hirax - Immortal Legacy
2018.10.17 01:04:06-INFO: Comparing Various - The Rise And Fall Of Paramount Records 1928-1932, Volume 2
2018.10.17 01:04:10-INFO: metoda Release
2018.10.17 01:04:10-INFO: Connecting Discogs
Query: The Rising Tied
2018.10.17 01:04:11-INFO: Comparing Fort Minor - The Rising Tied
2018.10.17 01:04:11-INFO: Comparing Fort Minor - The Rising Tied
2018.10.17 01:04:11-INFO: Comparing Fort Minor - The Rising Tied
2018.10.17 01:04:11-INFO: Comparing Fort Minor - The Rising Tied
2018.10.17 01:04:11-INFO: Comparing Fort Minor - The Rising Tied
2018.10.17 01:04:11-INFO: Comparing Fort Minor - The Rising Tied
2018.10.17 01:04:11-INFO: Comparing Fort Minor - The Rising Tied
2018.10.17 01:04:11-INFO: Comparing Fort Minor - The Rising Tied
2018.10.17 01:04:11-INFO: Comparing Fort Minor - The Rising Tied
2018.10.17 01:04:11-INFO: Comparing Fort Minor - The Rising Tied
2018.10.17 01:04:11-INFO: Comparing Fort Minor - The Rising Tied
2018.10.17 01:04:11-INFO: Comparing Fort Minor - The Rising Tied
2018.10.17 01:04:11-INFO: Comparing Fort Minor - The Rising Tied
2018.10.17 01:04:11-INFO: Comparing Fort Minor - The Rising Tied
2018.10.17 01:04:11-INFO: Comparing Fort Minor - Instrumental Album: The Rising Tied
2018.10.17 01:04:11-INFO: Comparing Fort Minor - The Rising Tied
2018.10.17 01:04:11-INFO: Comparing Fort Minor - The Rising Tied
2018.10.17 01:04:11-INFO: Comparing Fort Minor - The Rising Tied
2018.10.17 01:04:11-INFO: Comparing Fort Minor - The Rising Tied
2018.10.17 01:04:11-INFO: Comparing Fort Minor - The Rising Tied
2018.10.17 01:04:11-INFO: Comparing Fort Minor - The Rising Tied
2018.10.17 01:04:11-INFO: Comparing Fort Minor - The Rising Tied
2018.10.17 01:04:11-INFO: Comparing Fort Minor - The Rising Tied
2018.10.17 01:04:11-INFO: Comparing Fort Minor - The Rising Tied
2018.10.17 01:04:11-INFO: Comparing Fort Minor - The Rising Tied
2018.10.17 01:04:11-INFO: Comparing Fort Minor - The Rising Tied
2018.10.17 01:04:11-INFO: Comparing Fort Minor - The Rising Tied
2018.10.17 01:04:11-INFO: Comparing Fort Minor - The Rising Tied
2018.10.17 01:04:11-INFO: Comparing Fort Minor - The Rising Tied
2018.10.17 01:04:11-INFO: Comparing Fort Minor - The Rising Tied 
2018.10.17 01:04:11-INFO: Comparing Fort Minor - The Rising Tied
2018.10.17 01:04:11-INFO: Comparing Fort Minor - The Rising Tied
2018.10.17 01:04:11-INFO: Comparing Fort Minor - The Rising Tied
2018.10.17 01:04:11-INFO: Comparing Fort Minor - The Rising Tied
2018.10.17 01:04:11-INFO: Comparing Fort Minor - The Rising Tied
2018.10.17 01:04:11-INFO: Comparing Fort Minor - The Rising Tied
2018.10.17 01:04:11-INFO: Comparing Fort Minor - The Rising Tied
2018.10.17 01:04:11-INFO: Comparing Fort Minor - The Rising Tied
2018.10.17 01:04:11-INFO: Comparing Fort Minor - The Rising Tied
2018.10.17 01:04:11-INFO: Comparing Swingin' Utters - Drowning In The Sea, Rising With The Sun
2018.10.17 01:04:11-INFO: Comparing Swingin' Utters - Drowning In The Sea, Rising With The Sun
2018.10.17 01:04:11-INFO: Comparing Sicarii - Within Your City Walls A Rising Storm
2018.10.17 01:04:11-INFO: Comparing Controlled Bleeding / Doc Wör Mirran - Pets For Meat / The Gylsboda Snake
2018.10.17 01:04:11-INFO: Comparing Neil Halstead - Palindrome Hunches
2018.10.17 01:04:11-INFO: Comparing Hirax - Immortal Legacy
2018.10.17 01:04:11-INFO: Comparing Chris & Carla - Swinger 500
2018.10.17 01:04:11-INFO: Comparing Neil Halstead - Palindrome Hunches
2018.10.17 01:04:11-INFO: Comparing Neil Halstead - Palindrome Hunches
2018.10.17 01:04:11-INFO: Comparing Neil Halstead - Palindrome Hunches
2018.10.17 01:04:11-INFO: Comparing Swingin' Utters - Drowning In The Sea, Rising With The Sun
2018.10.17 01:04:13-INFO: metoda Release2
2018.10.17 01:04:13-INFO: Connecting Discogs
Query: Various Artist - The Rising Tied
2018.10.17 01:04:14-INFO: Comparing Various - The Rise And Fall Of Paramount Records 19281932 Volume 2
2018.10.17 01:04:14-INFO: With Various Artist - The Rising Tied
2018.10.17 01:04:14-INFO: Comparing Various - Anthems Of Rust  Decay
2018.10.17 01:04:14-INFO: With Various Artist - The Rising Tied
2018.10.17 01:04:14-INFO: Comparing Various - Dry Lungs V
2018.10.17 01:04:14-INFO: With Various Artist - The Rising Tied
2018.10.17 01:04:18-INFO: Save to DB started
2018.10.17 01:04:18-INFO: Catalog data inserted successfully
2018.10.17 01:04:18-DEBUG: Tries to insert : {'path': '/home/kuba/Muzyka/The Rising Tied/05 Feel Like Home.ogg', 'album': 'The Rising Tied', 'artist': 'Fort Minor y Styles of Beyond', 'title': 'Feel Like Home', 'date': '2005', 'length': 233, 'bitrate': 86}
2018.10.17 01:04:18-DEBUG: Tries to insert : {'path': '/home/kuba/Muzyka/The Rising Tied/19 The Hard Way.ogg', 'album': 'The Rising Tied', 'artist': 'Fort Minor', 'title': 'The Hard Way', 'date': '2001', 'length': 234, 'bitrate': 93}
2018.10.17 01:04:18-DEBUG: Tries to insert : {'path': '/home/kuba/Muzyka/The Rising Tied/14 Red to Black.ogg', 'album': 'The Rising Tied', 'artist': 'Fort Minor, Kenna, Jonah Matranga y Styles of Beyond', 'title': 'Red To Black', 'date': '2005', 'length': 192, 'bitrate': 81}
2018.10.17 01:04:18-DEBUG: Tries to insert : {'path': '/home/kuba/Muzyka/The Rising Tied/13 Kenji.ogg', 'album': 'The Rising Tied', 'artist': 'Fort Minor', 'title': 'Kenji', 'date': '2005', 'length': 231, 'bitrate': 77}
2018.10.17 01:04:18-DEBUG: Tries to insert : {'path': '/home/kuba/Muzyka/The Rising Tied/04 Petrified.ogg', 'album': 'The Rising Tied', 'artist': 'Fort Minor', 'title': 'Petrified', 'date': '2005', 'length': 220, 'bitrate': 84}
2018.10.17 01:04:18-DEBUG: Tries to insert : {'path': '/home/kuba/Muzyka/The Rising Tied/10 Believe Me.ogg', 'album': 'The Rising Tied', 'artist': 'Fort Minor, BoBo y Styles of Beyond', 'title': 'Believe Me', 'date': '2005', 'length': 223, 'bitrate': 81}
2018.10.17 01:04:18-DEBUG: Tries to insert : {'path': '/home/kuba/Muzyka/The Rising Tied/12 High Road.ogg', 'album': 'The Rising Tied', 'artist': 'Fort Minor y John Legend', 'title': 'High Road', 'date': '2005', 'length': 196, 'bitrate': 84}
2018.10.17 01:04:18-DEBUG: Tries to insert : {'path': '/home/kuba/Muzyka/The Rising Tied/16 Slip Out the Back.ogg', 'album': 'The Rising Tied', 'artist': 'Fort Minor y Mr Hahn', 'title': 'Slip Out the Back', 'date': '2005', 'length': 236, 'bitrate': 82}
2018.10.17 01:04:18-DEBUG: Tries to insert : {'path': '/home/kuba/Muzyka/The Rising Tied/07 In Stereo.ogg', 'album': 'The Rising Tied', 'artist': 'Fort Minor', 'title': 'In Stereo', 'date': '2005', 'length': 209, 'bitrate': 88}
2018.10.17 01:04:18-DEBUG: Tries to insert : {'path': '/home/kuba/Muzyka/The Rising Tied/18 There They Go.ogg', 'album': 'The Rising Tied', 'artist': 'Fort Minor y Sixx John', 'title': 'There They Go', 'date': '2005', 'length': 197, 'bitrate': 84}
2018.10.17 01:04:18-DEBUG: Tries to insert : {'path': "/home/kuba/Muzyka/The Rising Tied/06 Where'd You Go.ogg", 'album': 'The Rising Tied', 'artist': 'Fort Minor, Holly Brook y Jonah Matranga', 'title': "Where'd You Go", 'date': '2005', 'length': 231, 'bitrate': 79}
2018.10.17 01:04:18-DEBUG: Tries to insert : {'path': '/home/kuba/Muzyka/The Rising Tied/11 Get me Gone.ogg', 'album': 'The Rising Tied', 'artist': 'Fort Minor', 'title': 'Get me Gone', 'date': '2005', 'length': 116, 'bitrate': 84}
2018.10.17 01:04:18-DEBUG: Tries to insert : {'path': '/home/kuba/Muzyka/The Rising Tied/09 Cigarettes.ogg', 'album': 'The Rising Tied', 'artist': 'Fort Minor', 'title': 'Cigarettes', 'date': '2005', 'length': 220, 'bitrate': 87}
2018.10.17 01:04:18-DEBUG: Tries to insert : {'path': '/home/kuba/Muzyka/The Rising Tied/02 Remember the Name.ogg', 'album': 'The Rising Tied', 'artist': 'Fort Minor y Styles of Beyond', 'title': 'Remember the Name', 'date': '2005', 'length': 230, 'bitrate': 86}
2018.10.17 01:04:18-DEBUG: Tries to insert : {'path': '/home/kuba/Muzyka/The Rising Tied/01 Introduction.ogg', 'album': 'The Rising Tied', 'artist': 'Fort Minor', 'title': 'Introduction', 'date': '2005', 'length': 43, 'bitrate': 88}
2018.10.17 01:04:18-DEBUG: Tries to insert : {'path': '/home/kuba/Muzyka/The Rising Tied/15 The Battle.ogg', 'album': 'The Rising Tied', 'artist': 'Fort Minor y Celph Titled', 'title': 'The Battle', 'date': '2005', 'length': 32, 'bitrate': 83}
2018.10.17 01:04:18-DEBUG: Tries to insert : {'path': '/home/kuba/Muzyka/The Rising Tied/03 Right Now.ogg', 'album': 'The Rising Tied', 'artist': 'Fort Minor, the Roots y Styles of Beyond', 'title': 'Right Now', 'date': '2005', 'length': 254, 'bitrate': 85}
2018.10.17 01:04:18-DEBUG: Tries to insert : {'path': '/home/kuba/Muzyka/The Rising Tied/17 Be Somebody.ogg', 'album': 'The Rising Tied', 'artist': 'Fort Minor, Lupe Fiasco, Holly Brook y Tak', 'title': 'Be Somebody', 'date': '2005', 'length': 195, 'bitrate': 82}
2018.10.17 01:04:18-DEBUG: Tries to insert : {'path': '/home/kuba/Muzyka/The Rising Tied/08 Back Home.ogg', 'album': 'The Rising Tied', 'artist': 'Fort Minor, Common y Styles of Beyond', 'title': 'Back Home', 'date': '2005', 'length': 224, 'bitrate': 80}
2018.10.17 01:04:18-INFO: Catalog data inserted successfully
2018.10.17 01:04:18-INFO: Data Commited
2018.10.17 01:04:18-INFO: Catalog Crawler starts
2018.10.17 01:04:18-DEBUG: Files found in catalog : ['Chic - Chic (Original album).m3u', "09-Chic - São Paulo (7'' Version).mp3", '03-Chic - You Can Get By.mp3', 'front.jpg', '02-Chic - São Paulo.mp3', 'Chic - Chic (Original album + bonus tracks).m3u', "11-Chic - Everybody Dance (Alternate 7'' Version).mp3", "05-Chic - Est-Ce Que C'est Chic.mp3", '15-Chic - Everybody Dance (Glenn Friscia Hardhouse Mix).mp3', "13-Chic - You Can Get By (7'' Version).mp3", 'side 1.jpg', 'Chic - Everybody Dance (Single).m3u', "12-Chic - Everybody Dance (12'' Version).mp3", "01-Chic-Dance,Dance,Dance(Yowsah,Yowsah,Yowsah)(Album&12''Versio.mp3", '04-Chic - Everybody Dance.mp3', 'back.jpg', '14-Chic - Dance, Dance, Dance (Yowsah,Yowsah,Yowsah)(PalJoeyMix).mp3', 'Chic - Dance, Dance, Dance (Yowsah, Yowsah, Yowsah) (Single).m3u', '07-Chic - Strike Up The Band.mp3', "10-Chic - Everybody Dance (7'' Version).mp3", '17-Chic - Strike Up The Band (Hifana Copa Mix).mp3', 'side 2.jpg', '06-Chic - Falling In Love With You.mp3', '16-Chic - Everybody Dance (Motiva Rpl Mix).mp3', "08-Chic - Dance, Dance, Dance (Yowsah,Yowsah,Yowsah)(7''Version).mp3"]
2018.10.17 01:04:18-INFO: Starting loop through files

2018.10.17 01:04:18-INFO: File Crawler for starts for file : /home/kuba/Muzyka/Chic - (1977) Chic/09-Chic - São Paulo (7'' Version).mp3
2018.10.17 01:04:18-DEBUG: Handling file by taglib - correct
2018.10.17 01:04:18-INFO: All file attributes collected correct
2018.10.17 01:04:18-INFO: {'path': "/home/kuba/Muzyka/Chic - (1977) Chic/09-Chic - São Paulo (7'' Version).mp3", 'album': 'Chic', 'artist': 'Chic', 'title': "São Paulo (7'' Version)", 'date': '1977', 'length': 195, 'bitrate': 320}

2018.10.17 01:04:18-INFO: File Crawler for starts for file : /home/kuba/Muzyka/Chic - (1977) Chic/03-Chic - You Can Get By.mp3
2018.10.17 01:04:18-DEBUG: Handling file by taglib - correct
2018.10.17 01:04:18-INFO: All file attributes collected correct
2018.10.17 01:04:18-INFO: {'path': '/home/kuba/Muzyka/Chic - (1977) Chic/03-Chic - You Can Get By.mp3', 'album': 'Chic', 'artist': 'Chic', 'title': 'You Can Get By', 'date': '1977', 'length': 336, 'bitrate': 320}

2018.10.17 01:04:18-INFO: File Crawler for starts for file : /home/kuba/Muzyka/Chic - (1977) Chic/02-Chic - São Paulo.mp3
2018.10.17 01:04:18-DEBUG: Handling file by taglib - correct
2018.10.17 01:04:18-INFO: All file attributes collected correct
2018.10.17 01:04:18-INFO: {'path': '/home/kuba/Muzyka/Chic - (1977) Chic/02-Chic - São Paulo.mp3', 'album': 'Chic', 'artist': 'Chic', 'title': 'São Paulo', 'date': '1977', 'length': 301, 'bitrate': 320}

2018.10.17 01:04:18-INFO: File Crawler for starts for file : /home/kuba/Muzyka/Chic - (1977) Chic/11-Chic - Everybody Dance (Alternate 7'' Version).mp3
2018.10.17 01:04:18-DEBUG: Handling file by taglib - correct
2018.10.17 01:04:18-WARNING: KeyError: 'DATE'
2018.10.17 01:04:18-INFO: All file attributes collected correct
2018.10.17 01:04:18-INFO: {'path': "/home/kuba/Muzyka/Chic - (1977) Chic/11-Chic - Everybody Dance (Alternate 7'' Version).mp3", 'album': 'Chic', 'artist': 'Chic', 'title': "Everybody Dance (Alternate 7'' Version)", 'date': '__KeyError', 'length': 248, 'bitrate': 320}

2018.10.17 01:04:18-INFO: File Crawler for starts for file : /home/kuba/Muzyka/Chic - (1977) Chic/05-Chic - Est-Ce Que C'est Chic.mp3
2018.10.17 01:04:18-DEBUG: Handling file by taglib - correct
2018.10.17 01:04:18-INFO: All file attributes collected correct
2018.10.17 01:04:18-INFO: {'path': "/home/kuba/Muzyka/Chic - (1977) Chic/05-Chic - Est-Ce Que C'est Chic.mp3", 'album': 'Chic', 'artist': 'Chic', 'title': "Est-Ce Que C'est Chic", 'date': '1977', 'length': 233, 'bitrate': 320}

2018.10.17 01:04:18-INFO: File Crawler for starts for file : /home/kuba/Muzyka/Chic - (1977) Chic/15-Chic - Everybody Dance (Glenn Friscia Hardhouse Mix).mp3
2018.10.17 01:04:18-DEBUG: Handling file by taglib - correct
2018.10.17 01:04:18-INFO: All file attributes collected correct
2018.10.17 01:04:18-INFO: {'path': '/home/kuba/Muzyka/Chic - (1977) Chic/15-Chic - Everybody Dance (Glenn Friscia Hardhouse Mix).mp3', 'album': 'Chic', 'artist': 'Chic', 'title': 'Everybody Dance (Glenn Friscia Hardhouse Mix)', 'date': '1977', 'length': 338, 'bitrate': 320}

2018.10.17 01:04:18-INFO: File Crawler for starts for file : /home/kuba/Muzyka/Chic - (1977) Chic/13-Chic - You Can Get By (7'' Version).mp3
2018.10.17 01:04:18-DEBUG: Handling file by taglib - correct
2018.10.17 01:04:18-INFO: All file attributes collected correct
2018.10.17 01:04:18-INFO: {'path': "/home/kuba/Muzyka/Chic - (1977) Chic/13-Chic - You Can Get By (7'' Version).mp3", 'album': 'Chic', 'artist': 'Chic', 'title': "You Can Get By (7'' Version)", 'date': '1977', 'length': 242, 'bitrate': 320}

2018.10.17 01:04:18-INFO: File Crawler for starts for file : /home/kuba/Muzyka/Chic - (1977) Chic/12-Chic - Everybody Dance (12'' Version).mp3
2018.10.17 01:04:18-DEBUG: Handling file by taglib - correct
2018.10.17 01:04:18-INFO: All file attributes collected correct
2018.10.17 01:04:18-INFO: {'path': "/home/kuba/Muzyka/Chic - (1977) Chic/12-Chic - Everybody Dance (12'' Version).mp3", 'album': 'Chic', 'artist': 'Chic', 'title': "Everybody Dance (12'' Version)", 'date': '1977', 'length': 507, 'bitrate': 320}

2018.10.17 01:04:18-INFO: File Crawler for starts for file : /home/kuba/Muzyka/Chic - (1977) Chic/01-Chic-Dance,Dance,Dance(Yowsah,Yowsah,Yowsah)(Album&12''Versio.mp3
2018.10.17 01:04:18-DEBUG: Handling file by taglib - correct
2018.10.17 01:04:18-WARNING: KeyError: 'DATE'
2018.10.17 01:04:18-INFO: All file attributes collected correct
2018.10.17 01:04:18-INFO: {'path': "/home/kuba/Muzyka/Chic - (1977) Chic/01-Chic-Dance,Dance,Dance(Yowsah,Yowsah,Yowsah)(Album&12''Versio.mp3", 'album': 'Chic', 'artist': 'Chic', 'title': "Dance, Dance, Dance (Yowsah, Yowsah, Yowsah) (Album & 12'' Version)", 'date': '__KeyError', 'length': 502, 'bitrate': 320}

2018.10.17 01:04:18-INFO: File Crawler for starts for file : /home/kuba/Muzyka/Chic - (1977) Chic/04-Chic - Everybody Dance.mp3
2018.10.17 01:04:18-DEBUG: Handling file by taglib - correct
2018.10.17 01:04:18-WARNING: KeyError: 'DATE'
2018.10.17 01:04:18-INFO: All file attributes collected correct
2018.10.17 01:04:18-INFO: {'path': '/home/kuba/Muzyka/Chic - (1977) Chic/04-Chic - Everybody Dance.mp3', 'album': 'Chic', 'artist': 'Chic', 'title': 'Everybody Dance', 'date': '__KeyError', 'length': 401, 'bitrate': 320}

2018.10.17 01:04:18-INFO: File Crawler for starts for file : /home/kuba/Muzyka/Chic - (1977) Chic/14-Chic - Dance, Dance, Dance (Yowsah,Yowsah,Yowsah)(PalJoeyMix).mp3
2018.10.17 01:04:18-DEBUG: Handling file by taglib - correct
2018.10.17 01:04:18-INFO: All file attributes collected correct
2018.10.17 01:04:18-INFO: {'path': '/home/kuba/Muzyka/Chic - (1977) Chic/14-Chic - Dance, Dance, Dance (Yowsah,Yowsah,Yowsah)(PalJoeyMix).mp3', 'album': 'Chic', 'artist': 'Chic', 'title': 'Dance, Dance, Dance (Yowsah, Yowsah, Yowsah) (Pal Joey Mix)', 'date': '1977', 'length': 247, 'bitrate': 320}

2018.10.17 01:04:18-INFO: File Crawler for starts for file : /home/kuba/Muzyka/Chic - (1977) Chic/07-Chic - Strike Up The Band.mp3
2018.10.17 01:04:18-DEBUG: Handling file by taglib - correct
2018.10.17 01:04:18-INFO: All file attributes collected correct
2018.10.17 01:04:18-INFO: {'path': '/home/kuba/Muzyka/Chic - (1977) Chic/07-Chic - Strike Up The Band.mp3', 'album': 'Chic', 'artist': 'Chic', 'title': 'Strike Up The Band', 'date': '1977', 'length': 272, 'bitrate': 320}

2018.10.17 01:04:18-INFO: File Crawler for starts for file : /home/kuba/Muzyka/Chic - (1977) Chic/10-Chic - Everybody Dance (7'' Version).mp3
2018.10.17 01:04:18-DEBUG: Handling file by taglib - correct
2018.10.17 01:04:18-WARNING: KeyError: 'DATE'
2018.10.17 01:04:18-INFO: All file attributes collected correct
2018.10.17 01:04:18-INFO: {'path': "/home/kuba/Muzyka/Chic - (1977) Chic/10-Chic - Everybody Dance (7'' Version).mp3", 'album': 'Chic', 'artist': 'Chic', 'title': "Everybody Dance (7'' Version)", 'date': '__KeyError', 'length': 206, 'bitrate': 320}

2018.10.17 01:04:18-INFO: File Crawler for starts for file : /home/kuba/Muzyka/Chic - (1977) Chic/17-Chic - Strike Up The Band (Hifana Copa Mix).mp3
2018.10.17 01:04:18-DEBUG: Handling file by taglib - correct
2018.10.17 01:04:18-INFO: All file attributes collected correct
2018.10.17 01:04:18-INFO: {'path': '/home/kuba/Muzyka/Chic - (1977) Chic/17-Chic - Strike Up The Band (Hifana Copa Mix).mp3', 'album': 'Chic', 'artist': 'Chic', 'title': 'Strike Up The Band (Hifana Copa Mix)', 'date': '1977', 'length': 229, 'bitrate': 320}

2018.10.17 01:04:18-INFO: File Crawler for starts for file : /home/kuba/Muzyka/Chic - (1977) Chic/06-Chic - Falling In Love With You.mp3
2018.10.17 01:04:18-DEBUG: Handling file by taglib - correct
2018.10.17 01:04:18-INFO: All file attributes collected correct
2018.10.17 01:04:18-INFO: {'path': '/home/kuba/Muzyka/Chic - (1977) Chic/06-Chic - Falling In Love With You.mp3', 'album': 'Chic', 'artist': 'Chic', 'title': 'Falling In Love With You', 'date': '1977', 'length': 269, 'bitrate': 320}

2018.10.17 01:04:18-INFO: File Crawler for starts for file : /home/kuba/Muzyka/Chic - (1977) Chic/16-Chic - Everybody Dance (Motiva Rpl Mix).mp3
2018.10.17 01:04:18-DEBUG: Handling file by taglib - correct
2018.10.17 01:04:18-INFO: All file attributes collected correct
2018.10.17 01:04:18-INFO: {'path': '/home/kuba/Muzyka/Chic - (1977) Chic/16-Chic - Everybody Dance (Motiva Rpl Mix).mp3', 'album': 'Chic', 'artist': 'Chic', 'title': 'Everybody Dance (Motiva Rpl Mix)', 'date': '1977', 'length': 362, 'bitrate': 320}

2018.10.17 01:04:18-INFO: File Crawler for starts for file : /home/kuba/Muzyka/Chic - (1977) Chic/08-Chic - Dance, Dance, Dance (Yowsah,Yowsah,Yowsah)(7''Version).mp3
2018.10.17 01:04:18-DEBUG: Handling file by taglib - correct
2018.10.17 01:04:18-WARNING: KeyError: 'DATE'
2018.10.17 01:04:18-INFO: All file attributes collected correct
2018.10.17 01:04:18-INFO: {'path': "/home/kuba/Muzyka/Chic - (1977) Chic/08-Chic - Dance, Dance, Dance (Yowsah,Yowsah,Yowsah)(7''Version).mp3", 'album': 'Chic', 'artist': 'Chic', 'title': "Dance, Dance, Dance (Yowsah, Yowsah, Yowsah) (7'' Version)", 'date': '__KeyError', 'length': 218, 'bitrate': 320}

2018.10.17 01:04:18-INFO: 

2018.10.17 01:04:18-INFO: Loop through files ends succesfully

2018.10.17 01:04:18-INFO: Determine Catalog Attributes function starts

2018.10.17 01:04:18-DEBUG: Tries to guess Album name
2018.10.17 01:04:18-DEBUG: Found 1 proposition(s) : ['Chic']
2018.10.17 01:04:18-DEBUG: Album found : Chic
2018.10.17 01:04:18-DEBUG: Tries to guess Artist name
2018.10.17 01:04:18-DEBUG: Found 1 proposition(s) : ['Chic']
2018.10.17 01:04:18-DEBUG: Artist found : Chic
2018.10.17 01:04:18-DEBUG: Tries to guess date of album
2018.10.17 01:04:18-DEBUG: Date unreckognized
2018.10.17 01:04:18-DEBUG: Computing average bitrate of files
2018.10.17 01:04:18-DEBUG: Computing total length of files
2018.10.17 01:04:18-INFO: reckognized Catalog Attributes:
Artist: Chic        
Album: Chic
Date: 
AvgBitrate: 320.0
CatalogSym


2018.10.17 01:04:18-DEBUG: returns {'album': 'Chic', 'artist': 'Chic', 'date': '', 'avg_bitrate': 320.0, 'total_length': 5106, 'catalog_mark': '', 'img_count': 4, 'path': '/home/kuba/Muzyka/Chic - (1977) Chic'}
2018.10.17 01:04:18-INFO: Catalog Crawler ends,

2018.10.17 01:04:18-INFO: Finding Album DiscogsID started
2018.10.17 01:04:18-INFO: Working on /home/kuba/Muzyka/Chic - (1977) Chic
2018.10.17 01:04:18-INFO: metoda Album
2018.10.17 01:04:18-INFO: Connecting Discogs
Query: Chic
2018.10.17 01:04:19-INFO: Comparing Chic - Chic
2018.10.17 01:04:19-INFO: Znaleziono ID z listy Album
2018.10.17 01:04:19-INFO: 53188
2018.10.17 01:04:31-INFO: Save to DB started
2018.10.17 01:04:31-INFO: Catalog data inserted successfully
2018.10.17 01:04:31-DEBUG: Tries to insert : {'path': "/home/kuba/Muzyka/Chic - (1977) Chic/09-Chic - São Paulo (7'' Version).mp3", 'album': 'Chic', 'artist': 'Chic', 'title': "São Paulo (7'' Version)", 'date': '1977', 'length': 195, 'bitrate': 320}
2018.10.17 01:04:31-DEBUG: Tries to insert : {'path': '/home/kuba/Muzyka/Chic - (1977) Chic/03-Chic - You Can Get By.mp3', 'album': 'Chic', 'artist': 'Chic', 'title': 'You Can Get By', 'date': '1977', 'length': 336, 'bitrate': 320}
2018.10.17 01:04:31-DEBUG: Tries to insert : {'path': '/home/kuba/Muzyka/Chic - (1977) Chic/02-Chic - São Paulo.mp3', 'album': 'Chic', 'artist': 'Chic', 'title': 'São Paulo', 'date': '1977', 'length': 301, 'bitrate': 320}
2018.10.17 01:04:31-DEBUG: Tries to insert : {'path': "/home/kuba/Muzyka/Chic - (1977) Chic/11-Chic - Everybody Dance (Alternate 7'' Version).mp3", 'album': 'Chic', 'artist': 'Chic', 'title': "Everybody Dance (Alternate 7'' Version)", 'date': '__KeyError', 'length': 248, 'bitrate': 320}
2018.10.17 01:04:31-DEBUG: Tries to insert : {'path': "/home/kuba/Muzyka/Chic - (1977) Chic/05-Chic - Est-Ce Que C'est Chic.mp3", 'album': 'Chic', 'artist': 'Chic', 'title': "Est-Ce Que C'est Chic", 'date': '1977', 'length': 233, 'bitrate': 320}
2018.10.17 01:04:31-DEBUG: Tries to insert : {'path': '/home/kuba/Muzyka/Chic - (1977) Chic/15-Chic - Everybody Dance (Glenn Friscia Hardhouse Mix).mp3', 'album': 'Chic', 'artist': 'Chic', 'title': 'Everybody Dance (Glenn Friscia Hardhouse Mix)', 'date': '1977', 'length': 338, 'bitrate': 320}
2018.10.17 01:04:31-DEBUG: Tries to insert : {'path': "/home/kuba/Muzyka/Chic - (1977) Chic/13-Chic - You Can Get By (7'' Version).mp3", 'album': 'Chic', 'artist': 'Chic', 'title': "You Can Get By (7'' Version)", 'date': '1977', 'length': 242, 'bitrate': 320}
2018.10.17 01:04:31-DEBUG: Tries to insert : {'path': "/home/kuba/Muzyka/Chic - (1977) Chic/12-Chic - Everybody Dance (12'' Version).mp3", 'album': 'Chic', 'artist': 'Chic', 'title': "Everybody Dance (12'' Version)", 'date': '1977', 'length': 507, 'bitrate': 320}
2018.10.17 01:04:31-DEBUG: Tries to insert : {'path': "/home/kuba/Muzyka/Chic - (1977) Chic/01-Chic-Dance,Dance,Dance(Yowsah,Yowsah,Yowsah)(Album&12''Versio.mp3", 'album': 'Chic', 'artist': 'Chic', 'title': "Dance, Dance, Dance (Yowsah, Yowsah, Yowsah) (Album & 12'' Version)", 'date': '__KeyError', 'length': 502, 'bitrate': 320}
2018.10.17 01:04:31-DEBUG: Tries to insert : {'path': '/home/kuba/Muzyka/Chic - (1977) Chic/04-Chic - Everybody Dance.mp3', 'album': 'Chic', 'artist': 'Chic', 'title': 'Everybody Dance', 'date': '__KeyError', 'length': 401, 'bitrate': 320}
2018.10.17 01:04:31-DEBUG: Tries to insert : {'path': '/home/kuba/Muzyka/Chic - (1977) Chic/14-Chic - Dance, Dance, Dance (Yowsah,Yowsah,Yowsah)(PalJoeyMix).mp3', 'album': 'Chic', 'artist': 'Chic', 'title': 'Dance, Dance, Dance (Yowsah, Yowsah, Yowsah) (Pal Joey Mix)', 'date': '1977', 'length': 247, 'bitrate': 320}
2018.10.17 01:04:31-DEBUG: Tries to insert : {'path': '/home/kuba/Muzyka/Chic - (1977) Chic/07-Chic - Strike Up The Band.mp3', 'album': 'Chic', 'artist': 'Chic', 'title': 'Strike Up The Band', 'date': '1977', 'length': 272, 'bitrate': 320}
2018.10.17 01:04:31-DEBUG: Tries to insert : {'path': "/home/kuba/Muzyka/Chic - (1977) Chic/10-Chic - Everybody Dance (7'' Version).mp3", 'album': 'Chic', 'artist': 'Chic', 'title': "Everybody Dance (7'' Version)", 'date': '__KeyError', 'length': 206, 'bitrate': 320}
2018.10.17 01:04:31-DEBUG: Tries to insert : {'path': '/home/kuba/Muzyka/Chic - (1977) Chic/17-Chic - Strike Up The Band (Hifana Copa Mix).mp3', 'album': 'Chic', 'artist': 'Chic', 'title': 'Strike Up The Band (Hifana Copa Mix)', 'date': '1977', 'length': 229, 'bitrate': 320}
2018.10.17 01:04:31-DEBUG: Tries to insert : {'path': '/home/kuba/Muzyka/Chic - (1977) Chic/06-Chic - Falling In Love With You.mp3', 'album': 'Chic', 'artist': 'Chic', 'title': 'Falling In Love With You', 'date': '1977', 'length': 269, 'bitrate': 320}
2018.10.17 01:04:31-DEBUG: Tries to insert : {'path': '/home/kuba/Muzyka/Chic - (1977) Chic/16-Chic - Everybody Dance (Motiva Rpl Mix).mp3', 'album': 'Chic', 'artist': 'Chic', 'title': 'Everybody Dance (Motiva Rpl Mix)', 'date': '1977', 'length': 362, 'bitrate': 320}
2018.10.17 01:04:31-DEBUG: Tries to insert : {'path': "/home/kuba/Muzyka/Chic - (1977) Chic/08-Chic - Dance, Dance, Dance (Yowsah,Yowsah,Yowsah)(7''Version).mp3", 'album': 'Chic', 'artist': 'Chic', 'title': "Dance, Dance, Dance (Yowsah, Yowsah, Yowsah) (7'' Version)", 'date': '__KeyError', 'length': 218, 'bitrate': 320}
2018.10.17 01:04:31-INFO: Catalog data inserted successfully
2018.10.17 01:04:31-INFO: Data Commited
2018.10.17 01:04:31-INFO: Catalog Crawler starts
2018.10.17 01:04:31-DEBUG: Files found in catalog : ['03. Krafty Kuts & Featurecast - We Blow Up The Spot.flac', 'Folder.auCDtect.txt', '01. Krafty Kuts & Featurecast - Head Banger.flac', '02. Krafty Kuts & Featurecast - Head Banger (radio edit).flac', 'Krafty Kuts & Featurecast - Insane Bangers Vol 11 (2011).m3u', 'Cover.jpg', "04. Krafty Kuts & Featurecast - Shake 'Em Up.flac"]
2018.10.17 01:04:31-INFO: Starting loop through files

2018.10.17 01:04:31-INFO: File Crawler for starts for file : /home/kuba/Muzyka/[INSANE 011] Krafty Kuts & Featurecast - Insane Bangers Vol 11 (2011) [flac]/03. Krafty Kuts & Featurecast - We Blow Up The Spot.flac
2018.10.17 01:04:31-DEBUG: Handling file by taglib - correct
2018.10.17 01:04:31-INFO: All file attributes collected correct
2018.10.17 01:04:31-INFO: {'path': '/home/kuba/Muzyka/[INSANE 011] Krafty Kuts & Featurecast - Insane Bangers Vol 11 (2011) [flac]/03. Krafty Kuts & Featurecast - We Blow Up The Spot.flac', 'album': 'Insane Bangers Vol 11', 'artist': 'Krafty Kuts & Featurecast', 'title': 'We Blow Up The Spot', 'date': '2011', 'length': 220, 'bitrate': 935}

2018.10.17 01:04:31-INFO: File Crawler for starts for file : /home/kuba/Muzyka/[INSANE 011] Krafty Kuts & Featurecast - Insane Bangers Vol 11 (2011) [flac]/01. Krafty Kuts & Featurecast - Head Banger.flac
2018.10.17 01:04:31-DEBUG: Handling file by taglib - correct
2018.10.17 01:04:31-INFO: All file attributes collected correct
2018.10.17 01:04:31-INFO: {'path': '/home/kuba/Muzyka/[INSANE 011] Krafty Kuts & Featurecast - Insane Bangers Vol 11 (2011) [flac]/01. Krafty Kuts & Featurecast - Head Banger.flac', 'album': 'Insane Bangers Vol 11', 'artist': 'Krafty Kuts & Featurecast', 'title': 'Head Banger', 'date': '2011', 'length': 255, 'bitrate': 967}

2018.10.17 01:04:31-INFO: File Crawler for starts for file : /home/kuba/Muzyka/[INSANE 011] Krafty Kuts & Featurecast - Insane Bangers Vol 11 (2011) [flac]/02. Krafty Kuts & Featurecast - Head Banger (radio edit).flac
2018.10.17 01:04:31-DEBUG: Handling file by taglib - correct
2018.10.17 01:04:31-INFO: All file attributes collected correct
2018.10.17 01:04:31-INFO: {'path': '/home/kuba/Muzyka/[INSANE 011] Krafty Kuts & Featurecast - Insane Bangers Vol 11 (2011) [flac]/02. Krafty Kuts & Featurecast - Head Banger (radio edit).flac', 'album': 'Insane Bangers Vol 11', 'artist': 'Krafty Kuts & Featurecast', 'title': 'Head Banger (radio edit)', 'date': '2011', 'length': 254, 'bitrate': 974}

2018.10.17 01:04:31-INFO: File Crawler for starts for file : /home/kuba/Muzyka/[INSANE 011] Krafty Kuts & Featurecast - Insane Bangers Vol 11 (2011) [flac]/04. Krafty Kuts & Featurecast - Shake 'Em Up.flac
2018.10.17 01:04:31-DEBUG: Handling file by taglib - correct
2018.10.17 01:04:31-INFO: All file attributes collected correct
2018.10.17 01:04:31-INFO: {'path': "/home/kuba/Muzyka/[INSANE 011] Krafty Kuts & Featurecast - Insane Bangers Vol 11 (2011) [flac]/04. Krafty Kuts & Featurecast - Shake 'Em Up.flac", 'album': 'Insane Bangers Vol 11', 'artist': 'Krafty Kuts & Featurecast', 'title': "Shake 'Em Up", 'date': '2011', 'length': 243, 'bitrate': 1019}

2018.10.17 01:04:31-INFO: 

2018.10.17 01:04:31-INFO: Loop through files ends succesfully

2018.10.17 01:04:31-INFO: Determine Catalog Attributes function starts

2018.10.17 01:04:31-DEBUG: Tries to guess Album name
2018.10.17 01:04:31-DEBUG: Found 1 proposition(s) : ['Insane Bangers Vol 11']
2018.10.17 01:04:31-DEBUG: Album found : Insane Bangers Vol 11
2018.10.17 01:04:31-DEBUG: Tries to guess Artist name
2018.10.17 01:04:31-DEBUG: Found 1 proposition(s) : ['Krafty Kuts & Featurecast']
2018.10.17 01:04:31-DEBUG: Artist found : Krafty Kuts & Featurecast
2018.10.17 01:04:31-DEBUG: Tries to guess date of album
2018.10.17 01:04:31-DEBUG: Date recognized : 2011
2018.10.17 01:04:31-DEBUG: Computing average bitrate of files
2018.10.17 01:04:31-DEBUG: Computing total length of files
2018.10.17 01:04:31-INFO: reckognized Catalog Attributes:
Artist: Krafty Kuts & Featurecast        
Album: Insane Bangers Vol 11
Date: 2011
AvgBitrate: 973.75
CatalogSym


2018.10.17 01:04:31-DEBUG: returns {'album': 'Insane Bangers Vol 11', 'artist': 'Krafty Kuts & Featurecast', 'date': '2011', 'avg_bitrate': 973.75, 'total_length': 972, 'catalog_mark': '', 'img_count': 1, 'path': '/home/kuba/Muzyka/[INSANE 011] Krafty Kuts & Featurecast - Insane Bangers Vol 11 (2011) [flac]'}
2018.10.17 01:04:31-INFO: Catalog Crawler ends,

2018.10.17 01:04:31-INFO: Finding Album DiscogsID started
2018.10.17 01:04:31-INFO: Working on /home/kuba/Muzyka/[INSANE 011] Krafty Kuts & Featurecast - Insane Bangers Vol 11 (2011) [flac]
2018.10.17 01:04:31-INFO: metoda Album
2018.10.17 01:04:31-INFO: Connecting Discogs
Query: Insane Bangers Vol 11
2018.10.17 01:04:34-INFO: metoda Token
2018.10.17 01:04:34-INFO: Connecting Discogs
 Query: Krafty Kuts & Featurecast - Insane Bangers Vol 11
2018.10.17 01:04:37-INFO: metoda Variations
2018.10.17 01:04:37-INFO: Connecting Discogs
Query: Krafty Kuts & Featurecast
2018.10.17 01:04:39-INFO: <Artist 851501 'Tony Gainsborough (2)'>  aliases : None
2018.10.17 01:04:41-INFO: metoda Release
2018.10.17 01:04:41-INFO: Connecting Discogs
Query: Insane Bangers Vol 11
2018.10.17 01:04:41-INFO: Comparing Krafty Kuts & Featurecast* - Insane Bangers Vol. 11
2018.10.17 01:04:43-INFO: metoda Release2
2018.10.17 01:04:43-INFO: Connecting Discogs
Query: Krafty Kuts & Featurecast - Insane Bangers Vol 11
2018.10.17 01:04:44-INFO: Comparing Krafty Kuts  Featurecast - Insane Bangers Vol 11
2018.10.17 01:04:44-INFO: With Krafty Kuts  Featurecast - Insane Bangers Vol 11
2018.10.17 01:04:44-INFO: Znaleziono ID z listy Release2
2018.10.17 01:04:44-INFO: 2825958
2018.10.17 01:04:48-INFO: Save to DB started
2018.10.17 01:04:48-INFO: Catalog data inserted successfully
2018.10.17 01:04:48-DEBUG: Tries to insert : {'path': '/home/kuba/Muzyka/[INSANE 011] Krafty Kuts & Featurecast - Insane Bangers Vol 11 (2011) [flac]/03. Krafty Kuts & Featurecast - We Blow Up The Spot.flac', 'album': 'Insane Bangers Vol 11', 'artist': 'Krafty Kuts & Featurecast', 'title': 'We Blow Up The Spot', 'date': '2011', 'length': 220, 'bitrate': 935}
2018.10.17 01:04:48-DEBUG: Tries to insert : {'path': '/home/kuba/Muzyka/[INSANE 011] Krafty Kuts & Featurecast - Insane Bangers Vol 11 (2011) [flac]/01. Krafty Kuts & Featurecast - Head Banger.flac', 'album': 'Insane Bangers Vol 11', 'artist': 'Krafty Kuts & Featurecast', 'title': 'Head Banger', 'date': '2011', 'length': 255, 'bitrate': 967}
2018.10.17 01:04:48-DEBUG: Tries to insert : {'path': '/home/kuba/Muzyka/[INSANE 011] Krafty Kuts & Featurecast - Insane Bangers Vol 11 (2011) [flac]/02. Krafty Kuts & Featurecast - Head Banger (radio edit).flac', 'album': 'Insane Bangers Vol 11', 'artist': 'Krafty Kuts & Featurecast', 'title': 'Head Banger (radio edit)', 'date': '2011', 'length': 254, 'bitrate': 974}
2018.10.17 01:04:48-DEBUG: Tries to insert : {'path': "/home/kuba/Muzyka/[INSANE 011] Krafty Kuts & Featurecast - Insane Bangers Vol 11 (2011) [flac]/04. Krafty Kuts & Featurecast - Shake 'Em Up.flac", 'album': 'Insane Bangers Vol 11', 'artist': 'Krafty Kuts & Featurecast', 'title': "Shake 'Em Up", 'date': '2011', 'length': 243, 'bitrate': 1019}
2018.10.17 01:04:48-INFO: Catalog data inserted successfully
2018.10.17 01:04:48-INFO: Data Commited
2018.10.17 01:04:48-INFO: Catalog Crawler starts
2018.10.17 01:04:48-DEBUG: Files found in catalog : ['Zakazane piosenki - Deszcz jesienny.mp3', 'Zakazane Piosenki - Czerwone Maki Na Monte Cassino.mp3', 'Zakazane Piosenki - Piechota ta szara piechota.mp3', '! ! folk - zakazane piosenki - 13. marsz mokotowa.mp3', 'Zakazane Piosenki - Serce W Plecaku.mp3', 'Jacek Lech - Partyzancka Ballada.mp3', 'zakazane piosenki - rozszumialy sie wierzby placzace.mp3', 'Krzysztof Daukszewicz, Zakazane Piosenki - Ballada dziadowska.mp3', 'Patriotyczne - Zakazane Piosenki.mp3', 'Zakazane Piosenki - Siekiera motyka.mp3', '! ! folk - zakazane piosenki - 08. gdy w noc wrzesniowa.mp3', 'Zakazane Piosenki - Przybyli ulani.mp3', 'Zakazane Piosenki - O Mój Rozmarynie.mp3']
2018.10.17 01:04:48-INFO: Starting loop through files

2018.10.17 01:04:48-INFO: File Crawler for starts for file : /home/kuba/Muzyka/zakazane piosenki/Zakazane piosenki - Deszcz jesienny.mp3
2018.10.17 01:04:48-DEBUG: Handling file by taglib - correct
2018.10.17 01:04:48-WARNING: KeyError: 'DATE'
2018.10.17 01:04:48-INFO: All file attributes collected correct
2018.10.17 01:04:48-INFO: {'path': '/home/kuba/Muzyka/zakazane piosenki/Zakazane piosenki - Deszcz jesienny.mp3', 'album': 'zakazane piosenki', 'artist': '! WWW.POLSKIE-MP3.TK ! folk', 'title': '04. deszcz jesienny', 'date': '__KeyError', 'length': 223, 'bitrate': 128}

2018.10.17 01:04:48-INFO: File Crawler for starts for file : /home/kuba/Muzyka/zakazane piosenki/Zakazane Piosenki - Czerwone Maki Na Monte Cassino.mp3
2018.10.17 01:04:48-DEBUG: Handling file by taglib - correct
2018.10.17 01:04:48-WARNING: KeyError: 'ALBUM'
2018.10.17 01:04:48-WARNING: KeyError: 'DATE'
2018.10.17 01:04:48-INFO: All file attributes collected correct
2018.10.17 01:04:48-INFO: {'path': '/home/kuba/Muzyka/zakazane piosenki/Zakazane Piosenki - Czerwone Maki Na Monte Cassino.mp3', 'album': '__KeyError', 'artist': 'Zakazane Piosenki', 'title': 'Czerwone maki', 'date': '__KeyError', 'length': 191, 'bitrate': 192}

2018.10.17 01:04:48-INFO: File Crawler for starts for file : /home/kuba/Muzyka/zakazane piosenki/Zakazane Piosenki - Piechota ta szara piechota.mp3
2018.10.17 01:04:48-DEBUG: Handling file by taglib - correct
2018.10.17 01:04:48-WARNING: KeyError: 'ALBUM'
2018.10.17 01:04:48-WARNING: KeyError: 'DATE'
2018.10.17 01:04:48-INFO: All file attributes collected correct
2018.10.17 01:04:48-INFO: {'path': '/home/kuba/Muzyka/zakazane piosenki/Zakazane Piosenki - Piechota ta szara piechota.mp3', 'album': '__KeyError', 'artist': 'Zakazane Piosenki', 'title': 'Szara Piechota', 'date': '__KeyError', 'length': 84, 'bitrate': 128}

2018.10.17 01:04:48-INFO: File Crawler for starts for file : /home/kuba/Muzyka/zakazane piosenki/! ! folk - zakazane piosenki - 13. marsz mokotowa.mp3
2018.10.17 01:04:48-DEBUG: Handling file by taglib - correct
2018.10.17 01:04:48-WARNING: KeyError: 'DATE'
2018.10.17 01:04:48-INFO: All file attributes collected correct
2018.10.17 01:04:48-INFO: {'path': '/home/kuba/Muzyka/zakazane piosenki/! ! folk - zakazane piosenki - 13. marsz mokotowa.mp3', 'album': 'zakazane piosenki', 'artist': '! WWW.POLSKIE-MP3.TK ! folk', 'title': '13. marsz mokotowa', 'date': '__KeyError', 'length': 194, 'bitrate': 128}

2018.10.17 01:04:48-INFO: File Crawler for starts for file : /home/kuba/Muzyka/zakazane piosenki/Zakazane Piosenki - Serce W Plecaku.mp3
2018.10.17 01:04:48-DEBUG: Handling file by taglib - correct
2018.10.17 01:04:48-WARNING: KeyError: 'DATE'
2018.10.17 01:04:48-INFO: All file attributes collected correct
2018.10.17 01:04:48-INFO: {'path': '/home/kuba/Muzyka/zakazane piosenki/Zakazane Piosenki - Serce W Plecaku.mp3', 'album': 'zakazane piosenki', 'artist': '! WWW.POLSKIE-MP3.TK ! folk', 'title': '10. serce w plecaku', 'date': '__KeyError', 'length': 164, 'bitrate': 128}

2018.10.17 01:04:48-INFO: File Crawler for starts for file : /home/kuba/Muzyka/zakazane piosenki/Jacek Lech - Partyzancka Ballada.mp3
2018.10.17 01:04:48-DEBUG: Handling file by taglib - correct
2018.10.17 01:04:48-WARNING: KeyError: 'DATE'
2018.10.17 01:04:48-INFO: All file attributes collected correct
2018.10.17 01:04:48-INFO: {'path': '/home/kuba/Muzyka/zakazane piosenki/Jacek Lech - Partyzancka Ballada.mp3', 'album': 'Nieznany album', 'artist': 'Nieznany wykonawca', 'title': 'Utwór 18', 'date': '__KeyError', 'length': 210, 'bitrate': 218}

2018.10.17 01:04:48-INFO: File Crawler for starts for file : /home/kuba/Muzyka/zakazane piosenki/zakazane piosenki - rozszumialy sie wierzby placzace.mp3
2018.10.17 01:04:48-DEBUG: Handling file by taglib - correct
2018.10.17 01:04:48-INFO: All file attributes collected correct
2018.10.17 01:04:48-INFO: {'path': '/home/kuba/Muzyka/zakazane piosenki/zakazane piosenki - rozszumialy sie wierzby placzace.mp3', 'album': 'Zakazane Piosenki', 'artist': 'Folk', 'title': 'Rozszumialy sie wierzby placza', 'date': '2002', 'length': 222, 'bitrate': 160}

2018.10.17 01:04:48-INFO: File Crawler for starts for file : /home/kuba/Muzyka/zakazane piosenki/Krzysztof Daukszewicz, Zakazane Piosenki - Ballada dziadowska.mp3
2018.10.17 01:04:48-DEBUG: Handling file by taglib - correct
2018.10.17 01:04:48-WARNING: KeyError: 'DATE'
2018.10.17 01:04:48-INFO: All file attributes collected correct
2018.10.17 01:04:48-INFO: {'path': '/home/kuba/Muzyka/zakazane piosenki/Krzysztof Daukszewicz, Zakazane Piosenki - Ballada dziadowska.mp3', 'album': 'Prosba', 'artist': 'Krzysztof Daukszewicz', 'title': 'Ballada dziadowska', 'date': '__KeyError', 'length': 108, 'bitrate': 146}

2018.10.17 01:04:48-INFO: File Crawler for starts for file : /home/kuba/Muzyka/zakazane piosenki/Patriotyczne - Zakazane Piosenki.mp3
2018.10.17 01:04:48-DEBUG: Handling file by taglib - correct
2018.10.17 01:04:48-WARNING: KeyError: 'ARTIST'
2018.10.17 01:04:48-WARNING: KeyError: 'DATE'
2018.10.17 01:04:48-INFO: All file attributes collected correct
2018.10.17 01:04:48-INFO: {'path': '/home/kuba/Muzyka/zakazane piosenki/Patriotyczne - Zakazane Piosenki.mp3', 'album': 'Zakazane Piosenki', 'artist': '__KeyError', 'title': 'Kto handluje ten zyje', 'date': '__KeyError', 'length': 185, 'bitrate': 128}

2018.10.17 01:04:48-INFO: File Crawler for starts for file : /home/kuba/Muzyka/zakazane piosenki/Zakazane Piosenki - Siekiera motyka.mp3
2018.10.17 01:04:48-DEBUG: Handling file by taglib - correct
2018.10.17 01:04:48-WARNING: IndexError: list index out of range
2018.10.17 01:04:48-INFO: All file attributes collected correct
2018.10.17 01:04:48-INFO: {'path': '/home/kuba/Muzyka/zakazane piosenki/Zakazane Piosenki - Siekiera motyka.mp3', 'album': 'Szemrane Piosenki', 'artist': 'Biesiadne', 'title': 'Siekiera, motyka', 'date': '__IndexError', 'length': 71, 'bitrate': 128}

2018.10.17 01:04:48-INFO: File Crawler for starts for file : /home/kuba/Muzyka/zakazane piosenki/! ! folk - zakazane piosenki - 08. gdy w noc wrzesniowa.mp3
2018.10.17 01:04:48-DEBUG: Handling file by taglib - correct
2018.10.17 01:04:48-WARNING: KeyError: 'DATE'
2018.10.17 01:04:48-INFO: All file attributes collected correct
2018.10.17 01:04:48-INFO: {'path': '/home/kuba/Muzyka/zakazane piosenki/! ! folk - zakazane piosenki - 08. gdy w noc wrzesniowa.mp3', 'album': 'zakazane piosenki', 'artist': '! WWW.POLSKIE-MP3.TK ! folk', 'title': '08. gdy w noc wrzesniowa', 'date': '__KeyError', 'length': 179, 'bitrate': 128}

2018.10.17 01:04:48-INFO: File Crawler for starts for file : /home/kuba/Muzyka/zakazane piosenki/Zakazane Piosenki - Przybyli ulani.mp3
2018.10.17 01:04:48-DEBUG: Handling file by taglib - correct
2018.10.17 01:04:48-WARNING: KeyError: 'ALBUM'
2018.10.17 01:04:48-WARNING: KeyError: 'DATE'
2018.10.17 01:04:48-INFO: All file attributes collected correct
2018.10.17 01:04:48-INFO: {'path': '/home/kuba/Muzyka/zakazane piosenki/Zakazane Piosenki - Przybyli ulani.mp3', 'album': '__KeyError', 'artist': 'Zakazane Piosenki', 'title': 'Przybyli Ulani', 'date': '__KeyError', 'length': 141, 'bitrate': 128}

2018.10.17 01:04:48-INFO: File Crawler for starts for file : /home/kuba/Muzyka/zakazane piosenki/Zakazane Piosenki - O Mój Rozmarynie.mp3
2018.10.17 01:04:48-DEBUG: Handling file by taglib - correct
2018.10.17 01:04:48-WARNING: KeyError: 'ALBUM'
2018.10.17 01:04:48-WARNING: KeyError: 'ARTIST'
2018.10.17 01:04:48-WARNING: KeyError: 'TITLE'
2018.10.17 01:04:48-WARNING: KeyError: 'DATE'
2018.10.17 01:04:48-INFO: All file attributes collected correct
2018.10.17 01:04:48-INFO: {'path': '/home/kuba/Muzyka/zakazane piosenki/Zakazane Piosenki - O Mój Rozmarynie.mp3', 'album': '__KeyError', 'artist': '__KeyError', 'title': '__KeyError', 'date': '__KeyError', 'length': 263, 'bitrate': 128}

2018.10.17 01:04:48-INFO: 

2018.10.17 01:04:48-INFO: Loop through files ends succesfully

2018.10.17 01:04:48-INFO: Determine Catalog Attributes function starts

2018.10.17 01:04:48-DEBUG: Tries to guess Album name
2018.10.17 01:04:48-DEBUG: Found 5 proposition(s) : ['zakazane piosenki', 'Nieznany album', 'Zakazane Piosenki', 'Prosba', 'Szemrane Piosenki']
2018.10.17 01:04:48-DEBUG: Album unreckognized
2018.10.17 01:04:48-DEBUG: Tries to guess Artist name
2018.10.17 01:04:48-DEBUG: Found 6 proposition(s) : ['! WWW.POLSKIE-MP3.TK ! folk', 'Zakazane Piosenki', 'Nieznany wykonawca', 'Folk', 'Krzysztof Daukszewicz', 'Biesiadne']
2018.10.17 01:04:48-DEBUG: It seems catalog is a container not an album
2018.10.17 01:04:48-DEBUG: Tries to guess date of album
2018.10.17 01:04:48-DEBUG: Date unreckognized
2018.10.17 01:04:48-DEBUG: Computing average bitrate of files
2018.10.17 01:04:48-DEBUG: Computing total length of files
2018.10.17 01:04:48-INFO: reckognized Catalog Attributes:
Artist: Unknown Artist        
Album: Unknown Album
Date: 
AvgBitrate: 143.69230769230768
CatalogSym


2018.10.17 01:04:48-DEBUG: returns {'album': 'Unknown Album', 'artist': 'Unknown Artist', 'date': '', 'avg_bitrate': 143.69230769230768, 'total_length': 2235, 'catalog_mark': '', 'img_count': 0, 'path': '/home/kuba/Muzyka/zakazane piosenki'}
2018.10.17 01:04:48-INFO: Catalog Crawler ends,

2018.10.17 01:04:48-INFO: Connecting to Discgos API Skipped, too less data
2018.10.17 01:04:48-INFO: Save to DB started
2018.10.17 01:04:48-INFO: Catalog data inserted successfully
2018.10.17 01:04:48-DEBUG: Tries to insert : {'path': '/home/kuba/Muzyka/zakazane piosenki/Zakazane piosenki - Deszcz jesienny.mp3', 'album': 'zakazane piosenki', 'artist': '! WWW.POLSKIE-MP3.TK ! folk', 'title': '04. deszcz jesienny', 'date': '__KeyError', 'length': 223, 'bitrate': 128}
2018.10.17 01:04:48-DEBUG: Tries to insert : {'path': '/home/kuba/Muzyka/zakazane piosenki/Zakazane Piosenki - Czerwone Maki Na Monte Cassino.mp3', 'album': '__KeyError', 'artist': 'Zakazane Piosenki', 'title': 'Czerwone maki', 'date': '__KeyError', 'length': 191, 'bitrate': 192}
2018.10.17 01:04:48-DEBUG: Tries to insert : {'path': '/home/kuba/Muzyka/zakazane piosenki/Zakazane Piosenki - Piechota ta szara piechota.mp3', 'album': '__KeyError', 'artist': 'Zakazane Piosenki', 'title': 'Szara Piechota', 'date': '__KeyError', 'length': 84, 'bitrate': 128}
2018.10.17 01:04:48-DEBUG: Tries to insert : {'path': '/home/kuba/Muzyka/zakazane piosenki/! ! folk - zakazane piosenki - 13. marsz mokotowa.mp3', 'album': 'zakazane piosenki', 'artist': '! WWW.POLSKIE-MP3.TK ! folk', 'title': '13. marsz mokotowa', 'date': '__KeyError', 'length': 194, 'bitrate': 128}
2018.10.17 01:04:48-DEBUG: Tries to insert : {'path': '/home/kuba/Muzyka/zakazane piosenki/Zakazane Piosenki - Serce W Plecaku.mp3', 'album': 'zakazane piosenki', 'artist': '! WWW.POLSKIE-MP3.TK ! folk', 'title': '10. serce w plecaku', 'date': '__KeyError', 'length': 164, 'bitrate': 128}
2018.10.17 01:04:48-DEBUG: Tries to insert : {'path': '/home/kuba/Muzyka/zakazane piosenki/Jacek Lech - Partyzancka Ballada.mp3', 'album': 'Nieznany album', 'artist': 'Nieznany wykonawca', 'title': 'Utwór 18', 'date': '__KeyError', 'length': 210, 'bitrate': 218}
2018.10.17 01:04:48-DEBUG: Tries to insert : {'path': '/home/kuba/Muzyka/zakazane piosenki/zakazane piosenki - rozszumialy sie wierzby placzace.mp3', 'album': 'Zakazane Piosenki', 'artist': 'Folk', 'title': 'Rozszumialy sie wierzby placza', 'date': '2002', 'length': 222, 'bitrate': 160}
2018.10.17 01:04:48-DEBUG: Tries to insert : {'path': '/home/kuba/Muzyka/zakazane piosenki/Krzysztof Daukszewicz, Zakazane Piosenki - Ballada dziadowska.mp3', 'album': 'Prosba', 'artist': 'Krzysztof Daukszewicz', 'title': 'Ballada dziadowska', 'date': '__KeyError', 'length': 108, 'bitrate': 146}
2018.10.17 01:04:48-DEBUG: Tries to insert : {'path': '/home/kuba/Muzyka/zakazane piosenki/Patriotyczne - Zakazane Piosenki.mp3', 'album': 'Zakazane Piosenki', 'artist': '__KeyError', 'title': 'Kto handluje ten zyje', 'date': '__KeyError', 'length': 185, 'bitrate': 128}
2018.10.17 01:04:48-DEBUG: Tries to insert : {'path': '/home/kuba/Muzyka/zakazane piosenki/Zakazane Piosenki - Siekiera motyka.mp3', 'album': 'Szemrane Piosenki', 'artist': 'Biesiadne', 'title': 'Siekiera, motyka', 'date': '__IndexError', 'length': 71, 'bitrate': 128}
2018.10.17 01:04:48-DEBUG: Tries to insert : {'path': '/home/kuba/Muzyka/zakazane piosenki/! ! folk - zakazane piosenki - 08. gdy w noc wrzesniowa.mp3', 'album': 'zakazane piosenki', 'artist': '! WWW.POLSKIE-MP3.TK ! folk', 'title': '08. gdy w noc wrzesniowa', 'date': '__KeyError', 'length': 179, 'bitrate': 128}
2018.10.17 01:04:48-DEBUG: Tries to insert : {'path': '/home/kuba/Muzyka/zakazane piosenki/Zakazane Piosenki - Przybyli ulani.mp3', 'album': '__KeyError', 'artist': 'Zakazane Piosenki', 'title': 'Przybyli Ulani', 'date': '__KeyError', 'length': 141, 'bitrate': 128}
2018.10.17 01:04:48-DEBUG: Tries to insert : {'path': '/home/kuba/Muzyka/zakazane piosenki/Zakazane Piosenki - O Mój Rozmarynie.mp3', 'album': '__KeyError', 'artist': '__KeyError', 'title': '__KeyError', 'date': '__KeyError', 'length': 263, 'bitrate': 128}
2018.10.17 01:04:48-INFO: Catalog data inserted successfully
2018.10.17 01:04:49-INFO: Data Commited
2018.10.17 01:04:49-INFO: Catalog Crawler starts
2018.10.17 01:04:49-DEBUG: Files found in catalog : ['! WWW.POLSKIE-MP3.TK ! folk - zakazane piosenki - 07. dzis do ciebie przyjsc nie-moge.mp3', '! WWW.POLSKIE-MP3.TK ! folk - zakazane piosenki - 12. nalot.mp3', '! WWW.POLSKIE-MP3.TK ! folk - zakazane piosenki - 11. pierwszy sierpien.mp3', '! WWW.POLSKIE-MP3.TK ! folk - zakazane piosenki - 13. marsz mokotowa.mp3', '! WWW.POLSKIE-MP3.TK ! folk - zakazane piosenki - 02. siekiera motyka.mp3', '! WWW.POLSKIE-MP3.TK ! folk - zakazane piosenki - 14. marsz zoliborza.mp3', '! WWW.POLSKIE-MP3.TK ! folk - zakazane piosenki - 06. wrog napadl na polske.mp3', '! WWW.POLSKIE-MP3.TK ! folk - zakazane piosenki - 10. serce w plecaku.mp3', '! WWW.POLSKIE-MP3.TK ! folk - zakazane piosenki - 09. dnia pierwszego wrzesnia.mp3', '! WWW.POLSKIE-MP3.TK ! folk - zakazane piosenki - 08. gdy w noc wrzesniowa.mp3', '! WWW.POLSKIE-MP3.TK ! folk - zakazane piosenki - 04. deszcz jesienny.mp3', '! WWW.POLSKIE-MP3.TK ! folk - zakazane piosenki - 15. palacyk michla.mp3', '! WWW.POLSKIE-MP3.TK ! folk - zakazane piosenki - 01. kto handluje ten zyje.mp3', '! WWW.POLSKIE-MP3.TK ! folk - zakazane piosenki - 05. rozszumialy sie wierzby placzace.mp3', '! WWW.POLSKIE-MP3.TK ! folk - zakazane piosenki.jpg', '! WWW.POLSKIE-MP3.TK ! folk - zakazane piosenki - 03. zoska.mp3']
2018.10.17 01:04:49-INFO: Starting loop through files

2018.10.17 01:04:49-INFO: File Crawler for starts for file : /home/kuba/Muzyka/zakazane piosenki/Folk - Zakazane Piosenki/! WWW.POLSKIE-MP3.TK ! folk - zakazane piosenki - 07. dzis do ciebie przyjsc nie-moge.mp3
2018.10.17 01:04:49-DEBUG: Handling file by taglib - correct
2018.10.17 01:04:49-WARNING: KeyError: 'DATE'
2018.10.17 01:04:49-INFO: All file attributes collected correct
2018.10.17 01:04:49-INFO: {'path': '/home/kuba/Muzyka/zakazane piosenki/Folk - Zakazane Piosenki/! WWW.POLSKIE-MP3.TK ! folk - zakazane piosenki - 07. dzis do ciebie przyjsc nie-moge.mp3', 'album': 'zakazane piosenki', 'artist': '! WWW.POLSKIE-MP3.TK ! folk', 'title': '07. dzis do ciebie przyjsc nie-moge', 'date': '__KeyError', 'length': 182, 'bitrate': 128}

2018.10.17 01:04:49-INFO: File Crawler for starts for file : /home/kuba/Muzyka/zakazane piosenki/Folk - Zakazane Piosenki/! WWW.POLSKIE-MP3.TK ! folk - zakazane piosenki - 12. nalot.mp3
2018.10.17 01:04:49-DEBUG: Handling file by taglib - correct
2018.10.17 01:04:49-WARNING: KeyError: 'DATE'
2018.10.17 01:04:49-INFO: All file attributes collected correct
2018.10.17 01:04:49-INFO: {'path': '/home/kuba/Muzyka/zakazane piosenki/Folk - Zakazane Piosenki/! WWW.POLSKIE-MP3.TK ! folk - zakazane piosenki - 12. nalot.mp3', 'album': 'zakazane piosenki', 'artist': '! WWW.POLSKIE-MP3.TK ! folk', 'title': '12. nalot', 'date': '__KeyError', 'length': 189, 'bitrate': 128}

2018.10.17 01:04:49-INFO: File Crawler for starts for file : /home/kuba/Muzyka/zakazane piosenki/Folk - Zakazane Piosenki/! WWW.POLSKIE-MP3.TK ! folk - zakazane piosenki - 11. pierwszy sierpien.mp3
2018.10.17 01:04:49-DEBUG: Handling file by taglib - correct
2018.10.17 01:04:49-WARNING: KeyError: 'DATE'
2018.10.17 01:04:49-INFO: All file attributes collected correct
2018.10.17 01:04:49-INFO: {'path': '/home/kuba/Muzyka/zakazane piosenki/Folk - Zakazane Piosenki/! WWW.POLSKIE-MP3.TK ! folk - zakazane piosenki - 11. pierwszy sierpien.mp3', 'album': 'zakazane piosenki', 'artist': '! WWW.POLSKIE-MP3.TK ! folk', 'title': '11. pierwszy sierpien', 'date': '__KeyError', 'length': 215, 'bitrate': 128}

2018.10.17 01:04:49-INFO: File Crawler for starts for file : /home/kuba/Muzyka/zakazane piosenki/Folk - Zakazane Piosenki/! WWW.POLSKIE-MP3.TK ! folk - zakazane piosenki - 13. marsz mokotowa.mp3
2018.10.17 01:04:49-DEBUG: Handling file by taglib - correct
2018.10.17 01:04:49-WARNING: KeyError: 'DATE'
2018.10.17 01:04:49-INFO: All file attributes collected correct
2018.10.17 01:04:49-INFO: {'path': '/home/kuba/Muzyka/zakazane piosenki/Folk - Zakazane Piosenki/! WWW.POLSKIE-MP3.TK ! folk - zakazane piosenki - 13. marsz mokotowa.mp3', 'album': 'zakazane piosenki', 'artist': '! WWW.POLSKIE-MP3.TK ! folk', 'title': '13. marsz mokotowa', 'date': '__KeyError', 'length': 194, 'bitrate': 128}

2018.10.17 01:04:49-INFO: File Crawler for starts for file : /home/kuba/Muzyka/zakazane piosenki/Folk - Zakazane Piosenki/! WWW.POLSKIE-MP3.TK ! folk - zakazane piosenki - 02. siekiera motyka.mp3
2018.10.17 01:04:49-DEBUG: Handling file by taglib - correct
2018.10.17 01:04:49-WARNING: KeyError: 'DATE'
2018.10.17 01:04:49-INFO: All file attributes collected correct
2018.10.17 01:04:49-INFO: {'path': '/home/kuba/Muzyka/zakazane piosenki/Folk - Zakazane Piosenki/! WWW.POLSKIE-MP3.TK ! folk - zakazane piosenki - 02. siekiera motyka.mp3', 'album': 'zakazane piosenki', 'artist': '! WWW.POLSKIE-MP3.TK ! folk', 'title': '02. siekiera motyka', 'date': '__KeyError', 'length': 113, 'bitrate': 128}

2018.10.17 01:04:49-INFO: File Crawler for starts for file : /home/kuba/Muzyka/zakazane piosenki/Folk - Zakazane Piosenki/! WWW.POLSKIE-MP3.TK ! folk - zakazane piosenki - 14. marsz zoliborza.mp3
2018.10.17 01:04:49-DEBUG: Handling file by taglib - correct
2018.10.17 01:04:49-WARNING: KeyError: 'DATE'
2018.10.17 01:04:49-INFO: All file attributes collected correct
2018.10.17 01:04:49-INFO: {'path': '/home/kuba/Muzyka/zakazane piosenki/Folk - Zakazane Piosenki/! WWW.POLSKIE-MP3.TK ! folk - zakazane piosenki - 14. marsz zoliborza.mp3', 'album': 'zakazane piosenki', 'artist': '! WWW.POLSKIE-MP3.TK ! folk', 'title': '14. marsz zoliborza', 'date': '__KeyError', 'length': 183, 'bitrate': 128}

2018.10.17 01:04:49-INFO: File Crawler for starts for file : /home/kuba/Muzyka/zakazane piosenki/Folk - Zakazane Piosenki/! WWW.POLSKIE-MP3.TK ! folk - zakazane piosenki - 06. wrog napadl na polske.mp3
2018.10.17 01:04:49-DEBUG: Handling file by taglib - correct
2018.10.17 01:04:49-WARNING: KeyError: 'DATE'
2018.10.17 01:04:49-INFO: All file attributes collected correct
2018.10.17 01:04:49-INFO: {'path': '/home/kuba/Muzyka/zakazane piosenki/Folk - Zakazane Piosenki/! WWW.POLSKIE-MP3.TK ! folk - zakazane piosenki - 06. wrog napadl na polske.mp3', 'album': 'zakazane piosenki', 'artist': '! WWW.POLSKIE-MP3.TK ! folk', 'title': '06. wrog napadl na polske', 'date': '__KeyError', 'length': 106, 'bitrate': 128}

2018.10.17 01:04:49-INFO: File Crawler for starts for file : /home/kuba/Muzyka/zakazane piosenki/Folk - Zakazane Piosenki/! WWW.POLSKIE-MP3.TK ! folk - zakazane piosenki - 10. serce w plecaku.mp3
2018.10.17 01:04:49-DEBUG: Handling file by taglib - correct
2018.10.17 01:04:49-WARNING: KeyError: 'DATE'
2018.10.17 01:04:49-INFO: All file attributes collected correct
2018.10.17 01:04:49-INFO: {'path': '/home/kuba/Muzyka/zakazane piosenki/Folk - Zakazane Piosenki/! WWW.POLSKIE-MP3.TK ! folk - zakazane piosenki - 10. serce w plecaku.mp3', 'album': 'zakazane piosenki', 'artist': '! WWW.POLSKIE-MP3.TK ! folk', 'title': '10. serce w plecaku', 'date': '__KeyError', 'length': 164, 'bitrate': 128}

2018.10.17 01:04:49-INFO: File Crawler for starts for file : /home/kuba/Muzyka/zakazane piosenki/Folk - Zakazane Piosenki/! WWW.POLSKIE-MP3.TK ! folk - zakazane piosenki - 09. dnia pierwszego wrzesnia.mp3
2018.10.17 01:04:49-DEBUG: Handling file by taglib - correct
2018.10.17 01:04:49-WARNING: KeyError: 'DATE'
2018.10.17 01:04:49-INFO: All file attributes collected correct
2018.10.17 01:04:49-INFO: {'path': '/home/kuba/Muzyka/zakazane piosenki/Folk - Zakazane Piosenki/! WWW.POLSKIE-MP3.TK ! folk - zakazane piosenki - 09. dnia pierwszego wrzesnia.mp3', 'album': 'zakazane piosenki', 'artist': '! WWW.POLSKIE-MP3.TK ! folk', 'title': '09. dnia pierwszego wrzesnia', 'date': '__KeyError', 'length': 206, 'bitrate': 128}

2018.10.17 01:04:49-INFO: File Crawler for starts for file : /home/kuba/Muzyka/zakazane piosenki/Folk - Zakazane Piosenki/! WWW.POLSKIE-MP3.TK ! folk - zakazane piosenki - 08. gdy w noc wrzesniowa.mp3
2018.10.17 01:04:49-DEBUG: Handling file by taglib - correct
2018.10.17 01:04:49-WARNING: KeyError: 'DATE'
2018.10.17 01:04:49-INFO: All file attributes collected correct
2018.10.17 01:04:49-INFO: {'path': '/home/kuba/Muzyka/zakazane piosenki/Folk - Zakazane Piosenki/! WWW.POLSKIE-MP3.TK ! folk - zakazane piosenki - 08. gdy w noc wrzesniowa.mp3', 'album': 'zakazane piosenki', 'artist': '! WWW.POLSKIE-MP3.TK ! folk', 'title': '08. gdy w noc wrzesniowa', 'date': '__KeyError', 'length': 179, 'bitrate': 128}

2018.10.17 01:04:49-INFO: File Crawler for starts for file : /home/kuba/Muzyka/zakazane piosenki/Folk - Zakazane Piosenki/! WWW.POLSKIE-MP3.TK ! folk - zakazane piosenki - 04. deszcz jesienny.mp3
2018.10.17 01:04:49-DEBUG: Handling file by taglib - correct
2018.10.17 01:04:49-WARNING: KeyError: 'DATE'
2018.10.17 01:04:49-INFO: All file attributes collected correct
2018.10.17 01:04:49-INFO: {'path': '/home/kuba/Muzyka/zakazane piosenki/Folk - Zakazane Piosenki/! WWW.POLSKIE-MP3.TK ! folk - zakazane piosenki - 04. deszcz jesienny.mp3', 'album': 'zakazane piosenki', 'artist': '! WWW.POLSKIE-MP3.TK ! folk', 'title': '04. deszcz jesienny', 'date': '__KeyError', 'length': 223, 'bitrate': 128}

2018.10.17 01:04:49-INFO: File Crawler for starts for file : /home/kuba/Muzyka/zakazane piosenki/Folk - Zakazane Piosenki/! WWW.POLSKIE-MP3.TK ! folk - zakazane piosenki - 15. palacyk michla.mp3
2018.10.17 01:04:49-DEBUG: Handling file by taglib - correct
2018.10.17 01:04:49-WARNING: KeyError: 'DATE'
2018.10.17 01:04:49-INFO: All file attributes collected correct
2018.10.17 01:04:49-INFO: {'path': '/home/kuba/Muzyka/zakazane piosenki/Folk - Zakazane Piosenki/! WWW.POLSKIE-MP3.TK ! folk - zakazane piosenki - 15. palacyk michla.mp3', 'album': 'zakazane piosenki', 'artist': '! WWW.POLSKIE-MP3.TK ! folk', 'title': '15. palacyk michla', 'date': '__KeyError', 'length': 224, 'bitrate': 128}

2018.10.17 01:04:49-INFO: File Crawler for starts for file : /home/kuba/Muzyka/zakazane piosenki/Folk - Zakazane Piosenki/! WWW.POLSKIE-MP3.TK ! folk - zakazane piosenki - 01. kto handluje ten zyje.mp3
2018.10.17 01:04:49-DEBUG: Handling file by taglib - correct
2018.10.17 01:04:49-WARNING: KeyError: 'DATE'
2018.10.17 01:04:49-INFO: All file attributes collected correct
2018.10.17 01:04:49-INFO: {'path': '/home/kuba/Muzyka/zakazane piosenki/Folk - Zakazane Piosenki/! WWW.POLSKIE-MP3.TK ! folk - zakazane piosenki - 01. kto handluje ten zyje.mp3', 'album': 'zakazane piosenki', 'artist': '! WWW.POLSKIE-MP3.TK ! folk', 'title': '01. kto handluje ten zyje', 'date': '__KeyError', 'length': 187, 'bitrate': 128}

2018.10.17 01:04:49-INFO: File Crawler for starts for file : /home/kuba/Muzyka/zakazane piosenki/Folk - Zakazane Piosenki/! WWW.POLSKIE-MP3.TK ! folk - zakazane piosenki - 05. rozszumialy sie wierzby placzace.mp3
2018.10.17 01:04:49-DEBUG: Handling file by taglib - correct
2018.10.17 01:04:49-WARNING: KeyError: 'DATE'
2018.10.17 01:04:49-INFO: All file attributes collected correct
2018.10.17 01:04:49-INFO: {'path': '/home/kuba/Muzyka/zakazane piosenki/Folk - Zakazane Piosenki/! WWW.POLSKIE-MP3.TK ! folk - zakazane piosenki - 05. rozszumialy sie wierzby placzace.mp3', 'album': 'zakazane piosenki', 'artist': '! WWW.POLSKIE-MP3.TK ! folk', 'title': '05. rozszumialy sie wierzby placzace', 'date': '__KeyError', 'length': 222, 'bitrate': 128}

2018.10.17 01:04:49-INFO: File Crawler for starts for file : /home/kuba/Muzyka/zakazane piosenki/Folk - Zakazane Piosenki/! WWW.POLSKIE-MP3.TK ! folk - zakazane piosenki - 03. zoska.mp3
2018.10.17 01:04:49-DEBUG: Handling file by taglib - correct
2018.10.17 01:04:49-WARNING: KeyError: 'DATE'
2018.10.17 01:04:49-INFO: All file attributes collected correct
2018.10.17 01:04:49-INFO: {'path': '/home/kuba/Muzyka/zakazane piosenki/Folk - Zakazane Piosenki/! WWW.POLSKIE-MP3.TK ! folk - zakazane piosenki - 03. zoska.mp3', 'album': 'zakazane piosenki', 'artist': '! WWW.POLSKIE-MP3.TK ! folk', 'title': '03. zoska', 'date': '__KeyError', 'length': 159, 'bitrate': 128}

2018.10.17 01:04:49-INFO: 

2018.10.17 01:04:49-INFO: Loop through files ends succesfully

2018.10.17 01:04:49-INFO: Determine Catalog Attributes function starts

2018.10.17 01:04:49-DEBUG: Tries to guess Album name
2018.10.17 01:04:49-DEBUG: Found 1 proposition(s) : ['zakazane piosenki']
2018.10.17 01:04:49-DEBUG: Album found : zakazane piosenki
2018.10.17 01:04:49-DEBUG: Tries to guess Artist name
2018.10.17 01:04:49-DEBUG: Found 1 proposition(s) : ['! WWW.POLSKIE-MP3.TK ! folk']
2018.10.17 01:04:49-DEBUG: Artist found : ! WWW.POLSKIE-MP3.TK ! folk
2018.10.17 01:04:49-DEBUG: Tries to guess date of album
2018.10.17 01:04:49-DEBUG: Date recognized : __KeyError
2018.10.17 01:04:49-DEBUG: Computing average bitrate of files
2018.10.17 01:04:49-DEBUG: Computing total length of files
2018.10.17 01:04:49-INFO: reckognized Catalog Attributes:
Artist: ! WWW.POLSKIE-MP3.TK ! folk        
Album: zakazane piosenki
Date: __KeyError
AvgBitrate: 128.0
CatalogSym


2018.10.17 01:04:49-DEBUG: returns {'album': 'zakazane piosenki', 'artist': '! WWW.POLSKIE-MP3.TK ! folk', 'date': '__KeyError', 'avg_bitrate': 128.0, 'total_length': 2746, 'catalog_mark': '', 'img_count': 1, 'path': '/home/kuba/Muzyka/zakazane piosenki/Folk - Zakazane Piosenki'}
2018.10.17 01:04:49-INFO: Catalog Crawler ends,

2018.10.17 01:04:49-INFO: Finding Album DiscogsID started
2018.10.17 01:04:49-INFO: Working on /home/kuba/Muzyka/zakazane piosenki/Folk - Zakazane Piosenki
2018.10.17 01:04:49-INFO: metoda Album
2018.10.17 01:04:49-INFO: Connecting Discogs
Query: zakazane piosenki
2018.10.17 01:04:49-INFO: Comparing Orkiestra Uliczna Z Chmielnej - Zakazane Piosenki
2018.10.17 01:04:49-INFO: Comparing Strachy Na Lachy - Zakazane Piosenki
2018.10.17 01:04:49-INFO: Comparing Irek* I Bogdan* - Zakazane Piosenki
2018.10.17 01:04:51-INFO: metoda Token
2018.10.17 01:04:51-INFO: Connecting Discogs
 Query: ! WWW.POLSKIE-MP3.TK ! folk - zakazane piosenki
2018.10.17 01:04:54-INFO: metoda Variations
2018.10.17 01:04:54-INFO: Connecting Discogs
Query: ! WWW.POLSKIE-MP3.TK ! folk
2018.10.17 01:04:55-WARNING: przewano szukanie ID z powodu list index out of range
2018.10.17 01:04:57-INFO: Save to DB started
2018.10.17 01:04:57-INFO: Catalog data inserted successfully
2018.10.17 01:04:57-DEBUG: Tries to insert : {'path': '/home/kuba/Muzyka/zakazane piosenki/Folk - Zakazane Piosenki/! WWW.POLSKIE-MP3.TK ! folk - zakazane piosenki - 07. dzis do ciebie przyjsc nie-moge.mp3', 'album': 'zakazane piosenki', 'artist': '! WWW.POLSKIE-MP3.TK ! folk', 'title': '07. dzis do ciebie przyjsc nie-moge', 'date': '__KeyError', 'length': 182, 'bitrate': 128}
2018.10.17 01:04:57-DEBUG: Tries to insert : {'path': '/home/kuba/Muzyka/zakazane piosenki/Folk - Zakazane Piosenki/! WWW.POLSKIE-MP3.TK ! folk - zakazane piosenki - 12. nalot.mp3', 'album': 'zakazane piosenki', 'artist': '! WWW.POLSKIE-MP3.TK ! folk', 'title': '12. nalot', 'date': '__KeyError', 'length': 189, 'bitrate': 128}
2018.10.17 01:04:57-DEBUG: Tries to insert : {'path': '/home/kuba/Muzyka/zakazane piosenki/Folk - Zakazane Piosenki/! WWW.POLSKIE-MP3.TK ! folk - zakazane piosenki - 11. pierwszy sierpien.mp3', 'album': 'zakazane piosenki', 'artist': '! WWW.POLSKIE-MP3.TK ! folk', 'title': '11. pierwszy sierpien', 'date': '__KeyError', 'length': 215, 'bitrate': 128}
2018.10.17 01:04:57-DEBUG: Tries to insert : {'path': '/home/kuba/Muzyka/zakazane piosenki/Folk - Zakazane Piosenki/! WWW.POLSKIE-MP3.TK ! folk - zakazane piosenki - 13. marsz mokotowa.mp3', 'album': 'zakazane piosenki', 'artist': '! WWW.POLSKIE-MP3.TK ! folk', 'title': '13. marsz mokotowa', 'date': '__KeyError', 'length': 194, 'bitrate': 128}
2018.10.17 01:04:57-DEBUG: Tries to insert : {'path': '/home/kuba/Muzyka/zakazane piosenki/Folk - Zakazane Piosenki/! WWW.POLSKIE-MP3.TK ! folk - zakazane piosenki - 02. siekiera motyka.mp3', 'album': 'zakazane piosenki', 'artist': '! WWW.POLSKIE-MP3.TK ! folk', 'title': '02. siekiera motyka', 'date': '__KeyError', 'length': 113, 'bitrate': 128}
2018.10.17 01:04:57-DEBUG: Tries to insert : {'path': '/home/kuba/Muzyka/zakazane piosenki/Folk - Zakazane Piosenki/! WWW.POLSKIE-MP3.TK ! folk - zakazane piosenki - 14. marsz zoliborza.mp3', 'album': 'zakazane piosenki', 'artist': '! WWW.POLSKIE-MP3.TK ! folk', 'title': '14. marsz zoliborza', 'date': '__KeyError', 'length': 183, 'bitrate': 128}
2018.10.17 01:04:57-DEBUG: Tries to insert : {'path': '/home/kuba/Muzyka/zakazane piosenki/Folk - Zakazane Piosenki/! WWW.POLSKIE-MP3.TK ! folk - zakazane piosenki - 06. wrog napadl na polske.mp3', 'album': 'zakazane piosenki', 'artist': '! WWW.POLSKIE-MP3.TK ! folk', 'title': '06. wrog napadl na polske', 'date': '__KeyError', 'length': 106, 'bitrate': 128}
2018.10.17 01:04:57-DEBUG: Tries to insert : {'path': '/home/kuba/Muzyka/zakazane piosenki/Folk - Zakazane Piosenki/! WWW.POLSKIE-MP3.TK ! folk - zakazane piosenki - 10. serce w plecaku.mp3', 'album': 'zakazane piosenki', 'artist': '! WWW.POLSKIE-MP3.TK ! folk', 'title': '10. serce w plecaku', 'date': '__KeyError', 'length': 164, 'bitrate': 128}
2018.10.17 01:04:57-DEBUG: Tries to insert : {'path': '/home/kuba/Muzyka/zakazane piosenki/Folk - Zakazane Piosenki/! WWW.POLSKIE-MP3.TK ! folk - zakazane piosenki - 09. dnia pierwszego wrzesnia.mp3', 'album': 'zakazane piosenki', 'artist': '! WWW.POLSKIE-MP3.TK ! folk', 'title': '09. dnia pierwszego wrzesnia', 'date': '__KeyError', 'length': 206, 'bitrate': 128}
2018.10.17 01:04:57-DEBUG: Tries to insert : {'path': '/home/kuba/Muzyka/zakazane piosenki/Folk - Zakazane Piosenki/! WWW.POLSKIE-MP3.TK ! folk - zakazane piosenki - 08. gdy w noc wrzesniowa.mp3', 'album': 'zakazane piosenki', 'artist': '! WWW.POLSKIE-MP3.TK ! folk', 'title': '08. gdy w noc wrzesniowa', 'date': '__KeyError', 'length': 179, 'bitrate': 128}
2018.10.17 01:04:57-DEBUG: Tries to insert : {'path': '/home/kuba/Muzyka/zakazane piosenki/Folk - Zakazane Piosenki/! WWW.POLSKIE-MP3.TK ! folk - zakazane piosenki - 04. deszcz jesienny.mp3', 'album': 'zakazane piosenki', 'artist': '! WWW.POLSKIE-MP3.TK ! folk', 'title': '04. deszcz jesienny', 'date': '__KeyError', 'length': 223, 'bitrate': 128}
2018.10.17 01:04:57-DEBUG: Tries to insert : {'path': '/home/kuba/Muzyka/zakazane piosenki/Folk - Zakazane Piosenki/! WWW.POLSKIE-MP3.TK ! folk - zakazane piosenki - 15. palacyk michla.mp3', 'album': 'zakazane piosenki', 'artist': '! WWW.POLSKIE-MP3.TK ! folk', 'title': '15. palacyk michla', 'date': '__KeyError', 'length': 224, 'bitrate': 128}
2018.10.17 01:04:57-DEBUG: Tries to insert : {'path': '/home/kuba/Muzyka/zakazane piosenki/Folk - Zakazane Piosenki/! WWW.POLSKIE-MP3.TK ! folk - zakazane piosenki - 01. kto handluje ten zyje.mp3', 'album': 'zakazane piosenki', 'artist': '! WWW.POLSKIE-MP3.TK ! folk', 'title': '01. kto handluje ten zyje', 'date': '__KeyError', 'length': 187, 'bitrate': 128}
2018.10.17 01:04:57-DEBUG: Tries to insert : {'path': '/home/kuba/Muzyka/zakazane piosenki/Folk - Zakazane Piosenki/! WWW.POLSKIE-MP3.TK ! folk - zakazane piosenki - 05. rozszumialy sie wierzby placzace.mp3', 'album': 'zakazane piosenki', 'artist': '! WWW.POLSKIE-MP3.TK ! folk', 'title': '05. rozszumialy sie wierzby placzace', 'date': '__KeyError', 'length': 222, 'bitrate': 128}
2018.10.17 01:04:57-DEBUG: Tries to insert : {'path': '/home/kuba/Muzyka/zakazane piosenki/Folk - Zakazane Piosenki/! WWW.POLSKIE-MP3.TK ! folk - zakazane piosenki - 03. zoska.mp3', 'album': 'zakazane piosenki', 'artist': '! WWW.POLSKIE-MP3.TK ! folk', 'title': '03. zoska', 'date': '__KeyError', 'length': 159, 'bitrate': 128}
2018.10.17 01:04:57-INFO: Catalog data inserted successfully
2018.10.17 01:04:57-INFO: Data Commited
