2018.10.15 21:31:08-INFO: Crawler Starts
2018.10.15 21:31:08-INFO: Crawler Ends
2018.10.15 21:31:08-INFO: Skipped D:\++WORKZONE++
2018.10.15 21:31:08-INFO: Skipped D:\++WORKZONE++\!!! Instrumentals NEW\1 part DLded\03. Instrumentals\2010 - Brown Study Instrumentals
2018.10.15 21:31:08-INFO: Skipped D:\++WORKZONE++\!!! Instrumentals NEW\1 part DLded\03. Instrumentals\2010 - Gas Mask Instrumentals
2018.10.15 21:31:08-INFO: Skipped D:\++WORKZONE++\!!! Instrumentals NEW\1 part DLded\03. Instrumentals\2010 - The Reset Instrumentals
2018.10.15 21:31:08-INFO: Skipped D:\++WORKZONE++\!!! Instrumentals NEW\1 part DLded\03. Instrumentals\2013 - Trophies Instrumentals
2018.10.15 21:31:08-INFO: Skipped D:\++WORKZONE++\!!! Instrumentals NEW\1 part DLded\2013 - Blazo - Colors of Jazz 2
2018.10.15 21:31:08-INFO: Skipped D:\++WORKZONE++\!!! Instrumentals NEW\1 part DLded\Apollo Brown - Thirty Eight (2014) [FLAC]
2018.10.15 21:31:08-INFO: Skipped D:\++WORKZONE++\!!! Instrumentals NEW\1 part DLded\Blazo\2009 - Alone Journey
2018.10.15 21:31:08-INFO: Skipped D:\++WORKZONE++\!!! Instrumentals NEW\1 part DLded\Blazo\2011 - Colors of Jazz
2018.10.15 21:31:08-INFO: Skipped D:\++WORKZONE++\!!! Instrumentals NEW\1 part DLded\Blazo\2011 - Jazz Format Mixtape Vol. 1
2018.10.15 21:31:08-INFO: Skipped D:\++WORKZONE++\!!! Instrumentals NEW\1 part DLded\Blazo\2012 - Reflections
2018.10.15 21:31:08-INFO: Skipped D:\++WORKZONE++\!!! Instrumentals NEW\1 part DLded\Cypress Hill - Cypress Hil Instrumentals (1991)
2018.10.15 21:31:08-INFO: Skipped D:\++WORKZONE++\!!! Instrumentals NEW\1 part DLded\Deeb - Slowmocean (2016)
2018.10.15 21:31:08-INFO: Skipped D:\++WORKZONE++\!!! Instrumentals NEW\1 part DLded\deeB [insrumental hip-hop, acid jazz]\2012 Daydream (EP)
2018.10.15 21:31:08-INFO: Skipped D:\++WORKZONE++\!!! Instrumentals NEW\1 part DLded\Eminem Inst
2018.10.15 21:31:08-INFO: Skipped D:\++WORKZONE++\!!! Instrumentals NEW\1 part DLded\Eminem Inst\Eminem - Encore (Instrumentals) - loops
2018.10.15 21:31:08-INFO: Skipped D:\++WORKZONE++\!!! Instrumentals NEW\1 part DLded\Handbook - Olden (2014)
2018.10.15 21:31:08-INFO: Skipped D:\++WORKZONE++\!!! Instrumentals NEW\1 part DLded\Illa J Instrumentals
2018.10.15 21:31:08-INFO: Skipped D:\++WORKZONE++\!!! Instrumentals NEW\1 part DLded\Instrumentals\2003 - Resurrection (Instrumentals)
2018.10.15 21:31:08-INFO: Skipped D:\++WORKZONE++\!!! Instrumentals NEW\1 part DLded\Instrumentals\2004 - Instrumental Collection (Vol. 2)
2018.10.15 21:31:08-INFO: Skipped D:\++WORKZONE++\!!! Instrumentals NEW\1 part DLded\Instrumentals\2004 - Pacstrumentals vol.2
2018.10.15 21:31:08-INFO: Skipped D:\++WORKZONE++\!!! Instrumentals NEW\1 part DLded\Instrumentals\2007 - 2Pac Instrumentals Vol.1 (DJ Burns Luciano)
2018.10.15 21:31:08-INFO: Skipped D:\++WORKZONE++\!!! Instrumentals NEW\1 part DLded\Instrumentals\2008 - 2Pacstrumentals Vol.1 (Green Flag Productions)
2018.10.15 21:31:08-INFO: Skipped D:\++WORKZONE++\!!! Instrumentals NEW\1 part DLded\Instrumentals Evidence\Green Tape Instrumentals (2013)
2018.10.15 21:31:08-INFO: Skipped D:\++WORKZONE++\!!! Instrumentals NEW\1 part DLded\Instrumentals Evidence\Red Tape Instrumentals (2007)
2018.10.15 21:31:08-INFO: Skipped D:\++WORKZONE++\!!! Instrumentals NEW\1 part DLded\Instrumentals Evidence\The Purple Tape Instrumentals (2008)
2018.10.15 21:31:08-INFO: Skipped D:\++WORKZONE++\!!! Instrumentals NEW\1 part DLded\Instrumentals Evidence\Yellow Tape Instrumentals (2004)
2018.10.15 21:31:08-INFO: Skipped D:\++WORKZONE++\!!! Instrumentals NEW\1 part DLded\Long Arm - The Branches (Deluxe Edition) - 2012 (320 kbps)
2018.10.15 21:31:08-INFO: Skipped D:\++WORKZONE++\!!! Instrumentals NEW\1 part DLded\Mobb Deep - 2009 - The Infamous Instrumentals
2018.10.15 21:31:08-INFO: Skipped D:\++WORKZONE++\!!! Instrumentals NEW\1 part DLded\Mobb_Deep-Murda_Muzik_Instrumental_LP-1996-CHR
2018.10.15 21:31:08-INFO: Skipped D:\++WORKZONE++\!!! Instrumentals NEW\1 part DLded\Shuka4Beats - Free Hip-Hop and Rap Beats Vol.1 (2013)
2018.10.15 21:31:08-INFO: Skipped D:\++WORKZONE++\!!! Instrumentals NEW\1 part DLded\The Cancel\2011 - Diversity
2018.10.15 21:31:08-INFO: Skipped D:\++WORKZONE++\!!! Instrumentals NEW\1 part DLded\The Cancel\2011 - Reply From Space
2018.10.15 21:31:08-INFO: Skipped D:\++WORKZONE++\!!! Instrumentals NEW\1 part DLded\The Cancel\2012 - Coffee Cafe EP
2018.10.15 21:31:08-INFO: Skipped D:\++WORKZONE++\!!! Instrumentals NEW\1 part DLded\The Cancel\2013 - Collaboration
2018.10.15 21:31:08-INFO: Skipped D:\++WORKZONE++\!!! Instrumentals NEW\1 part DLded\The Cancel\2013 - Daybreak
2018.10.15 21:31:08-INFO: Skipped D:\++WORKZONE++\!!! Instrumentals NEW\1 part DLded\The Cancel\2013 - Night Light
2018.10.15 21:31:08-INFO: Skipped D:\++WORKZONE++\!!! Instrumentals NEW\1 part DLded\The Cancel\2014 - Criminal
2018.10.15 21:31:08-INFO: Skipped D:\++WORKZONE++\!!! Instrumentals NEW\1 part DLded\The Cancel\2014 - Panorama
2018.10.15 21:31:08-INFO: Skipped D:\++WORKZONE++\!!! Instrumentals NEW\1 part DLded\The Cancel\2015 - No Way To Stay
2018.10.15 21:31:08-INFO: Skipped D:\++WORKZONE++\!!! Instrumentals NEW\1 part DLded\The Cancel\2016 - Jungle
2018.10.15 21:31:08-INFO: Skipped D:\++WORKZONE++\!!! Instrumentals NEW\1 part DLded\The Instrumentals LP\(2005) The Instrumentals LP (CD 1)
2018.10.15 21:31:08-INFO: Skipped D:\++WORKZONE++\!!! Instrumentals NEW\1 part DLded\The Instrumentals LP\(2005) The Instrumentals LP (CD 2)
2018.10.15 21:31:08-INFO: Skipped D:\++WORKZONE++\!!! Instrumentals NEW\2 part\KRS-One & True Master - Meta-Historical (Instrumentals) (2011)
2018.10.15 21:31:08-INFO: Skipped D:\++WORKZONE++\!!! Instrumentals NEW\Dj Low Cut - Dead End (Instrumental & Acapella)
2018.10.15 21:31:08-INFO: Skipped D:\++WORKZONE++\!!! Instrumentals NEW\FR Instrumental [mp3]
2018.10.15 21:31:08-INFO: Skipped D:\++WORKZONE++\!!! Instrumentals NEW\Gang Starr - The Ownerz Instrumentals [2003]
2018.10.15 21:31:08-INFO: Skipped D:\++WORKZONE++\!!! Instrumentals NEW\Instrumental InVasion Vol. 4 - Kanye West Edition (Instrumentals)
2018.10.15 21:31:08-INFO: Skipped D:\++WORKZONE++\!!! Instrumentals NEW\J. Armz - How To Be An MC Vol. 17 (Instrumentals) (2004)
2018.10.15 21:31:08-INFO: Skipped D:\++WORKZONE++\!!! Instrumentals NEW\Jarmz - How To Be An Mc 20 (DatPiff.com)
2018.10.15 21:31:08-INFO: Skipped D:\++WORKZONE++\!!! Instrumentals NEW\Jay-Z Instrumentals-MIXFIEND
2018.10.15 21:31:08-INFO: Skipped D:\++WORKZONE++\!!! Instrumentals NEW\Lil Jon - Instrumental Kingz Vol 2 (2004)
2018.10.15 21:31:08-INFO: Skipped D:\++WORKZONE++\!!! Instrumentals NEW\Mos Def - Black on Both Sides
2018.10.15 21:31:08-INFO: Skipped D:\++WORKZONE++\!!! Instrumentals NEW\Nas - Instrumentals\2001 - Stillmatic (Instrumentals)
2018.10.15 21:31:08-INFO: Skipped D:\++WORKZONE++\!!! Instrumentals NEW\Nas - Instrumentals\2002 - God's Son (Instrumentals)
2018.10.15 21:31:08-INFO: Skipped D:\++WORKZONE++\!!! Instrumentals NEW\Nas - Instrumentals\2008 - Beats I Would've Gave Nas (DJ DviousMindZ) (Instrumentals)
2018.10.15 21:31:08-INFO: Skipped D:\++WORKZONE++\!!! Instrumentals NEW\ONYX - Instrumentals_[torrents.ru]
2018.10.15 21:31:08-INFO: Skipped D:\++WORKZONE++\!!! Instrumentals NEW\Rick Ross Instrumental Pack
2018.10.15 21:31:08-INFO: Skipped D:\++WORKZONE++\!!! Instrumentals NEW\Shuka4Beats - Free Hip-Hop and Rap Beats Vol.2 (2014)
2018.10.15 21:31:08-INFO: Skipped D:\++WORKZONE++\!!! Instrumentals NEW\Shuka4Beats - Free Hip-Hop and Rap Beats Vol.3 (2014)
2018.10.15 21:31:08-INFO: Skipped D:\++WORKZONE++\!!! Instrumentals NEW\Shuka4Beats - Urban Waves (2015)
2018.10.15 21:31:08-INFO: Skipped D:\++WORKZONE++\!!! Instrumentals NEW\Special Edition (Instrumental Slaughter)\Before I Self Destruct -The Instrumentals\Before I Self Destruct -The Instrumentals
2018.10.15 21:31:08-INFO: Skipped D:\++WORKZONE++\!!! Instrumentals NEW\Special Edition (Instrumental Slaughter)\Curtis Vs Graduation Instrumentals\Curtis Vs Graduation Instrumentals
2018.10.15 21:31:08-INFO: Skipped D:\++WORKZONE++\!!! Instrumentals NEW\Special Edition (Instrumental Slaughter)\Recovery vs Thank Me Later Instrumentals\Recovery vs Thank Me Later Instrumentals
2018.10.15 21:31:08-INFO: Skipped D:\++WORKZONE++\!!! Instrumentals NEW\Special Edition (Instrumental Slaughter)\T.O.S. Vs Tha Carter 3 Instrumentals\T.O.S. Vs Tha Carter 3 Instrumentals
2018.10.15 21:31:08-INFO: Skipped D:\++WORKZONE++\!!! Instrumentals NEW\Spez - Instrumental Pack (2010)
2018.10.15 21:31:08-INFO: Skipped D:\++WORKZONE++\!!! Instrumentals NEW\T.I. - Instrumental Pack
2018.10.15 21:31:08-INFO: Skipped D:\++WORKZONE++\!!! Instrumentals NEW\The Black Keys - Blakroc Instrumental (2009)
2018.10.15 21:31:08-INFO: Skipped D:\++WORKZONE++\!!! Instrumentals NEW\Trae & Dj Know Skillz - Restless Instrumentals
2018.10.15 21:31:08-INFO: Skipped D:\++WORKZONE++\!!! Oldies to CUT\ABC Andrzeja Nebeskiego-1970 (PRONIT SXL 0627)Shelter 301.II
2018.10.15 21:31:08-INFO: Skipped D:\++WORKZONE++\!!! Oldies to CUT\Alicja Majewska-1994-The Best Of-Scans
2018.10.15 21:31:08-INFO: Skipped D:\++WORKZONE++\!!! Oldies to CUT\Bemibem-1974-Bemowe frazy (2007)Scans
2018.10.15 21:31:08-INFO: Skipped D:\++WORKZONE++\!!! Oldies to CUT\DJ Quik\1991 - Quik Is The Name
2018.10.15 21:31:08-INFO: Skipped D:\++WORKZONE++\!!! Oldies to CUT\DJ Quik\1992 - Way 2 Fonky
2018.10.15 21:31:08-INFO: Skipped D:\++WORKZONE++\!!! Oldies to CUT\DJ Quik\1995 - Safe + Sound
2018.10.15 21:31:08-INFO: Skipped D:\++WORKZONE++\!!! Oldies to CUT\DJ Quik\1995 - The Death Row Sessions EP
2018.10.15 21:31:08-INFO: Skipped D:\++WORKZONE++\!!! Oldies to CUT\DJ Quik\1998 - Rhythm-al-ism
2018.10.15 21:31:08-INFO: Skipped D:\++WORKZONE++\!!! Oldies to CUT\DJ Quik\2000 - Balance & Options
2018.10.15 21:31:08-INFO: Skipped D:\++WORKZONE++\!!! Oldies to CUT\DJ Quik\2002 - Under Tha Influence
2018.10.15 21:31:08-INFO: Skipped D:\++WORKZONE++\!!! Oldies to CUT\DJ Quik\2004 - Platinum & Gold Collection
2018.10.15 21:31:08-INFO: Skipped D:\++WORKZONE++\!!! Oldies to CUT\DJ Quik\2005 - Trauma
2018.10.15 21:31:08-INFO: Skipped D:\++WORKZONE++\!!! Oldies to CUT\DJ Quik\2006 - Born & Raised In Compton (The Greatest Hits)
2018.10.15 21:31:08-INFO: Skipped D:\++WORKZONE++\!!! Oldies to CUT\DJ Quik\2006 - Greatest Hits Live At The House Of Blues
2018.10.15 21:31:08-INFO: Skipped D:\++WORKZONE++\!!! Oldies to CUT\DJ Quik\2009 - BlaQKout (with Kurupt)
2018.10.15 21:31:08-INFO: Skipped D:\++WORKZONE++\!!! Oldies to CUT\DJ Quik\2011 - The Book of David
2018.10.15 21:31:08-INFO: Skipped D:\++WORKZONE++\!!! Oldies to CUT\Eleni-1984-Morze snu (PN.SX.2168).(Vinyl.16bit-44.1kHz)NoScans
2018.10.15 21:31:08-INFO: Skipped D:\++WORKZONE++\!!! Oldies to CUT\Eleni-1986-10 (Pronit.PLP.0040).(Vinyl.16bit-44.1kHz)NoScans
2018.10.15 21:31:08-INFO: Skipped D:\++WORKZONE++\!!! Oldies to CUT\Eleni-2005-Muzyka Twoje imiê ma-Scans
2018.10.15 21:31:08-INFO: Skipped D:\++WORKZONE++\!!! Oldies to CUT\Ewa Bem With Swing Session-1981 (LP)Scans
2018.10.15 21:31:08-INFO: Skipped D:\++WORKZONE++\!!! Oldies to CUT\Ewa Bem-Gram o wszystko-Scans
2018.10.15 21:31:08-INFO: Skipped D:\++WORKZONE++\!!! Oldies to CUT\Gra¿yna £obaszewska-1989-Brzydcy (Polskie Nagrania Muza SX-2756)Scans
2018.10.15 21:31:08-INFO: Skipped D:\++WORKZONE++\!!! Oldies to CUT\Gra¿yna £obaszewska-2005-Prowincja jest  piêkna-Scans
2018.10.15 21:31:08-INFO: Skipped D:\++WORKZONE++\!!! Oldies to CUT\Gra¿yna £obaszewska-2016-Sklejam siê-Scans
2018.10.15 21:31:08-INFO: Skipped D:\++WORKZONE++\!!! Oldies to CUT\Grupa ABC
2018.10.15 21:31:08-INFO: Skipped D:\++WORKZONE++\!!! Oldies to CUT\Hanna Banaszak - Summertime [LP] - 1980 (lossless)
2018.10.15 21:31:08-INFO: Skipped D:\++WORKZONE++\!!! Oldies to CUT\Hanna Banaszak-2003-Nikt tylko Ty-Scans
2018.10.15 21:31:08-INFO: Skipped D:\++WORKZONE++\!!! Oldies to CUT\Irena Jarocka-2001-1-W cieniu dobrego drzewa (1974)-Scans
2018.10.15 21:31:08-INFO: Skipped D:\++WORKZONE++\!!! Oldies to CUT\Irena Jarocka-2001-2-Gondolierzy znad Wis³y (1976)Scans
2018.10.15 21:31:08-INFO: Skipped D:\++WORKZONE++\!!! Oldies to CUT\Irena Jarocka-2001-3- Wigilijne ¿yczenia (1977)Scans
2018.10.15 21:31:08-INFO: Skipped D:\++WORKZONE++\!!! Oldies to CUT\Krystyna Pronko-1998-Zlosc-Scans
2018.10.15 21:31:08-INFO: Skipped D:\++WORKZONE++\!!! Oldies to CUT\Krystyna Proñko-1978-Deszcz w Cisnej (winyl)-Scans
2018.10.15 21:31:08-INFO: Skipped D:\++WORKZONE++\!!! Oldies to CUT\Martyna Jakubowicz-1986-Bardzo groŸna ksiê¿niczka i ja (1994)
2018.10.15 21:31:08-INFO: Skipped D:\++WORKZONE++\!!! Oldies to CUT\Martyna Jakubowicz-1992-Kolysz Mnie (2CD)Scans\CD1
2018.10.15 21:31:08-INFO: Skipped D:\++WORKZONE++\!!! Oldies to CUT\Martyna Jakubowicz-1992-Kolysz Mnie (2CD)Scans\CD2
2018.10.15 21:31:08-INFO: Skipped D:\++WORKZONE++\!!! Oldies to CUT\Zdzis³awa Soœnicka - The best of
2018.10.15 21:31:08-INFO: Skipped D:\++WORKZONE++\!!! Oldies to CUT\Zdzis³awa Soœnicka-1971-Dom, który mam (Muza PNCD 1585) (2014)
2018.10.15 21:31:08-INFO: Skipped D:\++WORKZONE++\!!! Oldies to CUT\Zdzis³awa Soœnicka-1971-Dom, który mam-Scans
2018.10.15 21:31:08-INFO: Skipped D:\++WORKZONE++\!!! Oldies to CUT\Zdzis³awa Soœnicka-1974-Taki dzieñ siê zdarza raz
2018.10.15 21:31:08-INFO: Skipped D:\++WORKZONE++\!!! Oldies to CUT\Zdzis³awa Soœnicka-1984-Realia
2018.10.15 21:31:08-INFO: Skipped D:\++WORKZONE++\!!! Oldies to CUT\Zlota kolekcja - Radosc najpiekniejszych lat
2018.10.15 21:31:08-INFO: Skipped D:\++WORKZONE++\!!! Pietnastak\2018 Disco Polo Party vol.01
2018.10.15 21:31:08-INFO: Skipped D:\++WORKZONE++\!!! Pietnastak\2018 Disco Polo Party vol.17
2018.10.15 21:31:08-INFO: Skipped D:\++WORKZONE++\!!! Pietnastak\2018 Disco Polo Party vol.19
2018.10.15 21:31:08-INFO: Skipped D:\++WORKZONE++\!!! Pietnastak\25 Lat Disco Polo (2CD) 2018\CD 1
2018.10.15 21:31:08-INFO: Skipped D:\++WORKZONE++\!!! Pietnastak\25 Lat Disco Polo (2CD) 2018\CD 2
2018.10.15 21:31:08-INFO: Skipped D:\++WORKZONE++\!!! Pietnastak\Deep House Collection Vol.177 (2018)
2018.10.15 21:31:08-INFO: Skipped D:\++WORKZONE++\!!! Pietnastak\ENERGY_2000_DYSKOGRAFIA-klawisz755\(2000) Energy 2000 - Dance Mix Vol. 01
2018.10.15 21:31:08-INFO: Skipped D:\++WORKZONE++\!!! Pietnastak\ENERGY_2000_DYSKOGRAFIA-klawisz755\(2000) Energy 2000 - Dance Mix Vol. 02
2018.10.15 21:31:08-INFO: Skipped D:\++WORKZONE++\!!! Pietnastak\ENERGY_2000_DYSKOGRAFIA-klawisz755\(2000) Energy 2000 - Dance Mix Vol. 03
2018.10.15 21:31:08-INFO: Skipped D:\++WORKZONE++\!!! Pietnastak\ENERGY_2000_DYSKOGRAFIA-klawisz755\(2000) Energy 2000 - Dance Mix Vol. 04
2018.10.15 21:31:08-INFO: Skipped D:\++WORKZONE++\!!! Pietnastak\ENERGY_2000_DYSKOGRAFIA-klawisz755\(2000) Energy 2000 - Dance Mix Vol. 05
2018.10.15 21:31:08-INFO: Skipped D:\++WORKZONE++\!!! Pietnastak\ENERGY_2000_DYSKOGRAFIA-klawisz755\(2001) Energy 2000 - Dance Mix Vol. 06
2018.10.15 21:31:08-INFO: Skipped D:\++WORKZONE++\!!! Pietnastak\ENERGY_2000_DYSKOGRAFIA-klawisz755\(2001) Energy 2000 - Dance Mix Vol. 07
2018.10.15 21:31:08-INFO: Skipped D:\++WORKZONE++\!!! Pietnastak\ENERGY_2000_DYSKOGRAFIA-klawisz755\(2001) Energy 2000 - Dance Mix Vol. 08
2018.10.15 21:31:08-INFO: Skipped D:\++WORKZONE++\!!! Pietnastak\ENERGY_2000_DYSKOGRAFIA-klawisz755\(2001) Energy 2000 - Dance Mix Vol. 09
2018.10.15 21:31:08-INFO: Skipped D:\++WORKZONE++\!!! Pietnastak\ENERGY_2000_DYSKOGRAFIA-klawisz755\(2001) Energy 2000 - Dance Mix Vol.10
2018.10.15 21:31:08-INFO: Skipped D:\++WORKZONE++\!!! Pietnastak\ENERGY_2000_DYSKOGRAFIA-klawisz755\(2001) Energy 2000 - Dance Mix Vol.11
2018.10.15 21:31:08-INFO: Skipped D:\++WORKZONE++\!!! Pietnastak\ENERGY_2000_DYSKOGRAFIA-klawisz755\(2002) Energy 2000 - Hit Za Hitem vol. 01
2018.10.15 21:31:08-INFO: Skipped D:\++WORKZONE++\!!! Pietnastak\ENERGY_2000_DYSKOGRAFIA-klawisz755\(2002) Energy 2000 - Hit Za Hitem vol. 02
2018.10.15 21:31:08-INFO: Skipped D:\++WORKZONE++\!!! Pietnastak\ENERGY_2000_DYSKOGRAFIA-klawisz755\(2002) Energy 2000 - Hit Za Hitem vol. 03
2018.10.15 21:31:08-INFO: Skipped D:\++WORKZONE++\!!! Pietnastak\ENERGY_2000_DYSKOGRAFIA-klawisz755\(2002) Energy 2000 - Hit Za Hitem vol. 04
2018.10.15 21:31:08-INFO: Skipped D:\++WORKZONE++\!!! Pietnastak\ENERGY_2000_DYSKOGRAFIA-klawisz755\(2002) Energy 2000 - Hit Za Hitem vol. 05
2018.10.15 21:31:08-INFO: Skipped D:\++WORKZONE++\!!! Pietnastak\ENERGY_2000_DYSKOGRAFIA-klawisz755\(2002) Energy 2000 - Hit za Hitem vol. 06
2018.10.15 21:31:08-INFO: Skipped D:\++WORKZONE++\!!! Pietnastak\ENERGY_2000_DYSKOGRAFIA-klawisz755\(2002) Energy 2000 - Hit Za Hitem vol. 07
2018.10.15 21:31:08-INFO: Skipped D:\++WORKZONE++\!!! Pietnastak\ENERGY_2000_DYSKOGRAFIA-klawisz755\(2002) Energy 2000 - Hit Za Hitem vol. 08
2018.10.15 21:31:08-INFO: Skipped D:\++WORKZONE++\!!! Pietnastak\ENERGY_2000_DYSKOGRAFIA-klawisz755\(2002) Energy 2000 - Hit Za Hitem vol. 09
2018.10.15 21:31:08-INFO: Skipped D:\++WORKZONE++\!!! Pietnastak\ENERGY_2000_DYSKOGRAFIA-klawisz755\(2003) Energy 2000 - Hit Za Hitem vol. 10
2018.10.15 21:31:08-INFO: Skipped D:\++WORKZONE++\!!! Pietnastak\ENERGY_2000_DYSKOGRAFIA-klawisz755\(2003) Energy 2000 - Hit Za Hitem vol. 11
2018.10.15 21:31:08-INFO: Skipped D:\++WORKZONE++\!!! Pietnastak\ENERGY_2000_DYSKOGRAFIA-klawisz755\(2003) Energy 2000 - Hit Za Hitem vol. 12
2018.10.15 21:31:08-INFO: Skipped D:\++WORKZONE++\!!! Pietnastak\ENERGY_2000_DYSKOGRAFIA-klawisz755\(2003) Energy 2000 - Hit Za Hitem vol. 13
2018.10.15 21:31:08-INFO: Skipped D:\++WORKZONE++\!!! Pietnastak\ENERGY_2000_DYSKOGRAFIA-klawisz755\(2003) Energy 2000 - Hit Za Hitem vol. 14
2018.10.15 21:31:08-INFO: Skipped D:\++WORKZONE++\!!! Pietnastak\ENERGY_2000_DYSKOGRAFIA-klawisz755\(2003) Energy 2000 - Hit Za Hitem vol. 15
2018.10.15 21:31:08-INFO: Skipped D:\++WORKZONE++\!!! Pietnastak\ENERGY_2000_DYSKOGRAFIA-klawisz755\(2003) Energy 2000 - Hit Za Hitem vol. 16
2018.10.15 21:31:08-INFO: Skipped D:\++WORKZONE++\!!! Pietnastak\ENERGY_2000_DYSKOGRAFIA-klawisz755\(2003) Energy 2000 - Hit Za Hitem vol. 17
2018.10.15 21:31:08-INFO: Skipped D:\++WORKZONE++\!!! Pietnastak\ENERGY_2000_DYSKOGRAFIA-klawisz755\(2003) Energy 2000 - Hit Za Hitem vol. 18
2018.10.15 21:31:08-INFO: Skipped D:\++WORKZONE++\!!! Pietnastak\ENERGY_2000_DYSKOGRAFIA-klawisz755\(2003) Energy 2000 - Hit Za Hitem vol. 19
2018.10.15 21:31:08-INFO: Skipped D:\++WORKZONE++\!!! Pietnastak\ENERGY_2000_DYSKOGRAFIA-klawisz755\(2004) Energy 2000 - 13 Urodziny Klubu
2018.10.15 21:31:08-INFO: Skipped D:\++WORKZONE++\!!! Pietnastak\ENERGY_2000_DYSKOGRAFIA-klawisz755\(2004) Energy 2000 - Energy Techno Mix vol. 01
2018.10.15 21:31:08-INFO: Skipped D:\++WORKZONE++\!!! Pietnastak\ENERGY_2000_DYSKOGRAFIA-klawisz755\(2004) Energy 2000 - Energy Techno Mix vol. 02
2018.10.15 21:31:08-INFO: Skipped D:\++WORKZONE++\!!! Pietnastak\ENERGY_2000_DYSKOGRAFIA-klawisz755\(2004) Energy 2000 - Energy Techno Mix vol. 03
2018.10.15 21:31:08-INFO: Skipped D:\++WORKZONE++\!!! Pietnastak\ENERGY_2000_DYSKOGRAFIA-klawisz755\(2004) Energy 2000 - Energy Techno Mix vol. 04
2018.10.15 21:31:08-INFO: Skipped D:\++WORKZONE++\!!! Pietnastak\ENERGY_2000_DYSKOGRAFIA-klawisz755\(2004) Energy 2000 - Energy Techno Mix vol. 05
2018.10.15 21:31:08-INFO: Skipped D:\++WORKZONE++\!!! Pietnastak\ENERGY_2000_DYSKOGRAFIA-klawisz755\(2004) Energy 2000 - Energy Techno Mix vol. 06
2018.10.15 21:31:08-INFO: Skipped D:\++WORKZONE++\!!! Pietnastak\ENERGY_2000_DYSKOGRAFIA-klawisz755\(2004) Energy 2000 - Energy Techno Mix vol. 07
2018.10.15 21:31:08-INFO: Skipped D:\++WORKZONE++\!!! Pietnastak\ENERGY_2000_DYSKOGRAFIA-klawisz755\(2004) Energy 2000 - Energy Techno Mix vol. 08
2018.10.15 21:31:08-INFO: Skipped D:\++WORKZONE++\!!! Pietnastak\ENERGY_2000_DYSKOGRAFIA-klawisz755\(2004) Energy 2000 - Energy Techno Mix vol. 09
2018.10.15 21:31:08-INFO: Skipped D:\++WORKZONE++\!!! Pietnastak\ENERGY_2000_DYSKOGRAFIA-klawisz755\(2004) Energy 2000 - Energy Techno Mix vol. 10
2018.10.15 21:31:08-INFO: Skipped D:\++WORKZONE++\!!! Pietnastak\ENERGY_2000_DYSKOGRAFIA-klawisz755\(2004) Energy 2000 - Energy Techno Mix vol. 11
2018.10.15 21:31:08-INFO: Skipped D:\++WORKZONE++\!!! Pietnastak\ENERGY_2000_DYSKOGRAFIA-klawisz755\(2004) Energy 2000 - Energy Techno Mix vol. 12
2018.10.15 21:31:08-INFO: Skipped D:\++WORKZONE++\!!! Pietnastak\ENERGY_2000_DYSKOGRAFIA-klawisz755\(2004) Energy 2000 - SE – Meeting
2018.10.15 21:31:08-INFO: Skipped D:\++WORKZONE++\!!! Pietnastak\ENERGY_2000_DYSKOGRAFIA-klawisz755\(2004) Energy 2000 - Valentine mix
2018.10.15 21:31:08-INFO: Skipped D:\++WORKZONE++\!!! Pietnastak\ENERGY_2000_DYSKOGRAFIA-klawisz755\(2005) Energy 2000 - Energy Mix vol. 01
2018.10.15 21:31:08-INFO: Skipped D:\++WORKZONE++\!!! Pietnastak\ENERGY_2000_DYSKOGRAFIA-klawisz755\(2005) Energy 2000 - Energy Mix vol. 02
2018.10.15 21:31:08-INFO: Skipped D:\++WORKZONE++\!!! Pietnastak\ENERGY_2000_DYSKOGRAFIA-klawisz755\(2005) Energy 2000 - Energy Mix vol. 03
2018.10.15 21:31:08-INFO: Skipped D:\++WORKZONE++\!!! Pietnastak\ENERGY_2000_DYSKOGRAFIA-klawisz755\(2005) Energy 2000 - Energy Mix vol. 04
2018.10.15 21:31:08-INFO: Skipped D:\++WORKZONE++\!!! Pietnastak\ENERGY_2000_DYSKOGRAFIA-klawisz755\(2005) Energy 2000 - Energy Mix vol. 05
2018.10.15 21:31:08-INFO: Skipped D:\++WORKZONE++\!!! Pietnastak\ENERGY_2000_DYSKOGRAFIA-klawisz755\(2005) Energy 2000 - Energy Mix vol. 07
2018.10.15 21:31:08-INFO: Skipped D:\++WORKZONE++\!!! Pietnastak\ENERGY_2000_DYSKOGRAFIA-klawisz755\(2005) Energy 2000 - Energy Mix vol. 08
2018.10.15 21:31:08-INFO: Skipped D:\++WORKZONE++\!!! Pietnastak\ENERGY_2000_DYSKOGRAFIA-klawisz755\(2005) Energy 2000 - Energy Mix vol. 09
2018.10.15 21:31:08-INFO: Skipped D:\++WORKZONE++\!!! Pietnastak\ENERGY_2000_DYSKOGRAFIA-klawisz755\(2005) Energy 2000 - Energy Mix vol. 10
2018.10.15 21:31:08-INFO: Skipped D:\++WORKZONE++\!!! Pietnastak\ENERGY_2000_DYSKOGRAFIA-klawisz755\(2005) Energy 2000 Valentine mix
2018.10.15 21:31:08-INFO: Skipped D:\++WORKZONE++\!!! Pietnastak\ENERGY_2000_DYSKOGRAFIA-klawisz755\(2005)Energy 2000 - Energy Mix vol. 06
2018.10.15 21:31:08-INFO: Skipped D:\++WORKZONE++\!!! Pietnastak\ENERGY_2000_DYSKOGRAFIA-klawisz755\(2006) Energy 2000 - Valentine Mix
2018.10.15 21:31:08-INFO: Skipped D:\++WORKZONE++\!!! Pietnastak\ENERGY_2000_DYSKOGRAFIA-klawisz755\(2006) Energy 2000 Mix Vol. 01
2018.10.15 21:31:08-INFO: Skipped D:\++WORKZONE++\!!! Pietnastak\ENERGY_2000_DYSKOGRAFIA-klawisz755\(2006) Energy 2000 Mix Vol. 02
2018.10.15 21:31:08-INFO: Skipped D:\++WORKZONE++\!!! Pietnastak\ENERGY_2000_DYSKOGRAFIA-klawisz755\(2006) Energy 2000 Mix Vol. 03
2018.10.15 21:31:08-INFO: Skipped D:\++WORKZONE++\!!! Pietnastak\ENERGY_2000_DYSKOGRAFIA-klawisz755\(2006) Energy 2000 Mix Vol. 04
2018.10.15 21:31:08-INFO: Skipped D:\++WORKZONE++\!!! Pietnastak\ENERGY_2000_DYSKOGRAFIA-klawisz755\(2006) Energy 2000 Mix Vol. 05
2018.10.15 21:31:08-INFO: Skipped D:\++WORKZONE++\!!! Pietnastak\ENERGY_2000_DYSKOGRAFIA-klawisz755\(2006) Energy 2000 Mix Vol. 06
2018.10.15 21:31:08-INFO: Skipped D:\++WORKZONE++\!!! Pietnastak\ENERGY_2000_DYSKOGRAFIA-klawisz755\(2007) Energy 2000 - Retro Mix vol.2
2018.10.15 21:31:08-INFO: Skipped D:\++WORKZONE++\!!! Pietnastak\ENERGY_2000_DYSKOGRAFIA-klawisz755\(2007) Energy 2000 - Special Pop Dance Edition
2018.10.15 21:31:08-INFO: Skipped D:\++WORKZONE++\!!! Pietnastak\ENERGY_2000_DYSKOGRAFIA-klawisz755\(2007) Energy 2000 Mix Vol. 07
2018.10.15 21:31:08-INFO: Skipped D:\++WORKZONE++\!!! Pietnastak\ENERGY_2000_DYSKOGRAFIA-klawisz755\(2007) Energy 2000 Mix Vol. 08
2018.10.15 21:31:08-INFO: Skipped D:\++WORKZONE++\!!! Pietnastak\ENERGY_2000_DYSKOGRAFIA-klawisz755\(2007) Energy 2000 Mix Vol. 09
2018.10.15 21:31:08-INFO: Skipped D:\++WORKZONE++\!!! Pietnastak\ENERGY_2000_DYSKOGRAFIA-klawisz755\(2007) Energy 2000 Mix Vol. 10
2018.10.15 21:31:08-INFO: Skipped D:\++WORKZONE++\!!! Pietnastak\ENERGY_2000_DYSKOGRAFIA-klawisz755\(2008) Energy 2000 Mix Vol. 11
2018.10.15 21:31:08-INFO: Skipped D:\++WORKZONE++\!!! Pietnastak\ENERGY_2000_DYSKOGRAFIA-klawisz755\(2008) Energy 2000 Mix Vol. 12
2018.10.15 21:31:08-INFO: Skipped D:\++WORKZONE++\!!! Pietnastak\ENERGY_2000_DYSKOGRAFIA-klawisz755\(2008) Energy 2000 Mix Vol. 13
2018.10.15 21:31:08-INFO: Skipped D:\++WORKZONE++\!!! Pietnastak\ENERGY_2000_DYSKOGRAFIA-klawisz755\(2008) Energy 2000 Mix Vol. 14
2018.10.15 21:31:08-INFO: Skipped D:\++WORKZONE++\!!! Pietnastak\ENERGY_2000_DYSKOGRAFIA-klawisz755\(2008) Energy 2000 Mix Zima 2009 2CD
2018.10.15 21:31:08-INFO: Skipped D:\++WORKZONE++\!!! Pietnastak\ENERGY_2000_DYSKOGRAFIA-klawisz755\(2009) Energy 2000 - DJ Bolek Energy mix non official
2018.10.15 21:31:08-INFO: Skipped D:\++WORKZONE++\!!! Pietnastak\ENERGY_2000_DYSKOGRAFIA-klawisz755\(2009) Energy 2000 Mix Special Christmas Edition
2018.10.15 21:31:08-INFO: Skipped D:\++WORKZONE++\!!! Pietnastak\ENERGY_2000_DYSKOGRAFIA-klawisz755\(2009) Energy 2000 Mix Vol. 15
2018.10.15 21:31:08-INFO: Skipped D:\++WORKZONE++\!!! Pietnastak\ENERGY_2000_DYSKOGRAFIA-klawisz755\(2009) Energy 2000 Mix Vol. 16
2018.10.15 21:31:08-INFO: Skipped D:\++WORKZONE++\!!! Pietnastak\ENERGY_2000_DYSKOGRAFIA-klawisz755\(2009) Energy 2000 Mix Vol. 17
2018.10.15 21:31:08-INFO: Skipped D:\++WORKZONE++\!!! Pietnastak\ENERGY_2000_DYSKOGRAFIA-klawisz755\(2010) Energy 2000 Hard Mix Vol. 01
2018.10.15 21:31:08-INFO: Skipped D:\++WORKZONE++\!!! Pietnastak\ENERGY_2000_DYSKOGRAFIA-klawisz755\(2010) Energy 2000 Mix Vol. 18
2018.10.15 21:31:08-INFO: Skipped D:\++WORKZONE++\!!! Pietnastak\ENERGY_2000_DYSKOGRAFIA-klawisz755\(2010) Energy 2000 Mix Vol. 19
2018.10.15 21:31:08-INFO: Skipped D:\++WORKZONE++\!!! Pietnastak\ENERGY_2000_DYSKOGRAFIA-klawisz755\(2010) Energy 2000 Mix Vol. 20
2018.10.15 21:31:08-INFO: Skipped D:\++WORKZONE++\!!! Pietnastak\ENERGY_2000_DYSKOGRAFIA-klawisz755\(2010) Energy 2000 Mix Vol. 21
2018.10.15 21:31:08-INFO: Skipped D:\++WORKZONE++\!!! Pietnastak\ENERGY_2000_DYSKOGRAFIA-klawisz755\(2011) Energy 2000 - Gabriel Delgado & Dj Bolek MIX BIT vol.1
2018.10.15 21:31:08-INFO: Skipped D:\++WORKZONE++\!!! Pietnastak\ENERGY_2000_DYSKOGRAFIA-klawisz755\(2011) Energy 2000 - Valentine Mix
2018.10.15 21:31:08-INFO: Skipped D:\++WORKZONE++\!!! Pietnastak\ENERGY_2000_DYSKOGRAFIA-klawisz755\(2011) Energy 2000 Mix Vol. 22
2018.10.15 21:31:08-INFO: Skipped D:\++WORKZONE++\!!! Pietnastak\ENERGY_2000_DYSKOGRAFIA-klawisz755\(2011) Energy 2000 Mix Vol. 23
2018.10.15 21:31:08-INFO: Skipped D:\++WORKZONE++\!!! Pietnastak\ENERGY_2000_DYSKOGRAFIA-klawisz755\(2011) Energy 2000 Mix Vol. 24
2018.10.15 21:31:08-INFO: Skipped D:\++WORKZONE++\!!! Pietnastak\ENERGY_2000_DYSKOGRAFIA-klawisz755\(2011) Energy 2000 Mix Vol. 25
2018.10.15 21:31:08-INFO: Skipped D:\++WORKZONE++\!!! Pietnastak\ENERGY_2000_DYSKOGRAFIA-klawisz755\(2011) Energy 2000 Mix Vol. 26\Energy Mix vol 26(2011)Hardstyle_Edition_podzielony_na _tracki
2018.10.15 21:31:08-INFO: Skipped D:\++WORKZONE++\!!! Pietnastak\ENERGY_2000_DYSKOGRAFIA-klawisz755\(2011) Energy 2000 Mix Vol. 27
2018.10.15 21:31:08-INFO: Skipped D:\++WORKZONE++\!!! Pietnastak\ENERGY_2000_DYSKOGRAFIA-klawisz755\(2011) Energy 2000 Mix Vol. 28  Special Hardstyle Edition
2018.10.15 21:31:08-INFO: Skipped D:\++WORKZONE++\!!! Pietnastak\ENERGY_2000_DYSKOGRAFIA-klawisz755\(2011) Energy 2000 Mix Vol.29
2018.10.15 21:31:08-INFO: Skipped D:\++WORKZONE++\!!! Pietnastak\ENERGY_2000_DYSKOGRAFIA-klawisz755\(2011) Energy 2000 Mix Vol.30 Hardstyle Edition
2018.10.15 21:31:08-INFO: Skipped D:\++WORKZONE++\!!! Pietnastak\POLSKI DANCE 08 (2018) presented by robeck
2018.10.15 21:31:08-INFO: Skipped D:\++WORKZONE++\!!! Pietnastak\Q-Bass and Dj Brush - Rece do gory
2018.10.15 21:31:08-INFO: Skipped D:\++WORKZONE++\!!! Pietnastak\RMF Muzyka najlepsza pod sloncem 2018\RMF Muzyka najlepsza pod sloncem 2018 cd.1
2018.10.15 21:31:08-INFO: Skipped D:\++WORKZONE++\!!! Pietnastak\RMF Muzyka najlepsza pod sloncem 2018\RMF Muzyka najlepsza pod sloncem 2018 cd.2
2018.10.15 21:31:08-INFO: Skipped D:\++WORKZONE++\!!! Pietnastak\Sunrise_Festival_2017-Live-DVBC-AFO\Sunrise_Festival_2017-Armin_Van_Buuren_Live-DVBC-24-07-2017-AFO
2018.10.15 21:31:08-INFO: Skipped D:\++WORKZONE++\!!! Pietnastak\Sunrise_Festival_2017-Live-DVBC-AFO\Sunrise_Festival_2017-Bartes_Live-DVBC-21-07-2017-AFO
2018.10.15 21:31:08-INFO: Skipped D:\++WORKZONE++\!!! Pietnastak\Sunrise_Festival_2017-Live-DVBC-AFO\Sunrise_Festival_2017-Blinders_Live-DVBC-22-07-2017-AFO
2018.10.15 21:31:08-INFO: Skipped D:\++WORKZONE++\!!! Pietnastak\Sunrise_Festival_2017-Live-DVBC-AFO\Sunrise_Festival_2017-Chocolate_Puma_Live-DVBC-22-07-2017-AFO
2018.10.15 21:31:08-INFO: Skipped D:\++WORKZONE++\!!! Pietnastak\Sunrise_Festival_2017-Live-DVBC-AFO\Sunrise_Festival_2017-Dante_Klein_Live-DVBC-22-07-2017-AFO
2018.10.15 21:31:08-INFO: Skipped D:\++WORKZONE++\!!! Pietnastak\Sunrise_Festival_2017-Live-DVBC-AFO\Sunrise_Festival_2017-Dirty_Rush_and_Gregor_Es_Live-DVBC-21-07-2017-AFO
2018.10.15 21:31:08-INFO: Skipped D:\++WORKZONE++\!!! Pietnastak\Sunrise_Festival_2017-Live-DVBC-AFO\Sunrise_Festival_2017-Fafaq_Live-DVBC-22-07-2017-AFO
2018.10.15 21:31:08-INFO: Skipped D:\++WORKZONE++\!!! Pietnastak\Sunrise_Festival_2017-Live-DVBC-AFO\Sunrise_Festival_2017-Galantis_Live-DVBC-23-07-2017-AFO
2018.10.15 21:31:08-INFO: Skipped D:\++WORKZONE++\!!! Pietnastak\Sunrise_Festival_2017-Live-DVBC-AFO\Sunrise_Festival_2017-Gromee_Live-DVBC-22-07-2017-AFO
2018.10.15 21:31:08-INFO: Skipped D:\++WORKZONE++\!!! Pietnastak\Sunrise_Festival_2017-Live-DVBC-AFO\Sunrise_Festival_2017-Groovefore_Live-DVBC-22-07-2017-AFO
2018.10.15 21:31:08-INFO: Skipped D:\++WORKZONE++\!!! Pietnastak\Sunrise_Festival_2017-Live-DVBC-AFO\Sunrise_Festival_2017-Klingande_Live-DVBC-22-07-2017-AFO
2018.10.15 21:31:08-INFO: Skipped D:\++WORKZONE++\!!! Pietnastak\Sunrise_Festival_2017-Live-DVBC-AFO\Sunrise_Festival_2017-Kris_Kross_Amsterdam_Live-DVBC-21-07-2017-AFO
2018.10.15 21:31:08-INFO: Skipped D:\++WORKZONE++\!!! Pietnastak\Sunrise_Festival_2017-Live-DVBC-AFO\Sunrise_Festival_2017-Kuba_and_Neitan_Live-DVBC-21-07-2017-AFO
2018.10.15 21:31:08-INFO: Skipped D:\++WORKZONE++\!!! Pietnastak\Sunrise_Festival_2017-Live-DVBC-AFO\Sunrise_Festival_2017-Loui_and_Scibi_Live-DVBC-21-07-2017-AFO
2018.10.15 21:31:08-INFO: Skipped D:\++WORKZONE++\!!! Pietnastak\Sunrise_Festival_2017-Live-DVBC-AFO\Sunrise_Festival_2017-Lucas_and_Steve_Live-DVBC-23-07-2017-AFO
2018.10.15 21:31:08-INFO: Skipped D:\++WORKZONE++\!!! Pietnastak\Sunrise_Festival_2017-Live-DVBC-AFO\Sunrise_Festival_2017-Malaa_Live-DVBC-22-07-2017-AFO
2018.10.15 21:31:08-INFO: Skipped D:\++WORKZONE++\!!! Pietnastak\Sunrise_Festival_2017-Live-DVBC-AFO\Sunrise_Festival_2017-Martin_Solveig_Live-DVBC-23-07-2017-AFO
2018.10.15 21:31:08-INFO: Skipped D:\++WORKZONE++\!!! Pietnastak\Sunrise_Festival_2017-Live-DVBC-AFO\Sunrise_Festival_2017-Melo.Kids_Live-DVBC-22-07-2017-AFO
2018.10.15 21:31:08-INFO: Skipped D:\++WORKZONE++\!!! Pietnastak\Sunrise_Festival_2017-Live-DVBC-AFO\Sunrise_Festival_2017-Quintino_Live-DVBC-23-07-2017-AFO
2018.10.15 21:31:08-INFO: Skipped D:\++WORKZONE++\!!! Pietnastak\Sunrise_Festival_2017-Live-DVBC-AFO\Sunrise_Festival_2017-Roko_Live-DVBC-22-07-2017-AFO
2018.10.15 21:31:08-INFO: Skipped D:\++WORKZONE++\!!! Pietnastak\Sunrise_Festival_2017-Live-DVBC-AFO\Sunrise_Festival_2017-Shermanology_Live-DVBC-21-07-2017-AFO
2018.10.15 21:31:08-INFO: Skipped D:\++WORKZONE++\!!! Pietnastak\Sunrise_Festival_2017-Live-DVBC-AFO\Sunrise_Festival_2017-Yves_V_Live-DVBC-23-07-2017-AFO
2018.10.15 21:31:08-INFO: Skipped D:\++WORKZONE++\!!! Pietnastak\TECHNO
2018.10.15 21:31:08-INFO: Skipped D:\++WORKZONE++\!!! Pietnastak\TECHNO\!electrony! - Tronic (2017)
2018.10.15 21:31:08-INFO: Skipped D:\++WORKZONE++\!!! Pietnastak\TECHNO\(GOB169) Various - Future Sounds (2018)
2018.10.15 21:31:08-INFO: Skipped D:\++WORKZONE++\!!! Pietnastak\TECHNO\(wrk-01) Fadi Mohem - Reckless (2017)
2018.10.15 21:31:08-INFO: Skipped D:\++WORKZONE++\!!! Pietnastak\TECHNO\2017 VA - About Berlin Vol. 16 (2-CD)\CD-1
2018.10.15 21:31:08-INFO: Skipped D:\++WORKZONE++\!!! Pietnastak\TECHNO\2017 VA - About Berlin Vol. 16 (2-CD)\CD-2
2018.10.15 21:31:08-INFO: Skipped D:\++WORKZONE++\!!! Pietnastak\TECHNO\Agoria
2018.10.15 21:31:08-INFO: Skipped D:\++WORKZONE++\!!! Pietnastak\TECHNO\Alexander Kowalski - Cycles - 2018 (320 kbps)
2018.10.15 21:31:08-INFO: Skipped D:\++WORKZONE++\!!! Pietnastak\TECHNO\Anja Schneider - Loop De Mer [12'' Vinyl] (2007)
2018.10.15 21:31:08-INFO: Skipped D:\++WORKZONE++\!!! Pietnastak\TECHNO\Anja Schneider - SoMe - 2017 (320 kbps)
2018.10.15 21:31:08-INFO: Skipped D:\++WORKZONE++\!!! Pietnastak\TECHNO\Anja_Schneider_And_Lee_Van_Dowski-Deseo
2018.10.15 21:31:08-INFO: Skipped D:\++WORKZONE++\!!! Pietnastak\TECHNO\Audiction [320]\(2015.05.18) What [Minihard - MH30]
2018.10.15 21:31:08-INFO: Skipped D:\++WORKZONE++\!!! Pietnastak\TECHNO\Audiction [320]\(2017.11.21) Hold Me [Minihard - MH088]
2018.10.15 21:31:08-INFO: Skipped D:\++WORKZONE++\!!! Pietnastak\TECHNO\Blawan - Wet Will Always Dry - 2018 (320 kbps)
2018.10.15 21:31:08-INFO: Skipped D:\++WORKZONE++\!!! Pietnastak\TECHNO\Burger_Ink - 1996 - [Las Vegas]
2018.10.15 21:31:08-INFO: Skipped D:\++WORKZONE++\!!! Pietnastak\TECHNO\Carl Cox - F.A.C.T. vol.2\Disk 1
2018.10.15 21:31:08-INFO: Skipped D:\++WORKZONE++\!!! Pietnastak\TECHNO\Carl Cox - F.A.C.T. vol.2\Disk 2
2018.10.15 21:31:08-INFO: Skipped D:\++WORKZONE++\!!! Pietnastak\TECHNO\Carl Cox - Family Guy (Intec [ID016]) WEB - 2011
2018.10.15 21:31:08-INFO: Skipped D:\++WORKZONE++\!!! Pietnastak\TECHNO\Carl Cox - Mixed Live @ Crobar Nightclub, Chicago 2000
2018.10.15 21:31:08-INFO: Skipped D:\++WORKZONE++\!!! Pietnastak\TECHNO\Carl Cox Vs Yousef - I Want You
2018.10.15 21:31:08-INFO: Skipped D:\++WORKZONE++\!!! Pietnastak\TECHNO\Carl Cox – The Latin Theme [BUSH3015]-WEB-2010
2018.10.15 21:31:08-INFO: Skipped D:\++WORKZONE++\!!! Pietnastak\TECHNO\Daniel Avery - Song For Alpha - 2018 (320 kbps)
2018.10.15 21:31:08-INFO: Skipped D:\++WORKZONE++\!!! Pietnastak\TECHNO\DJ HELGA
2018.10.15 21:31:08-INFO: Skipped D:\++WORKZONE++\!!! Pietnastak\TECHNO\DJ HELGA\dj Helga - maniac in electric city
2018.10.15 21:31:08-INFO: Skipped D:\++WORKZONE++\!!! Pietnastak\TECHNO\DJ HELGA\Dj_Helga_-_Vsia_muzika_prisnilas_mne_v_moskovskoi_kvartire
2018.10.15 21:31:08-INFO: Skipped D:\++WORKZONE++\!!! Pietnastak\TECHNO\Donato Dozzy - 2018 - Filo Loves The Acid
2018.10.15 21:31:08-INFO: Skipped D:\++WORKZONE++\!!! Pietnastak\TECHNO\Harry Light - Northern Lights - 2018 [320]
2018.10.15 21:31:08-INFO: Skipped D:\++WORKZONE++\!!! Pietnastak\TECHNO\Herzblut Recordings\HERZ 05-3 Stephan_Bodzin_-_Liebe_Is
2018.10.15 21:31:08-INFO: Skipped D:\++WORKZONE++\!!! Pietnastak\TECHNO\Herzblut Recordings\HERZBLUT 01 stephan_bodzin-kerosene_ep
2018.10.15 21:31:08-INFO: Skipped D:\++WORKZONE++\!!! Pietnastak\TECHNO\Herzblut Recordings\HERZBLUT 02 Stephan Bodzin - Valentine
2018.10.15 21:31:08-INFO: Skipped D:\++WORKZONE++\!!! Pietnastak\TECHNO\Herzblut Recordings\HERZBLUT 03 Marc Romboy and Stephan Bodzin - Puck-Io
2018.10.15 21:31:08-INFO: Skipped D:\++WORKZONE++\!!! Pietnastak\TECHNO\Herzblut Recordings\HERZBLUT 06 stephan bodzin vs marc romboy - ariel
2018.10.15 21:31:08-INFO: Skipped D:\++WORKZONE++\!!! Pietnastak\TECHNO\Herzblut Recordings\HERZBLUT 07 super flu - brink mbeetlewater (2007)
2018.10.15 21:31:08-INFO: Skipped D:\++WORKZONE++\!!! Pietnastak\TECHNO\Herzblut Recordings\HERZBLUT 08 Nicolas Masseyeff - Deva
2018.10.15 21:31:08-INFO: Skipped D:\++WORKZONE++\!!! Pietnastak\TECHNO\Herzblut Recordings\HERZBLUT 09 Stephan Bodzin - Bremen-Ost
2018.10.15 21:31:08-INFO: Skipped D:\++WORKZONE++\!!! Pietnastak\TECHNO\Herzblut Recordings\HERZBLUT 10 Super Flu - Zinnober
2018.10.15 21:31:08-INFO: Skipped D:\++WORKZONE++\!!! Pietnastak\TECHNO\Herzblut Recordings\HERZBLUT 11 Florian_Meindl-Aorta
2018.10.15 21:31:08-INFO: Skipped D:\++WORKZONE++\!!! Pietnastak\TECHNO\Herzblut Recordings\HERZBLUT 12 Hennon-Ear_To_Mouth
2018.10.15 21:31:08-INFO: Skipped D:\++WORKZONE++\!!! Pietnastak\TECHNO\Herzblut Recordings\HERZBLUT 13 Erphun-Maziratee
2018.10.15 21:31:08-INFO: Skipped D:\++WORKZONE++\!!! Pietnastak\TECHNO\Herzblut Recordings\HERZBLUT 14 Nicolas_Masseyeff-Asymetrik
2018.10.15 21:31:08-INFO: Skipped D:\++WORKZONE++\!!! Pietnastak\TECHNO\Herzblut Recordings\HERZBLUT 15 Ramon_Tapia-Whats_Next
2018.10.15 21:31:08-INFO: Skipped D:\++WORKZONE++\!!! Pietnastak\TECHNO\Herzblut Recordings\HERZBLUT 16 Super Flu - Puma Okay
2018.10.15 21:31:08-INFO: Skipped D:\++WORKZONE++\!!! Pietnastak\TECHNO\Herzblut Recordings\HERZBLUT 17 Nicolas Masseyeff - Modul8
2018.10.15 21:31:08-INFO: Skipped D:\++WORKZONE++\!!! Pietnastak\TECHNO\Herzblut Recordings\HERZBLUT 18 Nicolas Masseyeff - No More Time
2018.10.15 21:31:08-INFO: Skipped D:\++WORKZONE++\!!! Pietnastak\TECHNO\Herzblut Recordings\HERZBLUT 19 Dapayk Solo - Futu EP (2010)
2018.10.15 21:31:08-INFO: Skipped D:\++WORKZONE++\!!! Pietnastak\TECHNO\Herzblut Recordings\HERZBLUT 20 Marc Romboy - 616 Seconds (2010)
2018.10.15 21:31:08-INFO: Skipped D:\++WORKZONE++\!!! Pietnastak\TECHNO\Herzblut Recordings\HERZBLUT 21 Dapayk Solo - Bevita (2011)
2018.10.15 21:31:08-INFO: Skipped D:\++WORKZONE++\!!! Pietnastak\TECHNO\Herzblut Recordings\HERZBLUTDIGITAL01 VA - Herzblut Pur (Mixed By Nicolas Masseyeff) (2009)
2018.10.15 21:31:08-INFO: Skipped D:\++WORKZONE++\!!! Pietnastak\TECHNO\Jonra & EMachinery - The Difference (2017)
2018.10.15 21:31:08-INFO: Skipped D:\++WORKZONE++\!!! Pietnastak\TECHNO\Marusha-Rave_Satellite-WEB-2018-ENSLAVE
2018.10.15 21:31:08-INFO: Skipped D:\++WORKZONE++\!!! Pietnastak\TECHNO\Masterboy & Beatrix Delgado - Are You Ready (We Love The 90's) (2018) 320
2018.10.15 21:31:08-INFO: Skipped D:\++WORKZONE++\!!! Pietnastak\TECHNO\Moz_Design_-_Forgotten Impacts_2014 [Mp3 320Kbps]
2018.10.15 21:31:08-INFO: Skipped D:\++WORKZONE++\!!! Pietnastak\TECHNO\Oliver Schories - Blitzbahn - 2018 (320 kbps)
2018.10.15 21:31:08-INFO: Skipped D:\++WORKZONE++\!!! Pietnastak\TECHNO\Oscar Mulero - Perfect Peace - 2018 (320 kbps)
2018.10.15 21:31:08-INFO: Skipped D:\++WORKZONE++\!!! Pietnastak\TECHNO\Paranerd - 2017 - Silktrops [320]
2018.10.15 21:31:08-INFO: Skipped D:\++WORKZONE++\!!! Pietnastak\TECHNO\Solomun & Stimming - Challenge Everyday-(DIYNAMIC052)-WEB-2011
2018.10.15 21:31:08-INFO: Skipped D:\++WORKZONE++\!!! Pietnastak\TECHNO\Solomun - Dance Baby (DIYNAMIC031) WEB, Album
2018.10.15 21:31:08-INFO: Skipped D:\++WORKZONE++\!!! Pietnastak\TECHNO\Solomun - YesNoMaybe EP (Diynamic Music [DIYNAMIC065]) WEB - 2013
2018.10.15 21:31:08-INFO: Skipped D:\++WORKZONE++\!!! Pietnastak\TECHNO\Solomun--Remix_Session_05-(DIYNAMIC036)-WEB-2010-SiBERiA
2018.10.15 21:31:08-INFO: Skipped D:\++WORKZONE++\!!! Pietnastak\TECHNO\Super Flu - Halle Saale Remixed [807297563016]-2014
2018.10.15 21:31:08-INFO: Skipped D:\++WORKZONE++\!!! Pietnastak\TECHNO\Super Flu - Musik 3 (2017)
2018.10.15 21:31:08-INFO: Skipped D:\++WORKZONE++\!!! Pietnastak\TECHNO\Super Flu - Volkwein Remixed [4250644882661]-2015
2018.10.15 21:31:08-INFO: Skipped D:\++WORKZONE++\!!! Pietnastak\TECHNO\Super_Flu-Shine-(MONA01)-WEB-2009-MK2
2018.10.15 21:31:08-INFO: Skipped D:\++WORKZONE++\!!! Pietnastak\TECHNO\Torsten Kanzler - Home - 2018 (320 kbps)
2018.10.15 21:31:08-INFO: Skipped D:\++WORKZONE++\!!! Pietnastak\TECHNO\Totally Mobilee - Anja Schneider Collection Vol. 1 (2012)
2018.10.15 21:31:08-INFO: Skipped D:\++WORKZONE++\!!! Pietnastak\TECHNO\U96 - 2018 - REBOOT
2018.10.15 21:31:08-INFO: Skipped D:\++WORKZONE++\!!! Pietnastak\TECHNO\VA - About Berlin Vol.10 [00600753607626]-2015
2018.10.15 21:31:08-INFO: Skipped D:\++WORKZONE++\!!! Pietnastak\TECHNO\VA - Carl Cox At Space The Revolution Continues (CCSPACE0102) - 2010
2018.10.15 21:31:08-INFO: Skipped D:\++WORKZONE++\!!! Pietnastak\TECHNO\VA - Carl Cox At Space The Revolution Recruits (Safehouse Management [CCSPACE 012-2]) - 2012\CD1
2018.10.15 21:31:08-INFO: Skipped D:\++WORKZONE++\!!! Pietnastak\TECHNO\VA - Carl Cox At Space The Revolution Recruits (Safehouse Management [CCSPACE 012-2]) - 2012\CD2
2018.10.15 21:31:08-INFO: Skipped D:\++WORKZONE++\!!! Pietnastak\TECHNO\VA - Space Ibiza 2016 [WEB][mp3-320]
2018.10.15 21:31:08-INFO: Skipped D:\++WORKZONE++\!!! Pietnastak\TECHNO\VA-About_Berlin_Vol._6-2CD-2014-BFHMP3
2018.10.15 21:31:08-INFO: Skipped D:\++WORKZONE++\!!! Pietnastak\TECHNO\VA-About_Berlin_Vol_8-3CD-2014-VOiCE
2018.10.15 21:31:08-INFO: Skipped D:\++WORKZONE++\!!! Pietnastak\TECHNO\VA-About_Berlin_Vol_9-2CD-2015-VOiCE
2018.10.15 21:31:08-INFO: Skipped D:\++WORKZONE++\!!! Pietnastak\TECHNO\Woo York - Chasing The Dream - 2018 (320 kbps)
2018.10.15 21:31:08-INFO: Skipped D:\++WORKZONE++\!!! Pietnastak\TECHNO\Yan Cook [2011 - 2018] [320]\Albums\(2012) X LP (SILENTSTEPS05)
2018.10.15 21:31:08-INFO: Skipped D:\++WORKZONE++\!!! Pietnastak\TECHNO\Yan Cook [2011 - 2018] [320]\Albums\(2016) XX (PRRUKBLK010)
2018.10.15 21:31:08-INFO: Skipped D:\++WORKZONE++\!!! Pietnastak\TECHNO\Yan Cook [2011 - 2018] [320]\Singles & EPs\(2011) Outbreak (BA027)
2018.10.15 21:31:08-INFO: Skipped D:\++WORKZONE++\!!! Pietnastak\TECHNO\Yan Cook [2011 - 2018] [320]\Singles & EPs\(2012) 2x2 (ann2x2)
2018.10.15 21:31:08-INFO: Skipped D:\++WORKZONE++\!!! Pietnastak\TECHNO\Yan Cook [2011 - 2018] [320]\Singles & EPs\(2012) Brood Remixes 02 (BAL003)
2018.10.15 21:31:08-INFO: Skipped D:\++WORKZONE++\!!! Pietnastak\TECHNO\Yan Cook [2011 - 2018] [320]\Singles & EPs\(2012) DD#1 (BSM015)
2018.10.15 21:31:08-INFO: Skipped D:\++WORKZONE++\!!! Pietnastak\TECHNO\Yan Cook [2011 - 2018] [320]\Singles & EPs\(2012) F.1 (LABD134)
2018.10.15 21:31:08-INFO: Skipped D:\++WORKZONE++\!!! Pietnastak\TECHNO\Yan Cook [2011 - 2018] [320]\Singles & EPs\(2012) Intruder ()
2018.10.15 21:31:08-INFO: Skipped D:\++WORKZONE++\!!! Pietnastak\TECHNO\Yan Cook [2011 - 2018] [320]\Singles & EPs\(2013) Alptraum (SILENT023D)
2018.10.15 21:31:08-INFO: Skipped D:\++WORKZONE++\!!! Pietnastak\TECHNO\Yan Cook [2011 - 2018] [320]\Singles & EPs\(2013) Drag Me (YR027)
2018.10.15 21:31:08-INFO: Skipped D:\++WORKZONE++\!!! Pietnastak\TECHNO\Yan Cook [2011 - 2018] [320]\Singles & EPs\(2013) Jammed (Steil 2013)
2018.10.15 21:31:08-INFO: Skipped D:\++WORKZONE++\!!! Pietnastak\TECHNO\Yan Cook [2011 - 2018] [320]\Singles & EPs\(2013) Spiegeln EP (CUB006)
2018.10.15 21:31:08-INFO: Skipped D:\++WORKZONE++\!!! Pietnastak\TECHNO\Yan Cook [2011 - 2018] [320]\Singles & EPs\(2013) W (VOK021)
2018.10.15 21:31:08-INFO: Skipped D:\++WORKZONE++\!!! Pietnastak\TECHNO\Yan Cook [2011 - 2018] [320]\Singles & EPs\(2014) Berg (ON004)
2018.10.15 21:31:08-INFO: Skipped D:\++WORKZONE++\!!! Pietnastak\TECHNO\Yan Cook [2011 - 2018] [320]\Singles & EPs\(2014) Deformer (PRRUKLTDYC)
2018.10.15 21:31:08-INFO: Skipped D:\++WORKZONE++\!!! Pietnastak\TECHNO\Yan Cook [2011 - 2018] [320]\Singles & EPs\(2014) Enter
2018.10.15 21:31:08-INFO: Skipped D:\++WORKZONE++\!!! Pietnastak\TECHNO\Yan Cook [2011 - 2018] [320]\Singles & EPs\(2014) Essential Wave (SILENTSTEPS08)
2018.10.15 21:31:08-INFO: Skipped D:\++WORKZONE++\!!! Pietnastak\TECHNO\Yan Cook [2011 - 2018] [320]\Singles & EPs\(2014) Gravity (109DSR,YCK1)
2018.10.15 21:31:08-INFO: Skipped D:\++WORKZONE++\!!! Pietnastak\TECHNO\Yan Cook [2011 - 2018] [320]\Singles & EPs\(2014) Melter (DREF023)
2018.10.15 21:31:08-INFO: Skipped D:\++WORKZONE++\!!! Pietnastak\TECHNO\Yan Cook [2011 - 2018] [320]\Singles & EPs\(2014) Morse (ann4x4)
2018.10.15 21:31:08-INFO: Skipped D:\++WORKZONE++\!!! Pietnastak\TECHNO\Yan Cook [2011 - 2018] [320]\Singles & EPs\(2015) Alpha , Sigma (SILENT29D)
2018.10.15 21:31:08-INFO: Skipped D:\++WORKZONE++\!!! Pietnastak\TECHNO\Yan Cook [2011 - 2018] [320]\Singles & EPs\(2015) Dead End (PRRUK D008)
2018.10.15 21:31:08-INFO: Skipped D:\++WORKZONE++\!!! Pietnastak\TECHNO\Yan Cook [2011 - 2018] [320]\Singles & EPs\(2015) Heat (PRRUKD012)
2018.10.15 21:31:08-INFO: Skipped D:\++WORKZONE++\!!! Pietnastak\TECHNO\Yan Cook [2011 - 2018] [320]\Singles & EPs\(2015) Inverted (VIBE009)
2018.10.15 21:31:08-INFO: Skipped D:\++WORKZONE++\!!! Pietnastak\TECHNO\Yan Cook [2011 - 2018] [320]\Singles & EPs\(2015) Shift (PRRUKLTDYC2)
2018.10.15 21:31:08-INFO: Skipped D:\++WORKZONE++\!!! Pietnastak\TECHNO\Yan Cook [2011 - 2018] [320]\Singles & EPs\(2016) Loophole (PRRUKBLK013)
2018.10.15 21:31:08-INFO: Skipped D:\++WORKZONE++\!!! Pietnastak\TECHNO\Yan Cook [2011 - 2018] [320]\Singles & EPs\(2017) Arrival (COOKED01)
2018.10.15 21:31:08-INFO: Skipped D:\++WORKZONE++\!!! Pietnastak\TECHNO\Yan Cook [2011 - 2018] [320]\Singles & EPs\(2017) Dialogue (inertia-7)
2018.10.15 21:31:08-INFO: Skipped D:\++WORKZONE++\!!! Pietnastak\TECHNO\Yan Cook [2011 - 2018] [320]\Singles & EPs\(2017) Hidden Message (ARTSLTDD002)
2018.10.15 21:31:08-INFO: Skipped D:\++WORKZONE++\!!! Pietnastak\TECHNO\Yan Cook [2011 - 2018] [320]\Singles & EPs\(2017) Magnesia (ETG021)
2018.10.15 21:31:08-INFO: Skipped D:\++WORKZONE++\!!! Pietnastak\TECHNO\Yan Cook [2011 - 2018] [320]\Singles & EPs\(2017) Old Friend (PRRUKLTDYCMS)
2018.10.15 21:31:08-INFO: Skipped D:\++WORKZONE++\!!! Pietnastak\TECHNO\Yan Cook [2011 - 2018] [320]\Singles & EPs\(2017) Razor Sharp (COOKED 02)
2018.10.15 21:31:08-INFO: Skipped D:\++WORKZONE++\!!! Pietnastak\TECHNO\Yan Cook [2011 - 2018] [320]\Singles & EPs\(2018) Graphite (ARTS032)
2018.10.15 21:31:08-INFO: Skipped D:\++WORKZONE++\!!! Pietnastak\TECHNO\Yan Cook [2011 - 2018] [320]\Singles & EPs\(2018) Perfect Mess (COOKED03)
2018.10.15 21:31:08-INFO: Skipped D:\++WORKZONE++\!!! Pietnastak\TECHNO\Yan Cook [2011 - 2018] [320]\Singles & EPs\(2018) Wide Angle (SOMA515D)
2018.10.15 21:31:08-INFO: Skipped D:\++WORKZONE++\!!! Pietnastak\TECHNO\[BUSH3038] Carl Cox - The Player (Beats and Dubs) [2012]
2018.10.15 21:31:08-INFO: Skipped D:\++WORKZONE++\!!! Pietnastak\TECHNO\[MOBILEE072] Anja Schneider - Pushin (2010)
2018.10.15 21:31:08-INFO: Skipped D:\++WORKZONE++\!!! Pietnastak\TECHNO\[MONA0076] Super Flu - Heimatmelodien [Remixes] (2010)
2018.10.15 21:31:08-INFO: Skipped D:\++WORKZONE++\!!! Pietnastak\TECHNO\[NMW029] Superfunk & Ron Carroll - Lucky Star (2011)
2018.10.15 21:31:08-INFO: Skipped D:\++WORKZONE++\!!! Pietnastak\TECHNO\[WGVINYL05] Tiefschwarz - Corporate Butcher (2011)
2018.10.15 21:31:08-INFO: Skipped D:\++WORKZONE++\!!! Pietnastak\VA-BEST.OF.KLUBOWA.SELEKCJA.2017-leon1985
2018.10.15 21:31:08-INFO: Skipped D:\++WORKZONE++\!!! Pietnastak\VA-Bravo Hits Wiosna 2018
2018.10.15 21:31:08-INFO: Skipped D:\++WORKZONE++\!!! Pietnastak\VA-DJ_Promotion_CD_Pool_Big_Room_EDM_440-2018-B2R
2018.10.15 21:31:08-INFO: Skipped D:\++WORKZONE++\!!! Pietnastak\VA-DJ_Promotion_CD_Pool_Big_Room_EDM_442-2018-B2R
2018.10.15 21:31:08-INFO: Skipped D:\++WORKZONE++\!!! Pietnastak\VA-DJ_Promotion_CD_Pool_House_Mixes_(492-493)-2018-B2R\VA-DJ_Promotion_CD_Pool_House_Mixes_492-2018-B2R
2018.10.15 21:31:08-INFO: Skipped D:\++WORKZONE++\!!! Pietnastak\VA-DJ_Promotion_CD_Pool_House_Mixes_(492-493)-2018-B2R\VA-DJ_Promotion_CD_Pool_House_Mixes_493-2018-B2R
2018.10.15 21:31:08-INFO: Skipped D:\++WORKZONE++\!!! Pietnastak\VA-DJ_Promotion_CD_Pool_House_Mixes_(496-498)-2018-B2R\VA-DJ_Promotion_CD_Pool_House_Mixes_496-2018-B2R
2018.10.15 21:31:08-INFO: Skipped D:\++WORKZONE++\!!! Pietnastak\VA-DJ_Promotion_CD_Pool_House_Mixes_(496-498)-2018-B2R\VA-DJ_Promotion_CD_Pool_House_Mixes_497-2018-B2R
2018.10.15 21:31:08-INFO: Skipped D:\++WORKZONE++\!!! Pietnastak\VA-DJ_Promotion_CD_Pool_House_Mixes_(496-498)-2018-B2R\VA-DJ_Promotion_CD_Pool_House_Mixes_498-2018-B2R
2018.10.15 21:31:08-INFO: Skipped D:\++WORKZONE++\!!! Pietnastak\VA-DJ_Promotion_CD_Pool_Polska_203-PL-2018-B2RPL
2018.10.15 21:31:08-INFO: Skipped D:\++WORKZONE++\!!! Pietnastak\VA-DJ_Promotion_CD_Pool_Polska_205-PL-2018-B2RPL
2018.10.15 21:31:08-INFO: Skipped D:\++WORKZONE++\!!! Pietnastak\VA-DJ_Promotion_CD_Pool_Polska_213-PL-2018-B2RPL
2018.10.15 21:31:08-INFO: Skipped D:\++WORKZONE++\!!! Pietnastak\VA-DJ_Promotion_CD_Pool_Polska_214-PL-2018-B2RPL
2018.10.15 21:31:08-INFO: Skipped D:\++WORKZONE++\!!! Pietnastak\VA-Fresh Hits Wiosna 2018
2018.10.15 21:31:08-INFO: Skipped D:\++WORKZONE++\!!! Pietnastak\VA-Impreska Volume 31
2018.10.15 21:31:08-INFO: Skipped D:\++WORKZONE++\!!! Pietnastak\VA-KLUBOWA.SELEKCJA.LISTOPAD.GRUDZIEN.2017-leon1985
2018.10.15 21:31:08-INFO: Skipped D:\++WORKZONE++\!!! Pietnastak\VA-KLUBOWA.SELEKCJA.LISTOPAD.GRUDZIEN.VOL.2.2017-leon1985
2018.10.15 21:31:08-INFO: Skipped D:\++WORKZONE++\!!! Pietnastak\VA-KLUBOWA.SELEKCJA.MAJ.CZERWIEC.2018-leon1985
2018.10.15 21:31:08-INFO: Skipped D:\++WORKZONE++\!!! Pietnastak\VA-KLUBOWA.SELEKCJA.STYCZEN.LUTY.2018-leon1985
2018.10.15 21:31:08-INFO: Skipped D:\++WORKZONE++\!!! Pietnastak\VA-POKRECONA.SELEKCJA.VOL.5.2018-leon1985
2018.10.15 21:31:08-INFO: Skipped D:\++WORKZONE++\!!! Pietnastak\VA-Progressive_Summer_Session_2018-(FAB071)-WEB-2018-iHR
2018.10.15 21:31:08-INFO: Skipped D:\++WORKZONE++\!!! Pietnastak\VA-Underground_Psy-Trance_Anthems_Vol_02-(LWUPTA02)-WEB-2018-iHR
2018.10.15 21:31:08-INFO: Skipped D:\++WORKZONE++\!!! Pietnastak\VA-Wow Najwieksze Hity Na Wiosne 2018
2018.10.15 21:31:08-INFO: Skipped D:\++WORKZONE++\!!! Pietnastak\VA_-_Black_Hole_Recordings_Best_Of_2017-WEB-2017-MMS
2018.10.15 21:31:08-INFO: Skipped D:\++WORKZONE++\!!! Pietnastak\VA_-_Blue_Tunes_Mega_Pack-(BTRDR484)-WEB-2017-ZzZz
2018.10.15 21:31:08-INFO: Skipped D:\++WORKZONE++\!!! Pietnastak\VA_-_EDM_Deejay_Compilation_2018-WEB-2018-ZzZz
2018.10.15 21:31:08-INFO: Skipped D:\++WORKZONE++\!!! Pietnastak\VA_-_Hardstyle_Classics_Part_2-WEB-2018-MMS
2018.10.15 21:31:08-INFO: Skipped D:\++WORKZONE++\!!! Pietnastak\VA_-_Ibiza_the_Best_of_Party-(10138884)-WEB-2018-ZzZz
2018.10.15 21:31:08-INFO: Skipped D:\++WORKZONE++\!!! Pietnastak\VA_-_Planeta_Mix_Hits_2018_Summer_Edition-_PDM612_-WEB-2018-ZzZz\VA_-_Planeta_Mix_Hits_2018_Summer_Edition-_PDM612_-WEB-2018-ZzZz
2018.10.15 21:31:08-INFO: Skipped D:\++WORKZONE++\!!! SCRATCH SAMPLES
2018.10.15 21:31:08-INFO: Skipped D:\++WORKZONE++\!!! Unknown (do przes³uchania)
2018.10.15 21:31:08-INFO: Skipped D:\++WORKZONE++\!!! Unknown (do przes³uchania)\abu sokolow
2018.10.15 21:31:08-INFO: Skipped D:\++WORKZONE++\!!! WTF\!!!!____Bob Marley & The Wailers - 1967 - Keep On Skanking
2018.10.15 21:31:08-INFO: Skipped D:\++WORKZONE++\!!! WTF\!!!!____Bob Marley & The Wailers - 1972 - Satisfy My Soul
2018.10.15 21:31:08-INFO: Skipped D:\++WORKZONE++\!!! WTF\213 (2004) - The Hard Way
2018.10.15 21:31:08-INFO: Skipped D:\++WORKZONE++\!!! WTF\213 (2004) - The Hard Way II
2018.10.15 21:31:08-INFO: Skipped D:\++WORKZONE++\!!! WTF\213 - The Hard Way (2004)
2018.10.15 21:31:08-INFO: Skipped D:\++WORKZONE++\!!! WTF\2pac\tup remix
2018.10.15 21:31:08-INFO: Skipped D:\++WORKZONE++\!!! WTF\2pac\Various Artists - 2pac & Friends
2018.10.15 21:31:08-INFO: Skipped D:\++WORKZONE++\!!! WTF\2Pac (2002) - Maximum
2018.10.15 21:31:08-INFO: Skipped D:\++WORKZONE++\!!! WTF\2Pac (2003) - Resurrection
2018.10.15 21:31:08-INFO: Skipped D:\++WORKZONE++\!!! WTF\2Pac (2004) - Heart Of A Thug - A Ghetto Gospel
2018.10.15 21:31:08-INFO: Skipped D:\++WORKZONE++\!!! WTF\Afrika Bambata - CanaPower
2018.10.15 21:31:08-INFO: Skipped D:\++WORKZONE++\!!! WTF\afrika.bambaataa.&.westbam.pres.i.f.o._agharta._.the.city.of.shamballa.cd-maxi.(eac.alt.pres.extreme)\agharta
2018.10.15 21:31:08-INFO: Skipped D:\++WORKZONE++\!!! WTF\afrika.bambaataa.&.westbam.pres.i.f.o._agharta._.the.city.of.shamballa.cd-maxi.(eac.alt.pres.extreme)\agharta (technolectro mix)
2018.10.15 21:31:08-INFO: Skipped D:\++WORKZONE++\!!! WTF\afrika_bambaataa-time_zone-thy_will_b_funk-1992-pnx
2018.10.15 21:31:08-INFO: Skipped D:\++WORKZONE++\!!! WTF\Akon - In Your Eyes (2005) - Torrentazos Verifier Par Divxorama Net\Akon - In Your Eyes (2005) - R&B (No Oficial Album) - www.torrentazos.com By FEFE2003
2018.10.15 21:31:08-INFO: Skipped D:\++WORKZONE++\!!! WTF\Alice Cooper - Alice Does Alice 2010
2018.10.15 21:31:08-INFO: Skipped D:\++WORKZONE++\!!! WTF\Alice Cooper - HiFive (2005)
2018.10.15 21:31:08-INFO: Skipped D:\++WORKZONE++\!!! WTF\Alice Cooper - Science Fiction (1991)
2018.10.15 21:31:08-INFO: Skipped D:\++WORKZONE++\!!! WTF\Big L - Devils Son
2018.10.15 21:31:08-INFO: Skipped D:\++WORKZONE++\!!! WTF\Kool G Rap (2002) - The Giancana Story
2018.10.15 21:31:08-INFO: Skipped D:\++WORKZONE++\!!! WTF\Lupe Fiasco (2006) - Food & Liquor hmm
2018.10.15 21:31:08-INFO: Skipped D:\++WORKZONE++\!!! WTF\Snoop Dogg (2004) - R&G (Rhythm & Gangsta)_ The Masterpiece
2018.10.15 21:31:08-INFO: Skipped D:\++WORKZONE++\!!! WTF\Story Of The Year - acoustic
2018.10.15 21:31:08-INFO: Skipped D:\++WORKZONE++\!!! WTF\Warren G (2005) - In The Midnite Hour !!!
2018.10.15 21:31:08-INFO: Skipped D:\++WORKZONE++\!!! WTF\with Eric Truffaz
2018.10.15 21:31:08-INFO: Skipped D:\++WORKZONE++\!!!--INCOMPLETE--\!!!--INCOMPLETE-- Afrika Bambaataa (2004) - Dark Matter Moving at the Speed of Light
2018.10.15 21:31:08-INFO: Skipped D:\++WORKZONE++\!!!--INCOMPLETE--\!!!--INCOMPLETE-- Afrika bambata\Nowy folder
2018.10.15 21:31:08-INFO: Skipped D:\++WORKZONE++\!!!--INCOMPLETE--\!!!--INCOMPLETE-- Afrika bambata\Nowy folder (2)
2018.10.15 21:31:08-INFO: Skipped D:\++WORKZONE++\!!!--INCOMPLETE--\!!!--INCOMPLETE-- Afrika bambata\Nowy folder (3)
2018.10.15 21:31:08-INFO: Skipped D:\++WORKZONE++\!!!--INCOMPLETE--\!!!--INCOMPLETE-- Afrika bambata\Nowy folder (4)
2018.10.15 21:31:08-INFO: Skipped D:\++WORKZONE++\!!!--INCOMPLETE--\!!!--INCOMPLETE-- Alians 2003 -Pelnia
2018.10.15 21:31:08-INFO: Skipped D:\++WORKZONE++\!!!--INCOMPLETE--\!!!--INCOMPLETE-- Amy Grant Greatest Hits 1986-2004
2018.10.15 21:31:08-INFO: Skipped D:\++WORKZONE++\!!!--INCOMPLETE--\!!!--INCOMPLETE-- Amy Grant-The Christmas Collection2008
2018.10.15 21:31:08-INFO: Skipped D:\++WORKZONE++\!!!--INCOMPLETE--\!!!--INCOMPLETE-- Baby Bash - Tha Smokin' Nephew
2018.10.15 21:31:08-INFO: Skipped D:\++WORKZONE++\!!!--INCOMPLETE--\!!!--INCOMPLETE-- Bomfunk MC's (1999) - In Stereo
2018.10.15 21:31:08-INFO: Skipped D:\++WORKZONE++\!!!--INCOMPLETE--\!!!--INCOMPLETE-- Ca³a Góra Barwinków (2004) - Ca³a Góra Barwinków
2018.10.15 21:31:08-INFO: Skipped D:\++WORKZONE++\!!!--INCOMPLETE--\!!!--INCOMPLETE-- Ca³a Góra Barwinków (2007) - 24 godziny
2018.10.15 21:31:08-INFO: Skipped D:\++WORKZONE++\!!!--INCOMPLETE--\!!!--INCOMPLETE-- Chamilionaire - The Sound of Revenge
2018.10.15 21:31:08-INFO: Skipped D:\++WORKZONE++\!!!--INCOMPLETE--\!!!--INCOMPLETE-- Common - Basement Evolution
2018.10.15 21:31:08-INFO: Skipped D:\++WORKZONE++\!!!--INCOMPLETE--\!!!--INCOMPLETE-- Creedence Clearwater Revival (1976) - Chronicle, Vol. 1
2018.10.15 21:31:08-INFO: Skipped D:\++WORKZONE++\!!!--INCOMPLETE--\!!!--INCOMPLETE-- Cut Killer - Summer Tour 2003
2018.10.15 21:31:08-INFO: Skipped D:\++WORKZONE++\!!!--INCOMPLETE--\!!!--INCOMPLETE-- Da Lench Mob (1992) - Guerillas In Tha Mist
2018.10.15 21:31:08-INFO: Skipped D:\++WORKZONE++\!!!--INCOMPLETE--\!!!--INCOMPLETE-- David Knopfler - Ship Of Dreams
2018.10.15 21:31:08-INFO: Skipped D:\++WORKZONE++\!!!--INCOMPLETE--\!!!--INCOMPLETE-- Dezerter - Blasfemia
2018.10.15 21:31:08-INFO: Skipped D:\++WORKZONE++\!!!--INCOMPLETE--\!!!--INCOMPLETE-- Dezerter - Decyduj¹ce Starcie
2018.10.15 21:31:08-INFO: Skipped D:\++WORKZONE++\!!!--INCOMPLETE--\!!!--INCOMPLETE-- DJ Premier (1996) - Crooklyn Cuts (tape A)
2018.10.15 21:31:08-INFO: Skipped D:\++WORKZONE++\!!!--INCOMPLETE--\!!!--INCOMPLETE-- DJ Premier (1996) - Crooklyn Cuts (tape C)
2018.10.15 21:31:08-INFO: Skipped D:\++WORKZONE++\!!!--INCOMPLETE--\!!!--INCOMPLETE-- Edyta Bartosiewicz (1998) - Wodospady
2018.10.15 21:31:08-INFO: Skipped D:\++WORKZONE++\!!!--INCOMPLETE--\!!!--INCOMPLETE-- Eminem (1995) - Infinite
2018.10.15 21:31:08-INFO: Skipped D:\++WORKZONE++\!!!--INCOMPLETE--\!!!--INCOMPLETE-- Eminem (1999) - The Slim Shady LP
2018.10.15 21:31:08-INFO: Skipped D:\++WORKZONE++\!!!--INCOMPLETE--\!!!--INCOMPLETE-- Eminem - Marshall Mathers
2018.10.15 21:31:08-INFO: Skipped D:\++WORKZONE++\!!!--INCOMPLETE--\!!!--INCOMPLETE-- Eminem - The Eminem Show
2018.10.15 21:31:08-INFO: Skipped D:\++WORKZONE++\!!!--INCOMPLETE--\!!!--INCOMPLETE-- Fat Joe (2002) - Loyalty
2018.10.15 21:31:08-INFO: Skipped D:\++WORKZONE++\!!!--INCOMPLETE--\!!!--INCOMPLETE-- Foesum (1996) - Perfection
2018.10.15 21:31:08-INFO: Skipped D:\++WORKZONE++\!!!--INCOMPLETE--\!!!--INCOMPLETE-- Hey (1994) - Ho!
2018.10.15 21:31:08-INFO: Skipped D:\++WORKZONE++\!!!--INCOMPLETE--\!!!--INCOMPLETE-- Hey (1999) - Hey
2018.10.15 21:31:08-INFO: Skipped D:\++WORKZONE++\!!!--INCOMPLETE--\!!!--INCOMPLETE-- Inspectah Deck (2006) - The Resident Patient
2018.10.15 21:31:08-INFO: Skipped D:\++WORKZONE++\!!!--INCOMPLETE--\!!!--INCOMPLETE-- Killaz Group (2002) - Nokaut
2018.10.15 21:31:08-INFO: Skipped D:\++WORKZONE++\!!!--INCOMPLETE--\!!!--INCOMPLETE-- King Tee (1990) - At Your Own Risk
2018.10.15 21:31:08-INFO: Skipped D:\++WORKZONE++\!!!--INCOMPLETE--\!!!--INCOMPLETE-- Ludacris (2000) - Back for the First Time
2018.10.15 21:31:08-INFO: Skipped D:\++WORKZONE++\!!!--INCOMPLETE--\!!!--INCOMPLETE-- Master_P_-_Ghetto_D
2018.10.15 21:31:08-INFO: Skipped D:\++WORKZONE++\!!!--INCOMPLETE--\!!!--INCOMPLETE-- Mor W.A. (2000) - Te S³owa Mówi¹ Wszystko
2018.10.15 21:31:08-INFO: Skipped D:\++WORKZONE++\!!!--INCOMPLETE--\!!!--INCOMPLETE-- OST (2003) - Bad Boys II
2018.10.15 21:31:08-INFO: Skipped D:\++WORKZONE++\!!!--INCOMPLETE--\!!!--INCOMPLETE-- Rakim (1997) - The Book Of Life
2018.10.15 21:31:08-INFO: Skipped D:\++WORKZONE++\!!!--INCOMPLETE--\!!!--INCOMPLETE-- Shaggy (2000) - Hot Shot
2018.10.15 21:31:08-INFO: Skipped D:\++WORKZONE++\!!!--INCOMPLETE--\!!!--INCOMPLETE-- Story Of The Year (2003) - Page Avenue
2018.10.15 21:31:08-INFO: Skipped D:\++WORKZONE++\!!!--INCOMPLETE--\!!!--INCOMPLETE-- Tom Petty - (1994) Wildflowers
2018.10.15 21:31:08-INFO: Skipped D:\++WORKZONE++\!!!--INCOMPLETE--\!!!--INCOMPLETE-- TrzyStyle (2002) - Odg³osy Ciszy
2018.10.15 21:31:08-INFO: Skipped D:\++WORKZONE++\!!!--INCOMPLETE--\!!!--INCOMPLETE-- Warren G (1997) - Take A Look Over Your Shoulder
2018.10.15 21:31:08-INFO: Skipped D:\++WORKZONE++\!!!--INCOMPLETE--\!!!--INCOMPLETE-- Wu-Tang (2004) - Legend_of_the_Wu-Tang_Wu-Tang_Clans_Greatest_Hits
2018.10.15 21:31:08-INFO: Skipped D:\++WORKZONE++\!!!--INCOMPLETE--\!!!--INCOMPLETE-- Wu-Tang Clan - Hidden Chambers Vol.1
2018.10.15 21:31:08-INFO: Skipped D:\++WORKZONE++\!!!--INCOMPLETE--\!!!--INCOMPLETE-- Wu-Tang Clan - Hidden Chambers Vol.2
2018.10.15 21:31:08-INFO: Skipped D:\++WORKZONE++\!!!--INCOMPLETE--\!!!--INCOMPLETE-- Wu-Tang Clan - Wu Chronicles I
2018.10.15 21:31:08-INFO: Skipped D:\++WORKZONE++\!!!--INCOMPLETE--\Kaseciak OMP - (2000) Dobra Oferta
2018.10.15 21:31:08-INFO: Skipped D:\++WORKZONE++\!!!--INCOMPLETE--\Onar&O$ka - (2001) Superelaks
2018.10.15 21:31:08-INFO: Skipped D:\++WORKZONE++\!!!--INCOMPLETE--\Onar&Oœka - (2003) Wszystko Co Mogê Mieæ
2018.10.15 21:31:08-INFO: Skipped D:\++WORKZONE++\!Label WAX\[WAX 10001] Wax - No. 10001 [2008]
2018.10.15 21:31:08-INFO: Skipped D:\++WORKZONE++\!Label WAX\[WAX 20002] Wax - No. 20002 [2009]
2018.10.15 21:31:08-INFO: Skipped D:\++WORKZONE++\!Label WAX\[WAX 20202] Wax - No. 20202 [2011]
2018.10.15 21:31:08-INFO: Skipped D:\++WORKZONE++\!Label WAX\[WAX 30003] Wax - No. 30003 [2010]
2018.10.15 21:31:08-INFO: Skipped D:\++WORKZONE++\!Label WAX\[WAX 30303] Wax - No. 30303 [2012]
2018.10.15 21:31:08-INFO: Skipped D:\++WORKZONE++\!Label WAX\[WAX 40004] Wax - No. 40004 [2011]
2018.10.15 21:31:08-INFO: Skipped D:\++WORKZONE++\!Label WAX\[WAX 50005] Wax - No. 50005 [2013]
2018.10.15 21:31:08-INFO: Skipped D:\++WORKZONE++\# ConvertedToSerato
2018.10.15 21:31:08-INFO: Skipped D:\++WORKZONE++\# DISCO POLO
2018.10.15 21:31:08-INFO: Skipped D:\++WORKZONE++\# DISCO POLO\Akcent - Przekorny Los (2016)\Akcent - Przekorny Los (2016)\Akcent - Przekorny Los (2016)
2018.10.15 21:31:08-INFO: Skipped D:\++WORKZONE++\# DISCO POLO\Akcent-Discography\1994-Zenon Martyniuk - Wspomnienie
2018.10.15 21:31:08-INFO: Skipped D:\++WORKZONE++\# DISCO POLO\Akcent-Discography\1996-Dance
2018.10.15 21:31:08-INFO: Skipped D:\++WORKZONE++\# DISCO POLO\Akcent-Discography\1996-The best of Akcent
2018.10.15 21:31:08-INFO: Skipped D:\++WORKZONE++\# DISCO POLO\Akcent-Discography\1997-Gold
2018.10.15 21:31:08-INFO: Skipped D:\++WORKZONE++\# DISCO POLO\Akcent-Discography\2002-Platynowe Przeboje
2018.10.15 21:31:08-INFO: Skipped D:\++WORKZONE++\# DISCO POLO\Akcent-Discography\2003-Akcent 100 BPM
2018.10.15 21:31:08-INFO: Skipped D:\++WORKZONE++\# DISCO POLO\Akcent-Discography\2004-poveste de viata
2018.10.15 21:31:08-INFO: Skipped D:\++WORKZONE++\# DISCO POLO\Akcent-Discography\2006-Do Ciebie
2018.10.15 21:31:08-INFO: Skipped D:\++WORKZONE++\# DISCO POLO\Akcent-Discography\2006-French Kiss With Kylie
2018.10.15 21:31:08-INFO: Skipped D:\++WORKZONE++\# DISCO POLO\Akcent-Discography\2007-King of Disco
2018.10.15 21:31:08-INFO: Skipped D:\++WORKZONE++\# DISCO POLO\Akcent-Discography\2009-Fara lacrimi
2018.10.15 21:31:08-INFO: Skipped D:\++WORKZONE++\# DISCO POLO\Akcent-Discography\Akcent - Dzwieki strun i inne piosenki o milosci vol.2
2018.10.15 21:31:08-INFO: Skipped D:\++WORKZONE++\# DISCO POLO\Akcent-Discography\Akcent - Peronlez i inne piosenki o milosci vol.1
2018.10.15 21:31:08-INFO: Skipped D:\++WORKZONE++\# DISCO POLO\Akcent-Discography\Tabu tibu
2018.10.15 21:31:08-INFO: Skipped D:\++WORKZONE++\# DISCO POLO\Best Of Skladankowe Radio 2017\Best Of Skladankowe Radio 2017-arkadiusz\Best Of Skladankowe Radio Vol 1
2018.10.15 21:31:08-INFO: Skipped D:\++WORKZONE++\# DISCO POLO\Best Of Skladankowe Radio 2017\Best Of Skladankowe Radio 2017-arkadiusz\Best Of Skladankowe Radio Vol 2
2018.10.15 21:31:08-INFO: Skipped D:\++WORKZONE++\# DISCO POLO\Bialo-Czerwone Granie - Disco Polo 2017.13
2018.10.15 21:31:08-INFO: Skipped D:\++WORKZONE++\# DISCO POLO\Bialo-Czerwone Granie 09 (2017)
2018.10.15 21:31:08-INFO: Skipped D:\++WORKZONE++\# DISCO POLO\Czadoman.Czadomania.2014
2018.10.15 21:31:08-INFO: Skipped D:\++WORKZONE++\# DISCO POLO\Czadoman.Czadomania.2014\Czadoman - Czadomania
2018.10.15 21:31:08-INFO: Skipped D:\++WORKZONE++\# DISCO POLO\Disco Polo - Loki Oldschool 90s Remix(2017) vo.1
2018.10.15 21:31:08-INFO: Skipped D:\++WORKZONE++\# DISCO POLO\Disco Polo - Loki Oldschool 90s Remix(2017) vo.2
2018.10.15 21:31:08-INFO: Skipped D:\++WORKZONE++\# DISCO POLO\Disco Polo Remix 2018 vol.1\Disco Polo Remix 2018 vol.1
2018.10.15 21:31:08-INFO: Skipped D:\++WORKZONE++\# DISCO POLO\Disco Polo Vol.24(By Jankes2)(2013)
2018.10.15 21:31:08-INFO: Skipped D:\++WORKZONE++\# DISCO POLO\DISCO POLO WIOSNA 2016
2018.10.15 21:31:08-INFO: Skipped D:\++WORKZONE++\# DISCO POLO\Disco Polo.Vol.23(By Jankes2)(2013)
2018.10.15 21:31:08-INFO: Skipped D:\++WORKZONE++\# DISCO POLO\Discoteka 2017 - Dance Club Vol 164
2018.10.15 21:31:08-INFO: Skipped D:\++WORKZONE++\# DISCO POLO\Discoteka 2017 - Dance Club Vol.160
2018.10.15 21:31:08-INFO: Skipped D:\++WORKZONE++\# DISCO POLO\Discoteka 2017 - Dance Club Vol.170
2018.10.15 21:31:08-INFO: Skipped D:\++WORKZONE++\# DISCO POLO\estadio sylwester 2015-2016 disco polo
2018.10.15 21:31:08-INFO: Skipped D:\++WORKZONE++\# DISCO POLO\Estadio Sylwester 2017-2018 Disco Polo
2018.10.15 21:31:08-INFO: Skipped D:\++WORKZONE++\# DISCO POLO\Extazy-Tylko_Ona_I_Ja-Promo_CD-PL-2017-B2RPL
2018.10.15 21:31:08-INFO: Skipped D:\++WORKZONE++\# DISCO POLO\Fitness And Workout Mix (2016)
2018.10.15 21:31:08-INFO: Skipped D:\++WORKZONE++\# DISCO POLO\Happy New Year 2018 Secretland\CD 1
2018.10.15 21:31:08-INFO: Skipped D:\++WORKZONE++\# DISCO POLO\Happy New Year 2018 Secretland\CD 2
2018.10.15 21:31:08-INFO: Skipped D:\++WORKZONE++\# DISCO POLO\Happy New Year 2018 Secretland\CD 3
2018.10.15 21:31:08-INFO: Skipped D:\++WORKZONE++\# DISCO POLO\Hity Na Sylwester 2014\disco polo
2018.10.15 21:31:08-INFO: Skipped D:\++WORKZONE++\# DISCO POLO\Hity Na Sylwester 2014\lato 80 - 90
2018.10.15 21:31:08-INFO: Skipped D:\++WORKZONE++\# DISCO POLO\Hity Na Sylwester 2014\polskie dance
2018.10.15 21:31:08-INFO: Skipped D:\++WORKZONE++\# DISCO POLO\Hity Na Sylwester 2014\polskie klasyka
2018.10.15 21:31:08-INFO: Skipped D:\++WORKZONE++\# DISCO POLO\Hity Na Sylwester 2014\polskie pop
2018.10.15 21:31:08-INFO: Skipped D:\++WORKZONE++\# DISCO POLO\Hity Na Sylwester 2014\zagraniczne dance
2018.10.15 21:31:08-INFO: Skipped D:\++WORKZONE++\# DISCO POLO\Hity Na Sylwester 2014\zagraniczne klasyka
2018.10.15 21:31:08-INFO: Skipped D:\++WORKZONE++\# DISCO POLO\Hity Na Sylwestra\lata 80 90
2018.10.15 21:31:08-INFO: Skipped D:\++WORKZONE++\# DISCO POLO\Hity Na Sylwestra\polskie disco
2018.10.15 21:31:08-INFO: Skipped D:\++WORKZONE++\# DISCO POLO\Hity Na Sylwestra\polskie hity
2018.10.15 21:31:08-INFO: Skipped D:\++WORKZONE++\# DISCO POLO\Hity Na Sylwestra\rozne
2018.10.15 21:31:08-INFO: Skipped D:\++WORKZONE++\# DISCO POLO\IMPREZKA PL 2015\IMPREZKA PL 2015\IPL2015
2018.10.15 21:31:08-INFO: Skipped D:\++WORKZONE++\# DISCO POLO\Imprezka PL vol.90\ipl90
2018.10.15 21:31:08-INFO: Skipped D:\++WORKZONE++\# DISCO POLO\Imprezka PL vol.91\ipl91
2018.10.15 21:31:08-INFO: Skipped D:\++WORKZONE++\# DISCO POLO\Imprezka PL vol.93
2018.10.15 21:31:08-INFO: Skipped D:\++WORKZONE++\# DISCO POLO\Imprezka PL vol.94\Imprezka PL vol.94\ipl94
2018.10.15 21:31:08-INFO: Skipped D:\++WORKZONE++\# DISCO POLO\Imprezka PL vol.96\Imprezka PL vol.96\ipl96
2018.10.15 21:31:08-INFO: Skipped D:\++WORKZONE++\# DISCO POLO\Imprezka PL vol.98\Imprezka PL vol.98\ipl98
2018.10.15 21:31:08-INFO: Skipped D:\++WORKZONE++\# DISCO POLO\Imprezka PL vol.99\Imprezka PL vol.99\ipl99
2018.10.15 21:31:08-INFO: Skipped D:\++WORKZONE++\# DISCO POLO\Jesien-Zima 2018 Disco Polo MEGA Hits\CD-1
2018.10.15 21:31:08-INFO: Skipped D:\++WORKZONE++\# DISCO POLO\Jesien-Zima 2018 Disco Polo MEGA Hits\CD-2
2018.10.15 21:31:08-INFO: Skipped D:\++WORKZONE++\# DISCO POLO\Karnawa³owa Kolekcja 100 Hitów Disco Polo 2012 (2013)
2018.10.15 21:31:08-INFO: Skipped D:\++WORKZONE++\# DISCO POLO\MIG-Miod_Malina-Promo_CD-PL-2015-B2RPL_INT
2018.10.15 21:31:08-INFO: Skipped D:\++WORKZONE++\# DISCO POLO\MIG-Wymarzona -CD-MP3-ACK
2018.10.15 21:31:08-INFO: Skipped D:\++WORKZONE++\# DISCO POLO\Muzyczne pompy Disco Polo (2017)
2018.10.15 21:31:08-INFO: Skipped D:\++WORKZONE++\# DISCO POLO\Piekni i Mlodzi - Tak Juz Bez Ciebie (2017)
2018.10.15 21:31:08-INFO: Skipped D:\++WORKZONE++\# DISCO POLO\Piekni_I_Mlodzi-EP-Promo_CD-PL-2017-B2RPL
2018.10.15 21:31:08-INFO: Skipped D:\++WORKZONE++\# DISCO POLO\Polish.RETRO.CLUBBING.2001-2003.VOL.1
2018.10.15 21:31:08-INFO: Skipped D:\++WORKZONE++\# DISCO POLO\Skladankowe Radio Vol 182
2018.10.15 21:31:08-INFO: Skipped D:\++WORKZONE++\# DISCO POLO\Skladankowe Radio Vol 265
2018.10.15 21:31:08-INFO: Skipped D:\++WORKZONE++\# DISCO POLO\Top_Girls-Zakochana-Promo_CD-PL-2017-B2RPL
2018.10.15 21:31:08-INFO: Skipped D:\++WORKZONE++\# DISCO POLO\VA - Disco Hit Festival Kobylnica 2015\CD1
2018.10.15 21:31:08-INFO: Skipped D:\++WORKZONE++\# DISCO POLO\VA - Disco Hit Festival Kobylnica 2015\CD2
2018.10.15 21:31:08-INFO: Skipped D:\++WORKZONE++\# DISCO POLO\VA - Disco Polo Never Stop Vol.1 (2016)
2018.10.15 21:31:08-INFO: Skipped D:\++WORKZONE++\# DISCO POLO\VA - Disco Polo Never Stop Vol.3  (2016)
2018.10.15 21:31:08-INFO: Skipped D:\++WORKZONE++\# DISCO POLO\VA - Disco Polo Never Stop Vol.6 2016
2018.10.15 21:31:08-INFO: Skipped D:\++WORKZONE++\# DISCO POLO\VA - Disco Polo Never Stop Vol.7 (2016)
2018.10.15 21:31:08-INFO: Skipped D:\++WORKZONE++\# DISCO POLO\VA - Disco Polo Never Stop Vol.8 (2016)
2018.10.15 21:31:08-INFO: Skipped D:\++WORKZONE++\# DISCO POLO\VA - Disco Polo Remix (2017)
2018.10.15 21:31:08-INFO: Skipped D:\++WORKZONE++\# DISCO POLO\VA - Disco Polo Remix 2 (2017)
2018.10.15 21:31:08-INFO: Skipped D:\++WORKZONE++\# DISCO POLO\VA - Disco Polo Remix 5 (2017)
2018.10.15 21:31:08-INFO: Skipped D:\++WORKZONE++\# DISCO POLO\VA - Disco Polo Remix 6 (2017)
2018.10.15 21:31:08-INFO: Skipped D:\++WORKZONE++\# DISCO POLO\VA - Disco Polo Remix 7 (2017)
2018.10.15 21:31:08-INFO: Skipped D:\++WORKZONE++\# DISCO POLO\VA - Disco Polo Remix 8 (2017)
2018.10.15 21:31:08-INFO: Skipped D:\++WORKZONE++\# DISCO POLO\VA - Sylwestrowe Hity Disco Polo (2014-2015)\Sylwestrowe Hity Disco Polo (2014-2015)
2018.10.15 21:31:08-INFO: Skipped D:\++WORKZONE++\# DISCO POLO\VA-Discoteka 2017 Dance Club Vol.166-2017
2018.10.15 21:31:08-INFO: Skipped D:\++WORKZONE++\# DISCO POLO\VA-Disco_Dance_Club_Vol_3.1-PL-2017-BFPMP3
2018.10.15 21:31:08-INFO: Skipped D:\++WORKZONE++\# DISCO POLO\VA-DJ_Promotion_CD_Pool_Polska_03-PL-2007-B2RPL
2018.10.15 21:31:08-INFO: Skipped D:\++WORKZONE++\# DISCO POLO\VA-DJ_Promotion_CD_Pool_Polska_149-PL-2016-B2RPL
2018.10.15 21:31:08-INFO: Skipped D:\++WORKZONE++\# DISCO POLO\VA-DJ_Promotion_CD_Pool_Polska_165-PL-2016-B2RPL
2018.10.15 21:31:08-INFO: Skipped D:\++WORKZONE++\# DISCO POLO\VA-DJ_Promotion_CD_Pool_Polska_167-PL-2017-B2RPL
2018.10.15 21:31:08-INFO: Skipped D:\++WORKZONE++\# DISCO POLO\VA-DJ_Promotion_CD_Pool_Polska_170-PL-2017-B2RPL
2018.10.15 21:31:08-INFO: Skipped D:\++WORKZONE++\# DISCO POLO\VA-DJ_Promotion_CD_Pool_Polska_171-PL-2017-B2RPL
2018.10.15 21:31:08-INFO: Skipped D:\++WORKZONE++\# DISCO POLO\VA-DJ_Promotion_CD_Pool_Polska_173-PL-2017-B2RPL
2018.10.15 21:31:08-INFO: Skipped D:\++WORKZONE++\# DISCO POLO\VA-DJ_Promotion_CD_Pool_Polska_175-PL-2017-B2RPL
2018.10.15 21:31:08-INFO: Skipped D:\++WORKZONE++\# DISCO POLO\VA-DJ_Promotion_CD_Pool_Polska_176-PL-2017-B2RPL
2018.10.15 21:31:08-INFO: Skipped D:\++WORKZONE++\# DISCO POLO\VA-DJ_Promotion_CD_Pool_Polska_179-PL-2017-B2RPL
2018.10.15 21:31:08-INFO: Skipped D:\++WORKZONE++\# DISCO POLO\VA-DJ_Promotion_CD_Pool_Polska_181-PL-2017-B2RPL
2018.10.15 21:31:08-INFO: Skipped D:\++WORKZONE++\# DISCO POLO\VA-DJ_Promotion_CD_Pool_Polska_186-PL-2017-B2RPL
2018.10.15 21:31:08-INFO: Skipped D:\++WORKZONE++\# DISCO POLO\VA-DJ_Promotion_CD_Pool_Polska_189-PL-2017-B2RPL
2018.10.15 21:31:08-INFO: Skipped D:\++WORKZONE++\# DISCO POLO\VA-DJ_Promotion_CD_Pool_Polska_191-PL-2017-B2RPL
2018.10.15 21:31:08-INFO: Skipped D:\++WORKZONE++\# DISCO POLO\VA-DJ_Promotion_CD_Pool_Polska_192-PL-2017-B2RPL
2018.10.15 21:31:08-INFO: Skipped D:\++WORKZONE++\# DISCO POLO\VA-DJ_Promotion_CD_Pool_Polska_196-PL-2017-B2RPL
2018.10.15 21:31:08-INFO: Skipped D:\++WORKZONE++\# DISCO POLO\VA-DJ_Promotion_CD_Pool_Polska_198-PL-2018-B2RPL
2018.10.15 21:31:08-INFO: Skipped D:\++WORKZONE++\# DISCO POLO\VA-DJ_Promotion_CD_Pool_Polska_199-PL-2018-B2RPL
2018.10.15 21:31:08-INFO: Skipped D:\++WORKZONE++\# DISCO POLO\VA-Tylko We Dwoje vol.86-2017
2018.10.15 21:31:08-INFO: Skipped D:\++WORKZONE++\# DISCO POLO\VA-Tylko We Dwoje vol.87-2018
2018.10.15 21:31:08-INFO: Skipped D:\++WORKZONE++\# DISCO POLO\Wakacyjne DiscoPolo 2014
2018.10.15 21:31:08-INFO: Skipped D:\++WORKZONE++\# DISCO POLO\Weekend - Bawidamek
2018.10.15 21:31:08-INFO: Skipped D:\++WORKZONE++\# DISCO POLO\Weekend - Deja vu
2018.10.15 21:31:08-INFO: Skipped D:\++WORKZONE++\# DISCO POLO\Weekend - Ona Tanczy Dla Mnie [2012]
2018.10.15 21:31:08-INFO: Skipped D:\++WORKZONE++\# DISCO POLO\Weekend - Playboy
2018.10.15 21:31:08-INFO: Skipped D:\++WORKZONE++\# DISCO POLO\Weekend - Tak Jak Czuje (2010)
2018.10.15 21:31:08-INFO: Skipped D:\++WORKZONE++\# LuŸne
2018.10.15 21:31:08-INFO: Skipped D:\++WORKZONE++\# LuŸne\# BREAKBEAT FUNK  DISCO DIGGING
2018.10.15 21:31:08-INFO: Skipped D:\++WORKZONE++\# LuŸne\# BREAKBEAT FUNK  DISCO DIGGING\Disco Collection\Afric Simone - Disco Collection (2001)
2018.10.15 21:31:08-INFO: Skipped D:\++WORKZONE++\# LuŸne\# BREAKBEAT FUNK  DISCO DIGGING\Disco Collection\Arabesque - Disco Collection (2001)
2018.10.15 21:31:08-INFO: Skipped D:\++WORKZONE++\# LuŸne\# BREAKBEAT FUNK  DISCO DIGGING\Disco Collection\Baccara - Disco Collection 2001
2018.10.15 21:31:08-INFO: Skipped D:\++WORKZONE++\# LuŸne\# BREAKBEAT FUNK  DISCO DIGGING\Disco Collection\Bad Boys Blue - Disco Collection 2001
2018.10.15 21:31:08-INFO: Skipped D:\++WORKZONE++\# LuŸne\# BREAKBEAT FUNK  DISCO DIGGING\Disco Collection\Boney M - Disco Collection (2002)
2018.10.15 21:31:08-INFO: Skipped D:\++WORKZONE++\# LuŸne\# BREAKBEAT FUNK  DISCO DIGGING\Disco Collection\Cerrone - Disco Collection (2002)
2018.10.15 21:31:08-INFO: Skipped D:\++WORKZONE++\# LuŸne\# BREAKBEAT FUNK  DISCO DIGGING\Disco Collection\Chilly - Disco Collection (2001)
2018.10.15 21:31:08-INFO: Skipped D:\++WORKZONE++\# LuŸne\# BREAKBEAT FUNK  DISCO DIGGING\Disco Collection\Den Harrow - Disco Collection 2002
2018.10.15 21:31:08-INFO: Skipped D:\++WORKZONE++\# LuŸne\# BREAKBEAT FUNK  DISCO DIGGING\Disco Collection\Desireless - Disco Collection (2001)
2018.10.15 21:31:08-INFO: Skipped D:\++WORKZONE++\# LuŸne\# BREAKBEAT FUNK  DISCO DIGGING\Disco Collection\Digital Emotion - Disco Collection (2001)
2018.10.15 21:31:08-INFO: Skipped D:\++WORKZONE++\# LuŸne\# BREAKBEAT FUNK  DISCO DIGGING\Disco Collection\Dschinghis Khan - Disco Collection (2001)
2018.10.15 21:31:08-INFO: Skipped D:\++WORKZONE++\# LuŸne\# BREAKBEAT FUNK  DISCO DIGGING\Disco Collection\Falco - Disco Collection (2001)
2018.10.15 21:31:08-INFO: Skipped D:\++WORKZONE++\# LuŸne\# BREAKBEAT FUNK  DISCO DIGGING\Disco Collection\Haddaway - Disco Collection (2001)
2018.10.15 21:31:08-INFO: Skipped D:\++WORKZONE++\# LuŸne\# BREAKBEAT FUNK  DISCO DIGGING\Disco Collection\Ice MC - Disco Collection (2001)
2018.10.15 21:31:08-INFO: Skipped D:\++WORKZONE++\# LuŸne\# BREAKBEAT FUNK  DISCO DIGGING\Disco Collection\Jason Donovan - Disco Collection (2002)
2018.10.15 21:31:08-INFO: Skipped D:\++WORKZONE++\# LuŸne\# BREAKBEAT FUNK  DISCO DIGGING\Disco Collection\Kaoma - Disco Collection (2002)
2018.10.15 21:31:08-INFO: Skipped D:\++WORKZONE++\# LuŸne\# BREAKBEAT FUNK  DISCO DIGGING\Disco Collection\Ken Laszlo - Disco Collection  (2002)
2018.10.15 21:31:08-INFO: Skipped D:\++WORKZONE++\# LuŸne\# BREAKBEAT FUNK  DISCO DIGGING\Disco Collection\Lipps, Inc. - Disco collection `2001
2018.10.15 21:31:08-INFO: Skipped D:\++WORKZONE++\# LuŸne\# BREAKBEAT FUNK  DISCO DIGGING\Disco Collection\London Boys - Disco Collection (2001)
2018.10.15 21:31:08-INFO: Skipped D:\++WORKZONE++\# LuŸne\# BREAKBEAT FUNK  DISCO DIGGING\Disco Collection\Maywood - Disco Collection (2001)
2018.10.15 21:31:08-INFO: Skipped D:\++WORKZONE++\# LuŸne\# BREAKBEAT FUNK  DISCO DIGGING\Disco Collection\Milli Vanilli - Disco collection - 2001
2018.10.15 21:31:08-INFO: Skipped D:\++WORKZONE++\# LuŸne\# BREAKBEAT FUNK  DISCO DIGGING\Disco Collection\Patty Ryan - Disco Collection (2001)
2018.10.15 21:31:08-INFO: Skipped D:\++WORKZONE++\# LuŸne\# BREAKBEAT FUNK  DISCO DIGGING\Disco Collection\Pussycat - Disco Collection 2001
2018.10.15 21:31:08-INFO: Skipped D:\++WORKZONE++\# LuŸne\# BREAKBEAT FUNK  DISCO DIGGING\Disco Collection\Radiorama - Disco Collection 2001
2018.10.15 21:31:08-INFO: Skipped D:\++WORKZONE++\# LuŸne\# BREAKBEAT FUNK  DISCO DIGGING\Disco Collection\Sabrina - Disco Collection 2002
2018.10.15 21:31:08-INFO: Skipped D:\++WORKZONE++\# LuŸne\# BREAKBEAT FUNK  DISCO DIGGING\Disco Collection\Samantha Fox - Disco Collection 2001
2018.10.15 21:31:08-INFO: Skipped D:\++WORKZONE++\# LuŸne\# BREAKBEAT FUNK  DISCO DIGGING\Disco Collection\Santa Esmeralda - Disco Collection - 2001
2018.10.15 21:31:08-INFO: Skipped D:\++WORKZONE++\# LuŸne\# BREAKBEAT FUNK  DISCO DIGGING\Disco Collection\Savage - Disco Collection (2001)
2018.10.15 21:31:08-INFO: Skipped D:\++WORKZONE++\# LuŸne\# BREAKBEAT FUNK  DISCO DIGGING\Disco Collection\Secret Service - Disco Collection 2002
2018.10.15 21:31:08-INFO: Skipped D:\++WORKZONE++\# LuŸne\# BREAKBEAT FUNK  DISCO DIGGING\Disco Collection\Silent Circle - Disco Collection 1999
2018.10.15 21:31:08-INFO: Skipped D:\++WORKZONE++\# LuŸne\# BREAKBEAT FUNK  DISCO DIGGING\Disco Collection\Silver Convention - Disco Collection 2001
2018.10.15 21:31:08-INFO: Skipped D:\++WORKZONE++\# LuŸne\# BREAKBEAT FUNK  DISCO DIGGING\Disco Collection\Supermax - Disco collection
2018.10.15 21:31:08-INFO: Skipped D:\++WORKZONE++\# LuŸne\# BREAKBEAT FUNK  DISCO DIGGING\Disco Collection\Teach In - Disco Collection 2002
2018.10.15 21:31:08-INFO: Skipped D:\++WORKZONE++\# LuŸne\# BREAKBEAT FUNK  DISCO DIGGING\Disco Collection\Video Kids - Disco Collection 2001
2018.10.15 21:31:08-INFO: Skipped D:\++WORKZONE++\# LuŸne\# BREAKBEAT FUNK  DISCO DIGGING\Disco Collection\Village People - Disco Collection-2002
2018.10.15 21:31:08-INFO: Skipped D:\++WORKZONE++\# LuŸne\# CRATES CONVERSIONS
2018.10.15 21:31:08-INFO: Skipped D:\++WORKZONE++\# LuŸne\# DISCO POLO
2018.10.15 21:31:08-INFO: Skipped D:\++WORKZONE++\# LuŸne\#CORRUPTED
2018.10.15 21:31:08-INFO: Skipped D:\++WORKZONE++\# LuŸne\4k downloader
2018.10.15 21:31:08-INFO: Skipped D:\++WORKZONE++\# LuŸne\a Deep House Nov 16' LQ
2018.10.15 21:31:08-INFO: Skipped D:\++WORKZONE++\# LuŸne\CRATE BREAKBEAT
2018.10.15 21:31:08-INFO: Skipped D:\++WORKZONE++\# LuŸne\Instrumentals
2018.10.15 21:31:08-INFO: Skipped D:\++WORKZONE++\# LuŸne\Pietnastak
2018.10.15 21:31:08-INFO: Skipped D:\++WORKZONE++\# LuŸne\Pop do s³uchania
2018.10.15 21:31:08-INFO: Skipped D:\++WORKZONE++\# LuŸne\Soul
2018.10.15 21:31:08-INFO: Skipped D:\++WORKZONE++\# LuŸne\Wedding
2018.10.15 21:31:08-INFO: Skipped D:\++WORKZONE++\# OD KOGOŒ\MP3
2018.10.15 21:31:08-INFO: None
2018.10.15 21:31:08-INFO: Catalog Worker starts : D:\++WORKZONE++\# OD KOGOŒ\MP3\ALBUMY\2008 - Logic of Pleasure (Limited Edition)-2CD
2018.10.15 21:31:08-INFO: 
Working on file : D:\++WORKZONE++\# OD KOGOŒ\MP3\ALBUMY\2008 - Logic of Pleasure (Limited Edition)-2CD\01. Blank + Jones – Consequences (feat. Vanessa Daou).mp3
2018.10.15 21:31:09-INFO: 
Working on file : D:\++WORKZONE++\# OD KOGOŒ\MP3\ALBUMY\2008 - Logic of Pleasure (Limited Edition)-2CD\02. Blank + Jones – Miracle Cure (feat. Bernard Sumner).mp3
2018.10.15 21:31:09-INFO: 
Working on file : D:\++WORKZONE++\# OD KOGOŒ\MP3\ALBUMY\2008 - Logic of Pleasure (Limited Edition)-2CD\03. Blank + Jones – The Night Starts Here (Blank & Jones Remix).mp3
2018.10.15 21:31:10-INFO: 
Working on file : D:\++WORKZONE++\# OD KOGOŒ\MP3\ALBUMY\2008 - Logic of Pleasure (Limited Edition)-2CD\04. Blank + Jones – So Cold (feat. Trademark).mp3
2018.10.15 21:31:11-INFO: 
Working on file : D:\++WORKZONE++\# OD KOGOŒ\MP3\ALBUMY\2008 - Logic of Pleasure (Limited Edition)-2CD\05. Blank + Jones – California Sunset.mp3
2018.10.15 21:31:11-INFO: 
Working on file : D:\++WORKZONE++\# OD KOGOŒ\MP3\ALBUMY\2008 - Logic of Pleasure (Limited Edition)-2CD\06. Blank + Jones – Manifesto (feat. Vanessa Daou).mp3
2018.10.15 21:31:12-INFO: 
Working on file : D:\++WORKZONE++\# OD KOGOŒ\MP3\ALBUMY\2008 - Logic of Pleasure (Limited Edition)-2CD\07. Blank + Jones – Where You Belong (feat. Bobo).mp3
2018.10.15 21:31:12-INFO: 
Working on file : D:\++WORKZONE++\# OD KOGOŒ\MP3\ALBUMY\2008 - Logic of Pleasure (Limited Edition)-2CD\08. Blank + Jones – Breakout.mp3
2018.10.15 21:31:12-INFO: 
Working on file : D:\++WORKZONE++\# OD KOGOŒ\MP3\ALBUMY\2008 - Logic of Pleasure (Limited Edition)-2CD\09. Blank + Jones – Heart Of Wax (feat. Vanessa Daou).mp3
2018.10.15 21:31:13-INFO: 
Working on file : D:\++WORKZONE++\# OD KOGOŒ\MP3\ALBUMY\2008 - Logic of Pleasure (Limited Edition)-2CD\10. Blank + Jones – Catwalk (feat. Martin Roth).mp3
2018.10.15 21:31:14-INFO: 
Working on file : D:\++WORKZONE++\# OD KOGOŒ\MP3\ALBUMY\2008 - Logic of Pleasure (Limited Edition)-2CD\11. Blank + Jones – Don't Stop (feat. Claudia Brucken).mp3
2018.10.15 21:31:14-INFO: 
Working on file : D:\++WORKZONE++\# OD KOGOŒ\MP3\ALBUMY\2008 - Logic of Pleasure (Limited Edition)-2CD\201. Blank + Jones – Rumble.mp3
2018.10.15 21:31:14-INFO: 
Working on file : D:\++WORKZONE++\# OD KOGOŒ\MP3\ALBUMY\2008 - Logic of Pleasure (Limited Edition)-2CD\202. Blank + Jones – UnknownTreasure (Ambient Mix).mp3
2018.10.15 21:31:15-INFO: 
Working on file : D:\++WORKZONE++\# OD KOGOŒ\MP3\ALBUMY\2008 - Logic of Pleasure (Limited Edition)-2CD\203. Blank + Jones – Blue Moon.mp3
2018.10.15 21:31:15-INFO: 
Working on file : D:\++WORKZONE++\# OD KOGOŒ\MP3\ALBUMY\2008 - Logic of Pleasure (Limited Edition)-2CD\204. Blank + Jones – Loneliness.mp3
2018.10.15 21:31:16-INFO: 
Working on file : D:\++WORKZONE++\# OD KOGOŒ\MP3\ALBUMY\2008 - Logic of Pleasure (Limited Edition)-2CD\205. Blank + Jones – Daydreamin.mp3
2018.10.15 21:31:16-INFO: 
Working on file : D:\++WORKZONE++\# OD KOGOŒ\MP3\ALBUMY\2008 - Logic of Pleasure (Limited Edition)-2CD\206. Blank + Jones – Revealed (Late Night Dub).mp3
2018.10.15 21:31:17-INFO: 
Working on file : D:\++WORKZONE++\# OD KOGOŒ\MP3\ALBUMY\2008 - Logic of Pleasure (Limited Edition)-2CD\207. Blank + Jones – Florent 2 a.m..mp3
2018.10.15 21:31:17-INFO: 

***Searching for Blank & Jones - Logic Of Pleasure (Limited Edition)
2018.10.15 21:31:17-INFO: 
metoda Album
2018.10.15 21:31:17-INFO: Connecting Discogs
Query: Logic Of Pleasure (Limited Edition)
2018.10.15 21:31:18-INFO: Comparing Majestic (2) - Box
2018.10.15 21:31:20-INFO: 
metoda Token
2018.10.15 21:31:20-INFO: Connecting Discogs
 Query: Blank & Jones - Logic Of Pleasure (Limited Edition)
2018.10.15 21:31:22-INFO: 
metoda Variations
2018.10.15 21:31:22-INFO: Connecting Discogs
Query: Blank & Jones
2018.10.15 21:31:25-INFO: <Artist 5966 'Blank & Jones'>  aliases : ['B & J', 'B&J', 'Black & Jones', 'Black & Wite', 'Blanck & Jones', 'Blank / Jones', 'Blank & Johnes', 'Blank & Jone', 'Blank & Tones', 'Blank + Jones', 'Blank And Jones', 'Blank Jones', 'Blank, J. Jones', 'Blank, Jones', 'Blank, Piet/Jones, Jaspa', 'Blank/Jones', 'Blank&Jones', 'Blank+Jones', "DJ's Blank & Jones", 'Jaspa & Jones', 'P Blank, J Jones', 'P. Blank / J. Jones', 'P. Blank & J. Jones', 'P. Blank, J. Jones', 'P.Blank & J. Jones', 'P.Blank & J.Jones', 'Pete Blank & Jaspa Jones', 'Piet & J. Jones', 'Piet & Jaspa', 'Piet Blanc & Jaspa Jones', 'Piet Blanc And Jaspe Jones', 'Piet Blank / Jaspa Jones', 'Piet Blank / Jasper Jones', 'Piet Blank & Jasda Jones', 'Piet Blank & Jaspa Jones', 'Piet Blank & Jasper Jones', 'Piet Blank and Jaspa Jones', 'Piet Blank-Jaspa Jones', 'Piet Blank, Jaspa Jones', 'Piet Blank, Jaspa Jons', 'Piet Blank, Jasper Jones', 'Piet Blank/J.Jones', 'Piet Blank/Jaspa Jones', 'Piet Blank&Jaspa Jones']
2018.10.15 21:31:25-INFO: Connecting Discogs
Query: B & J - Logic Of Pleasure (Limited Edition)
2018.10.15 21:31:25-INFO: tried: B & J - Logic Of Pleasure (Limited Edition)
2018.10.15 21:31:27-INFO: Connecting Discogs
Query: B&J - Logic Of Pleasure (Limited Edition)
2018.10.15 21:31:27-INFO: tried: B&J - Logic Of Pleasure (Limited Edition)
2018.10.15 21:31:30-INFO: Connecting Discogs
Query: Black & Jones - Logic Of Pleasure (Limited Edition)
2018.10.15 21:31:30-INFO: tried: Black & Jones - Logic Of Pleasure (Limited Edition)
2018.10.15 21:31:32-INFO: Connecting Discogs
Query: Black & Wite - Logic Of Pleasure (Limited Edition)
2018.10.15 21:31:32-INFO: tried: Black & Wite - Logic Of Pleasure (Limited Edition)
2018.10.15 21:31:35-INFO: Connecting Discogs
Query: Blanck & Jones - Logic Of Pleasure (Limited Edition)
2018.10.15 21:31:35-INFO: tried: Blanck & Jones - Logic Of Pleasure (Limited Edition)
2018.10.15 21:31:37-INFO: Connecting Discogs
Query: Blank / Jones - Logic Of Pleasure (Limited Edition)
2018.10.15 21:31:37-INFO: tried: Blank / Jones - Logic Of Pleasure (Limited Edition)
2018.10.15 21:31:40-INFO: Connecting Discogs
Query: Blank & Johnes - Logic Of Pleasure (Limited Edition)
2018.10.15 21:31:40-INFO: tried: Blank & Johnes - Logic Of Pleasure (Limited Edition)
2018.10.15 21:31:42-INFO: Connecting Discogs
Query: Blank & Jone - Logic Of Pleasure (Limited Edition)
2018.10.15 21:31:42-INFO: tried: Blank & Jone - Logic Of Pleasure (Limited Edition)
2018.10.15 21:31:45-INFO: Connecting Discogs
Query: Blank & Tones - Logic Of Pleasure (Limited Edition)
2018.10.15 21:31:45-INFO: tried: Blank & Tones - Logic Of Pleasure (Limited Edition)
2018.10.15 21:31:48-INFO: Connecting Discogs
Query: Blank + Jones - Logic Of Pleasure (Limited Edition)
2018.10.15 21:31:48-INFO: tried: Blank + Jones - Logic Of Pleasure (Limited Edition)
2018.10.15 21:31:50-INFO: Connecting Discogs
Query: Blank And Jones - Logic Of Pleasure (Limited Edition)
2018.10.15 21:31:50-INFO: tried: Blank And Jones - Logic Of Pleasure (Limited Edition)
2018.10.15 21:31:53-INFO: Connecting Discogs
Query: Blank Jones - Logic Of Pleasure (Limited Edition)
2018.10.15 21:31:53-INFO: tried: Blank Jones - Logic Of Pleasure (Limited Edition)
2018.10.15 21:31:55-INFO: Connecting Discogs
Query: Blank, J. Jones - Logic Of Pleasure (Limited Edition)
2018.10.15 21:31:55-INFO: tried: Blank, J. Jones - Logic Of Pleasure (Limited Edition)
2018.10.15 21:31:58-INFO: Connecting Discogs
Query: Blank, Jones - Logic Of Pleasure (Limited Edition)
2018.10.15 21:31:58-INFO: tried: Blank, Jones - Logic Of Pleasure (Limited Edition)
2018.10.15 21:32:00-INFO: Connecting Discogs
Query: Blank, Piet/Jones, Jaspa - Logic Of Pleasure (Limited Edition)
2018.10.15 21:32:00-INFO: tried: Blank, Piet/Jones, Jaspa - Logic Of Pleasure (Limited Edition)
2018.10.15 21:32:03-INFO: Connecting Discogs
Query: Blank/Jones - Logic Of Pleasure (Limited Edition)
2018.10.15 21:32:03-INFO: tried: Blank/Jones - Logic Of Pleasure (Limited Edition)
2018.10.15 21:32:05-INFO: Connecting Discogs
Query: Blank&Jones - Logic Of Pleasure (Limited Edition)
2018.10.15 21:32:05-INFO: tried: Blank&Jones - Logic Of Pleasure (Limited Edition)
2018.10.15 21:32:08-INFO: Connecting Discogs
Query: Blank+Jones - Logic Of Pleasure (Limited Edition)
2018.10.15 21:32:08-INFO: tried: Blank+Jones - Logic Of Pleasure (Limited Edition)
2018.10.15 21:32:11-INFO: Connecting Discogs
Query: DJ's Blank & Jones - Logic Of Pleasure (Limited Edition)
2018.10.15 21:32:11-INFO: tried: DJ's Blank & Jones - Logic Of Pleasure (Limited Edition)
2018.10.15 21:32:13-INFO: Connecting Discogs
Query: Jaspa & Jones - Logic Of Pleasure (Limited Edition)
2018.10.15 21:32:13-INFO: tried: Jaspa & Jones - Logic Of Pleasure (Limited Edition)
2018.10.15 21:32:16-INFO: Connecting Discogs
Query: P Blank, J Jones - Logic Of Pleasure (Limited Edition)
2018.10.15 21:32:16-INFO: tried: P Blank, J Jones - Logic Of Pleasure (Limited Edition)
2018.10.15 21:32:19-INFO: Connecting Discogs
Query: P. Blank / J. Jones - Logic Of Pleasure (Limited Edition)
2018.10.15 21:32:19-INFO: tried: P. Blank / J. Jones - Logic Of Pleasure (Limited Edition)
2018.10.15 21:32:21-INFO: Connecting Discogs
Query: P. Blank & J. Jones - Logic Of Pleasure (Limited Edition)
2018.10.15 21:32:21-INFO: tried: P. Blank & J. Jones - Logic Of Pleasure (Limited Edition)
2018.10.15 21:32:24-INFO: Connecting Discogs
Query: P. Blank, J. Jones - Logic Of Pleasure (Limited Edition)
2018.10.15 21:32:24-INFO: tried: P. Blank, J. Jones - Logic Of Pleasure (Limited Edition)
2018.10.15 21:32:26-INFO: Connecting Discogs
Query: P.Blank & J. Jones - Logic Of Pleasure (Limited Edition)
2018.10.15 21:32:26-INFO: tried: P.Blank & J. Jones - Logic Of Pleasure (Limited Edition)
2018.10.15 21:32:29-INFO: Connecting Discogs
Query: P.Blank & J.Jones - Logic Of Pleasure (Limited Edition)
2018.10.15 21:32:29-INFO: tried: P.Blank & J.Jones - Logic Of Pleasure (Limited Edition)
2018.10.15 21:32:32-INFO: Connecting Discogs
Query: Pete Blank & Jaspa Jones - Logic Of Pleasure (Limited Edition)
2018.10.15 21:32:32-INFO: tried: Pete Blank & Jaspa Jones - Logic Of Pleasure (Limited Edition)
2018.10.15 21:32:34-INFO: Connecting Discogs
Query: Piet & J. Jones - Logic Of Pleasure (Limited Edition)
2018.10.15 21:32:34-INFO: tried: Piet & J. Jones - Logic Of Pleasure (Limited Edition)
2018.10.15 21:32:37-INFO: Connecting Discogs
Query: Piet & Jaspa - Logic Of Pleasure (Limited Edition)
2018.10.15 21:32:37-INFO: tried: Piet & Jaspa - Logic Of Pleasure (Limited Edition)
2018.10.15 21:32:40-INFO: Connecting Discogs
Query: Piet Blanc & Jaspa Jones - Logic Of Pleasure (Limited Edition)
2018.10.15 21:32:40-INFO: tried: Piet Blanc & Jaspa Jones - Logic Of Pleasure (Limited Edition)
2018.10.15 21:32:42-INFO: Connecting Discogs
Query: Piet Blanc And Jaspe Jones - Logic Of Pleasure (Limited Edition)
2018.10.15 21:32:42-INFO: tried: Piet Blanc And Jaspe Jones - Logic Of Pleasure (Limited Edition)
2018.10.15 21:32:45-INFO: Connecting Discogs
Query: Piet Blank / Jaspa Jones - Logic Of Pleasure (Limited Edition)
2018.10.15 21:32:45-INFO: tried: Piet Blank / Jaspa Jones - Logic Of Pleasure (Limited Edition)
2018.10.15 21:32:47-INFO: Connecting Discogs
Query: Piet Blank / Jasper Jones - Logic Of Pleasure (Limited Edition)
2018.10.15 21:32:47-INFO: tried: Piet Blank / Jasper Jones - Logic Of Pleasure (Limited Edition)
2018.10.15 21:32:50-INFO: Connecting Discogs
Query: Piet Blank & Jasda Jones - Logic Of Pleasure (Limited Edition)
2018.10.15 21:32:50-INFO: tried: Piet Blank & Jasda Jones - Logic Of Pleasure (Limited Edition)
2018.10.15 21:32:52-INFO: Connecting Discogs
Query: Piet Blank & Jaspa Jones - Logic Of Pleasure (Limited Edition)
2018.10.15 21:32:52-INFO: tried: Piet Blank & Jaspa Jones - Logic Of Pleasure (Limited Edition)
2018.10.15 21:32:55-INFO: Connecting Discogs
Query: Piet Blank & Jasper Jones - Logic Of Pleasure (Limited Edition)
2018.10.15 21:32:55-INFO: tried: Piet Blank & Jasper Jones - Logic Of Pleasure (Limited Edition)
2018.10.15 21:32:57-INFO: Connecting Discogs
Query: Piet Blank and Jaspa Jones - Logic Of Pleasure (Limited Edition)
2018.10.15 21:32:57-INFO: tried: Piet Blank and Jaspa Jones - Logic Of Pleasure (Limited Edition)
2018.10.15 21:33:00-INFO: Connecting Discogs
Query: Piet Blank-Jaspa Jones - Logic Of Pleasure (Limited Edition)
2018.10.15 21:33:00-INFO: tried: Piet Blank-Jaspa Jones - Logic Of Pleasure (Limited Edition)
2018.10.15 21:33:02-INFO: Connecting Discogs
Query: Piet Blank, Jaspa Jones - Logic Of Pleasure (Limited Edition)
2018.10.15 21:33:02-INFO: tried: Piet Blank, Jaspa Jones - Logic Of Pleasure (Limited Edition)
2018.10.15 21:33:05-INFO: Connecting Discogs
Query: Piet Blank, Jaspa Jons - Logic Of Pleasure (Limited Edition)
2018.10.15 21:33:05-INFO: tried: Piet Blank, Jaspa Jons - Logic Of Pleasure (Limited Edition)
2018.10.15 21:33:07-INFO: Connecting Discogs
Query: Piet Blank, Jasper Jones - Logic Of Pleasure (Limited Edition)
2018.10.15 21:33:07-INFO: tried: Piet Blank, Jasper Jones - Logic Of Pleasure (Limited Edition)
2018.10.15 21:33:10-INFO: Connecting Discogs
Query: Piet Blank/J.Jones - Logic Of Pleasure (Limited Edition)
2018.10.15 21:33:10-INFO: tried: Piet Blank/J.Jones - Logic Of Pleasure (Limited Edition)
2018.10.15 21:33:12-INFO: Connecting Discogs
Query: Piet Blank/Jaspa Jones - Logic Of Pleasure (Limited Edition)
2018.10.15 21:33:12-INFO: tried: Piet Blank/Jaspa Jones - Logic Of Pleasure (Limited Edition)
2018.10.15 21:33:15-INFO: Connecting Discogs
Query: Piet Blank&Jaspa Jones - Logic Of Pleasure (Limited Edition)
2018.10.15 21:33:15-INFO: tried: Piet Blank&Jaspa Jones - Logic Of Pleasure (Limited Edition)
2018.10.15 21:33:19-INFO: 
metoda Release
2018.10.15 21:33:19-INFO: Connecting Discogs
Query: Logic Of Pleasure (Limited Edition)
2018.10.15 21:33:20-INFO: Comparing Blank + Jones* - The Logic Of Pleasure
2018.10.15 21:33:20-INFO: Comparing Various - No Radar (Voices From The Contemporary Greek Underground)
2018.10.15 21:33:20-INFO: Comparing Disharmonic Orchestra - Not To Be Undimensional Conscious
2018.10.15 21:33:20-INFO: Comparing Catasexual Urge Motivation - Death To Pigs
2018.10.15 21:33:20-INFO: Comparing Majestic (2) - Box
2018.10.15 21:33:20-INFO: Comparing Majestic (2) - Box
2018.10.15 21:33:20-INFO: Comparing Various - Viva Italia
2018.10.15 21:33:20-INFO: Comparing Various - Viva Italia
2018.10.15 21:33:21-INFO: 
metoda Release2
2018.10.15 21:33:21-INFO: Connecting Discogs
Query: Blank & Jones - Logic Of Pleasure (Limited Edition)
2018.10.15 21:33:23-INFO: Comparing Blank  Jones - The Logic Of Pleasure
2018.10.15 21:33:23-INFO: With Blank  Jones - Logic Of Pleasure Limited Edition
2018.10.15 21:33:24-INFO: Worked on :
CatalogID:	1737
Artysta:	Blank & Jones
Album:	Logic Of Pleasure (Limited Edition)
Work done


2018.10.15 21:33:26-INFO: None
2018.10.15 21:33:26-INFO: Catalog Worker starts : D:\++WORKZONE++\# OD KOGOŒ\MP3\ALBUMY\2009 - VA - Mayday - Massive Moments\Disc 1
2018.10.15 21:33:26-INFO: 
Working on file : D:\++WORKZONE++\# OD KOGOŒ\MP3\ALBUMY\2009 - VA - Mayday - Massive Moments\Disc 1\01. Anton Pieete - Last Night.mp3
2018.10.15 21:33:26-INFO: 
Working on file : D:\++WORKZONE++\# OD KOGOŒ\MP3\ALBUMY\2009 - VA - Mayday - Massive Moments\Disc 1\02. Allucanbeat - Tronique (Gorge & Greg Silver Remix).mp3
2018.10.15 21:33:27-INFO: 
Working on file : D:\++WORKZONE++\# OD KOGOŒ\MP3\ALBUMY\2009 - VA - Mayday - Massive Moments\Disc 1\03. Federleicht - On The Streets (Kollektiv Turmstrasse Remix).mp3
2018.10.15 21:33:27-INFO: 
Working on file : D:\++WORKZONE++\# OD KOGOŒ\MP3\ALBUMY\2009 - VA - Mayday - Massive Moments\Disc 1\04. Thomas Schumacher - Lower Instincts (Remix).mp3
2018.10.15 21:33:28-INFO: 
Working on file : D:\++WORKZONE++\# OD KOGOŒ\MP3\ALBUMY\2009 - VA - Mayday - Massive Moments\Disc 1\05. Gorge - Nyota.mp3
2018.10.15 21:33:28-INFO: 
Working on file : D:\++WORKZONE++\# OD KOGOŒ\MP3\ALBUMY\2009 - VA - Mayday - Massive Moments\Disc 1\06. Loco Dice - M-Train To Brooklyn (Marco Carola Remix).mp3
2018.10.15 21:33:29-INFO: 
Working on file : D:\++WORKZONE++\# OD KOGOŒ\MP3\ALBUMY\2009 - VA - Mayday - Massive Moments\Disc 1\07. Par Grindvik - Do Us Apart (Len Faki Remix).mp3
2018.10.15 21:33:29-INFO: 
Working on file : D:\++WORKZONE++\# OD KOGOŒ\MP3\ALBUMY\2009 - VA - Mayday - Massive Moments\Disc 1\08. Guy Gerber - Timing.mp3
2018.10.15 21:33:29-INFO: 
Working on file : D:\++WORKZONE++\# OD KOGOŒ\MP3\ALBUMY\2009 - VA - Mayday - Massive Moments\Disc 1\09. Nicole Moudaber - Born In Ibadan.mp3
2018.10.15 21:33:30-INFO: 
Working on file : D:\++WORKZONE++\# OD KOGOŒ\MP3\ALBUMY\2009 - VA - Mayday - Massive Moments\Disc 1\11. Speedy J - EDLX Tool (Chris Liebing Edi).mp3
2018.10.15 21:33:31-INFO: 
Working on file : D:\++WORKZONE++\# OD KOGOŒ\MP3\ALBUMY\2009 - VA - Mayday - Massive Moments\Disc 1\12. Luetzenkirchen - All That Jazz (Popof Remix 01).mp3
2018.10.15 21:33:31-INFO: Substring Finder starts
2018.10.15 21:33:31-INFO: ['Anton Pieete', 'Allucanbeat', 'Federleicht', 'Thomas Schumacher', 'Gorge', 'Loco Dice', 'Par Grindvik', 'Guy Gerber', 'Nicole Moudaber', 'Tomcraft', 'Speedy J', 'Luetzenkirchen']
2018.10.15 21:33:31-INFO: Nie znaleziono czêœci wspolnych
2018.10.15 21:33:31-INFO: Propositions : ['A', 'l', 'er', 'o', ' ', ' G', 'ber', 'c', 'e']
2018.10.15 21:33:31-INFO: Nie znaleziono czêœci wspolnych
2018.10.15 21:33:31-INFO: Nie znaleziono czêœci wspolnych
2018.10.15 21:33:31-INFO: Nie znaleziono czêœci wspolnych
2018.10.15 21:33:31-INFO: Nie znaleziono czêœci wspolnych
2018.10.15 21:33:31-INFO: Nie znaleziono czêœci wspolnych
2018.10.15 21:33:31-INFO: Nie znaleziono czêœci wspolnych
2018.10.15 21:33:31-INFO: Nie znaleziono czêœci wspolnych
2018.10.15 21:33:31-INFO: Nie znaleziono czêœci wspolnych
2018.10.15 21:33:31-INFO: Nie znaleziono czêœci wspolnych
2018.10.15 21:33:31-INFO: Nie znaleziono czêœci wspolnych
2018.10.15 21:33:31-INFO: Nie znaleziono czêœci wspolnych
2018.10.15 21:33:31-INFO: Nie znaleziono czêœci wspolnych
2018.10.15 21:33:31-INFO: Nie znaleziono czêœci wspolnych
2018.10.15 21:33:31-INFO: Nie znaleziono czêœci wspolnych
2018.10.15 21:33:31-INFO: Nie znaleziono czêœci wspolnych
2018.10.15 21:33:31-INFO: Nie znaleziono czêœci wspolnych
2018.10.15 21:33:31-INFO: Nie znaleziono czêœci wspolnych
2018.10.15 21:33:31-INFO: Nie znaleziono czêœci wspolnych
2018.10.15 21:33:31-INFO: Nie znaleziono czêœci wspolnych
2018.10.15 21:33:31-INFO: Nie znaleziono czêœci wspolnych
2018.10.15 21:33:31-INFO: Nie znaleziono czêœci wspolnych
2018.10.15 21:33:31-INFO: Nie znaleziono czêœci wspolnych
2018.10.15 21:33:31-INFO: Nie znaleziono czêœci wspolnych
2018.10.15 21:33:31-INFO: Nie znaleziono czêœci wspolnych
2018.10.15 21:33:31-INFO: Nie znaleziono czêœci wspolnych
2018.10.15 21:33:31-INFO: Nie znaleziono czêœci wspolnych
2018.10.15 21:33:31-INFO: Nie znaleziono czêœci wspolnych
2018.10.15 21:33:31-INFO: Nie znaleziono czêœci wspolnych
2018.10.15 21:33:31-INFO: Nie znaleziono czêœci wspolnych
2018.10.15 21:33:31-INFO: Nie znaleziono czêœci wspolnych
2018.10.15 21:33:31-INFO: Nie znaleziono czêœci wspolnych
2018.10.15 21:33:31-INFO: Nie znaleziono czêœci wspolnych
2018.10.15 21:33:31-INFO: Nie znaleziono czêœci wspolnych
2018.10.15 21:33:31-INFO: Nie znaleziono czêœci wspolnych
2018.10.15 21:33:31-INFO: Nie znaleziono czêœci wspolnych
2018.10.15 21:33:31-INFO: Nie znaleziono czêœci wspolnych
2018.10.15 21:33:31-INFO: Nie znaleziono czêœci wspolnych
2018.10.15 21:33:31-INFO: Nie znaleziono czêœci wspolnych
2018.10.15 21:33:31-INFO: Nie znaleziono czêœci wspolnych
2018.10.15 21:33:31-INFO: Nie znaleziono czêœci wspolnych
2018.10.15 21:33:31-INFO: Nie znaleziono czêœci wspolnych
2018.10.15 21:33:31-INFO: 

***Searching for Various Artist - Mayday - Massive Moments CD 1
2018.10.15 21:33:31-INFO: 
metoda Album
2018.10.15 21:33:31-INFO: Connecting Discogs
Query: Mayday - Massive Moments CD 1
2018.10.15 21:33:33-INFO: Comparing Members Of Mayday - All In One
2018.10.15 21:33:33-INFO: Comparing Plump DJs - GUDJ Volume // 02: Plump DJs
2018.10.15 21:33:34-INFO: 
metoda Token
2018.10.15 21:33:34-INFO: Connecting Discogs
 Query: Various Artist - Mayday - Massive Moments CD 1
2018.10.15 21:33:38-INFO: 
metoda Variations
2018.10.15 21:33:38-INFO: Connecting Discogs
Query: Various Artist
2018.10.15 21:33:43-INFO: <Artist 35584 'Various Artists (3)'>  aliases : ['V/A']
2018.10.15 21:33:43-INFO: Connecting Discogs
Query: V/A - Mayday - Massive Moments CD 1
2018.10.15 21:33:43-INFO: tried: V/A - Mayday - Massive Moments CD 1
2018.10.15 21:33:48-INFO: 
metoda Release
2018.10.15 21:33:48-INFO: Connecting Discogs
Query: Mayday - Massive Moments CD 1
2018.10.15 21:33:51-INFO: Comparing Various - Mayday 2009
2018.10.15 21:33:51-INFO: Comparing Various - Mayday The Complete Rave Generation
2018.10.15 21:33:51-INFO: Comparing Members Of Mayday - All In One
2018.10.15 21:33:51-INFO: Comparing Various - Below The Radar : The Best Of Wordsound Dub
2018.10.15 21:33:51-INFO: Comparing Plump DJs - GUDJ Volume // 02: Plump DJs
2018.10.15 21:33:51-INFO: Comparing Various - Real Retro House Classix Volume 5
2018.10.15 21:33:51-INFO: Comparing Various - Sunshine Live Volume: 030
2018.10.15 21:33:51-INFO: Comparing Plump DJs - Global Underground : Plump DJs
2018.10.15 21:33:51-INFO: Comparing DJ Udav* - The Best Of 90
2018.10.15 21:33:51-INFO: Comparing Various - Tekno.51
2018.10.15 21:33:51-INFO: Comparing Various - Taneèní Liga 113
2018.10.15 21:33:52-INFO: 
metoda Release2
2018.10.15 21:33:52-INFO: Connecting Discogs
Query: Various Artist - Mayday - Massive Moments CD 1
2018.10.15 21:33:56-INFO: Worked on :
CatalogID:	1738
Artysta:	Various Artist
Album:	Mayday - Massive Moments CD 1
Work done


