2018.10.17 00:40:06-INFO: OS : Linux
2018.10.17 00:40:06-INFO: catalog_collector Function starts
2018.10.17 00:40:06-DEBUG: Catalog Cache File founded
2018.10.17 00:40:06-INFO: catalog_collector Function ended


2018.10.17 00:40:06-INFO: Skipped /home/kuba/Muzyka/Chic - (1977) Chic (kopia)
2018.10.17 00:40:06-INFO: Catalog Crawler starts
2018.10.17 00:40:06-DEBUG: Files found in catalog : ['03 Rhinoceros.wma', '04 Bury Me.wma', '01 I Am One.wma', '06 Suffer.wma', 'AlbumArt_{78A8D776-02E8-40AF-9D5E-14E0BE00649F}_Large.jpg', 'ZuneAlbumArt.jpg', 'Folder.jpg', '09 Window Paine.wma', '02 Siva.wma', '07 Snail.wma', '08 Tristessa.wma', 'AlbumArtSmall.jpg', '10 Daydream.wma', 'AlbumArt_{78A8D776-02E8-40AF-9D5E-14E0BE00649F}_Small.jpg', '05 Crush.wma']
2018.10.17 00:40:06-INFO: Starting loop through files

2018.10.17 00:40:06-INFO: File Crawler for starts for file : /home/kuba/Muzyka/Gish/03 Rhinoceros.wma
2018.10.17 00:40:06-DEBUG: Handling file by taglib - correct
2018.10.17 00:40:06-INFO: All file attributes collected correct
2018.10.17 00:40:06-INFO: {'path': '/home/kuba/Muzyka/Gish/03 Rhinoceros.wma', 'album': 'Gish', 'artist': 'The Smashing Pumpkins', 'title': 'Rhinoceros', 'date': '1991', 'length': 394, 'bitrate': 128}

2018.10.17 00:40:06-INFO: File Crawler for starts for file : /home/kuba/Muzyka/Gish/04 Bury Me.wma
2018.10.17 00:40:06-DEBUG: Handling file by taglib - correct
2018.10.17 00:40:06-INFO: All file attributes collected correct
2018.10.17 00:40:06-INFO: {'path': '/home/kuba/Muzyka/Gish/04 Bury Me.wma', 'album': 'Gish', 'artist': 'The Smashing Pumpkins', 'title': 'Bury Me', 'date': '1991', 'length': 290, 'bitrate': 128}

2018.10.17 00:40:06-INFO: File Crawler for starts for file : /home/kuba/Muzyka/Gish/01 I Am One.wma
2018.10.17 00:40:06-DEBUG: Handling file by taglib - correct
2018.10.17 00:40:06-INFO: All file attributes collected correct
2018.10.17 00:40:06-INFO: {'path': '/home/kuba/Muzyka/Gish/01 I Am One.wma', 'album': 'Gish', 'artist': 'The Smashing Pumpkins', 'title': 'I Am One', 'date': '1991', 'length': 249, 'bitrate': 128}

2018.10.17 00:40:06-INFO: File Crawler for starts for file : /home/kuba/Muzyka/Gish/06 Suffer.wma
2018.10.17 00:40:06-DEBUG: Handling file by taglib - correct
2018.10.17 00:40:06-INFO: All file attributes collected correct
2018.10.17 00:40:06-INFO: {'path': '/home/kuba/Muzyka/Gish/06 Suffer.wma', 'album': 'Gish', 'artist': 'The Smashing Pumpkins', 'title': 'Suffer', 'date': '1991', 'length': 312, 'bitrate': 128}

2018.10.17 00:40:06-INFO: File Crawler for starts for file : /home/kuba/Muzyka/Gish/09 Window Paine.wma
2018.10.17 00:40:06-DEBUG: Handling file by taglib - correct
2018.10.17 00:40:06-INFO: All file attributes collected correct
2018.10.17 00:40:06-INFO: {'path': '/home/kuba/Muzyka/Gish/09 Window Paine.wma', 'album': 'Gish', 'artist': 'The Smashing Pumpkins', 'title': 'Window Paine', 'date': '1991', 'length': 353, 'bitrate': 128}

2018.10.17 00:40:06-INFO: File Crawler for starts for file : /home/kuba/Muzyka/Gish/02 Siva.wma
2018.10.17 00:40:06-DEBUG: Handling file by taglib - correct
2018.10.17 00:40:06-INFO: All file attributes collected correct
2018.10.17 00:40:06-INFO: {'path': '/home/kuba/Muzyka/Gish/02 Siva.wma', 'album': 'Gish', 'artist': 'The Smashing Pumpkins', 'title': 'Siva', 'date': '1991', 'length': 264, 'bitrate': 128}

2018.10.17 00:40:06-INFO: File Crawler for starts for file : /home/kuba/Muzyka/Gish/07 Snail.wma
2018.10.17 00:40:06-DEBUG: Handling file by taglib - correct
2018.10.17 00:40:06-INFO: All file attributes collected correct
2018.10.17 00:40:06-INFO: {'path': '/home/kuba/Muzyka/Gish/07 Snail.wma', 'album': 'Gish', 'artist': 'The Smashing Pumpkins', 'title': 'Snail', 'date': '1991', 'length': 311, 'bitrate': 128}

2018.10.17 00:40:06-INFO: File Crawler for starts for file : /home/kuba/Muzyka/Gish/08 Tristessa.wma
2018.10.17 00:40:06-DEBUG: Handling file by taglib - correct
2018.10.17 00:40:06-INFO: All file attributes collected correct
2018.10.17 00:40:06-INFO: {'path': '/home/kuba/Muzyka/Gish/08 Tristessa.wma', 'album': 'Gish', 'artist': 'The Smashing Pumpkins', 'title': 'Tristessa', 'date': '1991', 'length': 215, 'bitrate': 128}

2018.10.17 00:40:06-INFO: File Crawler for starts for file : /home/kuba/Muzyka/Gish/10 Daydream.wma
2018.10.17 00:40:06-DEBUG: Handling file by taglib - correct
2018.10.17 00:40:06-INFO: All file attributes collected correct
2018.10.17 00:40:06-INFO: {'path': '/home/kuba/Muzyka/Gish/10 Daydream.wma', 'album': 'Gish', 'artist': 'The Smashing Pumpkins', 'title': 'Daydream', 'date': '1991', 'length': 188, 'bitrate': 128}

2018.10.17 00:40:06-INFO: File Crawler for starts for file : /home/kuba/Muzyka/Gish/05 Crush.wma
2018.10.17 00:40:06-DEBUG: Handling file by taglib - correct
2018.10.17 00:40:06-INFO: All file attributes collected correct
2018.10.17 00:40:06-INFO: {'path': '/home/kuba/Muzyka/Gish/05 Crush.wma', 'album': 'Gish', 'artist': 'The Smashing Pumpkins', 'title': 'Crush', 'date': '1991', 'length': 217, 'bitrate': 128}

2018.10.17 00:40:06-INFO: 

2018.10.17 00:40:06-INFO: Loop through files ends succesfully

2018.10.17 00:40:06-INFO: Determine Catalog Attributes function starts

2018.10.17 00:40:06-DEBUG: Tries to guess Album name
2018.10.17 00:40:06-DEBUG: Found 10 proposition(s) : ['The Smashing Pumpkins', 'The Smashing Pumpkins', 'The Smashing Pumpkins', 'The Smashing Pumpkins', 'The Smashing Pumpkins', 'The Smashing Pumpkins', 'The Smashing Pumpkins', 'The Smashing Pumpkins', 'The Smashing Pumpkins', 'The Smashing Pumpkins']
2018.10.17 00:40:06-DEBUG: Album unreckognized
2018.10.17 00:40:06-DEBUG: Tries to guess Artist name
2018.10.17 00:40:06-DEBUG: Found 1 proposition(s) : ['The Smashing Pumpkins']
2018.10.17 00:40:06-DEBUG: Artist found : The Smashing Pumpkins
2018.10.17 00:40:06-DEBUG: Tries to guess date of album
2018.10.17 00:40:06-DEBUG: Date recognized : 1991
2018.10.17 00:40:06-DEBUG: Computing average bitrate of files
2018.10.17 00:40:06-DEBUG: Computing total length of files
2018.10.17 00:40:06-INFO: reckognized Catalog Attributes:
Artist: The Smashing Pumpkins        
Album: Unknown Album
Date: 1991
AvgBitrate: 128.0
CatalogSym


2018.10.17 00:40:06-DEBUG: returns {'album': 'Unknown Album', 'artist': 'The Smashing Pumpkins', 'date': '1991', 'avg_bitrate': 128.0, 'total_length': 2793, 'catalog_mark': '', 'img_count': 5, 'path': '/home/kuba/Muzyka/Gish'}
2018.10.17 00:40:06-INFO: Catalog Crawler ends,

2018.10.17 00:40:06-INFO: Connecting to Discgos API Skipped, too less data
