2018.10.15 21:12:38-INFO: Crawler Starts
2018.10.15 21:12:38-INFO: Crawler Ends
2018.10.15 21:12:38-INFO: Skipped D:\++WORKZONE++
2018.10.15 21:12:38-INFO: Skipped D:\++WORKZONE++\!!! Instrumentals NEW\1 part DLded\03. Instrumentals\2010 - Brown Study Instrumentals
2018.10.15 21:12:38-INFO: Skipped D:\++WORKZONE++\!!! Instrumentals NEW\1 part DLded\03. Instrumentals\2010 - Gas Mask Instrumentals
2018.10.15 21:12:38-INFO: Skipped D:\++WORKZONE++\!!! Instrumentals NEW\1 part DLded\03. Instrumentals\2010 - The Reset Instrumentals
2018.10.15 21:12:38-INFO: Skipped D:\++WORKZONE++\!!! Instrumentals NEW\1 part DLded\03. Instrumentals\2013 - Trophies Instrumentals
2018.10.15 21:12:38-INFO: Skipped D:\++WORKZONE++\!!! Instrumentals NEW\1 part DLded\2013 - Blazo - Colors of Jazz 2
2018.10.15 21:12:38-INFO: Skipped D:\++WORKZONE++\!!! Instrumentals NEW\1 part DLded\Apollo Brown - Thirty Eight (2014) [FLAC]
2018.10.15 21:12:38-INFO: Skipped D:\++WORKZONE++\!!! Instrumentals NEW\1 part DLded\Blazo\2009 - Alone Journey
2018.10.15 21:12:38-INFO: Skipped D:\++WORKZONE++\!!! Instrumentals NEW\1 part DLded\Blazo\2011 - Colors of Jazz
2018.10.15 21:12:38-INFO: Skipped D:\++WORKZONE++\!!! Instrumentals NEW\1 part DLded\Blazo\2011 - Jazz Format Mixtape Vol. 1
2018.10.15 21:12:38-INFO: Skipped D:\++WORKZONE++\!!! Instrumentals NEW\1 part DLded\Blazo\2012 - Reflections
2018.10.15 21:12:38-INFO: Skipped D:\++WORKZONE++\!!! Instrumentals NEW\1 part DLded\Cypress Hill - Cypress Hil Instrumentals (1991)
2018.10.15 21:12:38-INFO: Skipped D:\++WORKZONE++\!!! Instrumentals NEW\1 part DLded\Deeb - Slowmocean (2016)
2018.10.15 21:12:38-INFO: Skipped D:\++WORKZONE++\!!! Instrumentals NEW\1 part DLded\deeB [insrumental hip-hop, acid jazz]\2012 Daydream (EP)
2018.10.15 21:12:38-INFO: Skipped D:\++WORKZONE++\!!! Instrumentals NEW\1 part DLded\Eminem Inst
2018.10.15 21:12:38-INFO: Skipped D:\++WORKZONE++\!!! Instrumentals NEW\1 part DLded\Eminem Inst\Eminem - Encore (Instrumentals) - loops
2018.10.15 21:12:38-INFO: Skipped D:\++WORKZONE++\!!! Instrumentals NEW\1 part DLded\Handbook - Olden (2014)
2018.10.15 21:12:38-INFO: Skipped D:\++WORKZONE++\!!! Instrumentals NEW\1 part DLded\Illa J Instrumentals
2018.10.15 21:12:38-INFO: Skipped D:\++WORKZONE++\!!! Instrumentals NEW\1 part DLded\Instrumentals\2003 - Resurrection (Instrumentals)
2018.10.15 21:12:38-INFO: Skipped D:\++WORKZONE++\!!! Instrumentals NEW\1 part DLded\Instrumentals\2004 - Instrumental Collection (Vol. 2)
2018.10.15 21:12:38-INFO: Skipped D:\++WORKZONE++\!!! Instrumentals NEW\1 part DLded\Instrumentals\2004 - Pacstrumentals vol.2
2018.10.15 21:12:38-INFO: Skipped D:\++WORKZONE++\!!! Instrumentals NEW\1 part DLded\Instrumentals\2007 - 2Pac Instrumentals Vol.1 (DJ Burns Luciano)
2018.10.15 21:12:38-INFO: Skipped D:\++WORKZONE++\!!! Instrumentals NEW\1 part DLded\Instrumentals\2008 - 2Pacstrumentals Vol.1 (Green Flag Productions)
2018.10.15 21:12:38-INFO: Skipped D:\++WORKZONE++\!!! Instrumentals NEW\1 part DLded\Instrumentals Evidence\Green Tape Instrumentals (2013)
2018.10.15 21:12:38-INFO: Skipped D:\++WORKZONE++\!!! Instrumentals NEW\1 part DLded\Instrumentals Evidence\Red Tape Instrumentals (2007)
2018.10.15 21:12:38-INFO: Skipped D:\++WORKZONE++\!!! Instrumentals NEW\1 part DLded\Instrumentals Evidence\The Purple Tape Instrumentals (2008)
2018.10.15 21:12:38-INFO: Skipped D:\++WORKZONE++\!!! Instrumentals NEW\1 part DLded\Instrumentals Evidence\Yellow Tape Instrumentals (2004)
2018.10.15 21:12:38-INFO: Skipped D:\++WORKZONE++\!!! Instrumentals NEW\1 part DLded\Long Arm - The Branches (Deluxe Edition) - 2012 (320 kbps)
2018.10.15 21:12:38-INFO: Skipped D:\++WORKZONE++\!!! Instrumentals NEW\1 part DLded\Mobb Deep - 2009 - The Infamous Instrumentals
2018.10.15 21:12:38-INFO: Skipped D:\++WORKZONE++\!!! Instrumentals NEW\1 part DLded\Mobb_Deep-Murda_Muzik_Instrumental_LP-1996-CHR
2018.10.15 21:12:38-INFO: Skipped D:\++WORKZONE++\!!! Instrumentals NEW\1 part DLded\Shuka4Beats - Free Hip-Hop and Rap Beats Vol.1 (2013)
2018.10.15 21:12:38-INFO: Skipped D:\++WORKZONE++\!!! Instrumentals NEW\1 part DLded\The Cancel\2011 - Diversity
2018.10.15 21:12:38-INFO: Skipped D:\++WORKZONE++\!!! Instrumentals NEW\1 part DLded\The Cancel\2011 - Reply From Space
2018.10.15 21:12:38-INFO: Skipped D:\++WORKZONE++\!!! Instrumentals NEW\1 part DLded\The Cancel\2012 - Coffee Cafe EP
2018.10.15 21:12:38-INFO: Skipped D:\++WORKZONE++\!!! Instrumentals NEW\1 part DLded\The Cancel\2013 - Collaboration
2018.10.15 21:12:38-INFO: Skipped D:\++WORKZONE++\!!! Instrumentals NEW\1 part DLded\The Cancel\2013 - Daybreak
2018.10.15 21:12:38-INFO: Skipped D:\++WORKZONE++\!!! Instrumentals NEW\1 part DLded\The Cancel\2013 - Night Light
2018.10.15 21:12:38-INFO: Skipped D:\++WORKZONE++\!!! Instrumentals NEW\1 part DLded\The Cancel\2014 - Criminal
2018.10.15 21:12:38-INFO: Skipped D:\++WORKZONE++\!!! Instrumentals NEW\1 part DLded\The Cancel\2014 - Panorama
2018.10.15 21:12:38-INFO: Skipped D:\++WORKZONE++\!!! Instrumentals NEW\1 part DLded\The Cancel\2015 - No Way To Stay
2018.10.15 21:12:38-INFO: Skipped D:\++WORKZONE++\!!! Instrumentals NEW\1 part DLded\The Cancel\2016 - Jungle
2018.10.15 21:12:38-INFO: Skipped D:\++WORKZONE++\!!! Instrumentals NEW\1 part DLded\The Instrumentals LP\(2005) The Instrumentals LP (CD 1)
2018.10.15 21:12:38-INFO: Skipped D:\++WORKZONE++\!!! Instrumentals NEW\1 part DLded\The Instrumentals LP\(2005) The Instrumentals LP (CD 2)
2018.10.15 21:12:38-INFO: Skipped D:\++WORKZONE++\!!! Instrumentals NEW\2 part\KRS-One & True Master - Meta-Historical (Instrumentals) (2011)
2018.10.15 21:12:38-INFO: Skipped D:\++WORKZONE++\!!! Instrumentals NEW\Dj Low Cut - Dead End (Instrumental & Acapella)
2018.10.15 21:12:38-INFO: Skipped D:\++WORKZONE++\!!! Instrumentals NEW\FR Instrumental [mp3]
2018.10.15 21:12:38-INFO: Skipped D:\++WORKZONE++\!!! Instrumentals NEW\Gang Starr - The Ownerz Instrumentals [2003]
2018.10.15 21:12:38-INFO: Skipped D:\++WORKZONE++\!!! Instrumentals NEW\Instrumental InVasion Vol. 4 - Kanye West Edition (Instrumentals)
2018.10.15 21:12:38-INFO: Skipped D:\++WORKZONE++\!!! Instrumentals NEW\J. Armz - How To Be An MC Vol. 17 (Instrumentals) (2004)
2018.10.15 21:12:38-INFO: Skipped D:\++WORKZONE++\!!! Instrumentals NEW\Jarmz - How To Be An Mc 20 (DatPiff.com)
2018.10.15 21:12:38-INFO: Skipped D:\++WORKZONE++\!!! Instrumentals NEW\Jay-Z Instrumentals-MIXFIEND
2018.10.15 21:12:38-INFO: Skipped D:\++WORKZONE++\!!! Instrumentals NEW\Lil Jon - Instrumental Kingz Vol 2 (2004)
2018.10.15 21:12:38-INFO: Skipped D:\++WORKZONE++\!!! Instrumentals NEW\Mos Def - Black on Both Sides
2018.10.15 21:12:38-INFO: Skipped D:\++WORKZONE++\!!! Instrumentals NEW\Nas - Instrumentals\2001 - Stillmatic (Instrumentals)
2018.10.15 21:12:38-INFO: Skipped D:\++WORKZONE++\!!! Instrumentals NEW\Nas - Instrumentals\2002 - God's Son (Instrumentals)
2018.10.15 21:12:38-INFO: Skipped D:\++WORKZONE++\!!! Instrumentals NEW\Nas - Instrumentals\2008 - Beats I Would've Gave Nas (DJ DviousMindZ) (Instrumentals)
2018.10.15 21:12:38-INFO: Skipped D:\++WORKZONE++\!!! Instrumentals NEW\ONYX - Instrumentals_[torrents.ru]
2018.10.15 21:12:38-INFO: Skipped D:\++WORKZONE++\!!! Instrumentals NEW\Rick Ross Instrumental Pack
2018.10.15 21:12:38-INFO: Skipped D:\++WORKZONE++\!!! Instrumentals NEW\Shuka4Beats - Free Hip-Hop and Rap Beats Vol.2 (2014)
2018.10.15 21:12:38-INFO: Skipped D:\++WORKZONE++\!!! Instrumentals NEW\Shuka4Beats - Free Hip-Hop and Rap Beats Vol.3 (2014)
2018.10.15 21:12:38-INFO: Skipped D:\++WORKZONE++\!!! Instrumentals NEW\Shuka4Beats - Urban Waves (2015)
2018.10.15 21:12:38-INFO: Skipped D:\++WORKZONE++\!!! Instrumentals NEW\Special Edition (Instrumental Slaughter)\Before I Self Destruct -The Instrumentals\Before I Self Destruct -The Instrumentals
2018.10.15 21:12:38-INFO: Skipped D:\++WORKZONE++\!!! Instrumentals NEW\Special Edition (Instrumental Slaughter)\Curtis Vs Graduation Instrumentals\Curtis Vs Graduation Instrumentals
2018.10.15 21:12:38-INFO: Skipped D:\++WORKZONE++\!!! Instrumentals NEW\Special Edition (Instrumental Slaughter)\Recovery vs Thank Me Later Instrumentals\Recovery vs Thank Me Later Instrumentals
2018.10.15 21:12:38-INFO: Skipped D:\++WORKZONE++\!!! Instrumentals NEW\Special Edition (Instrumental Slaughter)\T.O.S. Vs Tha Carter 3 Instrumentals\T.O.S. Vs Tha Carter 3 Instrumentals
2018.10.15 21:12:38-INFO: Skipped D:\++WORKZONE++\!!! Instrumentals NEW\Spez - Instrumental Pack (2010)
2018.10.15 21:12:38-INFO: Skipped D:\++WORKZONE++\!!! Instrumentals NEW\T.I. - Instrumental Pack
2018.10.15 21:12:38-INFO: Skipped D:\++WORKZONE++\!!! Instrumentals NEW\The Black Keys - Blakroc Instrumental (2009)
2018.10.15 21:12:38-INFO: Skipped D:\++WORKZONE++\!!! Instrumentals NEW\Trae & Dj Know Skillz - Restless Instrumentals
2018.10.15 21:12:38-INFO: Skipped D:\++WORKZONE++\!!! Oldies to CUT\ABC Andrzeja Nebeskiego-1970 (PRONIT SXL 0627)Shelter 301.II
2018.10.15 21:12:38-INFO: Skipped D:\++WORKZONE++\!!! Oldies to CUT\Alicja Majewska-1994-The Best Of-Scans
2018.10.15 21:12:38-INFO: Skipped D:\++WORKZONE++\!!! Oldies to CUT\Bemibem-1974-Bemowe frazy (2007)Scans
2018.10.15 21:12:38-INFO: Skipped D:\++WORKZONE++\!!! Oldies to CUT\DJ Quik\1991 - Quik Is The Name
2018.10.15 21:12:38-INFO: Skipped D:\++WORKZONE++\!!! Oldies to CUT\DJ Quik\1992 - Way 2 Fonky
2018.10.15 21:12:38-INFO: Skipped D:\++WORKZONE++\!!! Oldies to CUT\DJ Quik\1995 - Safe + Sound
2018.10.15 21:12:38-INFO: Skipped D:\++WORKZONE++\!!! Oldies to CUT\DJ Quik\1995 - The Death Row Sessions EP
2018.10.15 21:12:38-INFO: Skipped D:\++WORKZONE++\!!! Oldies to CUT\DJ Quik\1998 - Rhythm-al-ism
2018.10.15 21:12:38-INFO: Skipped D:\++WORKZONE++\!!! Oldies to CUT\DJ Quik\2000 - Balance & Options
2018.10.15 21:12:38-INFO: Skipped D:\++WORKZONE++\!!! Oldies to CUT\DJ Quik\2002 - Under Tha Influence
2018.10.15 21:12:38-INFO: Skipped D:\++WORKZONE++\!!! Oldies to CUT\DJ Quik\2004 - Platinum & Gold Collection
2018.10.15 21:12:38-INFO: Skipped D:\++WORKZONE++\!!! Oldies to CUT\DJ Quik\2005 - Trauma
2018.10.15 21:12:38-INFO: Skipped D:\++WORKZONE++\!!! Oldies to CUT\DJ Quik\2006 - Born & Raised In Compton (The Greatest Hits)
2018.10.15 21:12:38-INFO: Skipped D:\++WORKZONE++\!!! Oldies to CUT\DJ Quik\2006 - Greatest Hits Live At The House Of Blues
2018.10.15 21:12:38-INFO: Skipped D:\++WORKZONE++\!!! Oldies to CUT\DJ Quik\2009 - BlaQKout (with Kurupt)
2018.10.15 21:12:38-INFO: Skipped D:\++WORKZONE++\!!! Oldies to CUT\DJ Quik\2011 - The Book of David
2018.10.15 21:12:38-INFO: Skipped D:\++WORKZONE++\!!! Oldies to CUT\Eleni-1984-Morze snu (PN.SX.2168).(Vinyl.16bit-44.1kHz)NoScans
2018.10.15 21:12:38-INFO: Skipped D:\++WORKZONE++\!!! Oldies to CUT\Eleni-1986-10 (Pronit.PLP.0040).(Vinyl.16bit-44.1kHz)NoScans
2018.10.15 21:12:38-INFO: Skipped D:\++WORKZONE++\!!! Oldies to CUT\Eleni-2005-Muzyka Twoje imiê ma-Scans
2018.10.15 21:12:38-INFO: Skipped D:\++WORKZONE++\!!! Oldies to CUT\Ewa Bem With Swing Session-1981 (LP)Scans
2018.10.15 21:12:38-INFO: Skipped D:\++WORKZONE++\!!! Oldies to CUT\Ewa Bem-Gram o wszystko-Scans
2018.10.15 21:12:38-INFO: None
2018.10.15 21:12:38-INFO: Catalog Worker starts : D:\++WORKZONE++\!!! Oldies to CUT\Gra¿yna £obaszewska-1989-Brzydcy (Polskie Nagrania Muza SX-2756)Scans
2018.10.15 21:12:38-INFO: 
Working on file : D:\++WORKZONE++\!!! Oldies to CUT\Gra¿yna £obaszewska-1989-Brzydcy (Polskie Nagrania Muza SX-2756)Scans\Grazyna Lobaczewska - Brzydcy.flac
2018.10.15 21:12:38-WARNING: KeyError
2018.10.15 21:12:38-WARNING: pole ALBUM b³êdne
2018.10.15 21:12:38-WARNING: KeyError
2018.10.15 21:12:38-WARNING: pole artist b³êdne lub puste
2018.10.15 21:12:38-WARNING: KeyError
2018.10.15 21:12:38-WARNING: pole title b³êdne lub puste
2018.10.15 21:12:38-INFO: Worked on :
CatalogID:	1654
Artysta:	Unknown Artist
Album:	Unknown Album
Work done


2018.10.15 21:12:40-INFO: None
2018.10.15 21:12:40-INFO: Catalog Worker starts : D:\++WORKZONE++\!!! Oldies to CUT\Gra¿yna £obaszewska-1989-Brzydcy (Polskie Nagrania Muza SX-2756)Scans
2018.10.15 21:12:40-INFO: 
Working on file : D:\++WORKZONE++\!!! Oldies to CUT\Gra¿yna £obaszewska-1989-Brzydcy (Polskie Nagrania Muza SX-2756)Scans\Grazyna Lobaczewska - Brzydcy.flac
2018.10.15 21:12:40-WARNING: KeyError
2018.10.15 21:12:40-WARNING: pole ALBUM b³êdne
2018.10.15 21:12:40-WARNING: KeyError
2018.10.15 21:12:40-WARNING: pole artist b³êdne lub puste
2018.10.15 21:12:40-WARNING: KeyError
2018.10.15 21:12:40-WARNING: pole title b³êdne lub puste
2018.10.15 21:12:40-INFO: Worked on :
CatalogID:	1655
Artysta:	Unknown Artist
Album:	Unknown Album
Work done


2018.10.15 21:12:42-INFO: None
2018.10.15 21:12:42-INFO: Catalog Worker starts : D:\++WORKZONE++\!!! Oldies to CUT\Gra¿yna £obaszewska-1989-Brzydcy (Polskie Nagrania Muza SX-2756)Scans
2018.10.15 21:12:42-INFO: 
Working on file : D:\++WORKZONE++\!!! Oldies to CUT\Gra¿yna £obaszewska-1989-Brzydcy (Polskie Nagrania Muza SX-2756)Scans\Grazyna Lobaczewska - Brzydcy.flac
2018.10.15 21:12:42-WARNING: KeyError
2018.10.15 21:12:42-WARNING: pole ALBUM b³êdne
2018.10.15 21:12:42-WARNING: KeyError
2018.10.15 21:12:42-WARNING: pole artist b³êdne lub puste
2018.10.15 21:12:42-WARNING: KeyError
2018.10.15 21:12:42-WARNING: pole title b³êdne lub puste
2018.10.15 21:12:42-INFO: Worked on :
CatalogID:	1656
Artysta:	Unknown Artist
Album:	Unknown Album
Work done


2018.10.15 21:12:43-INFO: None
2018.10.15 21:12:43-INFO: Catalog Worker starts : D:\++WORKZONE++\!!! Oldies to CUT\Gra¿yna £obaszewska-1989-Brzydcy (Polskie Nagrania Muza SX-2756)Scans
2018.10.15 21:12:43-INFO: 
Working on file : D:\++WORKZONE++\!!! Oldies to CUT\Gra¿yna £obaszewska-1989-Brzydcy (Polskie Nagrania Muza SX-2756)Scans\Grazyna Lobaczewska - Brzydcy.flac
2018.10.15 21:12:43-WARNING: KeyError
2018.10.15 21:12:43-WARNING: pole ALBUM b³êdne
2018.10.15 21:12:43-WARNING: KeyError
2018.10.15 21:12:43-WARNING: pole artist b³êdne lub puste
2018.10.15 21:12:43-WARNING: KeyError
2018.10.15 21:12:43-WARNING: pole title b³êdne lub puste
2018.10.15 21:12:43-INFO: Worked on :
CatalogID:	1657
Artysta:	Unknown Artist
Album:	Unknown Album
Work done


2018.10.15 21:12:45-INFO: None
2018.10.15 21:12:45-INFO: Catalog Worker starts : D:\++WORKZONE++\!!! Oldies to CUT\Gra¿yna £obaszewska-1989-Brzydcy (Polskie Nagrania Muza SX-2756)Scans
2018.10.15 21:12:45-INFO: 
Working on file : D:\++WORKZONE++\!!! Oldies to CUT\Gra¿yna £obaszewska-1989-Brzydcy (Polskie Nagrania Muza SX-2756)Scans\Grazyna Lobaczewska - Brzydcy.flac
2018.10.15 21:12:45-WARNING: KeyError
2018.10.15 21:12:45-WARNING: pole ALBUM b³êdne
2018.10.15 21:12:45-WARNING: KeyError
2018.10.15 21:12:45-WARNING: pole artist b³êdne lub puste
2018.10.15 21:12:45-WARNING: KeyError
2018.10.15 21:12:45-WARNING: pole title b³êdne lub puste
2018.10.15 21:12:45-INFO: Worked on :
CatalogID:	1658
Artysta:	Unknown Artist
Album:	Unknown Album
Work done


2018.10.15 21:12:46-INFO: None
2018.10.15 21:12:46-INFO: Catalog Worker starts : D:\++WORKZONE++\!!! Oldies to CUT\Gra¿yna £obaszewska-1989-Brzydcy (Polskie Nagrania Muza SX-2756)Scans
2018.10.15 21:12:46-INFO: 
Working on file : D:\++WORKZONE++\!!! Oldies to CUT\Gra¿yna £obaszewska-1989-Brzydcy (Polskie Nagrania Muza SX-2756)Scans\Grazyna Lobaczewska - Brzydcy.flac
2018.10.15 21:12:46-WARNING: KeyError
2018.10.15 21:12:46-WARNING: pole ALBUM b³êdne
2018.10.15 21:12:46-WARNING: KeyError
2018.10.15 21:12:46-WARNING: pole artist b³êdne lub puste
2018.10.15 21:12:46-WARNING: KeyError
2018.10.15 21:12:46-WARNING: pole title b³êdne lub puste
2018.10.15 21:12:46-INFO: Worked on :
CatalogID:	1659
Artysta:	Unknown Artist
Album:	Unknown Album
Work done


2018.10.15 21:12:48-INFO: None
2018.10.15 21:12:48-INFO: Catalog Worker starts : D:\++WORKZONE++\!!! Oldies to CUT\Gra¿yna £obaszewska-1989-Brzydcy (Polskie Nagrania Muza SX-2756)Scans
2018.10.15 21:12:48-INFO: 
Working on file : D:\++WORKZONE++\!!! Oldies to CUT\Gra¿yna £obaszewska-1989-Brzydcy (Polskie Nagrania Muza SX-2756)Scans\Grazyna Lobaczewska - Brzydcy.flac
2018.10.15 21:12:48-WARNING: KeyError
2018.10.15 21:12:48-WARNING: pole ALBUM b³êdne
2018.10.15 21:12:48-WARNING: KeyError
2018.10.15 21:12:48-WARNING: pole artist b³êdne lub puste
2018.10.15 21:12:48-WARNING: KeyError
2018.10.15 21:12:48-WARNING: pole title b³êdne lub puste
2018.10.15 21:12:48-INFO: Worked on :
CatalogID:	1660
Artysta:	Unknown Artist
Album:	Unknown Album
Work done


2018.10.15 21:12:49-INFO: None
2018.10.15 21:12:49-INFO: Catalog Worker starts : D:\++WORKZONE++\!!! Oldies to CUT\Gra¿yna £obaszewska-1989-Brzydcy (Polskie Nagrania Muza SX-2756)Scans
2018.10.15 21:12:49-INFO: 
Working on file : D:\++WORKZONE++\!!! Oldies to CUT\Gra¿yna £obaszewska-1989-Brzydcy (Polskie Nagrania Muza SX-2756)Scans\Grazyna Lobaczewska - Brzydcy.flac
2018.10.15 21:12:49-WARNING: KeyError
2018.10.15 21:12:49-WARNING: pole ALBUM b³êdne
2018.10.15 21:12:49-WARNING: KeyError
2018.10.15 21:12:49-WARNING: pole artist b³êdne lub puste
2018.10.15 21:12:49-WARNING: KeyError
2018.10.15 21:12:49-WARNING: pole title b³êdne lub puste
2018.10.15 21:12:49-INFO: Worked on :
CatalogID:	1661
Artysta:	Unknown Artist
Album:	Unknown Album
Work done


2018.10.15 21:12:51-INFO: None
2018.10.15 21:12:51-INFO: Catalog Worker starts : D:\++WORKZONE++\!!! Oldies to CUT\Gra¿yna £obaszewska-1989-Brzydcy (Polskie Nagrania Muza SX-2756)Scans
2018.10.15 21:12:51-INFO: 
Working on file : D:\++WORKZONE++\!!! Oldies to CUT\Gra¿yna £obaszewska-1989-Brzydcy (Polskie Nagrania Muza SX-2756)Scans\Grazyna Lobaczewska - Brzydcy.flac
2018.10.15 21:12:51-WARNING: KeyError
2018.10.15 21:12:51-WARNING: pole ALBUM b³êdne
2018.10.15 21:12:51-WARNING: KeyError
2018.10.15 21:12:51-WARNING: pole artist b³êdne lub puste
2018.10.15 21:12:51-WARNING: KeyError
2018.10.15 21:12:51-WARNING: pole title b³êdne lub puste
2018.10.15 21:12:51-INFO: Worked on :
CatalogID:	1662
Artysta:	Unknown Artist
Album:	Unknown Album
Work done


2018.10.15 21:12:52-INFO: None
2018.10.15 21:12:52-INFO: Catalog Worker starts : D:\++WORKZONE++\!!! Oldies to CUT\Gra¿yna £obaszewska-1989-Brzydcy (Polskie Nagrania Muza SX-2756)Scans
2018.10.15 21:12:52-INFO: 
Working on file : D:\++WORKZONE++\!!! Oldies to CUT\Gra¿yna £obaszewska-1989-Brzydcy (Polskie Nagrania Muza SX-2756)Scans\Grazyna Lobaczewska - Brzydcy.flac
2018.10.15 21:12:52-WARNING: KeyError
2018.10.15 21:12:52-WARNING: pole ALBUM b³êdne
2018.10.15 21:12:52-WARNING: KeyError
2018.10.15 21:12:52-WARNING: pole artist b³êdne lub puste
2018.10.15 21:12:52-WARNING: KeyError
2018.10.15 21:12:52-WARNING: pole title b³êdne lub puste
2018.10.15 21:12:53-INFO: Worked on :
CatalogID:	1663
Artysta:	Unknown Artist
Album:	Unknown Album
Work done


2018.10.15 21:12:54-INFO: None
2018.10.15 21:12:54-INFO: Catalog Worker starts : D:\++WORKZONE++\!!! Oldies to CUT\Gra¿yna £obaszewska-1989-Brzydcy (Polskie Nagrania Muza SX-2756)Scans
2018.10.15 21:12:54-INFO: 
Working on file : D:\++WORKZONE++\!!! Oldies to CUT\Gra¿yna £obaszewska-1989-Brzydcy (Polskie Nagrania Muza SX-2756)Scans\Grazyna Lobaczewska - Brzydcy.flac
2018.10.15 21:12:54-WARNING: KeyError
2018.10.15 21:12:54-WARNING: pole ALBUM b³êdne
2018.10.15 21:12:54-WARNING: KeyError
2018.10.15 21:12:54-WARNING: pole artist b³êdne lub puste
2018.10.15 21:12:54-WARNING: KeyError
2018.10.15 21:12:54-WARNING: pole title b³êdne lub puste
2018.10.15 21:12:54-INFO: Worked on :
CatalogID:	1664
Artysta:	Unknown Artist
Album:	Unknown Album
Work done


2018.10.15 21:12:56-INFO: None
2018.10.15 21:12:56-INFO: Catalog Worker starts : D:\++WORKZONE++\!!! Oldies to CUT\Gra¿yna £obaszewska-1989-Brzydcy (Polskie Nagrania Muza SX-2756)Scans
2018.10.15 21:12:56-INFO: 
Working on file : D:\++WORKZONE++\!!! Oldies to CUT\Gra¿yna £obaszewska-1989-Brzydcy (Polskie Nagrania Muza SX-2756)Scans\Grazyna Lobaczewska - Brzydcy.flac
2018.10.15 21:12:56-WARNING: KeyError
2018.10.15 21:12:56-WARNING: pole ALBUM b³êdne
2018.10.15 21:12:56-WARNING: KeyError
2018.10.15 21:12:56-WARNING: pole artist b³êdne lub puste
2018.10.15 21:12:56-WARNING: KeyError
2018.10.15 21:12:56-WARNING: pole title b³êdne lub puste
2018.10.15 21:12:56-INFO: Worked on :
CatalogID:	1665
Artysta:	Unknown Artist
Album:	Unknown Album
Work done


2018.10.15 21:12:57-INFO: None
2018.10.15 21:12:57-INFO: Catalog Worker starts : D:\++WORKZONE++\!!! Oldies to CUT\Gra¿yna £obaszewska-1989-Brzydcy (Polskie Nagrania Muza SX-2756)Scans
2018.10.15 21:12:57-INFO: 
Working on file : D:\++WORKZONE++\!!! Oldies to CUT\Gra¿yna £obaszewska-1989-Brzydcy (Polskie Nagrania Muza SX-2756)Scans\Grazyna Lobaczewska - Brzydcy.flac
2018.10.15 21:12:57-WARNING: KeyError
2018.10.15 21:12:57-WARNING: pole ALBUM b³êdne
2018.10.15 21:12:57-WARNING: KeyError
2018.10.15 21:12:57-WARNING: pole artist b³êdne lub puste
2018.10.15 21:12:57-WARNING: KeyError
2018.10.15 21:12:57-WARNING: pole title b³êdne lub puste
2018.10.15 21:12:57-INFO: Worked on :
CatalogID:	1666
Artysta:	Unknown Artist
Album:	Unknown Album
Work done


2018.10.15 21:12:59-INFO: None
2018.10.15 21:12:59-INFO: Catalog Worker starts : D:\++WORKZONE++\!!! Oldies to CUT\Gra¿yna £obaszewska-1989-Brzydcy (Polskie Nagrania Muza SX-2756)Scans
2018.10.15 21:12:59-INFO: 
Working on file : D:\++WORKZONE++\!!! Oldies to CUT\Gra¿yna £obaszewska-1989-Brzydcy (Polskie Nagrania Muza SX-2756)Scans\Grazyna Lobaczewska - Brzydcy.flac
2018.10.15 21:12:59-WARNING: KeyError
2018.10.15 21:12:59-WARNING: pole ALBUM b³êdne
2018.10.15 21:12:59-WARNING: KeyError
2018.10.15 21:12:59-WARNING: pole artist b³êdne lub puste
2018.10.15 21:12:59-WARNING: KeyError
2018.10.15 21:12:59-WARNING: pole title b³êdne lub puste
2018.10.15 21:12:59-INFO: Worked on :
CatalogID:	1667
Artysta:	Unknown Artist
Album:	Unknown Album
Work done


2018.10.15 21:13:00-INFO: None
2018.10.15 21:13:00-INFO: Catalog Worker starts : D:\++WORKZONE++\!!! Oldies to CUT\Gra¿yna £obaszewska-1989-Brzydcy (Polskie Nagrania Muza SX-2756)Scans
2018.10.15 21:13:00-INFO: 
Working on file : D:\++WORKZONE++\!!! Oldies to CUT\Gra¿yna £obaszewska-1989-Brzydcy (Polskie Nagrania Muza SX-2756)Scans\Grazyna Lobaczewska - Brzydcy.flac
2018.10.15 21:13:00-WARNING: KeyError
2018.10.15 21:13:00-WARNING: pole ALBUM b³êdne
2018.10.15 21:13:00-WARNING: KeyError
2018.10.15 21:13:00-WARNING: pole artist b³êdne lub puste
2018.10.15 21:13:00-WARNING: KeyError
2018.10.15 21:13:00-WARNING: pole title b³êdne lub puste
2018.10.15 21:13:00-INFO: Worked on :
CatalogID:	1668
Artysta:	Unknown Artist
Album:	Unknown Album
Work done


2018.10.15 21:13:02-INFO: None
2018.10.15 21:13:02-INFO: Catalog Worker starts : D:\++WORKZONE++\!!! Oldies to CUT\Gra¿yna £obaszewska-1989-Brzydcy (Polskie Nagrania Muza SX-2756)Scans
2018.10.15 21:13:02-INFO: 
Working on file : D:\++WORKZONE++\!!! Oldies to CUT\Gra¿yna £obaszewska-1989-Brzydcy (Polskie Nagrania Muza SX-2756)Scans\Grazyna Lobaczewska - Brzydcy.flac
2018.10.15 21:13:02-WARNING: KeyError
2018.10.15 21:13:02-WARNING: pole ALBUM b³êdne
2018.10.15 21:13:02-WARNING: KeyError
2018.10.15 21:13:02-WARNING: pole artist b³êdne lub puste
2018.10.15 21:13:02-WARNING: KeyError
2018.10.15 21:13:02-WARNING: pole title b³êdne lub puste
2018.10.15 21:13:02-INFO: Worked on :
CatalogID:	1669
Artysta:	Unknown Artist
Album:	Unknown Album
Work done


2018.10.15 21:13:03-INFO: None
2018.10.15 21:13:03-INFO: Catalog Worker starts : D:\++WORKZONE++\!!! Oldies to CUT\Gra¿yna £obaszewska-1989-Brzydcy (Polskie Nagrania Muza SX-2756)Scans
2018.10.15 21:13:03-INFO: 
Working on file : D:\++WORKZONE++\!!! Oldies to CUT\Gra¿yna £obaszewska-1989-Brzydcy (Polskie Nagrania Muza SX-2756)Scans\Grazyna Lobaczewska - Brzydcy.flac
2018.10.15 21:13:03-WARNING: KeyError
2018.10.15 21:13:03-WARNING: pole ALBUM b³êdne
2018.10.15 21:13:03-WARNING: KeyError
2018.10.15 21:13:03-WARNING: pole artist b³êdne lub puste
2018.10.15 21:13:03-WARNING: KeyError
2018.10.15 21:13:03-WARNING: pole title b³êdne lub puste
2018.10.15 21:13:03-INFO: Worked on :
CatalogID:	1670
Artysta:	Unknown Artist
Album:	Unknown Album
Work done


2018.10.15 21:13:05-INFO: None
2018.10.15 21:13:05-INFO: Catalog Worker starts : D:\++WORKZONE++\!!! Oldies to CUT\Gra¿yna £obaszewska-1989-Brzydcy (Polskie Nagrania Muza SX-2756)Scans
2018.10.15 21:13:05-INFO: 
Working on file : D:\++WORKZONE++\!!! Oldies to CUT\Gra¿yna £obaszewska-1989-Brzydcy (Polskie Nagrania Muza SX-2756)Scans\Grazyna Lobaczewska - Brzydcy.flac
2018.10.15 21:13:05-WARNING: KeyError
2018.10.15 21:13:05-WARNING: pole ALBUM b³êdne
2018.10.15 21:13:05-WARNING: KeyError
2018.10.15 21:13:05-WARNING: pole artist b³êdne lub puste
2018.10.15 21:13:05-WARNING: KeyError
2018.10.15 21:13:05-WARNING: pole title b³êdne lub puste
2018.10.15 21:13:05-INFO: Worked on :
CatalogID:	1671
Artysta:	Unknown Artist
Album:	Unknown Album
Work done


2018.10.15 21:13:06-INFO: None
2018.10.15 21:13:06-INFO: Catalog Worker starts : D:\++WORKZONE++\!!! Oldies to CUT\Gra¿yna £obaszewska-1989-Brzydcy (Polskie Nagrania Muza SX-2756)Scans
2018.10.15 21:13:06-INFO: 
Working on file : D:\++WORKZONE++\!!! Oldies to CUT\Gra¿yna £obaszewska-1989-Brzydcy (Polskie Nagrania Muza SX-2756)Scans\Grazyna Lobaczewska - Brzydcy.flac
2018.10.15 21:13:06-WARNING: KeyError
2018.10.15 21:13:06-WARNING: pole ALBUM b³êdne
2018.10.15 21:13:06-WARNING: KeyError
2018.10.15 21:13:06-WARNING: pole artist b³êdne lub puste
2018.10.15 21:13:06-WARNING: KeyError
2018.10.15 21:13:06-WARNING: pole title b³êdne lub puste
2018.10.15 21:13:06-INFO: Worked on :
CatalogID:	1672
Artysta:	Unknown Artist
Album:	Unknown Album
Work done


2018.10.15 21:13:08-INFO: None
2018.10.15 21:13:08-INFO: Catalog Worker starts : D:\++WORKZONE++\!!! Oldies to CUT\Gra¿yna £obaszewska-1989-Brzydcy (Polskie Nagrania Muza SX-2756)Scans
2018.10.15 21:13:08-INFO: 
Working on file : D:\++WORKZONE++\!!! Oldies to CUT\Gra¿yna £obaszewska-1989-Brzydcy (Polskie Nagrania Muza SX-2756)Scans\Grazyna Lobaczewska - Brzydcy.flac
2018.10.15 21:13:08-WARNING: KeyError
2018.10.15 21:13:08-WARNING: pole ALBUM b³êdne
2018.10.15 21:13:08-WARNING: KeyError
2018.10.15 21:13:08-WARNING: pole artist b³êdne lub puste
2018.10.15 21:13:08-WARNING: KeyError
2018.10.15 21:13:08-WARNING: pole title b³êdne lub puste
2018.10.15 21:13:08-INFO: Worked on :
CatalogID:	1673
Artysta:	Unknown Artist
Album:	Unknown Album
Work done


2018.10.15 21:13:09-INFO: None
2018.10.15 21:13:09-INFO: Catalog Worker starts : D:\++WORKZONE++\!!! Oldies to CUT\Gra¿yna £obaszewska-1989-Brzydcy (Polskie Nagrania Muza SX-2756)Scans
2018.10.15 21:13:09-INFO: 
Working on file : D:\++WORKZONE++\!!! Oldies to CUT\Gra¿yna £obaszewska-1989-Brzydcy (Polskie Nagrania Muza SX-2756)Scans\Grazyna Lobaczewska - Brzydcy.flac
2018.10.15 21:13:09-WARNING: KeyError
2018.10.15 21:13:09-WARNING: pole ALBUM b³êdne
2018.10.15 21:13:09-WARNING: KeyError
2018.10.15 21:13:09-WARNING: pole artist b³êdne lub puste
2018.10.15 21:13:09-WARNING: KeyError
2018.10.15 21:13:09-WARNING: pole title b³êdne lub puste
2018.10.15 21:13:10-INFO: Worked on :
CatalogID:	1674
Artysta:	Unknown Artist
Album:	Unknown Album
Work done


2018.10.15 21:13:11-INFO: None
2018.10.15 21:13:11-INFO: Catalog Worker starts : D:\++WORKZONE++\!!! Oldies to CUT\Gra¿yna £obaszewska-1989-Brzydcy (Polskie Nagrania Muza SX-2756)Scans
2018.10.15 21:13:11-INFO: 
Working on file : D:\++WORKZONE++\!!! Oldies to CUT\Gra¿yna £obaszewska-1989-Brzydcy (Polskie Nagrania Muza SX-2756)Scans\Grazyna Lobaczewska - Brzydcy.flac
2018.10.15 21:13:11-WARNING: KeyError
2018.10.15 21:13:11-WARNING: pole ALBUM b³êdne
2018.10.15 21:13:11-WARNING: KeyError
2018.10.15 21:13:11-WARNING: pole artist b³êdne lub puste
2018.10.15 21:13:11-WARNING: KeyError
2018.10.15 21:13:11-WARNING: pole title b³êdne lub puste
2018.10.15 21:13:11-INFO: Worked on :
CatalogID:	1675
Artysta:	Unknown Artist
Album:	Unknown Album
Work done


2018.10.15 21:13:13-INFO: None
2018.10.15 21:13:13-INFO: Catalog Worker starts : D:\++WORKZONE++\!!! Oldies to CUT\Gra¿yna £obaszewska-1989-Brzydcy (Polskie Nagrania Muza SX-2756)Scans
2018.10.15 21:13:13-INFO: 
Working on file : D:\++WORKZONE++\!!! Oldies to CUT\Gra¿yna £obaszewska-1989-Brzydcy (Polskie Nagrania Muza SX-2756)Scans\Grazyna Lobaczewska - Brzydcy.flac
2018.10.15 21:13:13-WARNING: KeyError
2018.10.15 21:13:13-WARNING: pole ALBUM b³êdne
2018.10.15 21:13:13-WARNING: KeyError
2018.10.15 21:13:13-WARNING: pole artist b³êdne lub puste
2018.10.15 21:13:13-WARNING: KeyError
2018.10.15 21:13:13-WARNING: pole title b³êdne lub puste
2018.10.15 21:13:13-INFO: Worked on :
CatalogID:	1676
Artysta:	Unknown Artist
Album:	Unknown Album
Work done


2018.10.15 21:13:14-INFO: None
2018.10.15 21:13:14-INFO: Catalog Worker starts : D:\++WORKZONE++\!!! Oldies to CUT\Gra¿yna £obaszewska-1989-Brzydcy (Polskie Nagrania Muza SX-2756)Scans
2018.10.15 21:13:14-INFO: 
Working on file : D:\++WORKZONE++\!!! Oldies to CUT\Gra¿yna £obaszewska-1989-Brzydcy (Polskie Nagrania Muza SX-2756)Scans\Grazyna Lobaczewska - Brzydcy.flac
2018.10.15 21:13:14-WARNING: KeyError
2018.10.15 21:13:14-WARNING: pole ALBUM b³êdne
2018.10.15 21:13:14-WARNING: KeyError
2018.10.15 21:13:14-WARNING: pole artist b³êdne lub puste
2018.10.15 21:13:14-WARNING: KeyError
2018.10.15 21:13:14-WARNING: pole title b³êdne lub puste
2018.10.15 21:13:14-INFO: Worked on :
CatalogID:	1677
Artysta:	Unknown Artist
Album:	Unknown Album
Work done


2018.10.15 21:13:16-INFO: None
2018.10.15 21:13:16-INFO: Catalog Worker starts : D:\++WORKZONE++\!!! Oldies to CUT\Gra¿yna £obaszewska-1989-Brzydcy (Polskie Nagrania Muza SX-2756)Scans
2018.10.15 21:13:16-INFO: 
Working on file : D:\++WORKZONE++\!!! Oldies to CUT\Gra¿yna £obaszewska-1989-Brzydcy (Polskie Nagrania Muza SX-2756)Scans\Grazyna Lobaczewska - Brzydcy.flac
2018.10.15 21:13:16-WARNING: KeyError
2018.10.15 21:13:16-WARNING: pole ALBUM b³êdne
2018.10.15 21:13:16-WARNING: KeyError
2018.10.15 21:13:16-WARNING: pole artist b³êdne lub puste
2018.10.15 21:13:16-WARNING: KeyError
2018.10.15 21:13:16-WARNING: pole title b³êdne lub puste
2018.10.15 21:13:16-INFO: Worked on :
CatalogID:	1678
Artysta:	Unknown Artist
Album:	Unknown Album
Work done


2018.10.15 21:13:17-INFO: None
2018.10.15 21:13:17-INFO: Catalog Worker starts : D:\++WORKZONE++\!!! Oldies to CUT\Gra¿yna £obaszewska-1989-Brzydcy (Polskie Nagrania Muza SX-2756)Scans
2018.10.15 21:13:17-INFO: 
Working on file : D:\++WORKZONE++\!!! Oldies to CUT\Gra¿yna £obaszewska-1989-Brzydcy (Polskie Nagrania Muza SX-2756)Scans\Grazyna Lobaczewska - Brzydcy.flac
2018.10.15 21:13:17-WARNING: KeyError
2018.10.15 21:13:17-WARNING: pole ALBUM b³êdne
2018.10.15 21:13:17-WARNING: KeyError
2018.10.15 21:13:17-WARNING: pole artist b³êdne lub puste
2018.10.15 21:13:17-WARNING: KeyError
2018.10.15 21:13:17-WARNING: pole title b³êdne lub puste
2018.10.15 21:13:17-INFO: Worked on :
CatalogID:	1679
Artysta:	Unknown Artist
Album:	Unknown Album
Work done


2018.10.15 21:13:19-INFO: None
2018.10.15 21:13:19-INFO: Catalog Worker starts : D:\++WORKZONE++\!!! Oldies to CUT\Gra¿yna £obaszewska-1989-Brzydcy (Polskie Nagrania Muza SX-2756)Scans
2018.10.15 21:13:19-INFO: 
Working on file : D:\++WORKZONE++\!!! Oldies to CUT\Gra¿yna £obaszewska-1989-Brzydcy (Polskie Nagrania Muza SX-2756)Scans\Grazyna Lobaczewska - Brzydcy.flac
2018.10.15 21:13:19-WARNING: KeyError
2018.10.15 21:13:19-WARNING: pole ALBUM b³êdne
2018.10.15 21:13:19-WARNING: KeyError
2018.10.15 21:13:19-WARNING: pole artist b³êdne lub puste
2018.10.15 21:13:19-WARNING: KeyError
2018.10.15 21:13:19-WARNING: pole title b³êdne lub puste
2018.10.15 21:13:19-INFO: Worked on :
CatalogID:	1680
Artysta:	Unknown Artist
Album:	Unknown Album
Work done


2018.10.15 21:13:20-INFO: None
2018.10.15 21:13:20-INFO: Catalog Worker starts : D:\++WORKZONE++\!!! Oldies to CUT\Gra¿yna £obaszewska-1989-Brzydcy (Polskie Nagrania Muza SX-2756)Scans
2018.10.15 21:13:20-INFO: 
Working on file : D:\++WORKZONE++\!!! Oldies to CUT\Gra¿yna £obaszewska-1989-Brzydcy (Polskie Nagrania Muza SX-2756)Scans\Grazyna Lobaczewska - Brzydcy.flac
2018.10.15 21:13:20-WARNING: KeyError
2018.10.15 21:13:20-WARNING: pole ALBUM b³êdne
2018.10.15 21:13:20-WARNING: KeyError
2018.10.15 21:13:20-WARNING: pole artist b³êdne lub puste
2018.10.15 21:13:20-WARNING: KeyError
2018.10.15 21:13:20-WARNING: pole title b³êdne lub puste
2018.10.15 21:13:20-INFO: Worked on :
CatalogID:	1681
Artysta:	Unknown Artist
Album:	Unknown Album
Work done


2018.10.15 21:13:22-INFO: None
2018.10.15 21:13:22-INFO: Catalog Worker starts : D:\++WORKZONE++\!!! Oldies to CUT\Gra¿yna £obaszewska-1989-Brzydcy (Polskie Nagrania Muza SX-2756)Scans
2018.10.15 21:13:22-INFO: 
Working on file : D:\++WORKZONE++\!!! Oldies to CUT\Gra¿yna £obaszewska-1989-Brzydcy (Polskie Nagrania Muza SX-2756)Scans\Grazyna Lobaczewska - Brzydcy.flac
2018.10.15 21:13:22-WARNING: KeyError
2018.10.15 21:13:22-WARNING: pole ALBUM b³êdne
2018.10.15 21:13:22-WARNING: KeyError
2018.10.15 21:13:22-WARNING: pole artist b³êdne lub puste
2018.10.15 21:13:22-WARNING: KeyError
2018.10.15 21:13:22-WARNING: pole title b³êdne lub puste
2018.10.15 21:13:22-INFO: Worked on :
CatalogID:	1682
Artysta:	Unknown Artist
Album:	Unknown Album
Work done


2018.10.15 21:13:23-INFO: None
2018.10.15 21:13:23-INFO: Catalog Worker starts : D:\++WORKZONE++\!!! Oldies to CUT\Gra¿yna £obaszewska-1989-Brzydcy (Polskie Nagrania Muza SX-2756)Scans
2018.10.15 21:13:23-INFO: 
Working on file : D:\++WORKZONE++\!!! Oldies to CUT\Gra¿yna £obaszewska-1989-Brzydcy (Polskie Nagrania Muza SX-2756)Scans\Grazyna Lobaczewska - Brzydcy.flac
2018.10.15 21:13:23-WARNING: KeyError
2018.10.15 21:13:23-WARNING: pole ALBUM b³êdne
2018.10.15 21:13:23-WARNING: KeyError
2018.10.15 21:13:23-WARNING: pole artist b³êdne lub puste
2018.10.15 21:13:23-WARNING: KeyError
2018.10.15 21:13:23-WARNING: pole title b³êdne lub puste
2018.10.15 21:13:23-INFO: Worked on :
CatalogID:	1683
Artysta:	Unknown Artist
Album:	Unknown Album
Work done


2018.10.15 21:13:25-INFO: None
2018.10.15 21:13:25-INFO: Catalog Worker starts : D:\++WORKZONE++\!!! Oldies to CUT\Gra¿yna £obaszewska-1989-Brzydcy (Polskie Nagrania Muza SX-2756)Scans
2018.10.15 21:13:25-INFO: 
Working on file : D:\++WORKZONE++\!!! Oldies to CUT\Gra¿yna £obaszewska-1989-Brzydcy (Polskie Nagrania Muza SX-2756)Scans\Grazyna Lobaczewska - Brzydcy.flac
2018.10.15 21:13:25-WARNING: KeyError
2018.10.15 21:13:25-WARNING: pole ALBUM b³êdne
2018.10.15 21:13:25-WARNING: KeyError
2018.10.15 21:13:25-WARNING: pole artist b³êdne lub puste
2018.10.15 21:13:25-WARNING: KeyError
2018.10.15 21:13:25-WARNING: pole title b³êdne lub puste
2018.10.15 21:13:25-INFO: Worked on :
CatalogID:	1684
Artysta:	Unknown Artist
Album:	Unknown Album
Work done


2018.10.15 21:13:26-INFO: None
2018.10.15 21:13:26-INFO: Catalog Worker starts : D:\++WORKZONE++\!!! Oldies to CUT\Gra¿yna £obaszewska-1989-Brzydcy (Polskie Nagrania Muza SX-2756)Scans
2018.10.15 21:13:26-INFO: 
Working on file : D:\++WORKZONE++\!!! Oldies to CUT\Gra¿yna £obaszewska-1989-Brzydcy (Polskie Nagrania Muza SX-2756)Scans\Grazyna Lobaczewska - Brzydcy.flac
2018.10.15 21:13:26-WARNING: KeyError
2018.10.15 21:13:26-WARNING: pole ALBUM b³êdne
2018.10.15 21:13:26-WARNING: KeyError
2018.10.15 21:13:26-WARNING: pole artist b³êdne lub puste
2018.10.15 21:13:26-WARNING: KeyError
2018.10.15 21:13:26-WARNING: pole title b³êdne lub puste
2018.10.15 21:13:27-INFO: Worked on :
CatalogID:	1685
Artysta:	Unknown Artist
Album:	Unknown Album
Work done


2018.10.15 21:13:28-INFO: None
2018.10.15 21:13:28-INFO: Catalog Worker starts : D:\++WORKZONE++\!!! Oldies to CUT\Gra¿yna £obaszewska-1989-Brzydcy (Polskie Nagrania Muza SX-2756)Scans
2018.10.15 21:13:28-INFO: 
Working on file : D:\++WORKZONE++\!!! Oldies to CUT\Gra¿yna £obaszewska-1989-Brzydcy (Polskie Nagrania Muza SX-2756)Scans\Grazyna Lobaczewska - Brzydcy.flac
2018.10.15 21:13:28-WARNING: KeyError
2018.10.15 21:13:28-WARNING: pole ALBUM b³êdne
2018.10.15 21:13:28-WARNING: KeyError
2018.10.15 21:13:28-WARNING: pole artist b³êdne lub puste
2018.10.15 21:13:28-WARNING: KeyError
2018.10.15 21:13:28-WARNING: pole title b³êdne lub puste
2018.10.15 21:13:28-INFO: Worked on :
CatalogID:	1686
Artysta:	Unknown Artist
Album:	Unknown Album
Work done


2018.10.15 21:13:30-INFO: None
2018.10.15 21:13:30-INFO: Catalog Worker starts : D:\++WORKZONE++\!!! Oldies to CUT\Gra¿yna £obaszewska-1989-Brzydcy (Polskie Nagrania Muza SX-2756)Scans
2018.10.15 21:13:30-INFO: 
Working on file : D:\++WORKZONE++\!!! Oldies to CUT\Gra¿yna £obaszewska-1989-Brzydcy (Polskie Nagrania Muza SX-2756)Scans\Grazyna Lobaczewska - Brzydcy.flac
2018.10.15 21:13:30-WARNING: KeyError
2018.10.15 21:13:30-WARNING: pole ALBUM b³êdne
2018.10.15 21:13:30-WARNING: KeyError
2018.10.15 21:13:30-WARNING: pole artist b³êdne lub puste
2018.10.15 21:13:30-WARNING: KeyError
2018.10.15 21:13:30-WARNING: pole title b³êdne lub puste
2018.10.15 21:13:30-INFO: Worked on :
CatalogID:	1687
Artysta:	Unknown Artist
Album:	Unknown Album
Work done


2018.10.15 21:13:31-INFO: None
2018.10.15 21:13:31-INFO: Catalog Worker starts : D:\++WORKZONE++\!!! Oldies to CUT\Gra¿yna £obaszewska-1989-Brzydcy (Polskie Nagrania Muza SX-2756)Scans
2018.10.15 21:13:31-INFO: 
Working on file : D:\++WORKZONE++\!!! Oldies to CUT\Gra¿yna £obaszewska-1989-Brzydcy (Polskie Nagrania Muza SX-2756)Scans\Grazyna Lobaczewska - Brzydcy.flac
2018.10.15 21:13:31-WARNING: KeyError
2018.10.15 21:13:31-WARNING: pole ALBUM b³êdne
2018.10.15 21:13:31-WARNING: KeyError
2018.10.15 21:13:31-WARNING: pole artist b³êdne lub puste
2018.10.15 21:13:31-WARNING: KeyError
2018.10.15 21:13:31-WARNING: pole title b³êdne lub puste
2018.10.15 21:13:31-INFO: Worked on :
CatalogID:	1688
Artysta:	Unknown Artist
Album:	Unknown Album
Work done


2018.10.15 21:13:33-INFO: None
2018.10.15 21:13:33-INFO: Catalog Worker starts : D:\++WORKZONE++\!!! Oldies to CUT\Gra¿yna £obaszewska-1989-Brzydcy (Polskie Nagrania Muza SX-2756)Scans
2018.10.15 21:13:33-INFO: 
Working on file : D:\++WORKZONE++\!!! Oldies to CUT\Gra¿yna £obaszewska-1989-Brzydcy (Polskie Nagrania Muza SX-2756)Scans\Grazyna Lobaczewska - Brzydcy.flac
2018.10.15 21:13:33-WARNING: KeyError
2018.10.15 21:13:33-WARNING: pole ALBUM b³êdne
2018.10.15 21:13:33-WARNING: KeyError
2018.10.15 21:13:33-WARNING: pole artist b³êdne lub puste
2018.10.15 21:13:33-WARNING: KeyError
2018.10.15 21:13:33-WARNING: pole title b³êdne lub puste
2018.10.15 21:13:33-INFO: Worked on :
CatalogID:	1689
Artysta:	Unknown Artist
Album:	Unknown Album
Work done


2018.10.15 21:13:34-INFO: None
2018.10.15 21:13:34-INFO: Catalog Worker starts : D:\++WORKZONE++\!!! Oldies to CUT\Gra¿yna £obaszewska-1989-Brzydcy (Polskie Nagrania Muza SX-2756)Scans
2018.10.15 21:13:34-INFO: 
Working on file : D:\++WORKZONE++\!!! Oldies to CUT\Gra¿yna £obaszewska-1989-Brzydcy (Polskie Nagrania Muza SX-2756)Scans\Grazyna Lobaczewska - Brzydcy.flac
2018.10.15 21:13:34-WARNING: KeyError
2018.10.15 21:13:34-WARNING: pole ALBUM b³êdne
2018.10.15 21:13:34-WARNING: KeyError
2018.10.15 21:13:34-WARNING: pole artist b³êdne lub puste
2018.10.15 21:13:34-WARNING: KeyError
2018.10.15 21:13:34-WARNING: pole title b³êdne lub puste
2018.10.15 21:13:34-INFO: Worked on :
CatalogID:	1690
Artysta:	Unknown Artist
Album:	Unknown Album
Work done


2018.10.15 21:13:36-INFO: None
2018.10.15 21:13:36-INFO: Catalog Worker starts : D:\++WORKZONE++\!!! Oldies to CUT\Gra¿yna £obaszewska-1989-Brzydcy (Polskie Nagrania Muza SX-2756)Scans
2018.10.15 21:13:36-INFO: 
Working on file : D:\++WORKZONE++\!!! Oldies to CUT\Gra¿yna £obaszewska-1989-Brzydcy (Polskie Nagrania Muza SX-2756)Scans\Grazyna Lobaczewska - Brzydcy.flac
2018.10.15 21:13:36-WARNING: KeyError
2018.10.15 21:13:36-WARNING: pole ALBUM b³êdne
2018.10.15 21:13:36-WARNING: KeyError
2018.10.15 21:13:36-WARNING: pole artist b³êdne lub puste
2018.10.15 21:13:36-WARNING: KeyError
2018.10.15 21:13:36-WARNING: pole title b³êdne lub puste
2018.10.15 21:13:36-INFO: Worked on :
CatalogID:	1691
Artysta:	Unknown Artist
Album:	Unknown Album
Work done


2018.10.15 21:13:37-INFO: None
2018.10.15 21:13:37-INFO: Catalog Worker starts : D:\++WORKZONE++\!!! Oldies to CUT\Gra¿yna £obaszewska-1989-Brzydcy (Polskie Nagrania Muza SX-2756)Scans
2018.10.15 21:13:37-INFO: 
Working on file : D:\++WORKZONE++\!!! Oldies to CUT\Gra¿yna £obaszewska-1989-Brzydcy (Polskie Nagrania Muza SX-2756)Scans\Grazyna Lobaczewska - Brzydcy.flac
2018.10.15 21:13:37-WARNING: KeyError
2018.10.15 21:13:37-WARNING: pole ALBUM b³êdne
2018.10.15 21:13:37-WARNING: KeyError
2018.10.15 21:13:37-WARNING: pole artist b³êdne lub puste
2018.10.15 21:13:37-WARNING: KeyError
2018.10.15 21:13:37-WARNING: pole title b³êdne lub puste
2018.10.15 21:13:37-INFO: Worked on :
CatalogID:	1692
Artysta:	Unknown Artist
Album:	Unknown Album
Work done


2018.10.15 21:13:39-INFO: None
2018.10.15 21:13:39-INFO: Catalog Worker starts : D:\++WORKZONE++\!!! Oldies to CUT\Gra¿yna £obaszewska-1989-Brzydcy (Polskie Nagrania Muza SX-2756)Scans
2018.10.15 21:13:39-INFO: 
Working on file : D:\++WORKZONE++\!!! Oldies to CUT\Gra¿yna £obaszewska-1989-Brzydcy (Polskie Nagrania Muza SX-2756)Scans\Grazyna Lobaczewska - Brzydcy.flac
2018.10.15 21:13:39-WARNING: KeyError
2018.10.15 21:13:39-WARNING: pole ALBUM b³êdne
2018.10.15 21:13:39-WARNING: KeyError
2018.10.15 21:13:39-WARNING: pole artist b³êdne lub puste
2018.10.15 21:13:39-WARNING: KeyError
2018.10.15 21:13:39-WARNING: pole title b³êdne lub puste
2018.10.15 21:13:39-INFO: Worked on :
CatalogID:	1693
Artysta:	Unknown Artist
Album:	Unknown Album
Work done


2018.10.15 21:13:40-INFO: None
2018.10.15 21:13:40-INFO: Catalog Worker starts : D:\++WORKZONE++\!!! Oldies to CUT\Gra¿yna £obaszewska-1989-Brzydcy (Polskie Nagrania Muza SX-2756)Scans
2018.10.15 21:13:40-INFO: 
Working on file : D:\++WORKZONE++\!!! Oldies to CUT\Gra¿yna £obaszewska-1989-Brzydcy (Polskie Nagrania Muza SX-2756)Scans\Grazyna Lobaczewska - Brzydcy.flac
2018.10.15 21:13:40-WARNING: KeyError
2018.10.15 21:13:40-WARNING: pole ALBUM b³êdne
2018.10.15 21:13:40-WARNING: KeyError
2018.10.15 21:13:40-WARNING: pole artist b³êdne lub puste
2018.10.15 21:13:40-WARNING: KeyError
2018.10.15 21:13:40-WARNING: pole title b³êdne lub puste
2018.10.15 21:13:40-INFO: Worked on :
CatalogID:	1694
Artysta:	Unknown Artist
Album:	Unknown Album
Work done


2018.10.15 21:13:42-INFO: None
2018.10.15 21:13:42-INFO: Catalog Worker starts : D:\++WORKZONE++\!!! Oldies to CUT\Gra¿yna £obaszewska-1989-Brzydcy (Polskie Nagrania Muza SX-2756)Scans
2018.10.15 21:13:42-INFO: 
Working on file : D:\++WORKZONE++\!!! Oldies to CUT\Gra¿yna £obaszewska-1989-Brzydcy (Polskie Nagrania Muza SX-2756)Scans\Grazyna Lobaczewska - Brzydcy.flac
2018.10.15 21:13:42-WARNING: KeyError
2018.10.15 21:13:42-WARNING: pole ALBUM b³êdne
2018.10.15 21:13:42-WARNING: KeyError
2018.10.15 21:13:42-WARNING: pole artist b³êdne lub puste
2018.10.15 21:13:42-WARNING: KeyError
2018.10.15 21:13:42-WARNING: pole title b³êdne lub puste
2018.10.15 21:13:42-INFO: Worked on :
CatalogID:	1695
Artysta:	Unknown Artist
Album:	Unknown Album
Work done


2018.10.15 21:13:43-INFO: None
2018.10.15 21:13:43-INFO: Catalog Worker starts : D:\++WORKZONE++\!!! Oldies to CUT\Gra¿yna £obaszewska-1989-Brzydcy (Polskie Nagrania Muza SX-2756)Scans
2018.10.15 21:13:43-INFO: 
Working on file : D:\++WORKZONE++\!!! Oldies to CUT\Gra¿yna £obaszewska-1989-Brzydcy (Polskie Nagrania Muza SX-2756)Scans\Grazyna Lobaczewska - Brzydcy.flac
2018.10.15 21:13:43-WARNING: KeyError
2018.10.15 21:13:43-WARNING: pole ALBUM b³êdne
2018.10.15 21:13:43-WARNING: KeyError
2018.10.15 21:13:43-WARNING: pole artist b³êdne lub puste
2018.10.15 21:13:43-WARNING: KeyError
2018.10.15 21:13:43-WARNING: pole title b³êdne lub puste
2018.10.15 21:13:44-INFO: Worked on :
CatalogID:	1696
Artysta:	Unknown Artist
Album:	Unknown Album
Work done


2018.10.15 21:13:45-INFO: None
2018.10.15 21:13:45-INFO: Catalog Worker starts : D:\++WORKZONE++\!!! Oldies to CUT\Gra¿yna £obaszewska-1989-Brzydcy (Polskie Nagrania Muza SX-2756)Scans
2018.10.15 21:13:45-INFO: 
Working on file : D:\++WORKZONE++\!!! Oldies to CUT\Gra¿yna £obaszewska-1989-Brzydcy (Polskie Nagrania Muza SX-2756)Scans\Grazyna Lobaczewska - Brzydcy.flac
2018.10.15 21:13:45-WARNING: KeyError
2018.10.15 21:13:45-WARNING: pole ALBUM b³êdne
2018.10.15 21:13:45-WARNING: KeyError
2018.10.15 21:13:45-WARNING: pole artist b³êdne lub puste
2018.10.15 21:13:45-WARNING: KeyError
2018.10.15 21:13:45-WARNING: pole title b³êdne lub puste
2018.10.15 21:13:45-INFO: Worked on :
CatalogID:	1697
Artysta:	Unknown Artist
Album:	Unknown Album
Work done


2018.10.15 21:13:47-INFO: None
2018.10.15 21:13:47-INFO: Catalog Worker starts : D:\++WORKZONE++\!!! Oldies to CUT\Gra¿yna £obaszewska-1989-Brzydcy (Polskie Nagrania Muza SX-2756)Scans
2018.10.15 21:13:47-INFO: 
Working on file : D:\++WORKZONE++\!!! Oldies to CUT\Gra¿yna £obaszewska-1989-Brzydcy (Polskie Nagrania Muza SX-2756)Scans\Grazyna Lobaczewska - Brzydcy.flac
2018.10.15 21:13:47-WARNING: KeyError
2018.10.15 21:13:47-WARNING: pole ALBUM b³êdne
2018.10.15 21:13:47-WARNING: KeyError
2018.10.15 21:13:47-WARNING: pole artist b³êdne lub puste
2018.10.15 21:13:47-WARNING: KeyError
2018.10.15 21:13:47-WARNING: pole title b³êdne lub puste
2018.10.15 21:13:47-INFO: Worked on :
CatalogID:	1698
Artysta:	Unknown Artist
Album:	Unknown Album
Work done


2018.10.15 21:13:48-INFO: None
2018.10.15 21:13:48-INFO: Catalog Worker starts : D:\++WORKZONE++\!!! Oldies to CUT\Gra¿yna £obaszewska-1989-Brzydcy (Polskie Nagrania Muza SX-2756)Scans
2018.10.15 21:13:48-INFO: 
Working on file : D:\++WORKZONE++\!!! Oldies to CUT\Gra¿yna £obaszewska-1989-Brzydcy (Polskie Nagrania Muza SX-2756)Scans\Grazyna Lobaczewska - Brzydcy.flac
2018.10.15 21:13:48-WARNING: KeyError
2018.10.15 21:13:48-WARNING: pole ALBUM b³êdne
2018.10.15 21:13:48-WARNING: KeyError
2018.10.15 21:13:48-WARNING: pole artist b³êdne lub puste
2018.10.15 21:13:48-WARNING: KeyError
2018.10.15 21:13:48-WARNING: pole title b³êdne lub puste
2018.10.15 21:13:48-INFO: Worked on :
CatalogID:	1699
Artysta:	Unknown Artist
Album:	Unknown Album
Work done


2018.10.15 21:13:50-INFO: None
2018.10.15 21:13:50-INFO: Catalog Worker starts : D:\++WORKZONE++\!!! Oldies to CUT\Gra¿yna £obaszewska-1989-Brzydcy (Polskie Nagrania Muza SX-2756)Scans
2018.10.15 21:13:50-INFO: 
Working on file : D:\++WORKZONE++\!!! Oldies to CUT\Gra¿yna £obaszewska-1989-Brzydcy (Polskie Nagrania Muza SX-2756)Scans\Grazyna Lobaczewska - Brzydcy.flac
2018.10.15 21:13:50-WARNING: KeyError
2018.10.15 21:13:50-WARNING: pole ALBUM b³êdne
2018.10.15 21:13:50-WARNING: KeyError
2018.10.15 21:13:50-WARNING: pole artist b³êdne lub puste
2018.10.15 21:13:50-WARNING: KeyError
2018.10.15 21:13:50-WARNING: pole title b³êdne lub puste
2018.10.15 21:13:50-INFO: Worked on :
CatalogID:	1700
Artysta:	Unknown Artist
Album:	Unknown Album
Work done


2018.10.15 21:13:51-INFO: None
2018.10.15 21:13:51-INFO: Catalog Worker starts : D:\++WORKZONE++\!!! Oldies to CUT\Gra¿yna £obaszewska-1989-Brzydcy (Polskie Nagrania Muza SX-2756)Scans
2018.10.15 21:13:51-INFO: 
Working on file : D:\++WORKZONE++\!!! Oldies to CUT\Gra¿yna £obaszewska-1989-Brzydcy (Polskie Nagrania Muza SX-2756)Scans\Grazyna Lobaczewska - Brzydcy.flac
2018.10.15 21:13:51-WARNING: KeyError
2018.10.15 21:13:51-WARNING: pole ALBUM b³êdne
2018.10.15 21:13:51-WARNING: KeyError
2018.10.15 21:13:51-WARNING: pole artist b³êdne lub puste
2018.10.15 21:13:51-WARNING: KeyError
2018.10.15 21:13:51-WARNING: pole title b³êdne lub puste
2018.10.15 21:13:51-INFO: Worked on :
CatalogID:	1701
Artysta:	Unknown Artist
Album:	Unknown Album
Work done


2018.10.15 21:13:53-INFO: None
2018.10.15 21:13:53-INFO: Catalog Worker starts : D:\++WORKZONE++\!!! Oldies to CUT\Gra¿yna £obaszewska-1989-Brzydcy (Polskie Nagrania Muza SX-2756)Scans
2018.10.15 21:13:53-INFO: 
Working on file : D:\++WORKZONE++\!!! Oldies to CUT\Gra¿yna £obaszewska-1989-Brzydcy (Polskie Nagrania Muza SX-2756)Scans\Grazyna Lobaczewska - Brzydcy.flac
2018.10.15 21:13:53-WARNING: KeyError
2018.10.15 21:13:53-WARNING: pole ALBUM b³êdne
2018.10.15 21:13:53-WARNING: KeyError
2018.10.15 21:13:53-WARNING: pole artist b³êdne lub puste
2018.10.15 21:13:53-WARNING: KeyError
2018.10.15 21:13:53-WARNING: pole title b³êdne lub puste
2018.10.15 21:13:53-INFO: Worked on :
CatalogID:	1702
Artysta:	Unknown Artist
Album:	Unknown Album
Work done


2018.10.15 21:13:54-INFO: None
2018.10.15 21:13:54-INFO: Catalog Worker starts : D:\++WORKZONE++\!!! Oldies to CUT\Gra¿yna £obaszewska-1989-Brzydcy (Polskie Nagrania Muza SX-2756)Scans
2018.10.15 21:13:54-INFO: 
Working on file : D:\++WORKZONE++\!!! Oldies to CUT\Gra¿yna £obaszewska-1989-Brzydcy (Polskie Nagrania Muza SX-2756)Scans\Grazyna Lobaczewska - Brzydcy.flac
2018.10.15 21:13:54-WARNING: KeyError
2018.10.15 21:13:54-WARNING: pole ALBUM b³êdne
2018.10.15 21:13:54-WARNING: KeyError
2018.10.15 21:13:54-WARNING: pole artist b³êdne lub puste
2018.10.15 21:13:54-WARNING: KeyError
2018.10.15 21:13:54-WARNING: pole title b³êdne lub puste
2018.10.15 21:13:54-INFO: Worked on :
CatalogID:	1703
Artysta:	Unknown Artist
Album:	Unknown Album
Work done


2018.10.15 21:13:56-INFO: None
2018.10.15 21:13:56-INFO: Catalog Worker starts : D:\++WORKZONE++\!!! Oldies to CUT\Gra¿yna £obaszewska-1989-Brzydcy (Polskie Nagrania Muza SX-2756)Scans
2018.10.15 21:13:56-INFO: 
Working on file : D:\++WORKZONE++\!!! Oldies to CUT\Gra¿yna £obaszewska-1989-Brzydcy (Polskie Nagrania Muza SX-2756)Scans\Grazyna Lobaczewska - Brzydcy.flac
2018.10.15 21:13:56-WARNING: KeyError
2018.10.15 21:13:56-WARNING: pole ALBUM b³êdne
2018.10.15 21:13:56-WARNING: KeyError
2018.10.15 21:13:56-WARNING: pole artist b³êdne lub puste
2018.10.15 21:13:56-WARNING: KeyError
2018.10.15 21:13:56-WARNING: pole title b³êdne lub puste
2018.10.15 21:13:56-INFO: Worked on :
CatalogID:	1704
Artysta:	Unknown Artist
Album:	Unknown Album
Work done


2018.10.15 21:13:57-INFO: None
2018.10.15 21:13:57-INFO: Catalog Worker starts : D:\++WORKZONE++\!!! Oldies to CUT\Gra¿yna £obaszewska-1989-Brzydcy (Polskie Nagrania Muza SX-2756)Scans
2018.10.15 21:13:57-INFO: 
Working on file : D:\++WORKZONE++\!!! Oldies to CUT\Gra¿yna £obaszewska-1989-Brzydcy (Polskie Nagrania Muza SX-2756)Scans\Grazyna Lobaczewska - Brzydcy.flac
2018.10.15 21:13:57-WARNING: KeyError
2018.10.15 21:13:57-WARNING: pole ALBUM b³êdne
2018.10.15 21:13:57-WARNING: KeyError
2018.10.15 21:13:57-WARNING: pole artist b³êdne lub puste
2018.10.15 21:13:57-WARNING: KeyError
2018.10.15 21:13:57-WARNING: pole title b³êdne lub puste
2018.10.15 21:13:57-INFO: Worked on :
CatalogID:	1705
Artysta:	Unknown Artist
Album:	Unknown Album
Work done


2018.10.15 21:13:59-INFO: None
2018.10.15 21:13:59-INFO: Catalog Worker starts : D:\++WORKZONE++\!!! Oldies to CUT\Gra¿yna £obaszewska-1989-Brzydcy (Polskie Nagrania Muza SX-2756)Scans
2018.10.15 21:13:59-INFO: 
Working on file : D:\++WORKZONE++\!!! Oldies to CUT\Gra¿yna £obaszewska-1989-Brzydcy (Polskie Nagrania Muza SX-2756)Scans\Grazyna Lobaczewska - Brzydcy.flac
2018.10.15 21:13:59-WARNING: KeyError
2018.10.15 21:13:59-WARNING: pole ALBUM b³êdne
2018.10.15 21:13:59-WARNING: KeyError
2018.10.15 21:13:59-WARNING: pole artist b³êdne lub puste
2018.10.15 21:13:59-WARNING: KeyError
2018.10.15 21:13:59-WARNING: pole title b³êdne lub puste
2018.10.15 21:13:59-INFO: Worked on :
CatalogID:	1706
Artysta:	Unknown Artist
Album:	Unknown Album
Work done


2018.10.15 21:14:00-INFO: None
2018.10.15 21:14:00-INFO: Catalog Worker starts : D:\++WORKZONE++\!!! Oldies to CUT\Gra¿yna £obaszewska-1989-Brzydcy (Polskie Nagrania Muza SX-2756)Scans
2018.10.15 21:14:00-INFO: 
Working on file : D:\++WORKZONE++\!!! Oldies to CUT\Gra¿yna £obaszewska-1989-Brzydcy (Polskie Nagrania Muza SX-2756)Scans\Grazyna Lobaczewska - Brzydcy.flac
2018.10.15 21:14:00-WARNING: KeyError
2018.10.15 21:14:00-WARNING: pole ALBUM b³êdne
2018.10.15 21:14:00-WARNING: KeyError
2018.10.15 21:14:00-WARNING: pole artist b³êdne lub puste
2018.10.15 21:14:00-WARNING: KeyError
2018.10.15 21:14:00-WARNING: pole title b³êdne lub puste
2018.10.15 21:14:00-INFO: Worked on :
CatalogID:	1707
Artysta:	Unknown Artist
Album:	Unknown Album
Work done


2018.10.15 21:14:02-INFO: None
2018.10.15 21:14:02-INFO: Catalog Worker starts : D:\++WORKZONE++\!!! Oldies to CUT\Gra¿yna £obaszewska-1989-Brzydcy (Polskie Nagrania Muza SX-2756)Scans
2018.10.15 21:14:02-INFO: 
Working on file : D:\++WORKZONE++\!!! Oldies to CUT\Gra¿yna £obaszewska-1989-Brzydcy (Polskie Nagrania Muza SX-2756)Scans\Grazyna Lobaczewska - Brzydcy.flac
2018.10.15 21:14:02-WARNING: KeyError
2018.10.15 21:14:02-WARNING: pole ALBUM b³êdne
2018.10.15 21:14:02-WARNING: KeyError
2018.10.15 21:14:02-WARNING: pole artist b³êdne lub puste
2018.10.15 21:14:02-WARNING: KeyError
2018.10.15 21:14:02-WARNING: pole title b³êdne lub puste
2018.10.15 21:14:02-INFO: Worked on :
CatalogID:	1708
Artysta:	Unknown Artist
Album:	Unknown Album
Work done


2018.10.15 21:14:03-INFO: None
2018.10.15 21:14:03-INFO: Catalog Worker starts : D:\++WORKZONE++\!!! Oldies to CUT\Gra¿yna £obaszewska-1989-Brzydcy (Polskie Nagrania Muza SX-2756)Scans
2018.10.15 21:14:03-INFO: 
Working on file : D:\++WORKZONE++\!!! Oldies to CUT\Gra¿yna £obaszewska-1989-Brzydcy (Polskie Nagrania Muza SX-2756)Scans\Grazyna Lobaczewska - Brzydcy.flac
2018.10.15 21:14:03-WARNING: KeyError
2018.10.15 21:14:03-WARNING: pole ALBUM b³êdne
2018.10.15 21:14:03-WARNING: KeyError
2018.10.15 21:14:03-WARNING: pole artist b³êdne lub puste
2018.10.15 21:14:03-WARNING: KeyError
2018.10.15 21:14:03-WARNING: pole title b³êdne lub puste
2018.10.15 21:14:04-INFO: Worked on :
CatalogID:	1709
Artysta:	Unknown Artist
Album:	Unknown Album
Work done


2018.10.15 21:14:05-INFO: None
2018.10.15 21:14:05-INFO: Catalog Worker starts : D:\++WORKZONE++\!!! Oldies to CUT\Gra¿yna £obaszewska-1989-Brzydcy (Polskie Nagrania Muza SX-2756)Scans
2018.10.15 21:14:05-INFO: 
Working on file : D:\++WORKZONE++\!!! Oldies to CUT\Gra¿yna £obaszewska-1989-Brzydcy (Polskie Nagrania Muza SX-2756)Scans\Grazyna Lobaczewska - Brzydcy.flac
2018.10.15 21:14:05-WARNING: KeyError
2018.10.15 21:14:05-WARNING: pole ALBUM b³êdne
2018.10.15 21:14:05-WARNING: KeyError
2018.10.15 21:14:05-WARNING: pole artist b³êdne lub puste
2018.10.15 21:14:05-WARNING: KeyError
2018.10.15 21:14:05-WARNING: pole title b³êdne lub puste
2018.10.15 21:14:05-INFO: Worked on :
CatalogID:	1710
Artysta:	Unknown Artist
Album:	Unknown Album
Work done


2018.10.15 21:14:07-INFO: None
2018.10.15 21:14:07-INFO: Catalog Worker starts : D:\++WORKZONE++\!!! Oldies to CUT\Gra¿yna £obaszewska-1989-Brzydcy (Polskie Nagrania Muza SX-2756)Scans
2018.10.15 21:14:07-INFO: 
Working on file : D:\++WORKZONE++\!!! Oldies to CUT\Gra¿yna £obaszewska-1989-Brzydcy (Polskie Nagrania Muza SX-2756)Scans\Grazyna Lobaczewska - Brzydcy.flac
2018.10.15 21:14:07-WARNING: KeyError
2018.10.15 21:14:07-WARNING: pole ALBUM b³êdne
2018.10.15 21:14:07-WARNING: KeyError
2018.10.15 21:14:07-WARNING: pole artist b³êdne lub puste
2018.10.15 21:14:07-WARNING: KeyError
2018.10.15 21:14:07-WARNING: pole title b³êdne lub puste
2018.10.15 21:14:07-INFO: Worked on :
CatalogID:	1711
Artysta:	Unknown Artist
Album:	Unknown Album
Work done


2018.10.15 21:14:08-INFO: None
2018.10.15 21:14:08-INFO: Catalog Worker starts : D:\++WORKZONE++\!!! Oldies to CUT\Gra¿yna £obaszewska-1989-Brzydcy (Polskie Nagrania Muza SX-2756)Scans
2018.10.15 21:14:08-INFO: 
Working on file : D:\++WORKZONE++\!!! Oldies to CUT\Gra¿yna £obaszewska-1989-Brzydcy (Polskie Nagrania Muza SX-2756)Scans\Grazyna Lobaczewska - Brzydcy.flac
2018.10.15 21:14:08-WARNING: KeyError
2018.10.15 21:14:08-WARNING: pole ALBUM b³êdne
2018.10.15 21:14:08-WARNING: KeyError
2018.10.15 21:14:08-WARNING: pole artist b³êdne lub puste
2018.10.15 21:14:08-WARNING: KeyError
2018.10.15 21:14:08-WARNING: pole title b³êdne lub puste
2018.10.15 21:14:08-INFO: Worked on :
CatalogID:	1712
Artysta:	Unknown Artist
Album:	Unknown Album
Work done


2018.10.15 21:14:10-INFO: None
2018.10.15 21:14:10-INFO: Catalog Worker starts : D:\++WORKZONE++\!!! Oldies to CUT\Gra¿yna £obaszewska-1989-Brzydcy (Polskie Nagrania Muza SX-2756)Scans
2018.10.15 21:14:10-INFO: 
Working on file : D:\++WORKZONE++\!!! Oldies to CUT\Gra¿yna £obaszewska-1989-Brzydcy (Polskie Nagrania Muza SX-2756)Scans\Grazyna Lobaczewska - Brzydcy.flac
2018.10.15 21:14:10-WARNING: KeyError
2018.10.15 21:14:10-WARNING: pole ALBUM b³êdne
2018.10.15 21:14:10-WARNING: KeyError
2018.10.15 21:14:10-WARNING: pole artist b³êdne lub puste
2018.10.15 21:14:10-WARNING: KeyError
2018.10.15 21:14:10-WARNING: pole title b³êdne lub puste
2018.10.15 21:14:10-INFO: Worked on :
CatalogID:	1713
Artysta:	Unknown Artist
Album:	Unknown Album
Work done


2018.10.15 21:14:11-INFO: None
2018.10.15 21:14:11-INFO: Catalog Worker starts : D:\++WORKZONE++\!!! Oldies to CUT\Gra¿yna £obaszewska-1989-Brzydcy (Polskie Nagrania Muza SX-2756)Scans
2018.10.15 21:14:11-INFO: 
Working on file : D:\++WORKZONE++\!!! Oldies to CUT\Gra¿yna £obaszewska-1989-Brzydcy (Polskie Nagrania Muza SX-2756)Scans\Grazyna Lobaczewska - Brzydcy.flac
2018.10.15 21:14:11-WARNING: KeyError
2018.10.15 21:14:11-WARNING: pole ALBUM b³êdne
2018.10.15 21:14:11-WARNING: KeyError
2018.10.15 21:14:11-WARNING: pole artist b³êdne lub puste
2018.10.15 21:14:11-WARNING: KeyError
2018.10.15 21:14:11-WARNING: pole title b³êdne lub puste
2018.10.15 21:14:11-INFO: Worked on :
CatalogID:	1714
Artysta:	Unknown Artist
Album:	Unknown Album
Work done


2018.10.15 21:14:13-INFO: None
2018.10.15 21:14:13-INFO: Catalog Worker starts : D:\++WORKZONE++\!!! Oldies to CUT\Gra¿yna £obaszewska-1989-Brzydcy (Polskie Nagrania Muza SX-2756)Scans
2018.10.15 21:14:13-INFO: 
Working on file : D:\++WORKZONE++\!!! Oldies to CUT\Gra¿yna £obaszewska-1989-Brzydcy (Polskie Nagrania Muza SX-2756)Scans\Grazyna Lobaczewska - Brzydcy.flac
2018.10.15 21:14:13-WARNING: KeyError
2018.10.15 21:14:13-WARNING: pole ALBUM b³êdne
2018.10.15 21:14:13-WARNING: KeyError
2018.10.15 21:14:13-WARNING: pole artist b³êdne lub puste
2018.10.15 21:14:13-WARNING: KeyError
2018.10.15 21:14:13-WARNING: pole title b³êdne lub puste
2018.10.15 21:14:13-INFO: Worked on :
CatalogID:	1715
Artysta:	Unknown Artist
Album:	Unknown Album
Work done


2018.10.15 21:14:14-INFO: None
2018.10.15 21:14:14-INFO: Catalog Worker starts : D:\++WORKZONE++\!!! Oldies to CUT\Gra¿yna £obaszewska-1989-Brzydcy (Polskie Nagrania Muza SX-2756)Scans
2018.10.15 21:14:14-INFO: 
Working on file : D:\++WORKZONE++\!!! Oldies to CUT\Gra¿yna £obaszewska-1989-Brzydcy (Polskie Nagrania Muza SX-2756)Scans\Grazyna Lobaczewska - Brzydcy.flac
2018.10.15 21:14:14-WARNING: KeyError
2018.10.15 21:14:14-WARNING: pole ALBUM b³êdne
2018.10.15 21:14:14-WARNING: KeyError
2018.10.15 21:14:14-WARNING: pole artist b³êdne lub puste
2018.10.15 21:14:14-WARNING: KeyError
2018.10.15 21:14:14-WARNING: pole title b³êdne lub puste
2018.10.15 21:14:14-INFO: Worked on :
CatalogID:	1716
Artysta:	Unknown Artist
Album:	Unknown Album
Work done


2018.10.15 21:14:16-INFO: None
2018.10.15 21:14:16-INFO: Catalog Worker starts : D:\++WORKZONE++\!!! Oldies to CUT\Gra¿yna £obaszewska-1989-Brzydcy (Polskie Nagrania Muza SX-2756)Scans
2018.10.15 21:14:16-INFO: 
Working on file : D:\++WORKZONE++\!!! Oldies to CUT\Gra¿yna £obaszewska-1989-Brzydcy (Polskie Nagrania Muza SX-2756)Scans\Grazyna Lobaczewska - Brzydcy.flac
2018.10.15 21:14:16-WARNING: KeyError
2018.10.15 21:14:16-WARNING: pole ALBUM b³êdne
2018.10.15 21:14:16-WARNING: KeyError
2018.10.15 21:14:16-WARNING: pole artist b³êdne lub puste
2018.10.15 21:14:16-WARNING: KeyError
2018.10.15 21:14:16-WARNING: pole title b³êdne lub puste
2018.10.15 21:14:16-INFO: Worked on :
CatalogID:	1717
Artysta:	Unknown Artist
Album:	Unknown Album
Work done


2018.10.15 21:14:17-INFO: None
2018.10.15 21:14:17-INFO: Catalog Worker starts : D:\++WORKZONE++\!!! Oldies to CUT\Gra¿yna £obaszewska-1989-Brzydcy (Polskie Nagrania Muza SX-2756)Scans
2018.10.15 21:14:17-INFO: 
Working on file : D:\++WORKZONE++\!!! Oldies to CUT\Gra¿yna £obaszewska-1989-Brzydcy (Polskie Nagrania Muza SX-2756)Scans\Grazyna Lobaczewska - Brzydcy.flac
2018.10.15 21:14:17-WARNING: KeyError
2018.10.15 21:14:17-WARNING: pole ALBUM b³êdne
2018.10.15 21:14:17-WARNING: KeyError
2018.10.15 21:14:17-WARNING: pole artist b³êdne lub puste
2018.10.15 21:14:17-WARNING: KeyError
2018.10.15 21:14:17-WARNING: pole title b³êdne lub puste
2018.10.15 21:14:17-INFO: Worked on :
CatalogID:	1718
Artysta:	Unknown Artist
Album:	Unknown Album
Work done


