2018.10.20 16:41:43-main-INFO: OS : Linux
2018.10.20 16:41:43-main.stocker-INFO: catalog_collector Function starts
2018.10.20 16:41:43-main.stocker-DEBUG: Catalog Cache File not found
2018.10.20 16:41:43-main.stocker-DEBUG: Starting reading library
2018.10.20 16:41:43-main.stocker-INFO: Library reading ended with 22 directories
2018.10.20 16:41:43-main.stocker-INFO: catalog_collector found 16 dirs to check


2018.10.20 16:41:43-main.dbase-INFO: get a dict by id 1 started
2018.10.20 16:41:43-main.dbase-INFO: Generated dictionary : {'id': 1, 'path': '/home/kuba/Muzyka/Chic - (1977) Chic (kopia)', 'artist': 'Chic', 'album': 'Chic', 'date': '', 'd_master': '53188', 'd_release': '', 'avg_bitrate': 320, 'total_length': 5106, 'total_tracks': 17, 'comment': '', 'ext': 'mp3', 'catalog_mark': '', 'metoda_master': 'Album', 'metoda_release': '', 'img_count': 4}


2018.10.20 16:41:43-main.dbase-INFO: idx 0
2018.10.20 16:41:43-main.dbase-INFO: col ('id', None, None, None, None, None, None)
2018.10.20 16:41:43-main.dbase-INFO: column id
2018.10.20 16:41:43-main.dbase-INFO: file[0]: 1
2018.10.20 16:41:43-main.dbase-INFO: value: 2
2018.10.20 16:41:43-main.dbase-INFO: file: <sqlite3.Row object at 0x7fd10c50cad0>
2018.10.20 16:41:43-main.dbase-INFO: idx 1
2018.10.20 16:41:43-main.dbase-INFO: col ('sciezka', None, None, None, None, None, None)
2018.10.20 16:41:43-main.dbase-INFO: column path
2018.10.20 16:41:43-main.dbase-INFO: file[0]: 1
2018.10.20 16:41:43-main.dbase-INFO: value: /home/kuba/Muzyka/Chic - (1977) Chic (kopia)/03-Chic - You Can Get By.mp3
2018.10.20 16:41:43-main.dbase-INFO: file: <sqlite3.Row object at 0x7fd10c50cad0>
2018.10.20 16:41:43-main.dbase-INFO: idx 2
2018.10.20 16:41:43-main.dbase-INFO: col ('artysta', None, None, None, None, None, None)
2018.10.20 16:41:43-main.dbase-INFO: column artist
2018.10.20 16:41:43-main.dbase-INFO: file[0]: 1
2018.10.20 16:41:43-main.dbase-INFO: value: Chic
2018.10.20 16:41:43-main.dbase-INFO: file: <sqlite3.Row object at 0x7fd10c50cad0>
2018.10.20 16:41:43-main.dbase-INFO: idx 3
2018.10.20 16:41:43-main.dbase-INFO: col ('tytul', None, None, None, None, None, None)
2018.10.20 16:41:43-main.dbase-INFO: column title
2018.10.20 16:41:43-main.dbase-INFO: file[0]: 1
2018.10.20 16:41:43-main.dbase-INFO: value: You Can Get By
2018.10.20 16:41:43-main.dbase-INFO: file: <sqlite3.Row object at 0x7fd10c50cad0>
2018.10.20 16:41:43-main.dbase-INFO: idx 4
2018.10.20 16:41:43-main.dbase-INFO: col ('katalog_id', None, None, None, None, None, None)
2018.10.20 16:41:43-main.dbase-INFO: column catalog_id
2018.10.20 16:41:43-main.dbase-INFO: file[0]: 1
2018.10.20 16:41:43-main.dbase-INFO: value: 1
2018.10.20 16:41:43-main.dbase-INFO: file: <sqlite3.Row object at 0x7fd10c50cad0>
2018.10.20 16:41:43-main.dbase-INFO: idx 5
2018.10.20 16:41:43-main.dbase-INFO: col ('album', None, None, None, None, None, None)
2018.10.20 16:41:43-main.dbase-INFO: column album
2018.10.20 16:41:43-main.dbase-INFO: file[0]: 1
2018.10.20 16:41:43-main.dbase-INFO: value: Chic
2018.10.20 16:41:43-main.dbase-INFO: file: <sqlite3.Row object at 0x7fd10c50cad0>
2018.10.20 16:41:43-main.dbase-INFO: idx 6
2018.10.20 16:41:43-main.dbase-INFO: col ('format', None, None, None, None, None, None)
2018.10.20 16:41:43-main.dbase-INFO: column ext
2018.10.20 16:41:43-main.dbase-INFO: file[0]: 1
2018.10.20 16:41:43-main.dbase-INFO: value: mp3
2018.10.20 16:41:43-main.dbase-INFO: file: <sqlite3.Row object at 0x7fd10c50cad0>
2018.10.20 16:41:43-main.dbase-INFO: idx 7
2018.10.20 16:41:43-main.dbase-INFO: col ('dlugosc', None, None, None, None, None, None)
2018.10.20 16:41:43-main.dbase-INFO: column length
2018.10.20 16:41:43-main.dbase-INFO: file[0]: 1
2018.10.20 16:41:43-main.dbase-INFO: value: 336
2018.10.20 16:41:43-main.dbase-INFO: file: <sqlite3.Row object at 0x7fd10c50cad0>
2018.10.20 16:41:43-main.dbase-INFO: idx 8
2018.10.20 16:41:43-main.dbase-INFO: col ('jakosc', None, None, None, None, None, None)
2018.10.20 16:41:43-main.dbase-INFO: column bitrate
2018.10.20 16:41:43-main.dbase-INFO: file[0]: 1
2018.10.20 16:41:43-main.dbase-INFO: value: 320
2018.10.20 16:41:43-main.dbase-INFO: file: <sqlite3.Row object at 0x7fd10c50cad0>
2018.10.20 16:41:43-main.dbase-INFO: idx 0
2018.10.20 16:41:43-main.dbase-INFO: col ('id', None, None, None, None, None, None)
2018.10.20 16:41:43-main.dbase-INFO: column id
2018.10.20 16:41:43-main.dbase-INFO: file[0]: 2
2018.10.20 16:41:43-main.dbase-INFO: value: 3
2018.10.20 16:41:43-main.dbase-INFO: file: <sqlite3.Row object at 0x7fd10c50cb30>
2018.10.20 16:41:43-main.dbase-INFO: idx 1
2018.10.20 16:41:43-main.dbase-INFO: col ('sciezka', None, None, None, None, None, None)
2018.10.20 16:41:43-main.dbase-INFO: column path
2018.10.20 16:41:43-main.dbase-INFO: file[0]: 2
2018.10.20 16:41:43-main.dbase-INFO: value: /home/kuba/Muzyka/Chic - (1977) Chic (kopia)/02-Chic - São Paulo.mp3
2018.10.20 16:41:43-main.dbase-INFO: file: <sqlite3.Row object at 0x7fd10c50cb30>
2018.10.20 16:41:43-main.dbase-INFO: idx 2
2018.10.20 16:41:43-main.dbase-INFO: col ('artysta', None, None, None, None, None, None)
2018.10.20 16:41:43-main.dbase-INFO: column artist
2018.10.20 16:41:43-main.dbase-INFO: file[0]: 2
2018.10.20 16:41:43-main.dbase-INFO: value: Chic
2018.10.20 16:41:43-main.dbase-INFO: file: <sqlite3.Row object at 0x7fd10c50cb30>
2018.10.20 16:41:43-main.dbase-INFO: idx 3
2018.10.20 16:41:43-main.dbase-INFO: col ('tytul', None, None, None, None, None, None)
2018.10.20 16:41:43-main.dbase-INFO: column title
2018.10.20 16:41:43-main.dbase-INFO: file[0]: 2
2018.10.20 16:41:43-main.dbase-INFO: value: São Paulo
2018.10.20 16:41:43-main.dbase-INFO: file: <sqlite3.Row object at 0x7fd10c50cb30>
2018.10.20 16:41:43-main.dbase-INFO: idx 4
2018.10.20 16:41:43-main.dbase-INFO: col ('katalog_id', None, None, None, None, None, None)
2018.10.20 16:41:43-main.dbase-INFO: column catalog_id
2018.10.20 16:41:43-main.dbase-INFO: file[0]: 2
2018.10.20 16:41:43-main.dbase-INFO: value: 1
2018.10.20 16:41:43-main.dbase-INFO: file: <sqlite3.Row object at 0x7fd10c50cb30>
2018.10.20 16:41:43-main.dbase-INFO: idx 5
2018.10.20 16:41:43-main.dbase-INFO: col ('album', None, None, None, None, None, None)
2018.10.20 16:41:43-main.dbase-INFO: column album
2018.10.20 16:41:43-main.dbase-INFO: file[0]: 2
2018.10.20 16:41:43-main.dbase-INFO: value: Chic
2018.10.20 16:41:43-main.dbase-INFO: file: <sqlite3.Row object at 0x7fd10c50cb30>
2018.10.20 16:41:43-main.dbase-INFO: idx 6
2018.10.20 16:41:43-main.dbase-INFO: col ('format', None, None, None, None, None, None)
2018.10.20 16:41:43-main.dbase-INFO: column ext
2018.10.20 16:41:43-main.dbase-INFO: file[0]: 2
2018.10.20 16:41:43-main.dbase-INFO: value: mp3
2018.10.20 16:41:43-main.dbase-INFO: file: <sqlite3.Row object at 0x7fd10c50cb30>
2018.10.20 16:41:43-main.dbase-INFO: idx 7
2018.10.20 16:41:43-main.dbase-INFO: col ('dlugosc', None, None, None, None, None, None)
2018.10.20 16:41:43-main.dbase-INFO: column length
2018.10.20 16:41:43-main.dbase-INFO: file[0]: 2
2018.10.20 16:41:43-main.dbase-INFO: value: 301
2018.10.20 16:41:43-main.dbase-INFO: file: <sqlite3.Row object at 0x7fd10c50cb30>
2018.10.20 16:41:43-main.dbase-INFO: idx 8
2018.10.20 16:41:43-main.dbase-INFO: col ('jakosc', None, None, None, None, None, None)
2018.10.20 16:41:43-main.dbase-INFO: column bitrate
2018.10.20 16:41:43-main.dbase-INFO: file[0]: 2
2018.10.20 16:41:43-main.dbase-INFO: value: 320
2018.10.20 16:41:43-main.dbase-INFO: file: <sqlite3.Row object at 0x7fd10c50cb30>
2018.10.20 16:41:43-main.dbase-INFO: idx 0
2018.10.20 16:41:43-main.dbase-INFO: col ('id', None, None, None, None, None, None)
2018.10.20 16:41:43-main.dbase-INFO: column id
2018.10.20 16:41:43-main.dbase-INFO: file[0]: 3
2018.10.20 16:41:43-main.dbase-INFO: value: 4
2018.10.20 16:41:43-main.dbase-INFO: file: <sqlite3.Row object at 0x7fd10c50ca90>
2018.10.20 16:41:43-main.dbase-INFO: idx 1
2018.10.20 16:41:43-main.dbase-INFO: col ('sciezka', None, None, None, None, None, None)
2018.10.20 16:41:43-main.dbase-INFO: column path
2018.10.20 16:41:43-main.dbase-INFO: file[0]: 3
2018.10.20 16:41:43-main.dbase-INFO: value: /home/kuba/Muzyka/Chic - (1977) Chic (kopia)/11-Chic - Everybody Dance (Alternate 7'' Version).mp3
2018.10.20 16:41:43-main.dbase-INFO: file: <sqlite3.Row object at 0x7fd10c50ca90>
2018.10.20 16:41:43-main.dbase-INFO: idx 2
2018.10.20 16:41:43-main.dbase-INFO: col ('artysta', None, None, None, None, None, None)
2018.10.20 16:41:43-main.dbase-INFO: column artist
2018.10.20 16:41:43-main.dbase-INFO: file[0]: 3
2018.10.20 16:41:43-main.dbase-INFO: value: Chic
2018.10.20 16:41:43-main.dbase-INFO: file: <sqlite3.Row object at 0x7fd10c50ca90>
2018.10.20 16:41:43-main.dbase-INFO: idx 3
2018.10.20 16:41:43-main.dbase-INFO: col ('tytul', None, None, None, None, None, None)
2018.10.20 16:41:43-main.dbase-INFO: column title
2018.10.20 16:41:43-main.dbase-INFO: file[0]: 3
2018.10.20 16:41:43-main.dbase-INFO: value: Everybody Dance (Alternate 7'' Version)
2018.10.20 16:41:43-main.dbase-INFO: file: <sqlite3.Row object at 0x7fd10c50ca90>
2018.10.20 16:41:43-main.dbase-INFO: idx 4
2018.10.20 16:41:43-main.dbase-INFO: col ('katalog_id', None, None, None, None, None, None)
2018.10.20 16:41:43-main.dbase-INFO: column catalog_id
2018.10.20 16:41:43-main.dbase-INFO: file[0]: 3
2018.10.20 16:41:43-main.dbase-INFO: value: 1
2018.10.20 16:41:43-main.dbase-INFO: file: <sqlite3.Row object at 0x7fd10c50ca90>
2018.10.20 16:41:43-main.dbase-INFO: idx 5
2018.10.20 16:41:43-main.dbase-INFO: col ('album', None, None, None, None, None, None)
2018.10.20 16:41:43-main.dbase-INFO: column album
2018.10.20 16:41:43-main.dbase-INFO: file[0]: 3
2018.10.20 16:41:43-main.dbase-INFO: value: Chic
2018.10.20 16:41:43-main.dbase-INFO: file: <sqlite3.Row object at 0x7fd10c50ca90>
2018.10.20 16:41:43-main.dbase-INFO: idx 6
2018.10.20 16:41:43-main.dbase-INFO: col ('format', None, None, None, None, None, None)
2018.10.20 16:41:43-main.dbase-INFO: column ext
2018.10.20 16:41:43-main.dbase-INFO: file[0]: 3
2018.10.20 16:41:43-main.dbase-INFO: value: mp3
2018.10.20 16:41:43-main.dbase-INFO: file: <sqlite3.Row object at 0x7fd10c50ca90>
2018.10.20 16:41:43-main.dbase-INFO: idx 7
2018.10.20 16:41:43-main.dbase-INFO: col ('dlugosc', None, None, None, None, None, None)
2018.10.20 16:41:43-main.dbase-INFO: column length
2018.10.20 16:41:43-main.dbase-INFO: file[0]: 3
2018.10.20 16:41:43-main.dbase-INFO: value: 248
2018.10.20 16:41:43-main.dbase-INFO: file: <sqlite3.Row object at 0x7fd10c50ca90>
2018.10.20 16:41:43-main.dbase-INFO: idx 8
2018.10.20 16:41:43-main.dbase-INFO: col ('jakosc', None, None, None, None, None, None)
2018.10.20 16:41:43-main.dbase-INFO: column bitrate
2018.10.20 16:41:43-main.dbase-INFO: file[0]: 3
2018.10.20 16:41:43-main.dbase-INFO: value: 320
2018.10.20 16:41:43-main.dbase-INFO: file: <sqlite3.Row object at 0x7fd10c50ca90>
2018.10.20 16:41:43-main.dbase-INFO: idx 0
2018.10.20 16:41:43-main.dbase-INFO: col ('id', None, None, None, None, None, None)
2018.10.20 16:41:43-main.dbase-INFO: column id
2018.10.20 16:41:43-main.dbase-INFO: file[0]: 4
2018.10.20 16:41:43-main.dbase-INFO: value: 5
2018.10.20 16:41:43-main.dbase-INFO: file: <sqlite3.Row object at 0x7fd108935030>
2018.10.20 16:41:43-main.dbase-INFO: idx 1
2018.10.20 16:41:43-main.dbase-INFO: col ('sciezka', None, None, None, None, None, None)
2018.10.20 16:41:43-main.dbase-INFO: column path
2018.10.20 16:41:43-main.dbase-INFO: file[0]: 4
2018.10.20 16:41:43-main.dbase-INFO: value: /home/kuba/Muzyka/Chic - (1977) Chic (kopia)/05-Chic - Est-Ce Que C'est Chic.mp3
2018.10.20 16:41:43-main.dbase-INFO: file: <sqlite3.Row object at 0x7fd108935030>
2018.10.20 16:41:43-main.dbase-INFO: idx 2
2018.10.20 16:41:43-main.dbase-INFO: col ('artysta', None, None, None, None, None, None)
2018.10.20 16:41:43-main.dbase-INFO: column artist
2018.10.20 16:41:43-main.dbase-INFO: file[0]: 4
2018.10.20 16:41:43-main.dbase-INFO: value: Chic
2018.10.20 16:41:43-main.dbase-INFO: file: <sqlite3.Row object at 0x7fd108935030>
2018.10.20 16:41:43-main.dbase-INFO: idx 3
2018.10.20 16:41:43-main.dbase-INFO: col ('tytul', None, None, None, None, None, None)
2018.10.20 16:41:43-main.dbase-INFO: column title
2018.10.20 16:41:43-main.dbase-INFO: file[0]: 4
2018.10.20 16:41:43-main.dbase-INFO: value: Est-Ce Que C'est Chic
2018.10.20 16:41:43-main.dbase-INFO: file: <sqlite3.Row object at 0x7fd108935030>
2018.10.20 16:41:43-main.dbase-INFO: idx 4
2018.10.20 16:41:43-main.dbase-INFO: col ('katalog_id', None, None, None, None, None, None)
2018.10.20 16:41:43-main.dbase-INFO: column catalog_id
2018.10.20 16:41:43-main.dbase-INFO: file[0]: 4
2018.10.20 16:41:43-main.dbase-INFO: value: 1
2018.10.20 16:41:43-main.dbase-INFO: file: <sqlite3.Row object at 0x7fd108935030>
2018.10.20 16:41:43-main.dbase-INFO: idx 5
2018.10.20 16:41:43-main.dbase-INFO: col ('album', None, None, None, None, None, None)
2018.10.20 16:41:43-main.dbase-INFO: column album
2018.10.20 16:41:43-main.dbase-INFO: file[0]: 4
2018.10.20 16:41:43-main.dbase-INFO: value: Chic
2018.10.20 16:41:43-main.dbase-INFO: file: <sqlite3.Row object at 0x7fd108935030>
2018.10.20 16:41:43-main.dbase-INFO: idx 6
2018.10.20 16:41:43-main.dbase-INFO: col ('format', None, None, None, None, None, None)
2018.10.20 16:41:43-main.dbase-INFO: column ext
2018.10.20 16:41:43-main.dbase-INFO: file[0]: 4
2018.10.20 16:41:43-main.dbase-INFO: value: mp3
2018.10.20 16:41:43-main.dbase-INFO: file: <sqlite3.Row object at 0x7fd108935030>
2018.10.20 16:41:43-main.dbase-INFO: idx 7
2018.10.20 16:41:43-main.dbase-INFO: col ('dlugosc', None, None, None, None, None, None)
2018.10.20 16:41:43-main.dbase-INFO: column length
2018.10.20 16:41:43-main.dbase-INFO: file[0]: 4
2018.10.20 16:41:43-main.dbase-INFO: value: 233
2018.10.20 16:41:43-main.dbase-INFO: file: <sqlite3.Row object at 0x7fd108935030>
2018.10.20 16:41:43-main.dbase-INFO: idx 8
2018.10.20 16:41:43-main.dbase-INFO: col ('jakosc', None, None, None, None, None, None)
2018.10.20 16:41:43-main.dbase-INFO: column bitrate
2018.10.20 16:41:43-main.dbase-INFO: file[0]: 4
2018.10.20 16:41:43-main.dbase-INFO: value: 320
2018.10.20 16:41:43-main.dbase-INFO: file: <sqlite3.Row object at 0x7fd108935030>
2018.10.20 16:41:43-main.dbase-INFO: idx 0
2018.10.20 16:41:43-main.dbase-INFO: col ('id', None, None, None, None, None, None)
2018.10.20 16:41:43-main.dbase-INFO: column id
2018.10.20 16:41:43-main.dbase-INFO: file[0]: 5
2018.10.20 16:41:43-main.dbase-INFO: value: 6
2018.10.20 16:41:43-main.dbase-INFO: file: <sqlite3.Row object at 0x7fd10c50caf0>
2018.10.20 16:41:43-main.dbase-INFO: idx 1
2018.10.20 16:41:43-main.dbase-INFO: col ('sciezka', None, None, None, None, None, None)
2018.10.20 16:41:43-main.dbase-INFO: column path
2018.10.20 16:41:43-main.dbase-INFO: file[0]: 5
2018.10.20 16:41:43-main.dbase-INFO: value: /home/kuba/Muzyka/Chic - (1977) Chic (kopia)/15-Chic - Everybody Dance (Glenn Friscia Hardhouse Mix).mp3
2018.10.20 16:41:43-main.dbase-INFO: file: <sqlite3.Row object at 0x7fd10c50caf0>
2018.10.20 16:41:43-main.dbase-INFO: idx 2
2018.10.20 16:41:43-main.dbase-INFO: col ('artysta', None, None, None, None, None, None)
2018.10.20 16:41:43-main.dbase-INFO: column artist
2018.10.20 16:41:43-main.dbase-INFO: file[0]: 5
2018.10.20 16:41:43-main.dbase-INFO: value: Chic
2018.10.20 16:41:43-main.dbase-INFO: file: <sqlite3.Row object at 0x7fd10c50caf0>
2018.10.20 16:41:43-main.dbase-INFO: idx 3
2018.10.20 16:41:43-main.dbase-INFO: col ('tytul', None, None, None, None, None, None)
2018.10.20 16:41:43-main.dbase-INFO: column title
2018.10.20 16:41:43-main.dbase-INFO: file[0]: 5
2018.10.20 16:41:43-main.dbase-INFO: value: Everybody Dance (Glenn Friscia Hardhouse Mix)
2018.10.20 16:41:43-main.dbase-INFO: file: <sqlite3.Row object at 0x7fd10c50caf0>
2018.10.20 16:41:43-main.dbase-INFO: idx 4
2018.10.20 16:41:43-main.dbase-INFO: col ('katalog_id', None, None, None, None, None, None)
2018.10.20 16:41:43-main.dbase-INFO: column catalog_id
2018.10.20 16:41:43-main.dbase-INFO: file[0]: 5
2018.10.20 16:41:43-main.dbase-INFO: value: 1
2018.10.20 16:41:43-main.dbase-INFO: file: <sqlite3.Row object at 0x7fd10c50caf0>
2018.10.20 16:41:43-main.dbase-INFO: idx 5
2018.10.20 16:41:43-main.dbase-INFO: col ('album', None, None, None, None, None, None)
2018.10.20 16:41:43-main.dbase-INFO: column album
2018.10.20 16:41:43-main.dbase-INFO: file[0]: 5
2018.10.20 16:41:43-main.dbase-INFO: value: Chic
2018.10.20 16:41:43-main.dbase-INFO: file: <sqlite3.Row object at 0x7fd10c50caf0>
2018.10.20 16:41:43-main.dbase-INFO: idx 6
2018.10.20 16:41:43-main.dbase-INFO: col ('format', None, None, None, None, None, None)
2018.10.20 16:41:43-main.dbase-INFO: column ext
2018.10.20 16:41:43-main.dbase-INFO: file[0]: 5
2018.10.20 16:41:43-main.dbase-INFO: value: mp3
2018.10.20 16:41:43-main.dbase-INFO: file: <sqlite3.Row object at 0x7fd10c50caf0>
2018.10.20 16:41:43-main.dbase-INFO: idx 7
2018.10.20 16:41:43-main.dbase-INFO: col ('dlugosc', None, None, None, None, None, None)
2018.10.20 16:41:43-main.dbase-INFO: column length
2018.10.20 16:41:43-main.dbase-INFO: file[0]: 5
2018.10.20 16:41:43-main.dbase-INFO: value: 338
2018.10.20 16:41:43-main.dbase-INFO: file: <sqlite3.Row object at 0x7fd10c50caf0>
2018.10.20 16:41:43-main.dbase-INFO: idx 8
2018.10.20 16:41:43-main.dbase-INFO: col ('jakosc', None, None, None, None, None, None)
2018.10.20 16:41:43-main.dbase-INFO: column bitrate
2018.10.20 16:41:43-main.dbase-INFO: file[0]: 5
2018.10.20 16:41:43-main.dbase-INFO: value: 320
2018.10.20 16:41:43-main.dbase-INFO: file: <sqlite3.Row object at 0x7fd10c50caf0>
2018.10.20 16:41:43-main.dbase-INFO: idx 0
2018.10.20 16:41:43-main.dbase-INFO: col ('id', None, None, None, None, None, None)
2018.10.20 16:41:43-main.dbase-INFO: column id
2018.10.20 16:41:43-main.dbase-INFO: file[0]: 6
2018.10.20 16:41:43-main.dbase-INFO: value: 7
2018.10.20 16:41:43-main.dbase-INFO: file: <sqlite3.Row object at 0x7fd1089350b0>
2018.10.20 16:41:43-main.dbase-INFO: idx 1
2018.10.20 16:41:43-main.dbase-INFO: col ('sciezka', None, None, None, None, None, None)
2018.10.20 16:41:43-main.dbase-INFO: column path
2018.10.20 16:41:43-main.dbase-INFO: file[0]: 6
2018.10.20 16:41:43-main.dbase-INFO: value: /home/kuba/Muzyka/Chic - (1977) Chic (kopia)/13-Chic - You Can Get By (7'' Version).mp3
2018.10.20 16:41:43-main.dbase-INFO: file: <sqlite3.Row object at 0x7fd1089350b0>
2018.10.20 16:41:43-main.dbase-INFO: idx 2
2018.10.20 16:41:43-main.dbase-INFO: col ('artysta', None, None, None, None, None, None)
2018.10.20 16:41:43-main.dbase-INFO: column artist
2018.10.20 16:41:43-main.dbase-INFO: file[0]: 6
2018.10.20 16:41:43-main.dbase-INFO: value: Chic
2018.10.20 16:41:43-main.dbase-INFO: file: <sqlite3.Row object at 0x7fd1089350b0>
2018.10.20 16:41:43-main.dbase-INFO: idx 3
2018.10.20 16:41:43-main.dbase-INFO: col ('tytul', None, None, None, None, None, None)
2018.10.20 16:41:43-main.dbase-INFO: column title
2018.10.20 16:41:43-main.dbase-INFO: file[0]: 6
2018.10.20 16:41:43-main.dbase-INFO: value: You Can Get By (7'' Version)
2018.10.20 16:41:43-main.dbase-INFO: file: <sqlite3.Row object at 0x7fd1089350b0>
2018.10.20 16:41:43-main.dbase-INFO: idx 4
2018.10.20 16:41:43-main.dbase-INFO: col ('katalog_id', None, None, None, None, None, None)
2018.10.20 16:41:43-main.dbase-INFO: column catalog_id
2018.10.20 16:41:43-main.dbase-INFO: file[0]: 6
2018.10.20 16:41:43-main.dbase-INFO: value: 1
2018.10.20 16:41:43-main.dbase-INFO: file: <sqlite3.Row object at 0x7fd1089350b0>
2018.10.20 16:41:43-main.dbase-INFO: idx 5
2018.10.20 16:41:43-main.dbase-INFO: col ('album', None, None, None, None, None, None)
2018.10.20 16:41:43-main.dbase-INFO: column album
2018.10.20 16:41:43-main.dbase-INFO: file[0]: 6
2018.10.20 16:41:43-main.dbase-INFO: value: Chic
2018.10.20 16:41:43-main.dbase-INFO: file: <sqlite3.Row object at 0x7fd1089350b0>
2018.10.20 16:41:43-main.dbase-INFO: idx 6
2018.10.20 16:41:43-main.dbase-INFO: col ('format', None, None, None, None, None, None)
2018.10.20 16:41:43-main.dbase-INFO: column ext
2018.10.20 16:41:43-main.dbase-INFO: file[0]: 6
2018.10.20 16:41:43-main.dbase-INFO: value: mp3
2018.10.20 16:41:43-main.dbase-INFO: file: <sqlite3.Row object at 0x7fd1089350b0>
2018.10.20 16:41:43-main.dbase-INFO: idx 7
2018.10.20 16:41:43-main.dbase-INFO: col ('dlugosc', None, None, None, None, None, None)
2018.10.20 16:41:43-main.dbase-INFO: column length
2018.10.20 16:41:43-main.dbase-INFO: file[0]: 6
2018.10.20 16:41:43-main.dbase-INFO: value: 242
2018.10.20 16:41:43-main.dbase-INFO: file: <sqlite3.Row object at 0x7fd1089350b0>
2018.10.20 16:41:43-main.dbase-INFO: idx 8
2018.10.20 16:41:43-main.dbase-INFO: col ('jakosc', None, None, None, None, None, None)
2018.10.20 16:41:43-main.dbase-INFO: column bitrate
2018.10.20 16:41:43-main.dbase-INFO: file[0]: 6
2018.10.20 16:41:43-main.dbase-INFO: value: 320
2018.10.20 16:41:43-main.dbase-INFO: file: <sqlite3.Row object at 0x7fd1089350b0>
2018.10.20 16:41:43-main.dbase-INFO: idx 0
2018.10.20 16:41:43-main.dbase-INFO: col ('id', None, None, None, None, None, None)
2018.10.20 16:41:43-main.dbase-INFO: column id
2018.10.20 16:41:43-main.dbase-INFO: file[0]: 7
2018.10.20 16:41:43-main.dbase-INFO: value: 8
2018.10.20 16:41:43-main.dbase-INFO: file: <sqlite3.Row object at 0x7fd108935110>
2018.10.20 16:41:43-main.dbase-INFO: idx 1
2018.10.20 16:41:43-main.dbase-INFO: col ('sciezka', None, None, None, None, None, None)
2018.10.20 16:41:43-main.dbase-INFO: column path
2018.10.20 16:41:43-main.dbase-INFO: file[0]: 7
2018.10.20 16:41:43-main.dbase-INFO: value: /home/kuba/Muzyka/Chic - (1977) Chic (kopia)/12-Chic - Everybody Dance (12'' Version).mp3
2018.10.20 16:41:43-main.dbase-INFO: file: <sqlite3.Row object at 0x7fd108935110>
2018.10.20 16:41:43-main.dbase-INFO: idx 2
2018.10.20 16:41:43-main.dbase-INFO: col ('artysta', None, None, None, None, None, None)
2018.10.20 16:41:43-main.dbase-INFO: column artist
2018.10.20 16:41:43-main.dbase-INFO: file[0]: 7
2018.10.20 16:41:43-main.dbase-INFO: value: Chic
2018.10.20 16:41:43-main.dbase-INFO: file: <sqlite3.Row object at 0x7fd108935110>
2018.10.20 16:41:43-main.dbase-INFO: idx 3
2018.10.20 16:41:43-main.dbase-INFO: col ('tytul', None, None, None, None, None, None)
2018.10.20 16:41:43-main.dbase-INFO: column title
2018.10.20 16:41:43-main.dbase-INFO: file[0]: 7
2018.10.20 16:41:43-main.dbase-INFO: value: Everybody Dance (12'' Version)
2018.10.20 16:41:43-main.dbase-INFO: file: <sqlite3.Row object at 0x7fd108935110>
2018.10.20 16:41:43-main.dbase-INFO: idx 4
2018.10.20 16:41:43-main.dbase-INFO: col ('katalog_id', None, None, None, None, None, None)
2018.10.20 16:41:43-main.dbase-INFO: column catalog_id
2018.10.20 16:41:43-main.dbase-INFO: file[0]: 7
2018.10.20 16:41:43-main.dbase-INFO: value: 1
2018.10.20 16:41:43-main.dbase-INFO: file: <sqlite3.Row object at 0x7fd108935110>
2018.10.20 16:41:43-main.dbase-INFO: idx 5
2018.10.20 16:41:43-main.dbase-INFO: col ('album', None, None, None, None, None, None)
2018.10.20 16:41:43-main.dbase-INFO: column album
2018.10.20 16:41:43-main.dbase-INFO: file[0]: 7
2018.10.20 16:41:43-main.dbase-INFO: value: Chic
2018.10.20 16:41:43-main.dbase-INFO: file: <sqlite3.Row object at 0x7fd108935110>
2018.10.20 16:41:43-main.dbase-INFO: idx 6
2018.10.20 16:41:43-main.dbase-INFO: col ('format', None, None, None, None, None, None)
2018.10.20 16:41:43-main.dbase-INFO: column ext
2018.10.20 16:41:43-main.dbase-INFO: file[0]: 7
2018.10.20 16:41:43-main.dbase-INFO: value: mp3
2018.10.20 16:41:43-main.dbase-INFO: file: <sqlite3.Row object at 0x7fd108935110>
2018.10.20 16:41:43-main.dbase-INFO: idx 7
2018.10.20 16:41:43-main.dbase-INFO: col ('dlugosc', None, None, None, None, None, None)
2018.10.20 16:41:43-main.dbase-INFO: column length
2018.10.20 16:41:43-main.dbase-INFO: file[0]: 7
2018.10.20 16:41:43-main.dbase-INFO: value: 507
2018.10.20 16:41:43-main.dbase-INFO: file: <sqlite3.Row object at 0x7fd108935110>
2018.10.20 16:41:43-main.dbase-INFO: idx 8
2018.10.20 16:41:43-main.dbase-INFO: col ('jakosc', None, None, None, None, None, None)
2018.10.20 16:41:43-main.dbase-INFO: column bitrate
2018.10.20 16:41:43-main.dbase-INFO: file[0]: 7
2018.10.20 16:41:43-main.dbase-INFO: value: 320
2018.10.20 16:41:43-main.dbase-INFO: file: <sqlite3.Row object at 0x7fd108935110>
2018.10.20 16:41:43-main.dbase-INFO: idx 0
2018.10.20 16:41:43-main.dbase-INFO: col ('id', None, None, None, None, None, None)
2018.10.20 16:41:43-main.dbase-INFO: column id
2018.10.20 16:41:43-main.dbase-INFO: file[0]: 8
2018.10.20 16:41:43-main.dbase-INFO: value: 9
2018.10.20 16:41:43-main.dbase-INFO: file: <sqlite3.Row object at 0x7fd108935170>
2018.10.20 16:41:43-main.dbase-INFO: idx 1
2018.10.20 16:41:43-main.dbase-INFO: col ('sciezka', None, None, None, None, None, None)
2018.10.20 16:41:43-main.dbase-INFO: column path
2018.10.20 16:41:43-main.dbase-INFO: file[0]: 8
2018.10.20 16:41:43-main.dbase-INFO: value: /home/kuba/Muzyka/Chic - (1977) Chic (kopia)/01-Chic-Dance,Dance,Dance(Yowsah,Yowsah,Yowsah)(Album&12''Versio.mp3
2018.10.20 16:41:43-main.dbase-INFO: file: <sqlite3.Row object at 0x7fd108935170>
2018.10.20 16:41:43-main.dbase-INFO: idx 2
2018.10.20 16:41:43-main.dbase-INFO: col ('artysta', None, None, None, None, None, None)
2018.10.20 16:41:43-main.dbase-INFO: column artist
2018.10.20 16:41:43-main.dbase-INFO: file[0]: 8
2018.10.20 16:41:43-main.dbase-INFO: value: Chic
2018.10.20 16:41:43-main.dbase-INFO: file: <sqlite3.Row object at 0x7fd108935170>
2018.10.20 16:41:43-main.dbase-INFO: idx 3
2018.10.20 16:41:43-main.dbase-INFO: col ('tytul', None, None, None, None, None, None)
2018.10.20 16:41:43-main.dbase-INFO: column title
2018.10.20 16:41:43-main.dbase-INFO: file[0]: 8
2018.10.20 16:41:43-main.dbase-INFO: value: Dance, Dance, Dance (Yowsah, Yowsah, Yowsah) (Album & 12'' Version)
2018.10.20 16:41:43-main.dbase-INFO: file: <sqlite3.Row object at 0x7fd108935170>
2018.10.20 16:41:43-main.dbase-INFO: idx 4
2018.10.20 16:41:43-main.dbase-INFO: col ('katalog_id', None, None, None, None, None, None)
2018.10.20 16:41:43-main.dbase-INFO: column catalog_id
2018.10.20 16:41:43-main.dbase-INFO: file[0]: 8
2018.10.20 16:41:43-main.dbase-INFO: value: 1
2018.10.20 16:41:43-main.dbase-INFO: file: <sqlite3.Row object at 0x7fd108935170>
2018.10.20 16:41:43-main.dbase-INFO: idx 5
2018.10.20 16:41:43-main.dbase-INFO: col ('album', None, None, None, None, None, None)
2018.10.20 16:41:43-main.dbase-INFO: column album
2018.10.20 16:41:43-main.dbase-INFO: file[0]: 8
2018.10.20 16:41:43-main.dbase-INFO: value: Chic
2018.10.20 16:41:43-main.dbase-INFO: file: <sqlite3.Row object at 0x7fd108935170>
2018.10.20 16:41:43-main.dbase-INFO: idx 6
2018.10.20 16:41:43-main.dbase-INFO: col ('format', None, None, None, None, None, None)
2018.10.20 16:41:43-main.dbase-INFO: column ext
2018.10.20 16:41:43-main.dbase-INFO: file[0]: 8
2018.10.20 16:41:43-main.dbase-INFO: value: mp3
2018.10.20 16:41:43-main.dbase-INFO: file: <sqlite3.Row object at 0x7fd108935170>
2018.10.20 16:41:43-main.dbase-INFO: idx 7
2018.10.20 16:41:43-main.dbase-INFO: col ('dlugosc', None, None, None, None, None, None)
2018.10.20 16:41:43-main.dbase-INFO: column length
2018.10.20 16:41:43-main.dbase-INFO: file[0]: 8
2018.10.20 16:41:43-main.dbase-INFO: value: 502
2018.10.20 16:41:43-main.dbase-INFO: file: <sqlite3.Row object at 0x7fd108935170>
2018.10.20 16:41:43-main.dbase-INFO: idx 8
2018.10.20 16:41:43-main.dbase-INFO: col ('jakosc', None, None, None, None, None, None)
2018.10.20 16:41:43-main.dbase-INFO: column bitrate
2018.10.20 16:41:43-main.dbase-INFO: file[0]: 8
2018.10.20 16:41:43-main.dbase-INFO: value: 320
2018.10.20 16:41:43-main.dbase-INFO: file: <sqlite3.Row object at 0x7fd108935170>
2018.10.20 16:41:43-main.dbase-INFO: idx 0
2018.10.20 16:41:43-main.dbase-INFO: col ('id', None, None, None, None, None, None)
2018.10.20 16:41:43-main.dbase-INFO: column id
2018.10.20 16:41:43-main.dbase-INFO: file[0]: 9
2018.10.20 16:41:43-main.dbase-INFO: value: 10
2018.10.20 16:41:43-main.dbase-INFO: file: <sqlite3.Row object at 0x7fd1089351d0>
2018.10.20 16:41:43-main.dbase-INFO: idx 1
2018.10.20 16:41:43-main.dbase-INFO: col ('sciezka', None, None, None, None, None, None)
2018.10.20 16:41:43-main.dbase-INFO: column path
2018.10.20 16:41:43-main.dbase-INFO: file[0]: 9
2018.10.20 16:41:43-main.dbase-INFO: value: /home/kuba/Muzyka/Chic - (1977) Chic (kopia)/04-Chic - Everybody Dance.mp3
2018.10.20 16:41:43-main.dbase-INFO: file: <sqlite3.Row object at 0x7fd1089351d0>
2018.10.20 16:41:43-main.dbase-INFO: idx 2
2018.10.20 16:41:43-main.dbase-INFO: col ('artysta', None, None, None, None, None, None)
2018.10.20 16:41:43-main.dbase-INFO: column artist
2018.10.20 16:41:43-main.dbase-INFO: file[0]: 9
2018.10.20 16:41:43-main.dbase-INFO: value: Chic
2018.10.20 16:41:43-main.dbase-INFO: file: <sqlite3.Row object at 0x7fd1089351d0>
2018.10.20 16:41:43-main.dbase-INFO: idx 3
2018.10.20 16:41:43-main.dbase-INFO: col ('tytul', None, None, None, None, None, None)
2018.10.20 16:41:43-main.dbase-INFO: column title
2018.10.20 16:41:43-main.dbase-INFO: file[0]: 9
2018.10.20 16:41:43-main.dbase-INFO: value: Everybody Dance
2018.10.20 16:41:43-main.dbase-INFO: file: <sqlite3.Row object at 0x7fd1089351d0>
2018.10.20 16:41:43-main.dbase-INFO: idx 4
2018.10.20 16:41:43-main.dbase-INFO: col ('katalog_id', None, None, None, None, None, None)
2018.10.20 16:41:43-main.dbase-INFO: column catalog_id
2018.10.20 16:41:43-main.dbase-INFO: file[0]: 9
2018.10.20 16:41:43-main.dbase-INFO: value: 1
2018.10.20 16:41:43-main.dbase-INFO: file: <sqlite3.Row object at 0x7fd1089351d0>
2018.10.20 16:41:43-main.dbase-INFO: idx 5
2018.10.20 16:41:43-main.dbase-INFO: col ('album', None, None, None, None, None, None)
2018.10.20 16:41:43-main.dbase-INFO: column album
2018.10.20 16:41:43-main.dbase-INFO: file[0]: 9
2018.10.20 16:41:43-main.dbase-INFO: value: Chic
2018.10.20 16:41:43-main.dbase-INFO: file: <sqlite3.Row object at 0x7fd1089351d0>
2018.10.20 16:41:43-main.dbase-INFO: idx 6
2018.10.20 16:41:43-main.dbase-INFO: col ('format', None, None, None, None, None, None)
2018.10.20 16:41:43-main.dbase-INFO: column ext
2018.10.20 16:41:43-main.dbase-INFO: file[0]: 9
2018.10.20 16:41:43-main.dbase-INFO: value: mp3
2018.10.20 16:41:43-main.dbase-INFO: file: <sqlite3.Row object at 0x7fd1089351d0>
2018.10.20 16:41:43-main.dbase-INFO: idx 7
2018.10.20 16:41:43-main.dbase-INFO: col ('dlugosc', None, None, None, None, None, None)
2018.10.20 16:41:43-main.dbase-INFO: column length
2018.10.20 16:41:43-main.dbase-INFO: file[0]: 9
2018.10.20 16:41:43-main.dbase-INFO: value: 401
2018.10.20 16:41:43-main.dbase-INFO: file: <sqlite3.Row object at 0x7fd1089351d0>
2018.10.20 16:41:43-main.dbase-INFO: idx 8
2018.10.20 16:41:43-main.dbase-INFO: col ('jakosc', None, None, None, None, None, None)
2018.10.20 16:41:43-main.dbase-INFO: column bitrate
2018.10.20 16:41:43-main.dbase-INFO: file[0]: 9
2018.10.20 16:41:43-main.dbase-INFO: value: 320
2018.10.20 16:41:43-main.dbase-INFO: file: <sqlite3.Row object at 0x7fd1089351d0>
2018.10.20 16:41:43-main.dbase-INFO: idx 0
2018.10.20 16:41:43-main.dbase-INFO: col ('id', None, None, None, None, None, None)
2018.10.20 16:41:43-main.dbase-INFO: column id
2018.10.20 16:41:43-main.dbase-INFO: file[0]: 10
2018.10.20 16:41:43-main.dbase-INFO: value: 11
2018.10.20 16:41:43-main.dbase-INFO: file: <sqlite3.Row object at 0x7fd108935210>
2018.10.20 16:41:43-main.dbase-INFO: idx 1
2018.10.20 16:41:43-main.dbase-INFO: col ('sciezka', None, None, None, None, None, None)
2018.10.20 16:41:43-main.dbase-INFO: column path
2018.10.20 16:41:43-main.dbase-INFO: file[0]: 10
2018.10.20 16:41:43-main.dbase-INFO: value: /home/kuba/Muzyka/Chic - (1977) Chic (kopia)/14-Chic - Dance, Dance, Dance (Yowsah,Yowsah,Yowsah)(PalJoeyMix).mp3
2018.10.20 16:41:43-main.dbase-INFO: file: <sqlite3.Row object at 0x7fd108935210>
2018.10.20 16:41:43-main.dbase-INFO: idx 2
2018.10.20 16:41:43-main.dbase-INFO: col ('artysta', None, None, None, None, None, None)
2018.10.20 16:41:43-main.dbase-INFO: column artist
2018.10.20 16:41:43-main.dbase-INFO: file[0]: 10
2018.10.20 16:41:43-main.dbase-INFO: value: Chic
2018.10.20 16:41:43-main.dbase-INFO: file: <sqlite3.Row object at 0x7fd108935210>
2018.10.20 16:41:43-main.dbase-INFO: idx 3
2018.10.20 16:41:43-main.dbase-INFO: col ('tytul', None, None, None, None, None, None)
2018.10.20 16:41:43-main.dbase-INFO: column title
2018.10.20 16:41:43-main.dbase-INFO: file[0]: 10
2018.10.20 16:41:43-main.dbase-INFO: value: Dance, Dance, Dance (Yowsah, Yowsah, Yowsah) (Pal Joey Mix)
2018.10.20 16:41:43-main.dbase-INFO: file: <sqlite3.Row object at 0x7fd108935210>
2018.10.20 16:41:43-main.dbase-INFO: idx 4
2018.10.20 16:41:43-main.dbase-INFO: col ('katalog_id', None, None, None, None, None, None)
2018.10.20 16:41:43-main.dbase-INFO: column catalog_id
2018.10.20 16:41:43-main.dbase-INFO: file[0]: 10
2018.10.20 16:41:43-main.dbase-INFO: value: 1
2018.10.20 16:41:43-main.dbase-INFO: file: <sqlite3.Row object at 0x7fd108935210>
2018.10.20 16:41:43-main.dbase-INFO: idx 5
2018.10.20 16:41:43-main.dbase-INFO: col ('album', None, None, None, None, None, None)
2018.10.20 16:41:43-main.dbase-INFO: column album
2018.10.20 16:41:43-main.dbase-INFO: file[0]: 10
2018.10.20 16:41:43-main.dbase-INFO: value: Chic
2018.10.20 16:41:43-main.dbase-INFO: file: <sqlite3.Row object at 0x7fd108935210>
2018.10.20 16:41:43-main.dbase-INFO: idx 6
2018.10.20 16:41:43-main.dbase-INFO: col ('format', None, None, None, None, None, None)
2018.10.20 16:41:43-main.dbase-INFO: column ext
2018.10.20 16:41:43-main.dbase-INFO: file[0]: 10
2018.10.20 16:41:43-main.dbase-INFO: value: mp3
2018.10.20 16:41:43-main.dbase-INFO: file: <sqlite3.Row object at 0x7fd108935210>
2018.10.20 16:41:43-main.dbase-INFO: idx 7
2018.10.20 16:41:43-main.dbase-INFO: col ('dlugosc', None, None, None, None, None, None)
2018.10.20 16:41:43-main.dbase-INFO: column length
2018.10.20 16:41:43-main.dbase-INFO: file[0]: 10
2018.10.20 16:41:43-main.dbase-INFO: value: 247
2018.10.20 16:41:43-main.dbase-INFO: file: <sqlite3.Row object at 0x7fd108935210>
2018.10.20 16:41:43-main.dbase-INFO: idx 8
2018.10.20 16:41:43-main.dbase-INFO: col ('jakosc', None, None, None, None, None, None)
2018.10.20 16:41:43-main.dbase-INFO: column bitrate
2018.10.20 16:41:43-main.dbase-INFO: file[0]: 10
2018.10.20 16:41:43-main.dbase-INFO: value: 320
2018.10.20 16:41:43-main.dbase-INFO: file: <sqlite3.Row object at 0x7fd108935210>
2018.10.20 16:41:43-main.dbase-INFO: idx 0
2018.10.20 16:41:43-main.dbase-INFO: col ('id', None, None, None, None, None, None)
2018.10.20 16:41:43-main.dbase-INFO: column id
2018.10.20 16:41:43-main.dbase-INFO: file[0]: 11
2018.10.20 16:41:43-main.dbase-INFO: value: 12
2018.10.20 16:41:43-main.dbase-INFO: file: <sqlite3.Row object at 0x7fd108935270>
2018.10.20 16:41:43-main.dbase-INFO: idx 1
2018.10.20 16:41:43-main.dbase-INFO: col ('sciezka', None, None, None, None, None, None)
2018.10.20 16:41:43-main.dbase-INFO: column path
2018.10.20 16:41:43-main.dbase-INFO: file[0]: 11
2018.10.20 16:41:43-main.dbase-INFO: value: /home/kuba/Muzyka/Chic - (1977) Chic (kopia)/07-Chic - Strike Up The Band.mp3
2018.10.20 16:41:43-main.dbase-INFO: file: <sqlite3.Row object at 0x7fd108935270>
2018.10.20 16:41:43-main.dbase-INFO: idx 2
2018.10.20 16:41:43-main.dbase-INFO: col ('artysta', None, None, None, None, None, None)
2018.10.20 16:41:43-main.dbase-INFO: column artist
2018.10.20 16:41:43-main.dbase-INFO: file[0]: 11
2018.10.20 16:41:43-main.dbase-INFO: value: Chic
2018.10.20 16:41:43-main.dbase-INFO: file: <sqlite3.Row object at 0x7fd108935270>
2018.10.20 16:41:43-main.dbase-INFO: idx 3
2018.10.20 16:41:43-main.dbase-INFO: col ('tytul', None, None, None, None, None, None)
2018.10.20 16:41:43-main.dbase-INFO: column title
2018.10.20 16:41:43-main.dbase-INFO: file[0]: 11
2018.10.20 16:41:43-main.dbase-INFO: value: Strike Up The Band
2018.10.20 16:41:43-main.dbase-INFO: file: <sqlite3.Row object at 0x7fd108935270>
2018.10.20 16:41:43-main.dbase-INFO: idx 4
2018.10.20 16:41:43-main.dbase-INFO: col ('katalog_id', None, None, None, None, None, None)
2018.10.20 16:41:43-main.dbase-INFO: column catalog_id
2018.10.20 16:41:43-main.dbase-INFO: file[0]: 11
2018.10.20 16:41:43-main.dbase-INFO: value: 1
2018.10.20 16:41:43-main.dbase-INFO: file: <sqlite3.Row object at 0x7fd108935270>
2018.10.20 16:41:43-main.dbase-INFO: idx 5
2018.10.20 16:41:43-main.dbase-INFO: col ('album', None, None, None, None, None, None)
2018.10.20 16:41:43-main.dbase-INFO: column album
2018.10.20 16:41:43-main.dbase-INFO: file[0]: 11
2018.10.20 16:41:43-main.dbase-INFO: value: Chic
2018.10.20 16:41:43-main.dbase-INFO: file: <sqlite3.Row object at 0x7fd108935270>
2018.10.20 16:41:43-main.dbase-INFO: idx 6
2018.10.20 16:41:43-main.dbase-INFO: col ('format', None, None, None, None, None, None)
2018.10.20 16:41:43-main.dbase-INFO: column ext
2018.10.20 16:41:43-main.dbase-INFO: file[0]: 11
2018.10.20 16:41:43-main.dbase-INFO: value: mp3
2018.10.20 16:41:43-main.dbase-INFO: file: <sqlite3.Row object at 0x7fd108935270>
2018.10.20 16:41:43-main.dbase-INFO: idx 7
2018.10.20 16:41:43-main.dbase-INFO: col ('dlugosc', None, None, None, None, None, None)
2018.10.20 16:41:43-main.dbase-INFO: column length
2018.10.20 16:41:43-main.dbase-INFO: file[0]: 11
2018.10.20 16:41:43-main.dbase-INFO: value: 272
2018.10.20 16:41:43-main.dbase-INFO: file: <sqlite3.Row object at 0x7fd108935270>
2018.10.20 16:41:43-main.dbase-INFO: idx 8
2018.10.20 16:41:43-main.dbase-INFO: col ('jakosc', None, None, None, None, None, None)
2018.10.20 16:41:43-main.dbase-INFO: column bitrate
2018.10.20 16:41:43-main.dbase-INFO: file[0]: 11
2018.10.20 16:41:43-main.dbase-INFO: value: 320
2018.10.20 16:41:43-main.dbase-INFO: file: <sqlite3.Row object at 0x7fd108935270>
2018.10.20 16:41:43-main.dbase-INFO: idx 0
2018.10.20 16:41:43-main.dbase-INFO: col ('id', None, None, None, None, None, None)
2018.10.20 16:41:43-main.dbase-INFO: column id
2018.10.20 16:41:43-main.dbase-INFO: file[0]: 12
2018.10.20 16:41:43-main.dbase-INFO: value: 13
2018.10.20 16:41:43-main.dbase-INFO: file: <sqlite3.Row object at 0x7fd1089352b0>
2018.10.20 16:41:43-main.dbase-INFO: idx 1
2018.10.20 16:41:43-main.dbase-INFO: col ('sciezka', None, None, None, None, None, None)
2018.10.20 16:41:43-main.dbase-INFO: column path
2018.10.20 16:41:43-main.dbase-INFO: file[0]: 12
2018.10.20 16:41:43-main.dbase-INFO: value: /home/kuba/Muzyka/Chic - (1977) Chic (kopia)/10-Chic - Everybody Dance (7'' Version).mp3
2018.10.20 16:41:43-main.dbase-INFO: file: <sqlite3.Row object at 0x7fd1089352b0>
2018.10.20 16:41:43-main.dbase-INFO: idx 2
2018.10.20 16:41:43-main.dbase-INFO: col ('artysta', None, None, None, None, None, None)
2018.10.20 16:41:43-main.dbase-INFO: column artist
2018.10.20 16:41:43-main.dbase-INFO: file[0]: 12
2018.10.20 16:41:43-main.dbase-INFO: value: Chic
2018.10.20 16:41:43-main.dbase-INFO: file: <sqlite3.Row object at 0x7fd1089352b0>
2018.10.20 16:41:43-main.dbase-INFO: idx 3
2018.10.20 16:41:43-main.dbase-INFO: col ('tytul', None, None, None, None, None, None)
2018.10.20 16:41:43-main.dbase-INFO: column title
2018.10.20 16:41:43-main.dbase-INFO: file[0]: 12
2018.10.20 16:41:43-main.dbase-INFO: value: Everybody Dance (7'' Version)
2018.10.20 16:41:43-main.dbase-INFO: file: <sqlite3.Row object at 0x7fd1089352b0>
2018.10.20 16:41:43-main.dbase-INFO: idx 4
2018.10.20 16:41:43-main.dbase-INFO: col ('katalog_id', None, None, None, None, None, None)
2018.10.20 16:41:43-main.dbase-INFO: column catalog_id
2018.10.20 16:41:43-main.dbase-INFO: file[0]: 12
2018.10.20 16:41:43-main.dbase-INFO: value: 1
2018.10.20 16:41:43-main.dbase-INFO: file: <sqlite3.Row object at 0x7fd1089352b0>
2018.10.20 16:41:43-main.dbase-INFO: idx 5
2018.10.20 16:41:43-main.dbase-INFO: col ('album', None, None, None, None, None, None)
2018.10.20 16:41:43-main.dbase-INFO: column album
2018.10.20 16:41:43-main.dbase-INFO: file[0]: 12
2018.10.20 16:41:43-main.dbase-INFO: value: Chic
2018.10.20 16:41:43-main.dbase-INFO: file: <sqlite3.Row object at 0x7fd1089352b0>
2018.10.20 16:41:43-main.dbase-INFO: idx 6
2018.10.20 16:41:43-main.dbase-INFO: col ('format', None, None, None, None, None, None)
2018.10.20 16:41:43-main.dbase-INFO: column ext
2018.10.20 16:41:43-main.dbase-INFO: file[0]: 12
2018.10.20 16:41:43-main.dbase-INFO: value: mp3
2018.10.20 16:41:43-main.dbase-INFO: file: <sqlite3.Row object at 0x7fd1089352b0>
2018.10.20 16:41:43-main.dbase-INFO: idx 7
2018.10.20 16:41:43-main.dbase-INFO: col ('dlugosc', None, None, None, None, None, None)
2018.10.20 16:41:43-main.dbase-INFO: column length
2018.10.20 16:41:43-main.dbase-INFO: file[0]: 12
2018.10.20 16:41:43-main.dbase-INFO: value: 206
2018.10.20 16:41:43-main.dbase-INFO: file: <sqlite3.Row object at 0x7fd1089352b0>
2018.10.20 16:41:43-main.dbase-INFO: idx 8
2018.10.20 16:41:43-main.dbase-INFO: col ('jakosc', None, None, None, None, None, None)
2018.10.20 16:41:43-main.dbase-INFO: column bitrate
2018.10.20 16:41:43-main.dbase-INFO: file[0]: 12
2018.10.20 16:41:43-main.dbase-INFO: value: 320
2018.10.20 16:41:43-main.dbase-INFO: file: <sqlite3.Row object at 0x7fd1089352b0>
2018.10.20 16:41:43-main.dbase-INFO: idx 0
2018.10.20 16:41:43-main.dbase-INFO: col ('id', None, None, None, None, None, None)
2018.10.20 16:41:43-main.dbase-INFO: column id
2018.10.20 16:41:43-main.dbase-INFO: file[0]: 13
2018.10.20 16:41:43-main.dbase-INFO: value: 14
2018.10.20 16:41:43-main.dbase-INFO: file: <sqlite3.Row object at 0x7fd1089352f0>
2018.10.20 16:41:43-main.dbase-INFO: idx 1
2018.10.20 16:41:43-main.dbase-INFO: col ('sciezka', None, None, None, None, None, None)
2018.10.20 16:41:43-main.dbase-INFO: column path
2018.10.20 16:41:43-main.dbase-INFO: file[0]: 13
2018.10.20 16:41:43-main.dbase-INFO: value: /home/kuba/Muzyka/Chic - (1977) Chic (kopia)/17-Chic - Strike Up The Band (Hifana Copa Mix).mp3
2018.10.20 16:41:43-main.dbase-INFO: file: <sqlite3.Row object at 0x7fd1089352f0>
2018.10.20 16:41:43-main.dbase-INFO: idx 2
2018.10.20 16:41:43-main.dbase-INFO: col ('artysta', None, None, None, None, None, None)
2018.10.20 16:41:43-main.dbase-INFO: column artist
2018.10.20 16:41:43-main.dbase-INFO: file[0]: 13
2018.10.20 16:41:43-main.dbase-INFO: value: Chic
2018.10.20 16:41:43-main.dbase-INFO: file: <sqlite3.Row object at 0x7fd1089352f0>
2018.10.20 16:41:43-main.dbase-INFO: idx 3
2018.10.20 16:41:43-main.dbase-INFO: col ('tytul', None, None, None, None, None, None)
2018.10.20 16:41:43-main.dbase-INFO: column title
2018.10.20 16:41:43-main.dbase-INFO: file[0]: 13
2018.10.20 16:41:43-main.dbase-INFO: value: Strike Up The Band (Hifana Copa Mix)
2018.10.20 16:41:43-main.dbase-INFO: file: <sqlite3.Row object at 0x7fd1089352f0>
2018.10.20 16:41:43-main.dbase-INFO: idx 4
2018.10.20 16:41:43-main.dbase-INFO: col ('katalog_id', None, None, None, None, None, None)
2018.10.20 16:41:43-main.dbase-INFO: column catalog_id
2018.10.20 16:41:43-main.dbase-INFO: file[0]: 13
2018.10.20 16:41:43-main.dbase-INFO: value: 1
2018.10.20 16:41:43-main.dbase-INFO: file: <sqlite3.Row object at 0x7fd1089352f0>
2018.10.20 16:41:43-main.dbase-INFO: idx 5
2018.10.20 16:41:43-main.dbase-INFO: col ('album', None, None, None, None, None, None)
2018.10.20 16:41:43-main.dbase-INFO: column album
2018.10.20 16:41:43-main.dbase-INFO: file[0]: 13
2018.10.20 16:41:43-main.dbase-INFO: value: Chic
2018.10.20 16:41:43-main.dbase-INFO: file: <sqlite3.Row object at 0x7fd1089352f0>
2018.10.20 16:41:43-main.dbase-INFO: idx 6
2018.10.20 16:41:43-main.dbase-INFO: col ('format', None, None, None, None, None, None)
2018.10.20 16:41:43-main.dbase-INFO: column ext
2018.10.20 16:41:43-main.dbase-INFO: file[0]: 13
2018.10.20 16:41:43-main.dbase-INFO: value: mp3
2018.10.20 16:41:43-main.dbase-INFO: file: <sqlite3.Row object at 0x7fd1089352f0>
2018.10.20 16:41:43-main.dbase-INFO: idx 7
2018.10.20 16:41:43-main.dbase-INFO: col ('dlugosc', None, None, None, None, None, None)
2018.10.20 16:41:43-main.dbase-INFO: column length
2018.10.20 16:41:43-main.dbase-INFO: file[0]: 13
2018.10.20 16:41:43-main.dbase-INFO: value: 229
2018.10.20 16:41:43-main.dbase-INFO: file: <sqlite3.Row object at 0x7fd1089352f0>
2018.10.20 16:41:43-main.dbase-INFO: idx 8
2018.10.20 16:41:43-main.dbase-INFO: col ('jakosc', None, None, None, None, None, None)
2018.10.20 16:41:43-main.dbase-INFO: column bitrate
2018.10.20 16:41:43-main.dbase-INFO: file[0]: 13
2018.10.20 16:41:43-main.dbase-INFO: value: 320
2018.10.20 16:41:43-main.dbase-INFO: file: <sqlite3.Row object at 0x7fd1089352f0>
2018.10.20 16:41:43-main.dbase-INFO: idx 0
2018.10.20 16:41:43-main.dbase-INFO: col ('id', None, None, None, None, None, None)
2018.10.20 16:41:43-main.dbase-INFO: column id
2018.10.20 16:41:43-main.dbase-INFO: file[0]: 14
2018.10.20 16:41:43-main.dbase-INFO: value: 15
2018.10.20 16:41:43-main.dbase-INFO: file: <sqlite3.Row object at 0x7fd108935350>
2018.10.20 16:41:43-main.dbase-INFO: idx 1
2018.10.20 16:41:43-main.dbase-INFO: col ('sciezka', None, None, None, None, None, None)
2018.10.20 16:41:43-main.dbase-INFO: column path
2018.10.20 16:41:43-main.dbase-INFO: file[0]: 14
2018.10.20 16:41:43-main.dbase-INFO: value: /home/kuba/Muzyka/Chic - (1977) Chic (kopia)/06-Chic - Falling In Love With You.mp3
2018.10.20 16:41:43-main.dbase-INFO: file: <sqlite3.Row object at 0x7fd108935350>
2018.10.20 16:41:43-main.dbase-INFO: idx 2
2018.10.20 16:41:43-main.dbase-INFO: col ('artysta', None, None, None, None, None, None)
2018.10.20 16:41:43-main.dbase-INFO: column artist
2018.10.20 16:41:43-main.dbase-INFO: file[0]: 14
2018.10.20 16:41:43-main.dbase-INFO: value: Chic
2018.10.20 16:41:43-main.dbase-INFO: file: <sqlite3.Row object at 0x7fd108935350>
2018.10.20 16:41:43-main.dbase-INFO: idx 3
2018.10.20 16:41:43-main.dbase-INFO: col ('tytul', None, None, None, None, None, None)
2018.10.20 16:41:43-main.dbase-INFO: column title
2018.10.20 16:41:43-main.dbase-INFO: file[0]: 14
2018.10.20 16:41:43-main.dbase-INFO: value: Falling In Love With You
2018.10.20 16:41:43-main.dbase-INFO: file: <sqlite3.Row object at 0x7fd108935350>
2018.10.20 16:41:43-main.dbase-INFO: idx 4
2018.10.20 16:41:43-main.dbase-INFO: col ('katalog_id', None, None, None, None, None, None)
2018.10.20 16:41:43-main.dbase-INFO: column catalog_id
2018.10.20 16:41:43-main.dbase-INFO: file[0]: 14
2018.10.20 16:41:43-main.dbase-INFO: value: 1
2018.10.20 16:41:43-main.dbase-INFO: file: <sqlite3.Row object at 0x7fd108935350>
2018.10.20 16:41:43-main.dbase-INFO: idx 5
2018.10.20 16:41:43-main.dbase-INFO: col ('album', None, None, None, None, None, None)
2018.10.20 16:41:43-main.dbase-INFO: column album
2018.10.20 16:41:43-main.dbase-INFO: file[0]: 14
2018.10.20 16:41:43-main.dbase-INFO: value: Chic
2018.10.20 16:41:43-main.dbase-INFO: file: <sqlite3.Row object at 0x7fd108935350>
2018.10.20 16:41:43-main.dbase-INFO: idx 6
2018.10.20 16:41:43-main.dbase-INFO: col ('format', None, None, None, None, None, None)
2018.10.20 16:41:43-main.dbase-INFO: column ext
2018.10.20 16:41:43-main.dbase-INFO: file[0]: 14
2018.10.20 16:41:43-main.dbase-INFO: value: mp3
2018.10.20 16:41:43-main.dbase-INFO: file: <sqlite3.Row object at 0x7fd108935350>
2018.10.20 16:41:43-main.dbase-INFO: idx 7
2018.10.20 16:41:43-main.dbase-INFO: col ('dlugosc', None, None, None, None, None, None)
2018.10.20 16:41:43-main.dbase-INFO: column length
2018.10.20 16:41:43-main.dbase-INFO: file[0]: 14
2018.10.20 16:41:43-main.dbase-INFO: value: 269
2018.10.20 16:41:43-main.dbase-INFO: file: <sqlite3.Row object at 0x7fd108935350>
2018.10.20 16:41:43-main.dbase-INFO: idx 8
2018.10.20 16:41:43-main.dbase-INFO: col ('jakosc', None, None, None, None, None, None)
2018.10.20 16:41:43-main.dbase-INFO: column bitrate
2018.10.20 16:41:43-main.dbase-INFO: file[0]: 14
2018.10.20 16:41:43-main.dbase-INFO: value: 320
2018.10.20 16:41:43-main.dbase-INFO: file: <sqlite3.Row object at 0x7fd108935350>
2018.10.20 16:41:43-main.dbase-INFO: idx 0
2018.10.20 16:41:43-main.dbase-INFO: col ('id', None, None, None, None, None, None)
2018.10.20 16:41:43-main.dbase-INFO: column id
2018.10.20 16:41:43-main.dbase-INFO: file[0]: 15
2018.10.20 16:41:43-main.dbase-INFO: value: 16
2018.10.20 16:41:43-main.dbase-INFO: file: <sqlite3.Row object at 0x7fd1089353b0>
2018.10.20 16:41:43-main.dbase-INFO: idx 1
2018.10.20 16:41:43-main.dbase-INFO: col ('sciezka', None, None, None, None, None, None)
2018.10.20 16:41:43-main.dbase-INFO: column path
2018.10.20 16:41:43-main.dbase-INFO: file[0]: 15
2018.10.20 16:41:43-main.dbase-INFO: value: /home/kuba/Muzyka/Chic - (1977) Chic (kopia)/16-Chic - Everybody Dance (Motiva Rpl Mix).mp3
2018.10.20 16:41:43-main.dbase-INFO: file: <sqlite3.Row object at 0x7fd1089353b0>
2018.10.20 16:41:43-main.dbase-INFO: idx 2
2018.10.20 16:41:43-main.dbase-INFO: col ('artysta', None, None, None, None, None, None)
2018.10.20 16:41:43-main.dbase-INFO: column artist
2018.10.20 16:41:43-main.dbase-INFO: file[0]: 15
2018.10.20 16:41:43-main.dbase-INFO: value: Chic
2018.10.20 16:41:43-main.dbase-INFO: file: <sqlite3.Row object at 0x7fd1089353b0>
2018.10.20 16:41:43-main.dbase-INFO: idx 3
2018.10.20 16:41:43-main.dbase-INFO: col ('tytul', None, None, None, None, None, None)
2018.10.20 16:41:43-main.dbase-INFO: column title
2018.10.20 16:41:43-main.dbase-INFO: file[0]: 15
2018.10.20 16:41:43-main.dbase-INFO: value: Everybody Dance (Motiva Rpl Mix)
2018.10.20 16:41:43-main.dbase-INFO: file: <sqlite3.Row object at 0x7fd1089353b0>
2018.10.20 16:41:43-main.dbase-INFO: idx 4
2018.10.20 16:41:43-main.dbase-INFO: col ('katalog_id', None, None, None, None, None, None)
2018.10.20 16:41:43-main.dbase-INFO: column catalog_id
2018.10.20 16:41:43-main.dbase-INFO: file[0]: 15
2018.10.20 16:41:43-main.dbase-INFO: value: 1
2018.10.20 16:41:43-main.dbase-INFO: file: <sqlite3.Row object at 0x7fd1089353b0>
2018.10.20 16:41:43-main.dbase-INFO: idx 5
2018.10.20 16:41:43-main.dbase-INFO: col ('album', None, None, None, None, None, None)
2018.10.20 16:41:43-main.dbase-INFO: column album
2018.10.20 16:41:43-main.dbase-INFO: file[0]: 15
2018.10.20 16:41:43-main.dbase-INFO: value: Chic
2018.10.20 16:41:43-main.dbase-INFO: file: <sqlite3.Row object at 0x7fd1089353b0>
2018.10.20 16:41:43-main.dbase-INFO: idx 6
2018.10.20 16:41:43-main.dbase-INFO: col ('format', None, None, None, None, None, None)
2018.10.20 16:41:43-main.dbase-INFO: column ext
2018.10.20 16:41:43-main.dbase-INFO: file[0]: 15
2018.10.20 16:41:43-main.dbase-INFO: value: mp3
2018.10.20 16:41:43-main.dbase-INFO: file: <sqlite3.Row object at 0x7fd1089353b0>
2018.10.20 16:41:43-main.dbase-INFO: idx 7
2018.10.20 16:41:43-main.dbase-INFO: col ('dlugosc', None, None, None, None, None, None)
2018.10.20 16:41:43-main.dbase-INFO: column length
2018.10.20 16:41:43-main.dbase-INFO: file[0]: 15
2018.10.20 16:41:43-main.dbase-INFO: value: 362
2018.10.20 16:41:43-main.dbase-INFO: file: <sqlite3.Row object at 0x7fd1089353b0>
2018.10.20 16:41:43-main.dbase-INFO: idx 8
2018.10.20 16:41:43-main.dbase-INFO: col ('jakosc', None, None, None, None, None, None)
2018.10.20 16:41:43-main.dbase-INFO: column bitrate
2018.10.20 16:41:43-main.dbase-INFO: file[0]: 15
2018.10.20 16:41:43-main.dbase-INFO: value: 320
2018.10.20 16:41:43-main.dbase-INFO: file: <sqlite3.Row object at 0x7fd1089353b0>
2018.10.20 16:41:43-main.dbase-INFO: idx 0
2018.10.20 16:41:43-main.dbase-INFO: col ('id', None, None, None, None, None, None)
2018.10.20 16:41:43-main.dbase-INFO: column id
2018.10.20 16:41:43-main.dbase-INFO: file[0]: 16
2018.10.20 16:41:43-main.dbase-INFO: value: 17
2018.10.20 16:41:43-main.dbase-INFO: file: <sqlite3.Row object at 0x7fd1089353f0>
2018.10.20 16:41:43-main.dbase-INFO: idx 1
2018.10.20 16:41:43-main.dbase-INFO: col ('sciezka', None, None, None, None, None, None)
2018.10.20 16:41:43-main.dbase-INFO: column path
2018.10.20 16:41:43-main.dbase-INFO: file[0]: 16
2018.10.20 16:41:43-main.dbase-INFO: value: /home/kuba/Muzyka/Chic - (1977) Chic (kopia)/08-Chic - Dance, Dance, Dance (Yowsah,Yowsah,Yowsah)(7''Version).mp3
2018.10.20 16:41:43-main.dbase-INFO: file: <sqlite3.Row object at 0x7fd1089353f0>
2018.10.20 16:41:43-main.dbase-INFO: idx 2
2018.10.20 16:41:43-main.dbase-INFO: col ('artysta', None, None, None, None, None, None)
2018.10.20 16:41:43-main.dbase-INFO: column artist
2018.10.20 16:41:43-main.dbase-INFO: file[0]: 16
2018.10.20 16:41:43-main.dbase-INFO: value: Chic
2018.10.20 16:41:43-main.dbase-INFO: file: <sqlite3.Row object at 0x7fd1089353f0>
2018.10.20 16:41:43-main.dbase-INFO: idx 3
2018.10.20 16:41:43-main.dbase-INFO: col ('tytul', None, None, None, None, None, None)
2018.10.20 16:41:43-main.dbase-INFO: column title
2018.10.20 16:41:43-main.dbase-INFO: file[0]: 16
2018.10.20 16:41:43-main.dbase-INFO: value: Dance, Dance, Dance (Yowsah, Yowsah, Yowsah) (7'' Version)
2018.10.20 16:41:43-main.dbase-INFO: file: <sqlite3.Row object at 0x7fd1089353f0>
2018.10.20 16:41:43-main.dbase-INFO: idx 4
2018.10.20 16:41:43-main.dbase-INFO: col ('katalog_id', None, None, None, None, None, None)
2018.10.20 16:41:43-main.dbase-INFO: column catalog_id
2018.10.20 16:41:43-main.dbase-INFO: file[0]: 16
2018.10.20 16:41:43-main.dbase-INFO: value: 1
2018.10.20 16:41:43-main.dbase-INFO: file: <sqlite3.Row object at 0x7fd1089353f0>
2018.10.20 16:41:43-main.dbase-INFO: idx 5
2018.10.20 16:41:43-main.dbase-INFO: col ('album', None, None, None, None, None, None)
2018.10.20 16:41:43-main.dbase-INFO: column album
2018.10.20 16:41:43-main.dbase-INFO: file[0]: 16
2018.10.20 16:41:43-main.dbase-INFO: value: Chic
2018.10.20 16:41:43-main.dbase-INFO: file: <sqlite3.Row object at 0x7fd1089353f0>
2018.10.20 16:41:43-main.dbase-INFO: idx 6
2018.10.20 16:41:43-main.dbase-INFO: col ('format', None, None, None, None, None, None)
2018.10.20 16:41:43-main.dbase-INFO: column ext
2018.10.20 16:41:43-main.dbase-INFO: file[0]: 16
2018.10.20 16:41:43-main.dbase-INFO: value: mp3
2018.10.20 16:41:43-main.dbase-INFO: file: <sqlite3.Row object at 0x7fd1089353f0>
2018.10.20 16:41:43-main.dbase-INFO: idx 7
2018.10.20 16:41:43-main.dbase-INFO: col ('dlugosc', None, None, None, None, None, None)
2018.10.20 16:41:43-main.dbase-INFO: column length
2018.10.20 16:41:43-main.dbase-INFO: file[0]: 16
2018.10.20 16:41:43-main.dbase-INFO: value: 218
2018.10.20 16:41:43-main.dbase-INFO: file: <sqlite3.Row object at 0x7fd1089353f0>
2018.10.20 16:41:43-main.dbase-INFO: idx 8
2018.10.20 16:41:43-main.dbase-INFO: col ('jakosc', None, None, None, None, None, None)
2018.10.20 16:41:43-main.dbase-INFO: column bitrate
2018.10.20 16:41:43-main.dbase-INFO: file[0]: 16
2018.10.20 16:41:43-main.dbase-INFO: value: 320
2018.10.20 16:41:43-main.dbase-INFO: file: <sqlite3.Row object at 0x7fd1089353f0>
2018.10.20 16:41:43-main.dbase-INFO: idx 0
2018.10.20 16:41:43-main.dbase-INFO: col ('id', None, None, None, None, None, None)
2018.10.20 16:41:43-main.dbase-INFO: column id
2018.10.20 16:41:43-main.dbase-INFO: file[0]: 17
