2018.10.17 20:55:15-INFO: OS : Linux
2018.10.17 20:55:15-INFO: catalog_collector Function starts
2018.10.17 20:55:15-DEBUG: Catalog Cache File not found
2018.10.17 20:55:15-DEBUG: Starting reading library
2018.10.17 20:55:15-INFO: Library reading ended with 22 directories
2018.10.17 20:55:15-INFO: catalog_collector Function ended


2018.10.17 20:55:15-INFO: Catalog Crawler starts
2018.10.17 20:55:15-DEBUG: Files found in catalog : ['Chic - Chic (Original album).m3u', "09-Chic - São Paulo (7'' Version).mp3", '03-Chic - You Can Get By.mp3', 'front.jpg', '02-Chic - São Paulo.mp3', 'Chic - Chic (Original album + bonus tracks).m3u', "11-Chic - Everybody Dance (Alternate 7'' Version).mp3", "05-Chic - Est-Ce Que C'est Chic.mp3", '15-Chic - Everybody Dance (Glenn Friscia Hardhouse Mix).mp3', "13-Chic - You Can Get By (7'' Version).mp3", 'side 1.jpg', 'Chic - Everybody Dance (Single).m3u', "12-Chic - Everybody Dance (12'' Version).mp3", "01-Chic-Dance,Dance,Dance(Yowsah,Yowsah,Yowsah)(Album&12''Versio.mp3", '04-Chic - Everybody Dance.mp3', 'back.jpg', '14-Chic - Dance, Dance, Dance (Yowsah,Yowsah,Yowsah)(PalJoeyMix).mp3', 'Chic - Dance, Dance, Dance (Yowsah, Yowsah, Yowsah) (Single).m3u', '07-Chic - Strike Up The Band.mp3', "10-Chic - Everybody Dance (7'' Version).mp3", '17-Chic - Strike Up The Band (Hifana Copa Mix).mp3', 'side 2.jpg', '06-Chic - Falling In Love With You.mp3', '16-Chic - Everybody Dance (Motiva Rpl Mix).mp3', "08-Chic - Dance, Dance, Dance (Yowsah,Yowsah,Yowsah)(7''Version).mp3"]
2018.10.17 20:55:15-INFO: Starting loop through files

2018.10.17 20:55:15-INFO: File Crawler for starts for file : /home/kuba/Muzyka/Chic - (1977) Chic (kopia)/09-Chic - São Paulo (7'' Version).mp3
2018.10.17 20:55:15-DEBUG: Handling file by taglib - correct
2018.10.17 20:55:15-INFO: All file attributes collected correct
2018.10.17 20:55:15-INFO: {'path': "/home/kuba/Muzyka/Chic - (1977) Chic (kopia)/09-Chic - São Paulo (7'' Version).mp3", 'ext': 'mp3', 'album': 'Chic', 'artist': 'Chic', 'title': "São Paulo (7'' Version)", 'date': '1977', 'length': 195, 'bitrate': 320}

2018.10.17 20:55:15-INFO: File Crawler for starts for file : /home/kuba/Muzyka/Chic - (1977) Chic (kopia)/03-Chic - You Can Get By.mp3
2018.10.17 20:55:15-DEBUG: Handling file by taglib - correct
2018.10.17 20:55:15-INFO: All file attributes collected correct
2018.10.17 20:55:15-INFO: {'path': '/home/kuba/Muzyka/Chic - (1977) Chic (kopia)/03-Chic - You Can Get By.mp3', 'ext': 'mp3', 'album': 'Chic', 'artist': 'Chic', 'title': 'You Can Get By', 'date': '1977', 'length': 336, 'bitrate': 320}

2018.10.17 20:55:15-INFO: File Crawler for starts for file : /home/kuba/Muzyka/Chic - (1977) Chic (kopia)/02-Chic - São Paulo.mp3
2018.10.17 20:55:15-DEBUG: Handling file by taglib - correct
2018.10.17 20:55:15-INFO: All file attributes collected correct
2018.10.17 20:55:15-INFO: {'path': '/home/kuba/Muzyka/Chic - (1977) Chic (kopia)/02-Chic - São Paulo.mp3', 'ext': 'mp3', 'album': 'Chic', 'artist': 'Chic', 'title': 'São Paulo', 'date': '1977', 'length': 301, 'bitrate': 320}

2018.10.17 20:55:15-INFO: File Crawler for starts for file : /home/kuba/Muzyka/Chic - (1977) Chic (kopia)/11-Chic - Everybody Dance (Alternate 7'' Version).mp3
2018.10.17 20:55:15-DEBUG: Handling file by taglib - correct
2018.10.17 20:55:15-WARNING: Error : 'DATE'
2018.10.17 20:55:15-INFO: All file attributes collected correct
2018.10.17 20:55:15-INFO: {'path': "/home/kuba/Muzyka/Chic - (1977) Chic (kopia)/11-Chic - Everybody Dance (Alternate 7'' Version).mp3", 'ext': 'mp3', 'album': 'Chic', 'artist': 'Chic', 'title': "Everybody Dance (Alternate 7'' Version)", 'date': '', 'length': 248, 'bitrate': 320}

2018.10.17 20:55:15-INFO: File Crawler for starts for file : /home/kuba/Muzyka/Chic - (1977) Chic (kopia)/05-Chic - Est-Ce Que C'est Chic.mp3
2018.10.17 20:55:15-DEBUG: Handling file by taglib - correct
2018.10.17 20:55:15-INFO: All file attributes collected correct
2018.10.17 20:55:15-INFO: {'path': "/home/kuba/Muzyka/Chic - (1977) Chic (kopia)/05-Chic - Est-Ce Que C'est Chic.mp3", 'ext': 'mp3', 'album': 'Chic', 'artist': 'Chic', 'title': "Est-Ce Que C'est Chic", 'date': '1977', 'length': 233, 'bitrate': 320}

2018.10.17 20:55:15-INFO: File Crawler for starts for file : /home/kuba/Muzyka/Chic - (1977) Chic (kopia)/15-Chic - Everybody Dance (Glenn Friscia Hardhouse Mix).mp3
2018.10.17 20:55:15-DEBUG: Handling file by taglib - correct
2018.10.17 20:55:15-INFO: All file attributes collected correct
2018.10.17 20:55:15-INFO: {'path': '/home/kuba/Muzyka/Chic - (1977) Chic (kopia)/15-Chic - Everybody Dance (Glenn Friscia Hardhouse Mix).mp3', 'ext': 'mp3', 'album': 'Chic', 'artist': 'Chic', 'title': 'Everybody Dance (Glenn Friscia Hardhouse Mix)', 'date': '1977', 'length': 338, 'bitrate': 320}

2018.10.17 20:55:15-INFO: File Crawler for starts for file : /home/kuba/Muzyka/Chic - (1977) Chic (kopia)/13-Chic - You Can Get By (7'' Version).mp3
2018.10.17 20:55:15-DEBUG: Handling file by taglib - correct
2018.10.17 20:55:15-INFO: All file attributes collected correct
2018.10.17 20:55:15-INFO: {'path': "/home/kuba/Muzyka/Chic - (1977) Chic (kopia)/13-Chic - You Can Get By (7'' Version).mp3", 'ext': 'mp3', 'album': 'Chic', 'artist': 'Chic', 'title': "You Can Get By (7'' Version)", 'date': '1977', 'length': 242, 'bitrate': 320}

2018.10.17 20:55:15-INFO: File Crawler for starts for file : /home/kuba/Muzyka/Chic - (1977) Chic (kopia)/12-Chic - Everybody Dance (12'' Version).mp3
2018.10.17 20:55:15-DEBUG: Handling file by taglib - correct
2018.10.17 20:55:15-INFO: All file attributes collected correct
2018.10.17 20:55:15-INFO: {'path': "/home/kuba/Muzyka/Chic - (1977) Chic (kopia)/12-Chic - Everybody Dance (12'' Version).mp3", 'ext': 'mp3', 'album': 'Chic', 'artist': 'Chic', 'title': "Everybody Dance (12'' Version)", 'date': '1977', 'length': 507, 'bitrate': 320}

2018.10.17 20:55:15-INFO: File Crawler for starts for file : /home/kuba/Muzyka/Chic - (1977) Chic (kopia)/01-Chic-Dance,Dance,Dance(Yowsah,Yowsah,Yowsah)(Album&12''Versio.mp3
2018.10.17 20:55:15-DEBUG: Handling file by taglib - correct
2018.10.17 20:55:15-WARNING: Error : 'DATE'
2018.10.17 20:55:15-INFO: All file attributes collected correct
2018.10.17 20:55:15-INFO: {'path': "/home/kuba/Muzyka/Chic - (1977) Chic (kopia)/01-Chic-Dance,Dance,Dance(Yowsah,Yowsah,Yowsah)(Album&12''Versio.mp3", 'ext': 'mp3', 'album': 'Chic', 'artist': 'Chic', 'title': "Dance, Dance, Dance (Yowsah, Yowsah, Yowsah) (Album & 12'' Version)", 'date': '', 'length': 502, 'bitrate': 320}

2018.10.17 20:55:15-INFO: File Crawler for starts for file : /home/kuba/Muzyka/Chic - (1977) Chic (kopia)/04-Chic - Everybody Dance.mp3
2018.10.17 20:55:15-DEBUG: Handling file by taglib - correct
2018.10.17 20:55:15-WARNING: Error : 'DATE'
2018.10.17 20:55:15-INFO: All file attributes collected correct
2018.10.17 20:55:15-INFO: {'path': '/home/kuba/Muzyka/Chic - (1977) Chic (kopia)/04-Chic - Everybody Dance.mp3', 'ext': 'mp3', 'album': 'Chic', 'artist': 'Chic', 'title': 'Everybody Dance', 'date': '', 'length': 401, 'bitrate': 320}

2018.10.17 20:55:15-INFO: File Crawler for starts for file : /home/kuba/Muzyka/Chic - (1977) Chic (kopia)/14-Chic - Dance, Dance, Dance (Yowsah,Yowsah,Yowsah)(PalJoeyMix).mp3
2018.10.17 20:55:15-DEBUG: Handling file by taglib - correct
2018.10.17 20:55:15-INFO: All file attributes collected correct
2018.10.17 20:55:15-INFO: {'path': '/home/kuba/Muzyka/Chic - (1977) Chic (kopia)/14-Chic - Dance, Dance, Dance (Yowsah,Yowsah,Yowsah)(PalJoeyMix).mp3', 'ext': 'mp3', 'album': 'Chic', 'artist': 'Chic', 'title': 'Dance, Dance, Dance (Yowsah, Yowsah, Yowsah) (Pal Joey Mix)', 'date': '1977', 'length': 247, 'bitrate': 320}

2018.10.17 20:55:15-INFO: File Crawler for starts for file : /home/kuba/Muzyka/Chic - (1977) Chic (kopia)/07-Chic - Strike Up The Band.mp3
2018.10.17 20:55:15-DEBUG: Handling file by taglib - correct
2018.10.17 20:55:15-INFO: All file attributes collected correct
2018.10.17 20:55:15-INFO: {'path': '/home/kuba/Muzyka/Chic - (1977) Chic (kopia)/07-Chic - Strike Up The Band.mp3', 'ext': 'mp3', 'album': 'Chic', 'artist': 'Chic', 'title': 'Strike Up The Band', 'date': '1977', 'length': 272, 'bitrate': 320}

2018.10.17 20:55:15-INFO: File Crawler for starts for file : /home/kuba/Muzyka/Chic - (1977) Chic (kopia)/10-Chic - Everybody Dance (7'' Version).mp3
2018.10.17 20:55:15-DEBUG: Handling file by taglib - correct
2018.10.17 20:55:15-WARNING: Error : 'DATE'
2018.10.17 20:55:15-INFO: All file attributes collected correct
2018.10.17 20:55:15-INFO: {'path': "/home/kuba/Muzyka/Chic - (1977) Chic (kopia)/10-Chic - Everybody Dance (7'' Version).mp3", 'ext': 'mp3', 'album': 'Chic', 'artist': 'Chic', 'title': "Everybody Dance (7'' Version)", 'date': '', 'length': 206, 'bitrate': 320}

2018.10.17 20:55:15-INFO: File Crawler for starts for file : /home/kuba/Muzyka/Chic - (1977) Chic (kopia)/17-Chic - Strike Up The Band (Hifana Copa Mix).mp3
2018.10.17 20:55:15-DEBUG: Handling file by taglib - correct
2018.10.17 20:55:15-INFO: All file attributes collected correct
2018.10.17 20:55:15-INFO: {'path': '/home/kuba/Muzyka/Chic - (1977) Chic (kopia)/17-Chic - Strike Up The Band (Hifana Copa Mix).mp3', 'ext': 'mp3', 'album': 'Chic', 'artist': 'Chic', 'title': 'Strike Up The Band (Hifana Copa Mix)', 'date': '1977', 'length': 229, 'bitrate': 320}

2018.10.17 20:55:15-INFO: File Crawler for starts for file : /home/kuba/Muzyka/Chic - (1977) Chic (kopia)/06-Chic - Falling In Love With You.mp3
2018.10.17 20:55:15-DEBUG: Handling file by taglib - correct
2018.10.17 20:55:15-INFO: All file attributes collected correct
2018.10.17 20:55:15-INFO: {'path': '/home/kuba/Muzyka/Chic - (1977) Chic (kopia)/06-Chic - Falling In Love With You.mp3', 'ext': 'mp3', 'album': 'Chic', 'artist': 'Chic', 'title': 'Falling In Love With You', 'date': '1977', 'length': 269, 'bitrate': 320}

2018.10.17 20:55:15-INFO: File Crawler for starts for file : /home/kuba/Muzyka/Chic - (1977) Chic (kopia)/16-Chic - Everybody Dance (Motiva Rpl Mix).mp3
2018.10.17 20:55:15-DEBUG: Handling file by taglib - correct
2018.10.17 20:55:15-INFO: All file attributes collected correct
2018.10.17 20:55:15-INFO: {'path': '/home/kuba/Muzyka/Chic - (1977) Chic (kopia)/16-Chic - Everybody Dance (Motiva Rpl Mix).mp3', 'ext': 'mp3', 'album': 'Chic', 'artist': 'Chic', 'title': 'Everybody Dance (Motiva Rpl Mix)', 'date': '1977', 'length': 362, 'bitrate': 320}

2018.10.17 20:55:15-INFO: File Crawler for starts for file : /home/kuba/Muzyka/Chic - (1977) Chic (kopia)/08-Chic - Dance, Dance, Dance (Yowsah,Yowsah,Yowsah)(7''Version).mp3
2018.10.17 20:55:15-DEBUG: Handling file by taglib - correct
2018.10.17 20:55:15-WARNING: Error : 'DATE'
2018.10.17 20:55:15-INFO: All file attributes collected correct
2018.10.17 20:55:15-INFO: {'path': "/home/kuba/Muzyka/Chic - (1977) Chic (kopia)/08-Chic - Dance, Dance, Dance (Yowsah,Yowsah,Yowsah)(7''Version).mp3", 'ext': 'mp3', 'album': 'Chic', 'artist': 'Chic', 'title': "Dance, Dance, Dance (Yowsah, Yowsah, Yowsah) (7'' Version)", 'date': '', 'length': 218, 'bitrate': 320}

2018.10.17 20:55:15-INFO: 

2018.10.17 20:55:15-INFO: Loop through files ends succesfully

2018.10.17 20:55:15-INFO: Determine Catalog Attributes function starts

2018.10.17 20:55:15-DEBUG: Tries to guess Album name
2018.10.17 20:55:15-DEBUG: Found 1 proposition(s) : ['Chic']
2018.10.17 20:55:15-DEBUG: Album found : Chic
2018.10.17 20:55:15-DEBUG: Tries to guess Artist name
2018.10.17 20:55:15-DEBUG: Found 1 proposition(s) : ['Chic']
2018.10.17 20:55:15-DEBUG: Artist found : Chic
2018.10.17 20:55:15-DEBUG: Tries to guess date of album
2018.10.17 20:55:15-DEBUG: Date unreckognized
2018.10.17 20:55:15-DEBUG: Computing average bitrate of files
2018.10.17 20:55:15-DEBUG: Computing total length of files
2018.10.17 20:55:15-INFO: reckognized Catalog Attributes:
Artist: Chic        
Album: Chic
Date: 
AvgBitrate: 320.0
CatalogSym        
Total Length: 1:25:06


2018.10.17 20:55:15-DEBUG: returns {'album': 'Chic', 'artist': 'Chic', 'date': '', 'avg_bitrate': 320.0, 'total_length': 5106, 'catalog_mark': '', 'ext': 'mp3', 'img_count': 4, 'path': '/home/kuba/Muzyka/Chic - (1977) Chic (kopia)', 'is_supported': True}
2018.10.17 20:55:15-INFO: Catalog Crawler ends,

2018.10.17 20:55:15-INFO: Finding Album DiscogsID started
2018.10.17 20:55:15-INFO: Working on /home/kuba/Muzyka/Chic - (1977) Chic (kopia)
2018.10.17 20:55:15-INFO: metoda Album
2018.10.17 20:55:15-INFO: Connecting Discogs
Query: Chic
2018.10.17 20:55:16-INFO: Comparing Chic - Chic
2018.10.17 20:55:16-INFO: Znaleziono ID z listy Album
2018.10.17 20:55:16-INFO: 53188
2018.10.17 20:55:28-INFO: Save to DB started
2018.10.17 20:55:28-INFO: Catalog data inserted successfully
2018.10.17 20:55:28-DEBUG: Tries to insert : {'path': "/home/kuba/Muzyka/Chic - (1977) Chic (kopia)/09-Chic - São Paulo (7'' Version).mp3", 'ext': 'mp3', 'album': 'Chic', 'artist': 'Chic', 'title': "São Paulo (7'' Version)", 'date': '1977', 'length': 195, 'bitrate': 320}
2018.10.17 20:55:28-DEBUG: Tries to insert : {'path': '/home/kuba/Muzyka/Chic - (1977) Chic (kopia)/03-Chic - You Can Get By.mp3', 'ext': 'mp3', 'album': 'Chic', 'artist': 'Chic', 'title': 'You Can Get By', 'date': '1977', 'length': 336, 'bitrate': 320}
2018.10.17 20:55:28-DEBUG: Tries to insert : {'path': '/home/kuba/Muzyka/Chic - (1977) Chic (kopia)/02-Chic - São Paulo.mp3', 'ext': 'mp3', 'album': 'Chic', 'artist': 'Chic', 'title': 'São Paulo', 'date': '1977', 'length': 301, 'bitrate': 320}
2018.10.17 20:55:28-DEBUG: Tries to insert : {'path': "/home/kuba/Muzyka/Chic - (1977) Chic (kopia)/11-Chic - Everybody Dance (Alternate 7'' Version).mp3", 'ext': 'mp3', 'album': 'Chic', 'artist': 'Chic', 'title': "Everybody Dance (Alternate 7'' Version)", 'date': '', 'length': 248, 'bitrate': 320}
2018.10.17 20:55:28-DEBUG: Tries to insert : {'path': "/home/kuba/Muzyka/Chic - (1977) Chic (kopia)/05-Chic - Est-Ce Que C'est Chic.mp3", 'ext': 'mp3', 'album': 'Chic', 'artist': 'Chic', 'title': "Est-Ce Que C'est Chic", 'date': '1977', 'length': 233, 'bitrate': 320}
2018.10.17 20:55:28-DEBUG: Tries to insert : {'path': '/home/kuba/Muzyka/Chic - (1977) Chic (kopia)/15-Chic - Everybody Dance (Glenn Friscia Hardhouse Mix).mp3', 'ext': 'mp3', 'album': 'Chic', 'artist': 'Chic', 'title': 'Everybody Dance (Glenn Friscia Hardhouse Mix)', 'date': '1977', 'length': 338, 'bitrate': 320}
2018.10.17 20:55:28-DEBUG: Tries to insert : {'path': "/home/kuba/Muzyka/Chic - (1977) Chic (kopia)/13-Chic - You Can Get By (7'' Version).mp3", 'ext': 'mp3', 'album': 'Chic', 'artist': 'Chic', 'title': "You Can Get By (7'' Version)", 'date': '1977', 'length': 242, 'bitrate': 320}
2018.10.17 20:55:28-DEBUG: Tries to insert : {'path': "/home/kuba/Muzyka/Chic - (1977) Chic (kopia)/12-Chic - Everybody Dance (12'' Version).mp3", 'ext': 'mp3', 'album': 'Chic', 'artist': 'Chic', 'title': "Everybody Dance (12'' Version)", 'date': '1977', 'length': 507, 'bitrate': 320}
2018.10.17 20:55:28-DEBUG: Tries to insert : {'path': "/home/kuba/Muzyka/Chic - (1977) Chic (kopia)/01-Chic-Dance,Dance,Dance(Yowsah,Yowsah,Yowsah)(Album&12''Versio.mp3", 'ext': 'mp3', 'album': 'Chic', 'artist': 'Chic', 'title': "Dance, Dance, Dance (Yowsah, Yowsah, Yowsah) (Album & 12'' Version)", 'date': '', 'length': 502, 'bitrate': 320}
2018.10.17 20:55:28-DEBUG: Tries to insert : {'path': '/home/kuba/Muzyka/Chic - (1977) Chic (kopia)/04-Chic - Everybody Dance.mp3', 'ext': 'mp3', 'album': 'Chic', 'artist': 'Chic', 'title': 'Everybody Dance', 'date': '', 'length': 401, 'bitrate': 320}
2018.10.17 20:55:28-DEBUG: Tries to insert : {'path': '/home/kuba/Muzyka/Chic - (1977) Chic (kopia)/14-Chic - Dance, Dance, Dance (Yowsah,Yowsah,Yowsah)(PalJoeyMix).mp3', 'ext': 'mp3', 'album': 'Chic', 'artist': 'Chic', 'title': 'Dance, Dance, Dance (Yowsah, Yowsah, Yowsah) (Pal Joey Mix)', 'date': '1977', 'length': 247, 'bitrate': 320}
2018.10.17 20:55:28-DEBUG: Tries to insert : {'path': '/home/kuba/Muzyka/Chic - (1977) Chic (kopia)/07-Chic - Strike Up The Band.mp3', 'ext': 'mp3', 'album': 'Chic', 'artist': 'Chic', 'title': 'Strike Up The Band', 'date': '1977', 'length': 272, 'bitrate': 320}
2018.10.17 20:55:28-DEBUG: Tries to insert : {'path': "/home/kuba/Muzyka/Chic - (1977) Chic (kopia)/10-Chic - Everybody Dance (7'' Version).mp3", 'ext': 'mp3', 'album': 'Chic', 'artist': 'Chic', 'title': "Everybody Dance (7'' Version)", 'date': '', 'length': 206, 'bitrate': 320}
2018.10.17 20:55:28-DEBUG: Tries to insert : {'path': '/home/kuba/Muzyka/Chic - (1977) Chic (kopia)/17-Chic - Strike Up The Band (Hifana Copa Mix).mp3', 'ext': 'mp3', 'album': 'Chic', 'artist': 'Chic', 'title': 'Strike Up The Band (Hifana Copa Mix)', 'date': '1977', 'length': 229, 'bitrate': 320}
2018.10.17 20:55:28-DEBUG: Tries to insert : {'path': '/home/kuba/Muzyka/Chic - (1977) Chic (kopia)/06-Chic - Falling In Love With You.mp3', 'ext': 'mp3', 'album': 'Chic', 'artist': 'Chic', 'title': 'Falling In Love With You', 'date': '1977', 'length': 269, 'bitrate': 320}
2018.10.17 20:55:28-DEBUG: Tries to insert : {'path': '/home/kuba/Muzyka/Chic - (1977) Chic (kopia)/16-Chic - Everybody Dance (Motiva Rpl Mix).mp3', 'ext': 'mp3', 'album': 'Chic', 'artist': 'Chic', 'title': 'Everybody Dance (Motiva Rpl Mix)', 'date': '1977', 'length': 362, 'bitrate': 320}
2018.10.17 20:55:28-DEBUG: Tries to insert : {'path': "/home/kuba/Muzyka/Chic - (1977) Chic (kopia)/08-Chic - Dance, Dance, Dance (Yowsah,Yowsah,Yowsah)(7''Version).mp3", 'ext': 'mp3', 'album': 'Chic', 'artist': 'Chic', 'title': "Dance, Dance, Dance (Yowsah, Yowsah, Yowsah) (7'' Version)", 'date': '', 'length': 218, 'bitrate': 320}
2018.10.17 20:55:28-INFO: Catalog data inserted successfully
2018.10.17 20:55:28-INFO: Data Commited
2018.10.17 20:55:28-INFO: Skipped <sqlite3.Row object at 0x7f0b0982f5b0>
2018.10.17 20:55:28-INFO: Catalog Crawler starts
2018.10.17 20:55:28-DEBUG: Files found in catalog : ['foo_dr.txt', 'Discogs.url', 'from.txt', 'Grazyna Lobaczewska - Brzydcy.cue', 'Grazyna Lobaczewska - Brzydcy.flac']
2018.10.17 20:55:28-INFO: Starting loop through files

2018.10.17 20:55:28-INFO: File Crawler for starts for file : /home/kuba/Muzyka/Grażyna Łobaszewska-1989-Brzydcy (Polskie Nagrania Muza SX-2756)Scans/Grazyna Lobaczewska - Brzydcy.flac
2018.10.17 20:55:28-DEBUG: Handling file by taglib - correct
2018.10.17 20:55:28-WARNING: Error : 'ALBUM'
2018.10.17 20:55:28-WARNING: Error : 'ARTIST'
2018.10.17 20:55:28-WARNING: Error : 'TITLE'
2018.10.17 20:55:28-WARNING: Error : 'DATE'
2018.10.17 20:55:28-INFO: All file attributes collected correct
2018.10.17 20:55:28-INFO: {'path': '/home/kuba/Muzyka/Grażyna Łobaszewska-1989-Brzydcy (Polskie Nagrania Muza SX-2756)Scans/Grazyna Lobaczewska - Brzydcy.flac', 'ext': 'flac', 'album': '', 'artist': '', 'title': '', 'date': '', 'length': 2236, 'bitrate': 803}

2018.10.17 20:55:28-INFO: 

2018.10.17 20:55:28-INFO: Loop through files ends succesfully

2018.10.17 20:55:28-INFO: Determine Catalog Attributes function starts

2018.10.17 20:55:28-DEBUG: Tries to guess Album name
2018.10.17 20:55:28-DEBUG: Found 0 proposition(s) : []
2018.10.17 20:55:28-DEBUG: Album unreckognized
2018.10.17 20:55:28-DEBUG: Tries to guess Artist name
2018.10.17 20:55:28-DEBUG: Found 0 proposition(s) : []
2018.10.17 20:55:28-DEBUG: Artist unreckognized
2018.10.17 20:55:28-DEBUG: Tries to guess date of album
2018.10.17 20:55:28-DEBUG: Date recognized : 
2018.10.17 20:55:28-DEBUG: Computing average bitrate of files
2018.10.17 20:55:28-DEBUG: Computing total length of files
2018.10.17 20:55:28-INFO: reckognized Catalog Attributes:
Artist: Unknown Artist        
Album: Unknown Album
Date: 
AvgBitrate: 803.0
CatalogSym        
Total Length: 0:37:16


2018.10.17 20:55:28-DEBUG: returns {'album': 'Unknown Album', 'artist': 'Unknown Artist', 'date': '', 'avg_bitrate': 803.0, 'total_length': 2236, 'catalog_mark': '', 'ext': 'flac', 'img_count': 0, 'path': '/home/kuba/Muzyka/Grażyna Łobaszewska-1989-Brzydcy (Polskie Nagrania Muza SX-2756)Scans', 'is_supported': False}
2018.10.17 20:55:28-INFO: Catalog Crawler ends,

2018.10.17 20:55:28-INFO: Connecting to Discgos API Skipped, too less data
2018.10.17 20:55:28-INFO: Save to DB started
2018.10.17 20:55:28-INFO: Catalog data inserted successfully
2018.10.17 20:55:28-DEBUG: Tries to insert : {'path': '/home/kuba/Muzyka/Grażyna Łobaszewska-1989-Brzydcy (Polskie Nagrania Muza SX-2756)Scans/Grazyna Lobaczewska - Brzydcy.flac', 'ext': 'flac', 'album': '', 'artist': '', 'title': '', 'date': '', 'length': 2236, 'bitrate': 803}
2018.10.17 20:55:28-INFO: Catalog data inserted successfully
2018.10.17 20:55:28-INFO: Data Commited
2018.10.17 20:55:28-INFO: Catalog Crawler starts
2018.10.17 20:55:28-DEBUG: Files found in catalog : ['03 Rhinoceros.wma', '04 Bury Me.wma', '01 I Am One.wma', '06 Suffer.wma', 'AlbumArt_{78A8D776-02E8-40AF-9D5E-14E0BE00649F}_Large.jpg', 'ZuneAlbumArt.jpg', 'Folder.jpg', '09 Window Paine.wma', '02 Siva.wma', '07 Snail.wma', '08 Tristessa.wma', 'AlbumArtSmall.jpg', '10 Daydream.wma', 'AlbumArt_{78A8D776-02E8-40AF-9D5E-14E0BE00649F}_Small.jpg', '05 Crush.wma']
2018.10.17 20:55:28-INFO: Starting loop through files

2018.10.17 20:55:28-INFO: File Crawler for starts for file : /home/kuba/Muzyka/Gish/03 Rhinoceros.wma
2018.10.17 20:55:28-DEBUG: Handling file by taglib - correct
2018.10.17 20:55:28-INFO: All file attributes collected correct
2018.10.17 20:55:28-INFO: {'path': '/home/kuba/Muzyka/Gish/03 Rhinoceros.wma', 'ext': 'wma', 'album': 'Gish', 'artist': 'The Smashing Pumpkins', 'title': 'Rhinoceros', 'date': '1991', 'length': 394, 'bitrate': 128}

2018.10.17 20:55:28-INFO: File Crawler for starts for file : /home/kuba/Muzyka/Gish/04 Bury Me.wma
2018.10.17 20:55:28-DEBUG: Handling file by taglib - correct
2018.10.17 20:55:28-INFO: All file attributes collected correct
2018.10.17 20:55:28-INFO: {'path': '/home/kuba/Muzyka/Gish/04 Bury Me.wma', 'ext': 'wma', 'album': 'Gish', 'artist': 'The Smashing Pumpkins', 'title': 'Bury Me', 'date': '1991', 'length': 290, 'bitrate': 128}

2018.10.17 20:55:28-INFO: File Crawler for starts for file : /home/kuba/Muzyka/Gish/01 I Am One.wma
2018.10.17 20:55:28-DEBUG: Handling file by taglib - correct
2018.10.17 20:55:28-INFO: All file attributes collected correct
2018.10.17 20:55:28-INFO: {'path': '/home/kuba/Muzyka/Gish/01 I Am One.wma', 'ext': 'wma', 'album': 'Gish', 'artist': 'The Smashing Pumpkins', 'title': 'I Am One', 'date': '1991', 'length': 249, 'bitrate': 128}

2018.10.17 20:55:28-INFO: File Crawler for starts for file : /home/kuba/Muzyka/Gish/06 Suffer.wma
2018.10.17 20:55:28-DEBUG: Handling file by taglib - correct
2018.10.17 20:55:28-INFO: All file attributes collected correct
2018.10.17 20:55:28-INFO: {'path': '/home/kuba/Muzyka/Gish/06 Suffer.wma', 'ext': 'wma', 'album': 'Gish', 'artist': 'The Smashing Pumpkins', 'title': 'Suffer', 'date': '1991', 'length': 312, 'bitrate': 128}

2018.10.17 20:55:28-INFO: File Crawler for starts for file : /home/kuba/Muzyka/Gish/09 Window Paine.wma
2018.10.17 20:55:28-DEBUG: Handling file by taglib - correct
2018.10.17 20:55:28-INFO: All file attributes collected correct
2018.10.17 20:55:28-INFO: {'path': '/home/kuba/Muzyka/Gish/09 Window Paine.wma', 'ext': 'wma', 'album': 'Gish', 'artist': 'The Smashing Pumpkins', 'title': 'Window Paine', 'date': '1991', 'length': 353, 'bitrate': 128}

2018.10.17 20:55:28-INFO: File Crawler for starts for file : /home/kuba/Muzyka/Gish/02 Siva.wma
2018.10.17 20:55:28-DEBUG: Handling file by taglib - correct
2018.10.17 20:55:28-INFO: All file attributes collected correct
2018.10.17 20:55:28-INFO: {'path': '/home/kuba/Muzyka/Gish/02 Siva.wma', 'ext': 'wma', 'album': 'Gish', 'artist': 'The Smashing Pumpkins', 'title': 'Siva', 'date': '1991', 'length': 264, 'bitrate': 128}

2018.10.17 20:55:28-INFO: File Crawler for starts for file : /home/kuba/Muzyka/Gish/07 Snail.wma
2018.10.17 20:55:28-DEBUG: Handling file by taglib - correct
2018.10.17 20:55:28-INFO: All file attributes collected correct
2018.10.17 20:55:28-INFO: {'path': '/home/kuba/Muzyka/Gish/07 Snail.wma', 'ext': 'wma', 'album': 'Gish', 'artist': 'The Smashing Pumpkins', 'title': 'Snail', 'date': '1991', 'length': 311, 'bitrate': 128}

2018.10.17 20:55:28-INFO: File Crawler for starts for file : /home/kuba/Muzyka/Gish/08 Tristessa.wma
2018.10.17 20:55:28-DEBUG: Handling file by taglib - correct
2018.10.17 20:55:28-INFO: All file attributes collected correct
2018.10.17 20:55:28-INFO: {'path': '/home/kuba/Muzyka/Gish/08 Tristessa.wma', 'ext': 'wma', 'album': 'Gish', 'artist': 'The Smashing Pumpkins', 'title': 'Tristessa', 'date': '1991', 'length': 215, 'bitrate': 128}

2018.10.17 20:55:28-INFO: File Crawler for starts for file : /home/kuba/Muzyka/Gish/10 Daydream.wma
2018.10.17 20:55:28-DEBUG: Handling file by taglib - correct
2018.10.17 20:55:28-INFO: All file attributes collected correct
2018.10.17 20:55:28-INFO: {'path': '/home/kuba/Muzyka/Gish/10 Daydream.wma', 'ext': 'wma', 'album': 'Gish', 'artist': 'The Smashing Pumpkins', 'title': 'Daydream', 'date': '1991', 'length': 188, 'bitrate': 128}

2018.10.17 20:55:28-INFO: File Crawler for starts for file : /home/kuba/Muzyka/Gish/05 Crush.wma
2018.10.17 20:55:28-DEBUG: Handling file by taglib - correct
2018.10.17 20:55:28-INFO: All file attributes collected correct
2018.10.17 20:55:28-INFO: {'path': '/home/kuba/Muzyka/Gish/05 Crush.wma', 'ext': 'wma', 'album': 'Gish', 'artist': 'The Smashing Pumpkins', 'title': 'Crush', 'date': '1991', 'length': 217, 'bitrate': 128}

2018.10.17 20:55:28-INFO: 

2018.10.17 20:55:28-INFO: Loop through files ends succesfully

2018.10.17 20:55:28-INFO: Determine Catalog Attributes function starts

2018.10.17 20:55:28-DEBUG: Tries to guess Album name
2018.10.17 20:55:28-DEBUG: Found 1 proposition(s) : ['Gish']
2018.10.17 20:55:28-DEBUG: Album found : Gish
2018.10.17 20:55:28-DEBUG: Tries to guess Artist name
2018.10.17 20:55:28-DEBUG: Found 1 proposition(s) : ['The Smashing Pumpkins']
2018.10.17 20:55:28-DEBUG: Artist found : The Smashing Pumpkins
2018.10.17 20:55:28-DEBUG: Tries to guess date of album
2018.10.17 20:55:28-DEBUG: Date recognized : 1991
2018.10.17 20:55:28-DEBUG: Computing average bitrate of files
2018.10.17 20:55:28-DEBUG: Computing total length of files
2018.10.17 20:55:28-INFO: reckognized Catalog Attributes:
Artist: The Smashing Pumpkins        
Album: Gish
Date: 1991
AvgBitrate: 128.0
CatalogSym        
Total Length: 0:46:33


2018.10.17 20:55:28-DEBUG: returns {'album': 'Gish', 'artist': 'The Smashing Pumpkins', 'date': '1991', 'avg_bitrate': 128.0, 'total_length': 2793, 'catalog_mark': '', 'ext': 'wma', 'img_count': 5, 'path': '/home/kuba/Muzyka/Gish', 'is_supported': True}
2018.10.17 20:55:28-INFO: Catalog Crawler ends,

2018.10.17 20:55:28-INFO: Finding Album DiscogsID started
2018.10.17 20:55:28-INFO: Working on /home/kuba/Muzyka/Gish
2018.10.17 20:55:28-INFO: metoda Album
2018.10.17 20:55:28-INFO: Connecting Discogs
Query: Gish
2018.10.17 20:55:29-INFO: Comparing Smashing Pumpkins* - Gish
2018.10.17 20:55:29-INFO: Comparing The Beatles - No. 3 Abbey Road NW8
2018.10.17 20:55:29-INFO: Comparing Cowboy Killers - Thank You, Fuck You And Goodnight
2018.10.17 20:55:29-INFO: Comparing Fastball - Step Into Light
2018.10.17 20:55:29-INFO: Comparing Fith - Fith
2018.10.17 20:55:29-INFO: Comparing Bleeding Heart Narrative - All That Was Missing We Never Had In The World
2018.10.17 20:55:29-INFO: Comparing The Ojibwa Choir - Ojibwa Choir
2018.10.17 20:55:29-INFO: Comparing Rosenfeld - Pigs Of The Empire
2018.10.17 20:55:29-INFO: Comparing Scott Lawlor, Eugene-Kha* And Mister Vapor - Three Moons
2018.10.17 20:55:29-INFO: Comparing Bark Psychosis - Hex
2018.10.17 20:55:29-INFO: Comparing Smut Peddlers (2) - Coming Out
2018.10.17 20:55:29-INFO: Comparing Smut Peddlers (2) - Bipolar Girl
2018.10.17 20:55:29-INFO: Comparing Smut Peddlers (2) - Exit Plan 
2018.10.17 20:55:29-INFO: Comparing Mike V & The Rats* - Mike V & The Rats
2018.10.17 20:55:29-INFO: Comparing Bark Psychosis - A Street Scene
2018.10.17 20:55:29-INFO: Comparing Smashing Pumpkins* - I Am One
2018.10.17 20:55:29-INFO: Comparing Smashing Pumpkins* - Pumpkin Seeds
2018.10.17 20:55:29-INFO: Comparing Julian "Cannonball" Adderley* - Julian "Cannonball" Adderley
2018.10.17 20:55:29-INFO: Comparing Miss Black America - Miss Black America
2018.10.17 20:55:29-INFO: Comparing Rapes - Fly Again
2018.10.17 20:55:29-INFO: Comparing Cannonball Adderley - Beginnings
2018.10.17 20:55:29-INFO: Comparing Gaylord Carter - The Golden Age Of Silent Movies
2018.10.17 20:55:29-INFO: Comparing Obsolete Music Technology - Relapse EP
2018.10.17 20:55:29-INFO: Comparing Tricky - Maxinquaye
2018.10.17 20:55:29-INFO: Comparing Smashing Pumpkins* - Earphoria
2018.10.17 20:55:29-INFO: Comparing Various - Whore
2018.10.17 20:55:29-INFO: Comparing The Nat King Cole Trio - Pieces Of Cole
2018.10.17 20:55:29-INFO: Comparing Christ. - Egg Box 005
2018.10.17 20:55:29-INFO: Comparing Benny Goodman - Vol. III: All The Cats Join In
2018.10.17 20:55:29-INFO: Comparing Cannonball Adderley - Verve Jazz Masters 31
2018.10.17 20:55:29-INFO: Comparing Porter Heaps - An Organ Serenade To My Beautiful Lady
2018.10.17 20:55:29-INFO: Comparing Ten City Nation - At The Still Point
2018.10.17 20:55:29-INFO: Comparing Tracy Byrd - It's About Time
2018.10.17 20:55:29-INFO: Comparing The Smashing Pumpkins - Sounds Of Turnips
2018.10.17 20:55:29-INFO: Comparing Jerome Kern - Show Boat: Broadway Show Album
2018.10.17 20:55:29-INFO: Comparing Jerome Kern & Oscar Hammerstein 2nd* - Frederica von Stade, Jerry Hadley, Teresa Stratas, Bruce Hubbard, Ambrosian Chorus*, London Sinfonietta, John McGlinn
2018.10.17 20:55:29-INFO: Comparing The Smashing Pumpkins - 1991-2000 Greatest Hits Video Collection
2018.10.17 20:55:29-INFO: Comparing Benny Goodman And His Orchestra - Put That Swing Back ...
2018.10.17 20:55:29-INFO: Comparing Jack Teagarden - Masters of Jazz Vol. 10
2018.10.17 20:55:29-INFO: Comparing Ricky Skaggs And Kentucky Thunder* - Soldier Of The Cross
2018.10.17 20:55:29-INFO: Comparing Secret Shame - Basement Demo
2018.10.17 20:55:29-INFO: Comparing The Junk (2) - Glad To See You're Back...
2018.10.17 20:55:29-INFO: Comparing Various - The Boys are back in town
2018.10.17 20:55:29-INFO: Comparing The Smashing Pumpkins - Earphoria
2018.10.17 20:55:31-INFO: metoda Token
2018.10.17 20:55:31-INFO: Connecting Discogs
 Query: The Smashing Pumpkins - Gish
2018.10.17 20:55:32-INFO: Smashing Pumpkins* - Gish
2018.10.17 20:55:32-INFO: Comparing Smashing Pumpkins* - Gish
2018.10.17 20:55:32-INFO: Smashing Pumpkins* - I Am One
2018.10.17 20:55:32-INFO: Comparing Smashing Pumpkins* - I Am One
2018.10.17 20:55:32-INFO: Smashing Pumpkins* - Earphoria
2018.10.17 20:55:32-INFO: Comparing Smashing Pumpkins* - Earphoria
2018.10.17 20:55:32-INFO: The Smashing Pumpkins - 1991-2000 Greatest Hits Video Collection
2018.10.17 20:55:32-INFO: Comparing The Smashing Pumpkins - 1991-2000 Greatest Hits Video Collection
2018.10.17 20:55:32-INFO: Smashing Pumpkins* - Pumpkin Seeds
2018.10.17 20:55:32-INFO: Comparing Smashing Pumpkins* - Pumpkin Seeds
2018.10.17 20:55:32-INFO: The Smashing Pumpkins - Sounds Of Turnips
2018.10.17 20:55:32-INFO: Comparing The Smashing Pumpkins - Sounds Of Turnips
2018.10.17 20:55:32-INFO: Tricky - Maxinquaye
2018.10.17 20:55:32-INFO: Comparing Tricky - Maxinquaye
2018.10.17 20:55:32-INFO: The Smashing Pumpkins - Earphoria
2018.10.17 20:55:32-INFO: Comparing The Smashing Pumpkins - Earphoria
2018.10.17 20:55:34-INFO: metoda Variations
2018.10.17 20:55:34-INFO: Connecting Discogs
Query: The Smashing Pumpkins
2018.10.17 20:55:36-INFO: <Artist 28970 'The Smashing Pumpkins'>  aliases : ['Smashing Pumpkins', 'Smashingpumpkins', 'thé småshiñg pümpkiñs', 'スマッシング・パンプキンズ']
2018.10.17 20:55:36-INFO: Connecting Discogs
Query: Smashing Pumpkins - Gish
2018.10.17 20:55:36-INFO: tried: Smashing Pumpkins - Gish
2018.10.17 20:55:37-INFO: Comparing Smashing Pumpkins - Gish
2018.10.17 20:55:37-INFO: Znaleziono ID z listy Variations
2018.10.17 20:55:37-INFO: 48660
2018.10.17 20:55:47-INFO: Save to DB started
2018.10.17 20:55:47-INFO: Catalog data inserted successfully
2018.10.17 20:55:47-DEBUG: Tries to insert : {'path': '/home/kuba/Muzyka/Gish/03 Rhinoceros.wma', 'ext': 'wma', 'album': 'Gish', 'artist': 'The Smashing Pumpkins', 'title': 'Rhinoceros', 'date': '1991', 'length': 394, 'bitrate': 128}
2018.10.17 20:55:47-DEBUG: Tries to insert : {'path': '/home/kuba/Muzyka/Gish/04 Bury Me.wma', 'ext': 'wma', 'album': 'Gish', 'artist': 'The Smashing Pumpkins', 'title': 'Bury Me', 'date': '1991', 'length': 290, 'bitrate': 128}
2018.10.17 20:55:47-DEBUG: Tries to insert : {'path': '/home/kuba/Muzyka/Gish/01 I Am One.wma', 'ext': 'wma', 'album': 'Gish', 'artist': 'The Smashing Pumpkins', 'title': 'I Am One', 'date': '1991', 'length': 249, 'bitrate': 128}
2018.10.17 20:55:47-DEBUG: Tries to insert : {'path': '/home/kuba/Muzyka/Gish/06 Suffer.wma', 'ext': 'wma', 'album': 'Gish', 'artist': 'The Smashing Pumpkins', 'title': 'Suffer', 'date': '1991', 'length': 312, 'bitrate': 128}
2018.10.17 20:55:47-DEBUG: Tries to insert : {'path': '/home/kuba/Muzyka/Gish/09 Window Paine.wma', 'ext': 'wma', 'album': 'Gish', 'artist': 'The Smashing Pumpkins', 'title': 'Window Paine', 'date': '1991', 'length': 353, 'bitrate': 128}
2018.10.17 20:55:47-DEBUG: Tries to insert : {'path': '/home/kuba/Muzyka/Gish/02 Siva.wma', 'ext': 'wma', 'album': 'Gish', 'artist': 'The Smashing Pumpkins', 'title': 'Siva', 'date': '1991', 'length': 264, 'bitrate': 128}
2018.10.17 20:55:47-DEBUG: Tries to insert : {'path': '/home/kuba/Muzyka/Gish/07 Snail.wma', 'ext': 'wma', 'album': 'Gish', 'artist': 'The Smashing Pumpkins', 'title': 'Snail', 'date': '1991', 'length': 311, 'bitrate': 128}
2018.10.17 20:55:47-DEBUG: Tries to insert : {'path': '/home/kuba/Muzyka/Gish/08 Tristessa.wma', 'ext': 'wma', 'album': 'Gish', 'artist': 'The Smashing Pumpkins', 'title': 'Tristessa', 'date': '1991', 'length': 215, 'bitrate': 128}
2018.10.17 20:55:47-DEBUG: Tries to insert : {'path': '/home/kuba/Muzyka/Gish/10 Daydream.wma', 'ext': 'wma', 'album': 'Gish', 'artist': 'The Smashing Pumpkins', 'title': 'Daydream', 'date': '1991', 'length': 188, 'bitrate': 128}
2018.10.17 20:55:47-DEBUG: Tries to insert : {'path': '/home/kuba/Muzyka/Gish/05 Crush.wma', 'ext': 'wma', 'album': 'Gish', 'artist': 'The Smashing Pumpkins', 'title': 'Crush', 'date': '1991', 'length': 217, 'bitrate': 128}
2018.10.17 20:55:47-INFO: Catalog data inserted successfully
2018.10.17 20:55:47-INFO: Data Commited
2018.10.17 20:55:47-INFO: Catalog Crawler starts
2018.10.17 20:55:47-DEBUG: Files found in catalog : ['02. Brown Sugar.mp3', '08. Bedroom Thang.mp3', "09. Just Got Back From Baby's.mp3", '01. (Somebody Else Been) Shaking Your Tree.mp3', "04. Goin' Down To Mexico.mp3", '06. Neighbor, Neighbor.mp3', '03. Squank.mp3', '10. Backdoor Love Affair.mp3', '05. Old Man.mp3', '07. Certified Blues.mp3']
2018.10.17 20:55:47-INFO: Starting loop through files

2018.10.17 20:55:47-INFO: File Crawler for starts for file : /home/kuba/Muzyka/1971 - First Album/02. Brown Sugar.mp3
2018.10.17 20:55:47-DEBUG: Handling file by taglib - correct
2018.10.17 20:55:47-INFO: All file attributes collected correct
2018.10.17 20:55:47-INFO: {'path': '/home/kuba/Muzyka/1971 - First Album/02. Brown Sugar.mp3', 'ext': 'mp3', 'album': 'First Album', 'artist': 'ZZ Top', 'title': 'Brown Sugar', 'date': '1971', 'length': 325, 'bitrate': 320}

2018.10.17 20:55:47-INFO: File Crawler for starts for file : /home/kuba/Muzyka/1971 - First Album/08. Bedroom Thang.mp3
2018.10.17 20:55:47-DEBUG: Handling file by taglib - correct
2018.10.17 20:55:47-INFO: All file attributes collected correct
2018.10.17 20:55:47-INFO: {'path': '/home/kuba/Muzyka/1971 - First Album/08. Bedroom Thang.mp3', 'ext': 'mp3', 'album': 'First Album', 'artist': 'ZZ Top', 'title': 'Bedroom Thang', 'date': '1971', 'length': 280, 'bitrate': 320}

2018.10.17 20:55:47-INFO: File Crawler for starts for file : /home/kuba/Muzyka/1971 - First Album/09. Just Got Back From Baby's.mp3
2018.10.17 20:55:47-DEBUG: Handling file by taglib - correct
2018.10.17 20:55:47-INFO: All file attributes collected correct
2018.10.17 20:55:47-INFO: {'path': "/home/kuba/Muzyka/1971 - First Album/09. Just Got Back From Baby's.mp3", 'ext': 'mp3', 'album': 'First Album', 'artist': 'ZZ Top', 'title': "Just Got Back From Baby's", 'date': '1971', 'length': 251, 'bitrate': 320}

2018.10.17 20:55:47-INFO: File Crawler for starts for file : /home/kuba/Muzyka/1971 - First Album/01. (Somebody Else Been) Shaking Your Tree.mp3
2018.10.17 20:55:47-DEBUG: Handling file by taglib - correct
2018.10.17 20:55:47-INFO: All file attributes collected correct
2018.10.17 20:55:47-INFO: {'path': '/home/kuba/Muzyka/1971 - First Album/01. (Somebody Else Been) Shaking Your Tree.mp3', 'ext': 'mp3', 'album': 'First Album', 'artist': 'ZZ Top', 'title': '(Somebody Else Been) Shaking Your Tree', 'date': '1971', 'length': 159, 'bitrate': 320}

2018.10.17 20:55:47-INFO: File Crawler for starts for file : /home/kuba/Muzyka/1971 - First Album/04. Goin' Down To Mexico.mp3
2018.10.17 20:55:47-DEBUG: Handling file by taglib - correct
2018.10.17 20:55:47-INFO: All file attributes collected correct
2018.10.17 20:55:47-INFO: {'path': "/home/kuba/Muzyka/1971 - First Album/04. Goin' Down To Mexico.mp3", 'ext': 'mp3', 'album': 'First Album', 'artist': 'ZZ Top', 'title': "Goin' Down To Mexico", 'date': '1971', 'length': 202, 'bitrate': 320}

2018.10.17 20:55:47-INFO: File Crawler for starts for file : /home/kuba/Muzyka/1971 - First Album/06. Neighbor, Neighbor.mp3
2018.10.17 20:55:47-DEBUG: Handling file by taglib - correct
2018.10.17 20:55:47-INFO: All file attributes collected correct
2018.10.17 20:55:47-INFO: {'path': '/home/kuba/Muzyka/1971 - First Album/06. Neighbor, Neighbor.mp3', 'ext': 'mp3', 'album': 'First Album', 'artist': 'ZZ Top', 'title': 'Neighbor, Neighbor', 'date': '1971', 'length': 140, 'bitrate': 320}

2018.10.17 20:55:47-INFO: File Crawler for starts for file : /home/kuba/Muzyka/1971 - First Album/03. Squank.mp3
2018.10.17 20:55:47-DEBUG: Handling file by taglib - correct
2018.10.17 20:55:47-INFO: All file attributes collected correct
2018.10.17 20:55:47-INFO: {'path': '/home/kuba/Muzyka/1971 - First Album/03. Squank.mp3', 'ext': 'mp3', 'album': 'First Album', 'artist': 'ZZ Top', 'title': 'Squank', 'date': '1971', 'length': 167, 'bitrate': 320}

2018.10.17 20:55:47-INFO: File Crawler for starts for file : /home/kuba/Muzyka/1971 - First Album/10. Backdoor Love Affair.mp3
2018.10.17 20:55:47-DEBUG: Handling file by taglib - correct
2018.10.17 20:55:47-INFO: All file attributes collected correct
2018.10.17 20:55:47-INFO: {'path': '/home/kuba/Muzyka/1971 - First Album/10. Backdoor Love Affair.mp3', 'ext': 'mp3', 'album': 'First Album', 'artist': 'ZZ Top', 'title': 'Backdoor Love Affair', 'date': '1971', 'length': 201, 'bitrate': 320}

2018.10.17 20:55:47-INFO: File Crawler for starts for file : /home/kuba/Muzyka/1971 - First Album/05. Old Man.mp3
2018.10.17 20:55:47-DEBUG: Handling file by taglib - correct
2018.10.17 20:55:47-INFO: All file attributes collected correct
2018.10.17 20:55:47-INFO: {'path': '/home/kuba/Muzyka/1971 - First Album/05. Old Man.mp3', 'ext': 'mp3', 'album': 'First Album', 'artist': 'ZZ Top', 'title': 'Old Man', 'date': '1971', 'length': 207, 'bitrate': 320}

2018.10.17 20:55:47-INFO: File Crawler for starts for file : /home/kuba/Muzyka/1971 - First Album/07. Certified Blues.mp3
2018.10.17 20:55:47-DEBUG: Handling file by taglib - correct
2018.10.17 20:55:47-INFO: All file attributes collected correct
2018.10.17 20:55:47-INFO: {'path': '/home/kuba/Muzyka/1971 - First Album/07. Certified Blues.mp3', 'ext': 'mp3', 'album': 'First Album', 'artist': 'ZZ Top', 'title': 'Certified Blues', 'date': '1971', 'length': 206, 'bitrate': 320}

2018.10.17 20:55:47-INFO: 

2018.10.17 20:55:47-INFO: Loop through files ends succesfully

2018.10.17 20:55:47-INFO: Determine Catalog Attributes function starts

2018.10.17 20:55:47-DEBUG: Tries to guess Album name
2018.10.17 20:55:47-DEBUG: Found 1 proposition(s) : ['First Album']
2018.10.17 20:55:47-DEBUG: Album found : First Album
2018.10.17 20:55:47-DEBUG: Tries to guess Artist name
2018.10.17 20:55:47-DEBUG: Found 1 proposition(s) : ['ZZ Top']
2018.10.17 20:55:47-DEBUG: Artist found : ZZ Top
2018.10.17 20:55:47-DEBUG: Tries to guess date of album
2018.10.17 20:55:47-DEBUG: Date recognized : 1971
2018.10.17 20:55:47-DEBUG: Computing average bitrate of files
2018.10.17 20:55:47-DEBUG: Computing total length of files
2018.10.17 20:55:47-INFO: reckognized Catalog Attributes:
Artist: ZZ Top        
Album: First Album
Date: 1971
AvgBitrate: 320.0
CatalogSym        
Total Length: 0:35:38


2018.10.17 20:55:47-DEBUG: returns {'album': 'First Album', 'artist': 'ZZ Top', 'date': '1971', 'avg_bitrate': 320.0, 'total_length': 2138, 'catalog_mark': '', 'ext': 'mp3', 'img_count': 0, 'path': '/home/kuba/Muzyka/1971 - First Album', 'is_supported': True}
2018.10.17 20:55:47-INFO: Catalog Crawler ends,

2018.10.17 20:55:47-INFO: Finding Album DiscogsID started
2018.10.17 20:55:47-INFO: Working on /home/kuba/Muzyka/1971 - First Album
2018.10.17 20:55:47-INFO: metoda Album
2018.10.17 20:55:47-INFO: Connecting Discogs
Query: First Album
2018.10.17 20:55:47-INFO: Comparing ZZ Top - First Album
2018.10.17 20:55:47-INFO: Znaleziono ID z listy Album
2018.10.17 20:55:47-INFO: 48654
2018.10.17 20:56:00-INFO: Save to DB started
2018.10.17 20:56:00-INFO: Catalog data inserted successfully
2018.10.17 20:56:00-DEBUG: Tries to insert : {'path': '/home/kuba/Muzyka/1971 - First Album/02. Brown Sugar.mp3', 'ext': 'mp3', 'album': 'First Album', 'artist': 'ZZ Top', 'title': 'Brown Sugar', 'date': '1971', 'length': 325, 'bitrate': 320}
2018.10.17 20:56:00-DEBUG: Tries to insert : {'path': '/home/kuba/Muzyka/1971 - First Album/08. Bedroom Thang.mp3', 'ext': 'mp3', 'album': 'First Album', 'artist': 'ZZ Top', 'title': 'Bedroom Thang', 'date': '1971', 'length': 280, 'bitrate': 320}
2018.10.17 20:56:00-DEBUG: Tries to insert : {'path': "/home/kuba/Muzyka/1971 - First Album/09. Just Got Back From Baby's.mp3", 'ext': 'mp3', 'album': 'First Album', 'artist': 'ZZ Top', 'title': "Just Got Back From Baby's", 'date': '1971', 'length': 251, 'bitrate': 320}
2018.10.17 20:56:00-DEBUG: Tries to insert : {'path': '/home/kuba/Muzyka/1971 - First Album/01. (Somebody Else Been) Shaking Your Tree.mp3', 'ext': 'mp3', 'album': 'First Album', 'artist': 'ZZ Top', 'title': '(Somebody Else Been) Shaking Your Tree', 'date': '1971', 'length': 159, 'bitrate': 320}
2018.10.17 20:56:00-DEBUG: Tries to insert : {'path': "/home/kuba/Muzyka/1971 - First Album/04. Goin' Down To Mexico.mp3", 'ext': 'mp3', 'album': 'First Album', 'artist': 'ZZ Top', 'title': "Goin' Down To Mexico", 'date': '1971', 'length': 202, 'bitrate': 320}
2018.10.17 20:56:00-DEBUG: Tries to insert : {'path': '/home/kuba/Muzyka/1971 - First Album/06. Neighbor, Neighbor.mp3', 'ext': 'mp3', 'album': 'First Album', 'artist': 'ZZ Top', 'title': 'Neighbor, Neighbor', 'date': '1971', 'length': 140, 'bitrate': 320}
2018.10.17 20:56:00-DEBUG: Tries to insert : {'path': '/home/kuba/Muzyka/1971 - First Album/03. Squank.mp3', 'ext': 'mp3', 'album': 'First Album', 'artist': 'ZZ Top', 'title': 'Squank', 'date': '1971', 'length': 167, 'bitrate': 320}
2018.10.17 20:56:00-DEBUG: Tries to insert : {'path': '/home/kuba/Muzyka/1971 - First Album/10. Backdoor Love Affair.mp3', 'ext': 'mp3', 'album': 'First Album', 'artist': 'ZZ Top', 'title': 'Backdoor Love Affair', 'date': '1971', 'length': 201, 'bitrate': 320}
2018.10.17 20:56:00-DEBUG: Tries to insert : {'path': '/home/kuba/Muzyka/1971 - First Album/05. Old Man.mp3', 'ext': 'mp3', 'album': 'First Album', 'artist': 'ZZ Top', 'title': 'Old Man', 'date': '1971', 'length': 207, 'bitrate': 320}
2018.10.17 20:56:00-DEBUG: Tries to insert : {'path': '/home/kuba/Muzyka/1971 - First Album/07. Certified Blues.mp3', 'ext': 'mp3', 'album': 'First Album', 'artist': 'ZZ Top', 'title': 'Certified Blues', 'date': '1971', 'length': 206, 'bitrate': 320}
2018.10.17 20:56:00-INFO: Catalog data inserted successfully
2018.10.17 20:56:00-INFO: Data Commited
2018.10.17 20:56:00-INFO: Catalog Crawler starts
2018.10.17 20:56:00-DEBUG: Files found in catalog : ['05 Feel Like Home.ogg', '19 The Hard Way.ogg', '14 Red to Black.ogg', '13 Kenji.ogg', '04 Petrified.ogg', '10 Believe Me.ogg', '12 High Road.ogg', '16 Slip Out the Back.ogg', '07 In Stereo.ogg', '18 There They Go.ogg', "06 Where'd You Go.ogg", '11 Get me Gone.ogg', '09 Cigarettes.ogg', '02 Remember the Name.ogg', '01 Introduction.ogg', '15 The Battle.ogg', '03 Right Now.ogg', '17 Be Somebody.ogg', '08 Back Home.ogg']
2018.10.17 20:56:00-INFO: Starting loop through files

2018.10.17 20:56:00-INFO: File Crawler for starts for file : /home/kuba/Muzyka/The Rising Tied/05 Feel Like Home.ogg
2018.10.17 20:56:00-DEBUG: Handling file by taglib - correct
2018.10.17 20:56:00-INFO: All file attributes collected correct
2018.10.17 20:56:00-INFO: {'path': '/home/kuba/Muzyka/The Rising Tied/05 Feel Like Home.ogg', 'ext': 'ogg', 'album': 'The Rising Tied', 'artist': 'Fort Minor y Styles of Beyond', 'title': 'Feel Like Home', 'date': '2005', 'length': 233, 'bitrate': 86}

2018.10.17 20:56:00-INFO: File Crawler for starts for file : /home/kuba/Muzyka/The Rising Tied/19 The Hard Way.ogg
2018.10.17 20:56:00-DEBUG: Handling file by taglib - correct
2018.10.17 20:56:00-INFO: All file attributes collected correct
2018.10.17 20:56:00-INFO: {'path': '/home/kuba/Muzyka/The Rising Tied/19 The Hard Way.ogg', 'ext': 'ogg', 'album': 'The Rising Tied', 'artist': 'Fort Minor', 'title': 'The Hard Way', 'date': '2001', 'length': 234, 'bitrate': 93}

2018.10.17 20:56:00-INFO: File Crawler for starts for file : /home/kuba/Muzyka/The Rising Tied/14 Red to Black.ogg
2018.10.17 20:56:00-DEBUG: Handling file by taglib - correct
2018.10.17 20:56:00-INFO: All file attributes collected correct
2018.10.17 20:56:00-INFO: {'path': '/home/kuba/Muzyka/The Rising Tied/14 Red to Black.ogg', 'ext': 'ogg', 'album': 'The Rising Tied', 'artist': 'Fort Minor, Kenna, Jonah Matranga y Styles of Beyond', 'title': 'Red To Black', 'date': '2005', 'length': 192, 'bitrate': 81}

2018.10.17 20:56:00-INFO: File Crawler for starts for file : /home/kuba/Muzyka/The Rising Tied/13 Kenji.ogg
2018.10.17 20:56:00-DEBUG: Handling file by taglib - correct
2018.10.17 20:56:00-INFO: All file attributes collected correct
2018.10.17 20:56:00-INFO: {'path': '/home/kuba/Muzyka/The Rising Tied/13 Kenji.ogg', 'ext': 'ogg', 'album': 'The Rising Tied', 'artist': 'Fort Minor', 'title': 'Kenji', 'date': '2005', 'length': 231, 'bitrate': 77}

2018.10.17 20:56:00-INFO: File Crawler for starts for file : /home/kuba/Muzyka/The Rising Tied/04 Petrified.ogg
2018.10.17 20:56:00-DEBUG: Handling file by taglib - correct
2018.10.17 20:56:00-INFO: All file attributes collected correct
2018.10.17 20:56:00-INFO: {'path': '/home/kuba/Muzyka/The Rising Tied/04 Petrified.ogg', 'ext': 'ogg', 'album': 'The Rising Tied', 'artist': 'Fort Minor', 'title': 'Petrified', 'date': '2005', 'length': 220, 'bitrate': 84}

2018.10.17 20:56:00-INFO: File Crawler for starts for file : /home/kuba/Muzyka/The Rising Tied/10 Believe Me.ogg
2018.10.17 20:56:00-DEBUG: Handling file by taglib - correct
2018.10.17 20:56:00-INFO: All file attributes collected correct
2018.10.17 20:56:00-INFO: {'path': '/home/kuba/Muzyka/The Rising Tied/10 Believe Me.ogg', 'ext': 'ogg', 'album': 'The Rising Tied', 'artist': 'Fort Minor, BoBo y Styles of Beyond', 'title': 'Believe Me', 'date': '2005', 'length': 223, 'bitrate': 81}

2018.10.17 20:56:00-INFO: File Crawler for starts for file : /home/kuba/Muzyka/The Rising Tied/12 High Road.ogg
2018.10.17 20:56:00-DEBUG: Handling file by taglib - correct
2018.10.17 20:56:00-INFO: All file attributes collected correct
2018.10.17 20:56:00-INFO: {'path': '/home/kuba/Muzyka/The Rising Tied/12 High Road.ogg', 'ext': 'ogg', 'album': 'The Rising Tied', 'artist': 'Fort Minor y John Legend', 'title': 'High Road', 'date': '2005', 'length': 196, 'bitrate': 84}

2018.10.17 20:56:00-INFO: File Crawler for starts for file : /home/kuba/Muzyka/The Rising Tied/16 Slip Out the Back.ogg
2018.10.17 20:56:00-DEBUG: Handling file by taglib - correct
2018.10.17 20:56:00-INFO: All file attributes collected correct
2018.10.17 20:56:00-INFO: {'path': '/home/kuba/Muzyka/The Rising Tied/16 Slip Out the Back.ogg', 'ext': 'ogg', 'album': 'The Rising Tied', 'artist': 'Fort Minor y Mr Hahn', 'title': 'Slip Out the Back', 'date': '2005', 'length': 236, 'bitrate': 82}

2018.10.17 20:56:00-INFO: File Crawler for starts for file : /home/kuba/Muzyka/The Rising Tied/07 In Stereo.ogg
2018.10.17 20:56:00-DEBUG: Handling file by taglib - correct
2018.10.17 20:56:00-INFO: All file attributes collected correct
2018.10.17 20:56:00-INFO: {'path': '/home/kuba/Muzyka/The Rising Tied/07 In Stereo.ogg', 'ext': 'ogg', 'album': 'The Rising Tied', 'artist': 'Fort Minor', 'title': 'In Stereo', 'date': '2005', 'length': 209, 'bitrate': 88}

2018.10.17 20:56:00-INFO: File Crawler for starts for file : /home/kuba/Muzyka/The Rising Tied/18 There They Go.ogg
2018.10.17 20:56:00-DEBUG: Handling file by taglib - correct
2018.10.17 20:56:00-INFO: All file attributes collected correct
2018.10.17 20:56:00-INFO: {'path': '/home/kuba/Muzyka/The Rising Tied/18 There They Go.ogg', 'ext': 'ogg', 'album': 'The Rising Tied', 'artist': 'Fort Minor y Sixx John', 'title': 'There They Go', 'date': '2005', 'length': 197, 'bitrate': 84}

2018.10.17 20:56:00-INFO: File Crawler for starts for file : /home/kuba/Muzyka/The Rising Tied/06 Where'd You Go.ogg
2018.10.17 20:56:00-DEBUG: Handling file by taglib - correct
2018.10.17 20:56:00-INFO: All file attributes collected correct
2018.10.17 20:56:00-INFO: {'path': "/home/kuba/Muzyka/The Rising Tied/06 Where'd You Go.ogg", 'ext': 'ogg', 'album': 'The Rising Tied', 'artist': 'Fort Minor, Holly Brook y Jonah Matranga', 'title': "Where'd You Go", 'date': '2005', 'length': 231, 'bitrate': 79}

2018.10.17 20:56:00-INFO: File Crawler for starts for file : /home/kuba/Muzyka/The Rising Tied/11 Get me Gone.ogg
2018.10.17 20:56:00-DEBUG: Handling file by taglib - correct
2018.10.17 20:56:00-INFO: All file attributes collected correct
2018.10.17 20:56:00-INFO: {'path': '/home/kuba/Muzyka/The Rising Tied/11 Get me Gone.ogg', 'ext': 'ogg', 'album': 'The Rising Tied', 'artist': 'Fort Minor', 'title': 'Get me Gone', 'date': '2005', 'length': 116, 'bitrate': 84}

2018.10.17 20:56:00-INFO: File Crawler for starts for file : /home/kuba/Muzyka/The Rising Tied/09 Cigarettes.ogg
2018.10.17 20:56:00-DEBUG: Handling file by taglib - correct
2018.10.17 20:56:00-INFO: All file attributes collected correct
2018.10.17 20:56:00-INFO: {'path': '/home/kuba/Muzyka/The Rising Tied/09 Cigarettes.ogg', 'ext': 'ogg', 'album': 'The Rising Tied', 'artist': 'Fort Minor', 'title': 'Cigarettes', 'date': '2005', 'length': 220, 'bitrate': 87}

2018.10.17 20:56:00-INFO: File Crawler for starts for file : /home/kuba/Muzyka/The Rising Tied/02 Remember the Name.ogg
2018.10.17 20:56:00-DEBUG: Handling file by taglib - correct
2018.10.17 20:56:00-INFO: All file attributes collected correct
2018.10.17 20:56:00-INFO: {'path': '/home/kuba/Muzyka/The Rising Tied/02 Remember the Name.ogg', 'ext': 'ogg', 'album': 'The Rising Tied', 'artist': 'Fort Minor y Styles of Beyond', 'title': 'Remember the Name', 'date': '2005', 'length': 230, 'bitrate': 86}

2018.10.17 20:56:00-INFO: File Crawler for starts for file : /home/kuba/Muzyka/The Rising Tied/01 Introduction.ogg
2018.10.17 20:56:00-DEBUG: Handling file by taglib - correct
2018.10.17 20:56:00-INFO: All file attributes collected correct
2018.10.17 20:56:00-INFO: {'path': '/home/kuba/Muzyka/The Rising Tied/01 Introduction.ogg', 'ext': 'ogg', 'album': 'The Rising Tied', 'artist': 'Fort Minor', 'title': 'Introduction', 'date': '2005', 'length': 43, 'bitrate': 88}

2018.10.17 20:56:00-INFO: File Crawler for starts for file : /home/kuba/Muzyka/The Rising Tied/15 The Battle.ogg
2018.10.17 20:56:00-DEBUG: Handling file by taglib - correct
2018.10.17 20:56:00-INFO: All file attributes collected correct
2018.10.17 20:56:00-INFO: {'path': '/home/kuba/Muzyka/The Rising Tied/15 The Battle.ogg', 'ext': 'ogg', 'album': 'The Rising Tied', 'artist': 'Fort Minor y Celph Titled', 'title': 'The Battle', 'date': '2005', 'length': 32, 'bitrate': 83}

2018.10.17 20:56:00-INFO: File Crawler for starts for file : /home/kuba/Muzyka/The Rising Tied/03 Right Now.ogg
2018.10.17 20:56:00-DEBUG: Handling file by taglib - correct
2018.10.17 20:56:00-INFO: All file attributes collected correct
2018.10.17 20:56:00-INFO: {'path': '/home/kuba/Muzyka/The Rising Tied/03 Right Now.ogg', 'ext': 'ogg', 'album': 'The Rising Tied', 'artist': 'Fort Minor, the Roots y Styles of Beyond', 'title': 'Right Now', 'date': '2005', 'length': 254, 'bitrate': 85}

2018.10.17 20:56:00-INFO: File Crawler for starts for file : /home/kuba/Muzyka/The Rising Tied/17 Be Somebody.ogg
2018.10.17 20:56:00-DEBUG: Handling file by taglib - correct
2018.10.17 20:56:00-INFO: All file attributes collected correct
2018.10.17 20:56:00-INFO: {'path': '/home/kuba/Muzyka/The Rising Tied/17 Be Somebody.ogg', 'ext': 'ogg', 'album': 'The Rising Tied', 'artist': 'Fort Minor, Lupe Fiasco, Holly Brook y Tak', 'title': 'Be Somebody', 'date': '2005', 'length': 195, 'bitrate': 82}

2018.10.17 20:56:00-INFO: File Crawler for starts for file : /home/kuba/Muzyka/The Rising Tied/08 Back Home.ogg
2018.10.17 20:56:00-DEBUG: Handling file by taglib - correct
2018.10.17 20:56:00-INFO: All file attributes collected correct
2018.10.17 20:56:00-INFO: {'path': '/home/kuba/Muzyka/The Rising Tied/08 Back Home.ogg', 'ext': 'ogg', 'album': 'The Rising Tied', 'artist': 'Fort Minor, Common y Styles of Beyond', 'title': 'Back Home', 'date': '2005', 'length': 224, 'bitrate': 80}

2018.10.17 20:56:00-INFO: 

2018.10.17 20:56:00-INFO: Loop through files ends succesfully

2018.10.17 20:56:00-INFO: Determine Catalog Attributes function starts

2018.10.17 20:56:00-DEBUG: Tries to guess Album name
2018.10.17 20:56:00-DEBUG: Found 1 proposition(s) : ['The Rising Tied']
2018.10.17 20:56:00-DEBUG: Album found : The Rising Tied
2018.10.17 20:56:00-DEBUG: Tries to guess Artist name
2018.10.17 20:56:00-DEBUG: Found 12 proposition(s) : ['Fort Minor y Styles of Beyond', 'Fort Minor', 'Fort Minor, Kenna, Jonah Matranga y Styles of Beyond', 'Fort Minor, BoBo y Styles of Beyond', 'Fort Minor y John Legend', 'Fort Minor y Mr Hahn', 'Fort Minor y Sixx John', 'Fort Minor, Holly Brook y Jonah Matranga', 'Fort Minor y Celph Titled', 'Fort Minor, the Roots y Styles of Beyond', 'Fort Minor, Lupe Fiasco, Holly Brook y Tak', 'Fort Minor, Common y Styles of Beyond']
2018.10.17 20:56:00-DEBUG: Many Artists found in this catalog
2018.10.17 20:56:00-INFO: Substring Finder Function starts
2018.10.17 20:56:00-DEBUG: Input : ['Fort Minor y Styles of Beyond', 'Fort Minor', 'Fort Minor, Kenna, Jonah Matranga y Styles of Beyond', 'Fort Minor, BoBo y Styles of Beyond', 'Fort Minor y John Legend', 'Fort Minor y Mr Hahn', 'Fort Minor y Sixx John', 'Fort Minor, Holly Brook y Jonah Matranga', 'Fort Minor y Celph Titled', 'Fort Minor, the Roots y Styles of Beyond', 'Fort Minor, Lupe Fiasco, Holly Brook y Tak', 'Fort Minor, Common y Styles of Beyond']

2018.10.17 20:56:00-DEBUG: find_longest_substring comparing pair: Fort Minor y Styles of Beyond and Fort Minor
2018.10.17 20:56:00-DEBUG: Selected : Fort Minor
2018.10.17 20:56:00-DEBUG: find_longest_substring comparing pair: Fort Minor and Fort Minor, Kenna, Jonah Matranga y Styles of Beyond
2018.10.17 20:56:00-DEBUG: Selected : Fort Minor
2018.10.17 20:56:00-DEBUG: find_longest_substring comparing pair: Fort Minor, Kenna, Jonah Matranga y Styles of Beyond and Fort Minor, BoBo y Styles of Beyond
2018.10.17 20:56:00-DEBUG: Selected :  y Styles of Beyond
2018.10.17 20:56:00-DEBUG: find_longest_substring comparing pair: Fort Minor, BoBo y Styles of Beyond and Fort Minor y John Legend
2018.10.17 20:56:00-DEBUG: Selected : Fort Minor
2018.10.17 20:56:00-DEBUG: find_longest_substring comparing pair: Fort Minor y John Legend and Fort Minor y Mr Hahn
2018.10.17 20:56:00-DEBUG: Selected : Fort Minor y 
2018.10.17 20:56:00-DEBUG: find_longest_substring comparing pair: Fort Minor y Mr Hahn and Fort Minor y Sixx John
2018.10.17 20:56:00-DEBUG: Selected : Fort Minor y 
2018.10.17 20:56:00-DEBUG: find_longest_substring comparing pair: Fort Minor y Sixx John and Fort Minor, Holly Brook y Jonah Matranga
2018.10.17 20:56:00-DEBUG: Selected : Fort Minor
2018.10.17 20:56:00-DEBUG: find_longest_substring comparing pair: Fort Minor, Holly Brook y Jonah Matranga and Fort Minor y Celph Titled
2018.10.17 20:56:00-DEBUG: Selected : Fort Minor
2018.10.17 20:56:00-DEBUG: find_longest_substring comparing pair: Fort Minor y Celph Titled and Fort Minor, the Roots y Styles of Beyond
2018.10.17 20:56:00-DEBUG: Selected : Fort Minor
2018.10.17 20:56:00-DEBUG: find_longest_substring comparing pair: Fort Minor, the Roots y Styles of Beyond and Fort Minor, Lupe Fiasco, Holly Brook y Tak
2018.10.17 20:56:00-DEBUG: Selected : Fort Minor, 
2018.10.17 20:56:00-DEBUG: find_longest_substring comparing pair: Fort Minor, Lupe Fiasco, Holly Brook y Tak and Fort Minor, Common y Styles of Beyond
2018.10.17 20:56:00-DEBUG: Selected : Fort Minor, 
2018.10.17 20:56:00-INFO: Existing substrings : ['Fort Minor', ' y Styles of Beyond', 'Fort Minor y ', 'Fort Minor, ']
2018.10.17 20:56:00-DEBUG: Checking if Fort Minor has a substring with all
2018.10.17 20:56:00-DEBUG: find_longest_substring comparing pair: Fort Minor and Fort Minor y Styles of Beyond
2018.10.17 20:56:00-DEBUG: Selected : Fort Minor
2018.10.17 20:56:00-DEBUG: find_longest_substring comparing pair: Fort Minor and Fort Minor
2018.10.17 20:56:00-DEBUG: Selected : Fort Minor
2018.10.17 20:56:00-DEBUG: find_longest_substring comparing pair: Fort Minor and Fort Minor, Kenna, Jonah Matranga y Styles of Beyond
2018.10.17 20:56:00-DEBUG: Selected : Fort Minor
2018.10.17 20:56:00-DEBUG: find_longest_substring comparing pair: Fort Minor and Fort Minor, BoBo y Styles of Beyond
2018.10.17 20:56:00-DEBUG: Selected : Fort Minor
2018.10.17 20:56:00-DEBUG: find_longest_substring comparing pair: Fort Minor and Fort Minor y John Legend
2018.10.17 20:56:00-DEBUG: Selected : Fort Minor
2018.10.17 20:56:00-DEBUG: find_longest_substring comparing pair: Fort Minor and Fort Minor y Mr Hahn
2018.10.17 20:56:00-DEBUG: Selected : Fort Minor
2018.10.17 20:56:00-DEBUG: find_longest_substring comparing pair: Fort Minor and Fort Minor y Sixx John
2018.10.17 20:56:00-DEBUG: Selected : Fort Minor
2018.10.17 20:56:00-DEBUG: find_longest_substring comparing pair: Fort Minor and Fort Minor, Holly Brook y Jonah Matranga
2018.10.17 20:56:00-DEBUG: Selected : Fort Minor
2018.10.17 20:56:00-DEBUG: find_longest_substring comparing pair: Fort Minor and Fort Minor y Celph Titled
2018.10.17 20:56:00-DEBUG: Selected : Fort Minor
2018.10.17 20:56:00-DEBUG: find_longest_substring comparing pair: Fort Minor and Fort Minor, the Roots y Styles of Beyond
2018.10.17 20:56:00-DEBUG: Selected : Fort Minor
2018.10.17 20:56:00-DEBUG: find_longest_substring comparing pair: Fort Minor and Fort Minor, Lupe Fiasco, Holly Brook y Tak
2018.10.17 20:56:00-DEBUG: Selected : Fort Minor
2018.10.17 20:56:00-DEBUG: find_longest_substring comparing pair: Fort Minor and Fort Minor, Common y Styles of Beyond
2018.10.17 20:56:00-DEBUG: Selected : Fort Minor
2018.10.17 20:56:00-DEBUG: Fort Minor has a match with all files in dir
2018.10.17 20:56:00-INFO: ***Connecting Discogs			Query: Fort Minor
2018.10.17 20:56:00-DEBUG: Found 10 artist in discogs database
