2018.10.18 16:51:23-main-INFO: OS : Windows
2018.10.18 16:51:23-main.stocker-INFO: catalog_collector Function starts
2018.10.18 16:51:23-main.stocker-DEBUG: Catalog Cache File founded
2018.10.18 16:51:23-main.stocker-INFO: catalog_collector found 31435 dirs to check


2018.10.18 16:51:23-main-INFO: Skipped 0 - it exist in DB
2018.10.18 16:51:23-main-INFO: Skipped 1 - it exist in DB
2018.10.18 16:51:23-main-INFO: Skipped 2 - it exist in DB
2018.10.18 16:51:23-main-INFO: Skipped 3 - it exist in DB
2018.10.18 16:51:23-main-INFO: Skipped 4 - it exist in DB
2018.10.18 16:51:23-main-INFO: Skipped 5 - it exist in DB
2018.10.18 16:51:23-main-INFO: Skipped 6 - it exist in DB
2018.10.18 16:51:23-main-INFO: Skipped 7 - it exist in DB
2018.10.18 16:51:23-main-INFO: Skipped 8 - it exist in DB
2018.10.18 16:51:23-main-INFO: Skipped 9 - it exist in DB
2018.10.18 16:51:23-main-INFO: Skipped 10 - it exist in DB
2018.10.18 16:51:23-main-INFO: Skipped 11 - it exist in DB
2018.10.18 16:51:23-main-INFO: Skipped 12 - it exist in DB
2018.10.18 16:51:23-main-INFO: Skipped 13 - it exist in DB
2018.10.18 16:51:23-main-INFO: Skipped 14 - it exist in DB
2018.10.18 16:51:23-main-INFO: Skipped 15 - it exist in DB
2018.10.18 16:51:23-main-INFO: Skipped 16 - it exist in DB
2018.10.18 16:51:23-main-INFO: Skipped 17 - it exist in DB
2018.10.18 16:51:23-main-INFO: Skipped 18 - it exist in DB
2018.10.18 16:51:23-main.stocker-INFO: Catalog Crawler starts
2018.10.18 16:51:23-main.stocker-DEBUG: Files found in catalog : ['1- Until The End Of Time.mp3', '1.jpg', '10 - Lord Knows (Brain Dama Ge Remix).mp3', "11 - Papa'z Song (Da Bastard's Mix).mp3", '12 - Static (Silent Remix).mp3', '13 - In His Own Words (Clean).mp3', '14 - Let Em Have It Remix.mp3', "15 - They Don't Give A Fuck About.mp3", "2 - Can't C Me.mp3", '3 - Flex.mp3', '4 - Confessions.mp3', '5 - Homies & Thuggs.mp3', '6 - Thug Luv.mp3', '7 - If My Homie Calls.mp3', "8 - Don't Go 2 Sleep OG.mp3", '9 - If I Die 2Nite.mp3']
2018.10.18 16:51:23-main.stocker-INFO: Starting loop through files

2018.10.18 16:51:23-main.stocker-INFO: File Crawler for starts for file : D:\++WORKZONE++\!!! Instrumentals NEW\1 part DLded\Instrumentals\2004 - Instrumental Collection (Vol. 2)\1- Until The End Of Time.mp3
2018.10.18 16:51:23-main.stocker-DEBUG: Handling file by taglib - correct
2018.10.18 16:51:23-main.stocker-INFO: All file attributes collected correct
2018.10.18 16:51:23-main.stocker-INFO: {'path': 'D:\\++WORKZONE++\\!!! Instrumentals NEW\\1 part DLded\\Instrumentals\\2004 - Instrumental Collection (Vol. 2)\\1- Until The End Of Time.mp3', 'ext': 'mp3', 'album': 'Instrumentals Collection Vol.', 'artist': '2Pac', 'title': 'Until The End Of Time', 'date': '2005', 'length': 267, 'bitrate': 128}

2018.10.18 16:51:23-main.stocker-INFO: File Crawler for starts for file : D:\++WORKZONE++\!!! Instrumentals NEW\1 part DLded\Instrumentals\2004 - Instrumental Collection (Vol. 2)\10 - Lord Knows (Brain Dama Ge Remix).mp3
2018.10.18 16:51:23-main.stocker-DEBUG: Handling file by taglib - correct
2018.10.18 16:51:23-main.stocker-INFO: All file attributes collected correct
2018.10.18 16:51:23-main.stocker-INFO: {'path': 'D:\\++WORKZONE++\\!!! Instrumentals NEW\\1 part DLded\\Instrumentals\\2004 - Instrumental Collection (Vol. 2)\\10 - Lord Knows (Brain Dama Ge Remix).mp3', 'ext': 'mp3', 'album': 'Instrumentals Collection Vol.', 'artist': '2Pac', 'title': 'Lord Knows (BrainDamaGe Remix', 'date': '2005', 'length': 259, 'bitrate': 128}

2018.10.18 16:51:23-main.stocker-INFO: File Crawler for starts for file : D:\++WORKZONE++\!!! Instrumentals NEW\1 part DLded\Instrumentals\2004 - Instrumental Collection (Vol. 2)\11 - Papa'z Song (Da Bastard's Mix).mp3
2018.10.18 16:51:23-main.stocker-DEBUG: Handling file by taglib - correct
2018.10.18 16:51:23-main.stocker-INFO: All file attributes collected correct
2018.10.18 16:51:23-main.stocker-INFO: {'path': "D:\\++WORKZONE++\\!!! Instrumentals NEW\\1 part DLded\\Instrumentals\\2004 - Instrumental Collection (Vol. 2)\\11 - Papa'z Song (Da Bastard's Mix).mp3", 'ext': 'mp3', 'album': 'Instrumentals Collection Vol.', 'artist': '2Pac', 'title': "Papa'z Song (Da Bastard's Mix", 'date': '2005', 'length': 330, 'bitrate': 112}

2018.10.18 16:51:23-main.stocker-INFO: File Crawler for starts for file : D:\++WORKZONE++\!!! Instrumentals NEW\1 part DLded\Instrumentals\2004 - Instrumental Collection (Vol. 2)\12 - Static (Silent Remix).mp3
2018.10.18 16:51:23-main.stocker-DEBUG: Handling file by taglib - correct
2018.10.18 16:51:23-main.stocker-INFO: All file attributes collected correct
2018.10.18 16:51:23-main.stocker-INFO: {'path': 'D:\\++WORKZONE++\\!!! Instrumentals NEW\\1 part DLded\\Instrumentals\\2004 - Instrumental Collection (Vol. 2)\\12 - Static (Silent Remix).mp3', 'ext': 'mp3', 'album': 'Instrumentals Collection Vol.', 'artist': '2Pac', 'title': 'Static (Silent Remix)', 'date': '2005', 'length': 282, 'bitrate': 128}

2018.10.18 16:51:23-main.stocker-INFO: File Crawler for starts for file : D:\++WORKZONE++\!!! Instrumentals NEW\1 part DLded\Instrumentals\2004 - Instrumental Collection (Vol. 2)\13 - In His Own Words (Clean).mp3
2018.10.18 16:51:23-main.stocker-DEBUG: Handling file by taglib - correct
2018.10.18 16:51:23-main.stocker-INFO: All file attributes collected correct
2018.10.18 16:51:23-main.stocker-INFO: {'path': 'D:\\++WORKZONE++\\!!! Instrumentals NEW\\1 part DLded\\Instrumentals\\2004 - Instrumental Collection (Vol. 2)\\13 - In His Own Words (Clean).mp3', 'ext': 'mp3', 'album': 'Instrumentals Collection Vol.', 'artist': '2Pac', 'title': 'In His Own Words (Clean)', 'date': '2005', 'length': 400, 'bitrate': 96}

2018.10.18 16:51:23-main.stocker-INFO: File Crawler for starts for file : D:\++WORKZONE++\!!! Instrumentals NEW\1 part DLded\Instrumentals\2004 - Instrumental Collection (Vol. 2)\14 - Let Em Have It Remix.mp3
2018.10.18 16:51:23-main.stocker-DEBUG: Handling file by taglib - correct
2018.10.18 16:51:23-main.stocker-INFO: All file attributes collected correct
2018.10.18 16:51:23-main.stocker-INFO: {'path': 'D:\\++WORKZONE++\\!!! Instrumentals NEW\\1 part DLded\\Instrumentals\\2004 - Instrumental Collection (Vol. 2)\\14 - Let Em Have It Remix.mp3', 'ext': 'mp3', 'album': 'Instrumentals Collection Vol.', 'artist': '2Pac', 'title': 'Let Em Have It Remix', 'date': '2005', 'length': 191, 'bitrate': 128}

2018.10.18 16:51:23-main.stocker-INFO: File Crawler for starts for file : D:\++WORKZONE++\!!! Instrumentals NEW\1 part DLded\Instrumentals\2004 - Instrumental Collection (Vol. 2)\15 - They Don't Give A Fuck About.mp3
2018.10.18 16:51:24-main.stocker-DEBUG: Handling file by taglib - correct
2018.10.18 16:51:24-main.stocker-INFO: All file attributes collected correct
2018.10.18 16:51:24-main.stocker-INFO: {'path': "D:\\++WORKZONE++\\!!! Instrumentals NEW\\1 part DLded\\Instrumentals\\2004 - Instrumental Collection (Vol. 2)\\15 - They Don't Give A Fuck About.mp3", 'ext': 'mp3', 'album': 'Instrumentals Collection Vol.', 'artist': '2Pac', 'title': "They Don't Give A Fuck About", 'date': '2005', 'length': 315, 'bitrate': 128}

2018.10.18 16:51:24-main.stocker-INFO: File Crawler for starts for file : D:\++WORKZONE++\!!! Instrumentals NEW\1 part DLded\Instrumentals\2004 - Instrumental Collection (Vol. 2)\2 - Can't C Me.mp3
2018.10.18 16:51:24-main.stocker-DEBUG: Handling file by taglib - correct
2018.10.18 16:51:24-main.stocker-INFO: All file attributes collected correct
2018.10.18 16:51:24-main.stocker-INFO: {'path': "D:\\++WORKZONE++\\!!! Instrumentals NEW\\1 part DLded\\Instrumentals\\2004 - Instrumental Collection (Vol. 2)\\2 - Can't C Me.mp3", 'ext': 'mp3', 'album': 'Instrumentals Collection Vol.', 'artist': '2Pac', 'title': "Can't C Me", 'date': '2005', 'length': 348, 'bitrate': 112}

2018.10.18 16:51:24-main.stocker-INFO: File Crawler for starts for file : D:\++WORKZONE++\!!! Instrumentals NEW\1 part DLded\Instrumentals\2004 - Instrumental Collection (Vol. 2)\3 - Flex.mp3
2018.10.18 16:51:24-main.stocker-DEBUG: Handling file by taglib - correct
2018.10.18 16:51:24-main.stocker-INFO: All file attributes collected correct
2018.10.18 16:51:24-main.stocker-INFO: {'path': 'D:\\++WORKZONE++\\!!! Instrumentals NEW\\1 part DLded\\Instrumentals\\2004 - Instrumental Collection (Vol. 2)\\3 - Flex.mp3', 'ext': 'mp3', 'album': 'Instrumentals Collection Vol.', 'artist': '2Pac', 'title': 'Flex', 'date': '2005', 'length': 257, 'bitrate': 128}

2018.10.18 16:51:24-main.stocker-INFO: File Crawler for starts for file : D:\++WORKZONE++\!!! Instrumentals NEW\1 part DLded\Instrumentals\2004 - Instrumental Collection (Vol. 2)\4 - Confessions.mp3
2018.10.18 16:51:24-main.stocker-DEBUG: Handling file by taglib - correct
2018.10.18 16:51:24-main.stocker-INFO: All file attributes collected correct
2018.10.18 16:51:24-main.stocker-INFO: {'path': 'D:\\++WORKZONE++\\!!! Instrumentals NEW\\1 part DLded\\Instrumentals\\2004 - Instrumental Collection (Vol. 2)\\4 - Confessions.mp3', 'ext': 'mp3', 'album': 'Instrumentals Collection Vol.', 'artist': '2Pac', 'title': 'Confessions', 'date': '2005', 'length': 181, 'bitrate': 128}

2018.10.18 16:51:24-main.stocker-INFO: File Crawler for starts for file : D:\++WORKZONE++\!!! Instrumentals NEW\1 part DLded\Instrumentals\2004 - Instrumental Collection (Vol. 2)\5 - Homies & Thuggs.mp3
2018.10.18 16:51:24-main.stocker-DEBUG: Handling file by taglib - correct
2018.10.18 16:51:24-main.stocker-INFO: All file attributes collected correct
2018.10.18 16:51:24-main.stocker-INFO: {'path': 'D:\\++WORKZONE++\\!!! Instrumentals NEW\\1 part DLded\\Instrumentals\\2004 - Instrumental Collection (Vol. 2)\\5 - Homies & Thuggs.mp3', 'ext': 'mp3', 'album': 'Instrumentals Collection Vol.', 'artist': '2Pac', 'title': 'Homies & Thuggs', 'date': '2005', 'length': 317, 'bitrate': 112}

2018.10.18 16:51:24-main.stocker-INFO: File Crawler for starts for file : D:\++WORKZONE++\!!! Instrumentals NEW\1 part DLded\Instrumentals\2004 - Instrumental Collection (Vol. 2)\6 - Thug Luv.mp3
2018.10.18 16:51:24-main.stocker-DEBUG: Handling file by taglib - correct
2018.10.18 16:51:24-main.stocker-INFO: All file attributes collected correct
2018.10.18 16:51:24-main.stocker-INFO: {'path': 'D:\\++WORKZONE++\\!!! Instrumentals NEW\\1 part DLded\\Instrumentals\\2004 - Instrumental Collection (Vol. 2)\\6 - Thug Luv.mp3', 'ext': 'mp3', 'album': 'Instrumentals Collection Vol.', 'artist': '2Pac', 'title': 'Thug Luv', 'date': '2005', 'length': 224, 'bitrate': 128}

2018.10.18 16:51:24-main.stocker-INFO: File Crawler for starts for file : D:\++WORKZONE++\!!! Instrumentals NEW\1 part DLded\Instrumentals\2004 - Instrumental Collection (Vol. 2)\7 - If My Homie Calls.mp3
2018.10.18 16:51:24-main.stocker-DEBUG: Handling file by taglib - correct
2018.10.18 16:51:24-main.stocker-INFO: All file attributes collected correct
2018.10.18 16:51:24-main.stocker-INFO: {'path': 'D:\\++WORKZONE++\\!!! Instrumentals NEW\\1 part DLded\\Instrumentals\\2004 - Instrumental Collection (Vol. 2)\\7 - If My Homie Calls.mp3', 'ext': 'mp3', 'album': 'Instrumentals Collection Vol.', 'artist': '2Pac', 'title': 'If My Homie Calls', 'date': '2005', 'length': 254, 'bitrate': 128}

2018.10.18 16:51:24-main.stocker-INFO: File Crawler for starts for file : D:\++WORKZONE++\!!! Instrumentals NEW\1 part DLded\Instrumentals\2004 - Instrumental Collection (Vol. 2)\8 - Don't Go 2 Sleep OG.mp3
2018.10.18 16:51:24-main.stocker-DEBUG: Handling file by taglib - correct
2018.10.18 16:51:24-main.stocker-INFO: All file attributes collected correct
2018.10.18 16:51:24-main.stocker-INFO: {'path': "D:\\++WORKZONE++\\!!! Instrumentals NEW\\1 part DLded\\Instrumentals\\2004 - Instrumental Collection (Vol. 2)\\8 - Don't Go 2 Sleep OG.mp3", 'ext': 'mp3', 'album': 'Instrumentals Collection Vol.', 'artist': '2Pac', 'title': "Don't Go 2 Sleep OG", 'date': '2005', 'length': 267, 'bitrate': 128}

2018.10.18 16:51:24-main.stocker-INFO: File Crawler for starts for file : D:\++WORKZONE++\!!! Instrumentals NEW\1 part DLded\Instrumentals\2004 - Instrumental Collection (Vol. 2)\9 - If I Die 2Nite.mp3
2018.10.18 16:51:24-main.stocker-DEBUG: Handling file by taglib - correct
2018.10.18 16:51:24-main.stocker-INFO: All file attributes collected correct
2018.10.18 16:51:24-main.stocker-INFO: {'path': 'D:\\++WORKZONE++\\!!! Instrumentals NEW\\1 part DLded\\Instrumentals\\2004 - Instrumental Collection (Vol. 2)\\9 - If I Die 2Nite.mp3', 'ext': 'mp3', 'album': 'Instrumentals Collection Vol.', 'artist': '2Pac', 'title': 'If I Die 2Nite', 'date': '2005', 'length': 236, 'bitrate': 128}

2018.10.18 16:51:24-main.stocker-INFO: 

2018.10.18 16:51:24-main.stocker-INFO: Loop through files ends succesfully

2018.10.18 16:51:24-main.stocker-INFO: Determine Catalog Attributes function starts

2018.10.18 16:51:24-main.stocker-DEBUG: Tries to guess Album name
2018.10.18 16:51:24-main.stocker-DEBUG: Found 1 proposition(s) : ['Instrumentals Collection Vol.']
2018.10.18 16:51:24-main.stocker-DEBUG: Album found : Instrumentals Collection Vol.
2018.10.18 16:51:24-main.stocker-DEBUG: Tries to guess Artist name
2018.10.18 16:51:24-main.stocker-DEBUG: Found 1 proposition(s) : ['2Pac']
2018.10.18 16:51:24-main.stocker-DEBUG: Artist found : 2Pac
2018.10.18 16:51:24-main.stocker-DEBUG: Tries to guess date of album
2018.10.18 16:51:24-main.stocker-DEBUG: Date recognized : 2005
2018.10.18 16:51:24-main.stocker-DEBUG: Computing average bitrate of files
2018.10.18 16:51:24-main.stocker-DEBUG: Computing total length of files
2018.10.18 16:51:24-main.stocker-INFO: reckognized Catalog Attributes:
Artist: 2Pac        
Album: Instrumentals Collection Vol.
Date: 2005
AvgBitrate: 122.7
CatalogSym        
Total Tracks: 15
Total Length: 1:08:48


2018.10.18 16:51:24-main.stocker-DEBUG: returns {'album': 'Instrumentals Collection Vol.', 'artist': '2Pac', 'date': '2005', 'avg_bitrate': 122.7, 'total_length': 4128, 'catalog_mark': '', 'ext': 'mp3', 'total_tracks': 15, 'img_count': 1, 'path': 'D:\\++WORKZONE++\\!!! Instrumentals NEW\\1 part DLded\\Instrumentals\\2004 - Instrumental Collection (Vol. 2)', 'comment': ''}
2018.10.18 16:51:24-main.stocker-INFO: Catalog Crawler ends,

2018.10.18 16:51:24-main.dgs_con-INFO: Query Discogs Func started
2018.10.18 16:51:24-main.dgs_con-INFO: Working on D:\++WORKZONE++\!!! Instrumentals NEW\1 part DLded\Instrumentals\2004 - Instrumental Collection (Vol. 2)
2018.10.18 16:51:24-main.dgs_con-INFO: Master: Album
2018.10.18 16:51:24-main.dgs_con-INFO: Connecting Discogs		Query: Instrumentals Collection Vol.
