2018.10.17 20:53:26-INFO: OS : Linux
2018.10.17 20:53:26-INFO: catalog_collector Function starts
2018.10.17 20:53:26-DEBUG: Catalog Cache File not found
2018.10.17 20:53:26-DEBUG: Starting reading library
2018.10.17 20:53:26-INFO: Library reading ended with 22 directories
2018.10.17 20:53:26-INFO: catalog_collector Function ended


2018.10.17 20:53:26-INFO: Skipped <sqlite3.Row object at 0x7fca0ac93ed0>
2018.10.17 20:53:26-INFO: Catalog Crawler starts
2018.10.17 20:53:26-DEBUG: Files found in catalog : ['03 Pomost.flac', '01 Sklejam się.flac', 'Grażyna Łobaszewska - Sklejam się.log', '05 Para-finał.flac', '02 Filozof.flac', '08 Kurkuma.flac', 'Grażyna Łobaszewska - Sklejam się.m3u8', '04 Anglia wita.flac', '07 Rzym płonie.flac', '10 Szpilki.flac', '06 Pełnia szczęść.flac', '11 Pełnoletni.flac', '09 Ole gondola.flac', 'Grażyna Łobaszewska - Sklejam się.cue']
2018.10.17 20:53:26-INFO: Starting loop through files

2018.10.17 20:53:26-INFO: File Crawler for starts for file : /home/kuba/Muzyka/Grażyna Łobaszewska-2016-Sklejam się-Scans/03 Pomost.flac
2018.10.17 20:53:26-DEBUG: Handling file by taglib - correct
2018.10.17 20:53:26-INFO: All file attributes collected correct
2018.10.17 20:53:26-INFO: {'path': '/home/kuba/Muzyka/Grażyna Łobaszewska-2016-Sklejam się-Scans/03 Pomost.flac', 'ext': 'flac', 'album': 'Sklejam się', 'artist': 'Grażyna Łobaszewska', 'title': 'Pomost', 'date': '2016', 'length': 284, 'bitrate': 813}

2018.10.17 20:53:26-INFO: File Crawler for starts for file : /home/kuba/Muzyka/Grażyna Łobaszewska-2016-Sklejam się-Scans/01 Sklejam się.flac
2018.10.17 20:53:26-DEBUG: Handling file by taglib - correct
2018.10.17 20:53:26-INFO: All file attributes collected correct
2018.10.17 20:53:26-INFO: {'path': '/home/kuba/Muzyka/Grażyna Łobaszewska-2016-Sklejam się-Scans/01 Sklejam się.flac', 'ext': 'flac', 'album': 'Sklejam się', 'artist': 'Grażyna Łobaszewska', 'title': 'Sklejam się', 'date': '2016', 'length': 209, 'bitrate': 876}

2018.10.17 20:53:26-INFO: File Crawler for starts for file : /home/kuba/Muzyka/Grażyna Łobaszewska-2016-Sklejam się-Scans/05 Para-finał.flac
2018.10.17 20:53:26-DEBUG: Handling file by taglib - correct
2018.10.17 20:53:26-INFO: All file attributes collected correct
2018.10.17 20:53:26-INFO: {'path': '/home/kuba/Muzyka/Grażyna Łobaszewska-2016-Sklejam się-Scans/05 Para-finał.flac', 'ext': 'flac', 'album': 'Sklejam się', 'artist': 'Grażyna Łobaszewska', 'title': 'Para-finał', 'date': '2016', 'length': 218, 'bitrate': 872}

2018.10.17 20:53:26-INFO: File Crawler for starts for file : /home/kuba/Muzyka/Grażyna Łobaszewska-2016-Sklejam się-Scans/02 Filozof.flac
2018.10.17 20:53:26-DEBUG: Handling file by taglib - correct
2018.10.17 20:53:26-INFO: All file attributes collected correct
2018.10.17 20:53:26-INFO: {'path': '/home/kuba/Muzyka/Grażyna Łobaszewska-2016-Sklejam się-Scans/02 Filozof.flac', 'ext': 'flac', 'album': 'Sklejam się', 'artist': 'Grażyna Łobaszewska', 'title': 'Filozof', 'date': '2016', 'length': 275, 'bitrate': 771}

2018.10.17 20:53:26-INFO: File Crawler for starts for file : /home/kuba/Muzyka/Grażyna Łobaszewska-2016-Sklejam się-Scans/08 Kurkuma.flac
2018.10.17 20:53:26-DEBUG: Handling file by taglib - correct
2018.10.17 20:53:26-INFO: All file attributes collected correct
2018.10.17 20:53:26-INFO: {'path': '/home/kuba/Muzyka/Grażyna Łobaszewska-2016-Sklejam się-Scans/08 Kurkuma.flac', 'ext': 'flac', 'album': 'Sklejam się', 'artist': 'Grażyna Łobaszewska', 'title': 'Kurkuma', 'date': '2016', 'length': 273, 'bitrate': 817}

2018.10.17 20:53:26-INFO: File Crawler for starts for file : /home/kuba/Muzyka/Grażyna Łobaszewska-2016-Sklejam się-Scans/04 Anglia wita.flac
2018.10.17 20:53:26-DEBUG: Handling file by taglib - correct
2018.10.17 20:53:26-INFO: All file attributes collected correct
2018.10.17 20:53:26-INFO: {'path': '/home/kuba/Muzyka/Grażyna Łobaszewska-2016-Sklejam się-Scans/04 Anglia wita.flac', 'ext': 'flac', 'album': 'Sklejam się', 'artist': 'Grażyna Łobaszewska', 'title': 'Anglia wita', 'date': '2016', 'length': 335, 'bitrate': 773}

2018.10.17 20:53:26-INFO: File Crawler for starts for file : /home/kuba/Muzyka/Grażyna Łobaszewska-2016-Sklejam się-Scans/07 Rzym płonie.flac
2018.10.17 20:53:26-DEBUG: Handling file by taglib - correct
2018.10.17 20:53:26-INFO: All file attributes collected correct
2018.10.17 20:53:26-INFO: {'path': '/home/kuba/Muzyka/Grażyna Łobaszewska-2016-Sklejam się-Scans/07 Rzym płonie.flac', 'ext': 'flac', 'album': 'Sklejam się', 'artist': 'Grażyna Łobaszewska', 'title': 'Rzym płonie', 'date': '2016', 'length': 235, 'bitrate': 711}

2018.10.17 20:53:26-INFO: File Crawler for starts for file : /home/kuba/Muzyka/Grażyna Łobaszewska-2016-Sklejam się-Scans/10 Szpilki.flac
2018.10.17 20:53:26-DEBUG: Handling file by taglib - correct
2018.10.17 20:53:26-INFO: All file attributes collected correct
2018.10.17 20:53:26-INFO: {'path': '/home/kuba/Muzyka/Grażyna Łobaszewska-2016-Sklejam się-Scans/10 Szpilki.flac', 'ext': 'flac', 'album': 'Sklejam się', 'artist': 'Grażyna Łobaszewska', 'title': 'Szpilki', 'date': '2016', 'length': 204, 'bitrate': 917}

2018.10.17 20:53:26-INFO: File Crawler for starts for file : /home/kuba/Muzyka/Grażyna Łobaszewska-2016-Sklejam się-Scans/06 Pełnia szczęść.flac
2018.10.17 20:53:26-DEBUG: Handling file by taglib - correct
2018.10.17 20:53:26-INFO: All file attributes collected correct
2018.10.17 20:53:26-INFO: {'path': '/home/kuba/Muzyka/Grażyna Łobaszewska-2016-Sklejam się-Scans/06 Pełnia szczęść.flac', 'ext': 'flac', 'album': 'Sklejam się', 'artist': 'Grażyna Łobaszewska', 'title': 'Pełnia szczęść', 'date': '2016', 'length': 213, 'bitrate': 931}

2018.10.17 20:53:26-INFO: File Crawler for starts for file : /home/kuba/Muzyka/Grażyna Łobaszewska-2016-Sklejam się-Scans/11 Pełnoletni.flac
2018.10.17 20:53:26-DEBUG: Handling file by taglib - correct
2018.10.17 20:53:26-INFO: All file attributes collected correct
2018.10.17 20:53:26-INFO: {'path': '/home/kuba/Muzyka/Grażyna Łobaszewska-2016-Sklejam się-Scans/11 Pełnoletni.flac', 'ext': 'flac', 'album': 'Sklejam się', 'artist': 'Grażyna Łobaszewska', 'title': 'Pełnoletni', 'date': '2016', 'length': 221, 'bitrate': 797}

2018.10.17 20:53:26-INFO: File Crawler for starts for file : /home/kuba/Muzyka/Grażyna Łobaszewska-2016-Sklejam się-Scans/09 Ole gondola.flac
2018.10.17 20:53:26-DEBUG: Handling file by taglib - correct
2018.10.17 20:53:26-INFO: All file attributes collected correct
2018.10.17 20:53:26-INFO: {'path': '/home/kuba/Muzyka/Grażyna Łobaszewska-2016-Sklejam się-Scans/09 Ole gondola.flac', 'ext': 'flac', 'album': 'Sklejam się', 'artist': 'Grażyna Łobaszewska', 'title': 'Ole gondola', 'date': '2016', 'length': 237, 'bitrate': 868}

2018.10.17 20:53:26-INFO: 

2018.10.17 20:53:26-INFO: Loop through files ends succesfully

2018.10.17 20:53:26-INFO: Determine Catalog Attributes function starts

2018.10.17 20:53:26-DEBUG: Tries to guess Album name
2018.10.17 20:53:26-DEBUG: Found 1 proposition(s) : ['Sklejam się']
2018.10.17 20:53:26-DEBUG: Album found : Sklejam się
2018.10.17 20:53:26-DEBUG: Tries to guess Artist name
2018.10.17 20:53:26-DEBUG: Found 1 proposition(s) : ['Grażyna Łobaszewska']
2018.10.17 20:53:26-DEBUG: Artist found : Grażyna Łobaszewska
2018.10.17 20:53:26-DEBUG: Tries to guess date of album
2018.10.17 20:53:26-DEBUG: Date recognized : 2016
2018.10.17 20:53:26-DEBUG: Computing average bitrate of files
2018.10.17 20:53:26-DEBUG: Computing total length of files
2018.10.17 20:53:26-INFO: reckognized Catalog Attributes:
Artist: Grażyna Łobaszewska        
Album: Sklejam się
Date: 2016
AvgBitrate: 831.4545454545455
CatalogSym        
Total Length: 0:45:04


2018.10.17 20:53:26-DEBUG: returns {'album': 'Sklejam się', 'artist': 'Grażyna Łobaszewska', 'date': '2016', 'avg_bitrate': 831.4545454545455, 'total_length': 2704, 'catalog_mark': '', 'ext': 'flac', 'img_count': 0, 'path': '/home/kuba/Muzyka/Grażyna Łobaszewska-2016-Sklejam się-Scans', 'is_supported': False}
2018.10.17 20:53:26-INFO: Catalog Crawler ends,

2018.10.17 20:53:26-INFO: Finding Album DiscogsID started
2018.10.17 20:53:26-INFO: Working on /home/kuba/Muzyka/Grażyna Łobaszewska-2016-Sklejam się-Scans
2018.10.17 20:53:26-INFO: metoda Album
2018.10.17 20:53:26-INFO: Connecting Discogs
Query: Sklejam się
2018.10.17 20:53:29-INFO: metoda Token
2018.10.17 20:53:29-INFO: Connecting Discogs
 Query: Grażyna Łobaszewska - Sklejam się
2018.10.17 20:53:32-INFO: metoda Variations
2018.10.17 20:53:32-INFO: Connecting Discogs
Query: Grażyna Łobaszewska
2018.10.17 20:53:34-INFO: <Artist 852231 'Grażyna Łobaszewska'>  aliases : ['G. Łobaszewska', 'Grazyna Lobaszewska']
2018.10.17 20:53:34-INFO: Connecting Discogs
Query: G. Łobaszewska - Sklejam się
2018.10.17 20:53:34-INFO: tried: G. Łobaszewska - Sklejam się
2018.10.17 20:53:36-INFO: Connecting Discogs
Query: Grazyna Lobaszewska - Sklejam się
2018.10.17 20:53:36-INFO: tried: Grazyna Lobaszewska - Sklejam się
2018.10.17 20:53:41-INFO: metoda Release
2018.10.17 20:53:41-INFO: Connecting Discogs
Query: Sklejam się
2018.10.17 20:53:42-INFO: Comparing Grażyna Łobaszewska, Ajagore - Sklejam Się
2018.10.17 20:53:42-INFO: Comparing Hurt (3) - Nowy Początek
2018.10.17 20:53:44-INFO: metoda Release2
2018.10.17 20:53:44-INFO: Connecting Discogs
Query: Grażyna Łobaszewska - Sklejam się
2018.10.17 20:53:45-INFO: Comparing Grażyna Łobaszewska Ajagore - Sklejam Się
2018.10.17 20:53:45-INFO: With Grażyna Łobaszewska - Sklejam się
2018.10.17 20:53:49-INFO: Save to DB started
2018.10.17 20:53:49-INFO: Catalog data inserted successfully
2018.10.17 20:53:49-DEBUG: Tries to insert : {'path': '/home/kuba/Muzyka/Grażyna Łobaszewska-2016-Sklejam się-Scans/03 Pomost.flac', 'ext': 'flac', 'album': 'Sklejam się', 'artist': 'Grażyna Łobaszewska', 'title': 'Pomost', 'date': '2016', 'length': 284, 'bitrate': 813}
2018.10.17 20:53:49-DEBUG: Tries to insert : {'path': '/home/kuba/Muzyka/Grażyna Łobaszewska-2016-Sklejam się-Scans/01 Sklejam się.flac', 'ext': 'flac', 'album': 'Sklejam się', 'artist': 'Grażyna Łobaszewska', 'title': 'Sklejam się', 'date': '2016', 'length': 209, 'bitrate': 876}
2018.10.17 20:53:49-DEBUG: Tries to insert : {'path': '/home/kuba/Muzyka/Grażyna Łobaszewska-2016-Sklejam się-Scans/05 Para-finał.flac', 'ext': 'flac', 'album': 'Sklejam się', 'artist': 'Grażyna Łobaszewska', 'title': 'Para-finał', 'date': '2016', 'length': 218, 'bitrate': 872}
2018.10.17 20:53:49-DEBUG: Tries to insert : {'path': '/home/kuba/Muzyka/Grażyna Łobaszewska-2016-Sklejam się-Scans/02 Filozof.flac', 'ext': 'flac', 'album': 'Sklejam się', 'artist': 'Grażyna Łobaszewska', 'title': 'Filozof', 'date': '2016', 'length': 275, 'bitrate': 771}
2018.10.17 20:53:49-DEBUG: Tries to insert : {'path': '/home/kuba/Muzyka/Grażyna Łobaszewska-2016-Sklejam się-Scans/08 Kurkuma.flac', 'ext': 'flac', 'album': 'Sklejam się', 'artist': 'Grażyna Łobaszewska', 'title': 'Kurkuma', 'date': '2016', 'length': 273, 'bitrate': 817}
2018.10.17 20:53:49-DEBUG: Tries to insert : {'path': '/home/kuba/Muzyka/Grażyna Łobaszewska-2016-Sklejam się-Scans/04 Anglia wita.flac', 'ext': 'flac', 'album': 'Sklejam się', 'artist': 'Grażyna Łobaszewska', 'title': 'Anglia wita', 'date': '2016', 'length': 335, 'bitrate': 773}
2018.10.17 20:53:49-DEBUG: Tries to insert : {'path': '/home/kuba/Muzyka/Grażyna Łobaszewska-2016-Sklejam się-Scans/07 Rzym płonie.flac', 'ext': 'flac', 'album': 'Sklejam się', 'artist': 'Grażyna Łobaszewska', 'title': 'Rzym płonie', 'date': '2016', 'length': 235, 'bitrate': 711}
2018.10.17 20:53:49-DEBUG: Tries to insert : {'path': '/home/kuba/Muzyka/Grażyna Łobaszewska-2016-Sklejam się-Scans/10 Szpilki.flac', 'ext': 'flac', 'album': 'Sklejam się', 'artist': 'Grażyna Łobaszewska', 'title': 'Szpilki', 'date': '2016', 'length': 204, 'bitrate': 917}
2018.10.17 20:53:49-DEBUG: Tries to insert : {'path': '/home/kuba/Muzyka/Grażyna Łobaszewska-2016-Sklejam się-Scans/06 Pełnia szczęść.flac', 'ext': 'flac', 'album': 'Sklejam się', 'artist': 'Grażyna Łobaszewska', 'title': 'Pełnia szczęść', 'date': '2016', 'length': 213, 'bitrate': 931}
2018.10.17 20:53:49-DEBUG: Tries to insert : {'path': '/home/kuba/Muzyka/Grażyna Łobaszewska-2016-Sklejam się-Scans/11 Pełnoletni.flac', 'ext': 'flac', 'album': 'Sklejam się', 'artist': 'Grażyna Łobaszewska', 'title': 'Pełnoletni', 'date': '2016', 'length': 221, 'bitrate': 797}
2018.10.17 20:53:49-DEBUG: Tries to insert : {'path': '/home/kuba/Muzyka/Grażyna Łobaszewska-2016-Sklejam się-Scans/09 Ole gondola.flac', 'ext': 'flac', 'album': 'Sklejam się', 'artist': 'Grażyna Łobaszewska', 'title': 'Ole gondola', 'date': '2016', 'length': 237, 'bitrate': 868}
2018.10.17 20:53:49-INFO: Catalog data inserted successfully
2018.10.17 20:53:49-INFO: Data Commited
