2018.10.17 20:58:02-INFO: OS : Linux
2018.10.17 20:58:02-INFO: catalog_collector Function starts
2018.10.17 20:58:02-DEBUG: Catalog Cache File not found
2018.10.17 20:58:02-DEBUG: Starting reading library
2018.10.17 20:58:02-INFO: Library reading ended with 22 directories
2018.10.17 20:58:02-INFO: catalog_collector Function ended


2018.10.17 20:58:02-INFO: Skipped <sqlite3.Row object at 0x7f5f2daf3ed0>
2018.10.17 20:58:02-INFO: Skipped <sqlite3.Row object at 0x7f5f2daf3f50>
2018.10.17 20:58:02-INFO: Skipped <sqlite3.Row object at 0x7f5f2daf3f30>
2018.10.17 20:58:02-INFO: Skipped <sqlite3.Row object at 0x7f5f2daf3ed0>
2018.10.17 20:58:02-INFO: Skipped <sqlite3.Row object at 0x7f5f2daf3f50>
2018.10.17 20:58:02-INFO: Catalog Crawler starts
2018.10.17 20:58:02-DEBUG: Files found in catalog : ['05 Feel Like Home.ogg', '19 The Hard Way.ogg', '14 Red to Black.ogg', '13 Kenji.ogg', '04 Petrified.ogg', '10 Believe Me.ogg', '12 High Road.ogg', '16 Slip Out the Back.ogg', '07 In Stereo.ogg', '18 There They Go.ogg', "06 Where'd You Go.ogg", '11 Get me Gone.ogg', '09 Cigarettes.ogg', '02 Remember the Name.ogg', '01 Introduction.ogg', '15 The Battle.ogg', '03 Right Now.ogg', '17 Be Somebody.ogg', '08 Back Home.ogg']
2018.10.17 20:58:02-INFO: Starting loop through files

2018.10.17 20:58:02-INFO: File Crawler for starts for file : /home/kuba/Muzyka/The Rising Tied/05 Feel Like Home.ogg
2018.10.17 20:58:02-DEBUG: Handling file by taglib - correct
2018.10.17 20:58:02-INFO: All file attributes collected correct
2018.10.17 20:58:02-INFO: {'path': '/home/kuba/Muzyka/The Rising Tied/05 Feel Like Home.ogg', 'ext': 'ogg', 'album': 'The Rising Tied', 'artist': 'Fort Minor y Styles of Beyond', 'title': 'Feel Like Home', 'date': '2005', 'length': 233, 'bitrate': 86}

2018.10.17 20:58:02-INFO: File Crawler for starts for file : /home/kuba/Muzyka/The Rising Tied/19 The Hard Way.ogg
2018.10.17 20:58:02-DEBUG: Handling file by taglib - correct
2018.10.17 20:58:02-INFO: All file attributes collected correct
2018.10.17 20:58:02-INFO: {'path': '/home/kuba/Muzyka/The Rising Tied/19 The Hard Way.ogg', 'ext': 'ogg', 'album': 'The Rising Tied', 'artist': 'Fort Minor', 'title': 'The Hard Way', 'date': '2001', 'length': 234, 'bitrate': 93}

2018.10.17 20:58:02-INFO: File Crawler for starts for file : /home/kuba/Muzyka/The Rising Tied/14 Red to Black.ogg
2018.10.17 20:58:02-DEBUG: Handling file by taglib - correct
2018.10.17 20:58:02-INFO: All file attributes collected correct
2018.10.17 20:58:02-INFO: {'path': '/home/kuba/Muzyka/The Rising Tied/14 Red to Black.ogg', 'ext': 'ogg', 'album': 'The Rising Tied', 'artist': 'Fort Minor, Kenna, Jonah Matranga y Styles of Beyond', 'title': 'Red To Black', 'date': '2005', 'length': 192, 'bitrate': 81}

2018.10.17 20:58:02-INFO: File Crawler for starts for file : /home/kuba/Muzyka/The Rising Tied/13 Kenji.ogg
2018.10.17 20:58:02-DEBUG: Handling file by taglib - correct
2018.10.17 20:58:02-INFO: All file attributes collected correct
2018.10.17 20:58:02-INFO: {'path': '/home/kuba/Muzyka/The Rising Tied/13 Kenji.ogg', 'ext': 'ogg', 'album': 'The Rising Tied', 'artist': 'Fort Minor', 'title': 'Kenji', 'date': '2005', 'length': 231, 'bitrate': 77}

2018.10.17 20:58:02-INFO: File Crawler for starts for file : /home/kuba/Muzyka/The Rising Tied/04 Petrified.ogg
2018.10.17 20:58:02-DEBUG: Handling file by taglib - correct
2018.10.17 20:58:02-INFO: All file attributes collected correct
2018.10.17 20:58:02-INFO: {'path': '/home/kuba/Muzyka/The Rising Tied/04 Petrified.ogg', 'ext': 'ogg', 'album': 'The Rising Tied', 'artist': 'Fort Minor', 'title': 'Petrified', 'date': '2005', 'length': 220, 'bitrate': 84}

2018.10.17 20:58:02-INFO: File Crawler for starts for file : /home/kuba/Muzyka/The Rising Tied/10 Believe Me.ogg
2018.10.17 20:58:02-DEBUG: Handling file by taglib - correct
2018.10.17 20:58:02-INFO: All file attributes collected correct
2018.10.17 20:58:02-INFO: {'path': '/home/kuba/Muzyka/The Rising Tied/10 Believe Me.ogg', 'ext': 'ogg', 'album': 'The Rising Tied', 'artist': 'Fort Minor, BoBo y Styles of Beyond', 'title': 'Believe Me', 'date': '2005', 'length': 223, 'bitrate': 81}

2018.10.17 20:58:02-INFO: File Crawler for starts for file : /home/kuba/Muzyka/The Rising Tied/12 High Road.ogg
2018.10.17 20:58:02-DEBUG: Handling file by taglib - correct
2018.10.17 20:58:02-INFO: All file attributes collected correct
2018.10.17 20:58:02-INFO: {'path': '/home/kuba/Muzyka/The Rising Tied/12 High Road.ogg', 'ext': 'ogg', 'album': 'The Rising Tied', 'artist': 'Fort Minor y John Legend', 'title': 'High Road', 'date': '2005', 'length': 196, 'bitrate': 84}

2018.10.17 20:58:02-INFO: File Crawler for starts for file : /home/kuba/Muzyka/The Rising Tied/16 Slip Out the Back.ogg
2018.10.17 20:58:02-DEBUG: Handling file by taglib - correct
2018.10.17 20:58:02-INFO: All file attributes collected correct
2018.10.17 20:58:02-INFO: {'path': '/home/kuba/Muzyka/The Rising Tied/16 Slip Out the Back.ogg', 'ext': 'ogg', 'album': 'The Rising Tied', 'artist': 'Fort Minor y Mr Hahn', 'title': 'Slip Out the Back', 'date': '2005', 'length': 236, 'bitrate': 82}

2018.10.17 20:58:02-INFO: File Crawler for starts for file : /home/kuba/Muzyka/The Rising Tied/07 In Stereo.ogg
2018.10.17 20:58:02-DEBUG: Handling file by taglib - correct
2018.10.17 20:58:02-INFO: All file attributes collected correct
2018.10.17 20:58:02-INFO: {'path': '/home/kuba/Muzyka/The Rising Tied/07 In Stereo.ogg', 'ext': 'ogg', 'album': 'The Rising Tied', 'artist': 'Fort Minor', 'title': 'In Stereo', 'date': '2005', 'length': 209, 'bitrate': 88}

2018.10.17 20:58:02-INFO: File Crawler for starts for file : /home/kuba/Muzyka/The Rising Tied/18 There They Go.ogg
2018.10.17 20:58:02-DEBUG: Handling file by taglib - correct
2018.10.17 20:58:02-INFO: All file attributes collected correct
2018.10.17 20:58:02-INFO: {'path': '/home/kuba/Muzyka/The Rising Tied/18 There They Go.ogg', 'ext': 'ogg', 'album': 'The Rising Tied', 'artist': 'Fort Minor y Sixx John', 'title': 'There They Go', 'date': '2005', 'length': 197, 'bitrate': 84}

2018.10.17 20:58:02-INFO: File Crawler for starts for file : /home/kuba/Muzyka/The Rising Tied/06 Where'd You Go.ogg
2018.10.17 20:58:02-DEBUG: Handling file by taglib - correct
2018.10.17 20:58:02-INFO: All file attributes collected correct
2018.10.17 20:58:02-INFO: {'path': "/home/kuba/Muzyka/The Rising Tied/06 Where'd You Go.ogg", 'ext': 'ogg', 'album': 'The Rising Tied', 'artist': 'Fort Minor, Holly Brook y Jonah Matranga', 'title': "Where'd You Go", 'date': '2005', 'length': 231, 'bitrate': 79}

2018.10.17 20:58:02-INFO: File Crawler for starts for file : /home/kuba/Muzyka/The Rising Tied/11 Get me Gone.ogg
2018.10.17 20:58:02-DEBUG: Handling file by taglib - correct
2018.10.17 20:58:02-INFO: All file attributes collected correct
2018.10.17 20:58:02-INFO: {'path': '/home/kuba/Muzyka/The Rising Tied/11 Get me Gone.ogg', 'ext': 'ogg', 'album': 'The Rising Tied', 'artist': 'Fort Minor', 'title': 'Get me Gone', 'date': '2005', 'length': 116, 'bitrate': 84}

2018.10.17 20:58:02-INFO: File Crawler for starts for file : /home/kuba/Muzyka/The Rising Tied/09 Cigarettes.ogg
2018.10.17 20:58:02-DEBUG: Handling file by taglib - correct
2018.10.17 20:58:02-INFO: All file attributes collected correct
2018.10.17 20:58:02-INFO: {'path': '/home/kuba/Muzyka/The Rising Tied/09 Cigarettes.ogg', 'ext': 'ogg', 'album': 'The Rising Tied', 'artist': 'Fort Minor', 'title': 'Cigarettes', 'date': '2005', 'length': 220, 'bitrate': 87}

2018.10.17 20:58:02-INFO: File Crawler for starts for file : /home/kuba/Muzyka/The Rising Tied/02 Remember the Name.ogg
2018.10.17 20:58:02-DEBUG: Handling file by taglib - correct
2018.10.17 20:58:02-INFO: All file attributes collected correct
2018.10.17 20:58:02-INFO: {'path': '/home/kuba/Muzyka/The Rising Tied/02 Remember the Name.ogg', 'ext': 'ogg', 'album': 'The Rising Tied', 'artist': 'Fort Minor y Styles of Beyond', 'title': 'Remember the Name', 'date': '2005', 'length': 230, 'bitrate': 86}

2018.10.17 20:58:02-INFO: File Crawler for starts for file : /home/kuba/Muzyka/The Rising Tied/01 Introduction.ogg
2018.10.17 20:58:02-DEBUG: Handling file by taglib - correct
2018.10.17 20:58:02-INFO: All file attributes collected correct
2018.10.17 20:58:02-INFO: {'path': '/home/kuba/Muzyka/The Rising Tied/01 Introduction.ogg', 'ext': 'ogg', 'album': 'The Rising Tied', 'artist': 'Fort Minor', 'title': 'Introduction', 'date': '2005', 'length': 43, 'bitrate': 88}

2018.10.17 20:58:02-INFO: File Crawler for starts for file : /home/kuba/Muzyka/The Rising Tied/15 The Battle.ogg
2018.10.17 20:58:02-DEBUG: Handling file by taglib - correct
2018.10.17 20:58:02-INFO: All file attributes collected correct
2018.10.17 20:58:02-INFO: {'path': '/home/kuba/Muzyka/The Rising Tied/15 The Battle.ogg', 'ext': 'ogg', 'album': 'The Rising Tied', 'artist': 'Fort Minor y Celph Titled', 'title': 'The Battle', 'date': '2005', 'length': 32, 'bitrate': 83}

2018.10.17 20:58:02-INFO: File Crawler for starts for file : /home/kuba/Muzyka/The Rising Tied/03 Right Now.ogg
2018.10.17 20:58:02-DEBUG: Handling file by taglib - correct
2018.10.17 20:58:02-INFO: All file attributes collected correct
2018.10.17 20:58:02-INFO: {'path': '/home/kuba/Muzyka/The Rising Tied/03 Right Now.ogg', 'ext': 'ogg', 'album': 'The Rising Tied', 'artist': 'Fort Minor, the Roots y Styles of Beyond', 'title': 'Right Now', 'date': '2005', 'length': 254, 'bitrate': 85}

2018.10.17 20:58:02-INFO: File Crawler for starts for file : /home/kuba/Muzyka/The Rising Tied/17 Be Somebody.ogg
2018.10.17 20:58:02-DEBUG: Handling file by taglib - correct
2018.10.17 20:58:02-INFO: All file attributes collected correct
2018.10.17 20:58:02-INFO: {'path': '/home/kuba/Muzyka/The Rising Tied/17 Be Somebody.ogg', 'ext': 'ogg', 'album': 'The Rising Tied', 'artist': 'Fort Minor, Lupe Fiasco, Holly Brook y Tak', 'title': 'Be Somebody', 'date': '2005', 'length': 195, 'bitrate': 82}

2018.10.17 20:58:02-INFO: File Crawler for starts for file : /home/kuba/Muzyka/The Rising Tied/08 Back Home.ogg
2018.10.17 20:58:02-DEBUG: Handling file by taglib - correct
2018.10.17 20:58:02-INFO: All file attributes collected correct
2018.10.17 20:58:02-INFO: {'path': '/home/kuba/Muzyka/The Rising Tied/08 Back Home.ogg', 'ext': 'ogg', 'album': 'The Rising Tied', 'artist': 'Fort Minor, Common y Styles of Beyond', 'title': 'Back Home', 'date': '2005', 'length': 224, 'bitrate': 80}

2018.10.17 20:58:02-INFO: 

2018.10.17 20:58:02-INFO: Loop through files ends succesfully

2018.10.17 20:58:02-INFO: Determine Catalog Attributes function starts

2018.10.17 20:58:02-DEBUG: Tries to guess Album name
2018.10.17 20:58:02-DEBUG: Found 1 proposition(s) : ['The Rising Tied']
2018.10.17 20:58:02-DEBUG: Album found : The Rising Tied
2018.10.17 20:58:02-DEBUG: Tries to guess Artist name
2018.10.17 20:58:02-DEBUG: Found 12 proposition(s) : ['Fort Minor y Styles of Beyond', 'Fort Minor', 'Fort Minor, Kenna, Jonah Matranga y Styles of Beyond', 'Fort Minor, BoBo y Styles of Beyond', 'Fort Minor y John Legend', 'Fort Minor y Mr Hahn', 'Fort Minor y Sixx John', 'Fort Minor, Holly Brook y Jonah Matranga', 'Fort Minor y Celph Titled', 'Fort Minor, the Roots y Styles of Beyond', 'Fort Minor, Lupe Fiasco, Holly Brook y Tak', 'Fort Minor, Common y Styles of Beyond']
2018.10.17 20:58:02-DEBUG: Many Artists found in this catalog
2018.10.17 20:58:02-INFO: Substring Finder Function starts
2018.10.17 20:58:02-DEBUG: Input : ['Fort Minor y Styles of Beyond', 'Fort Minor', 'Fort Minor, Kenna, Jonah Matranga y Styles of Beyond', 'Fort Minor, BoBo y Styles of Beyond', 'Fort Minor y John Legend', 'Fort Minor y Mr Hahn', 'Fort Minor y Sixx John', 'Fort Minor, Holly Brook y Jonah Matranga', 'Fort Minor y Celph Titled', 'Fort Minor, the Roots y Styles of Beyond', 'Fort Minor, Lupe Fiasco, Holly Brook y Tak', 'Fort Minor, Common y Styles of Beyond']

2018.10.17 20:58:02-DEBUG: find_longest_substring comparing pair: Fort Minor y Styles of Beyond and Fort Minor
2018.10.17 20:58:02-DEBUG: Selected : Fort Minor
2018.10.17 20:58:02-DEBUG: find_longest_substring comparing pair: Fort Minor and Fort Minor, Kenna, Jonah Matranga y Styles of Beyond
2018.10.17 20:58:02-DEBUG: Selected : Fort Minor
2018.10.17 20:58:02-DEBUG: find_longest_substring comparing pair: Fort Minor, Kenna, Jonah Matranga y Styles of Beyond and Fort Minor, BoBo y Styles of Beyond
2018.10.17 20:58:02-DEBUG: Selected :  y Styles of Beyond
2018.10.17 20:58:02-DEBUG: find_longest_substring comparing pair: Fort Minor, BoBo y Styles of Beyond and Fort Minor y John Legend
2018.10.17 20:58:02-DEBUG: Selected : Fort Minor
2018.10.17 20:58:02-DEBUG: find_longest_substring comparing pair: Fort Minor y John Legend and Fort Minor y Mr Hahn
2018.10.17 20:58:02-DEBUG: Selected : Fort Minor y 
2018.10.17 20:58:02-DEBUG: find_longest_substring comparing pair: Fort Minor y Mr Hahn and Fort Minor y Sixx John
2018.10.17 20:58:02-DEBUG: Selected : Fort Minor y 
2018.10.17 20:58:02-DEBUG: find_longest_substring comparing pair: Fort Minor y Sixx John and Fort Minor, Holly Brook y Jonah Matranga
2018.10.17 20:58:02-DEBUG: Selected : Fort Minor
2018.10.17 20:58:02-DEBUG: find_longest_substring comparing pair: Fort Minor, Holly Brook y Jonah Matranga and Fort Minor y Celph Titled
2018.10.17 20:58:02-DEBUG: Selected : Fort Minor
2018.10.17 20:58:02-DEBUG: find_longest_substring comparing pair: Fort Minor y Celph Titled and Fort Minor, the Roots y Styles of Beyond
2018.10.17 20:58:02-DEBUG: Selected : Fort Minor
2018.10.17 20:58:02-DEBUG: find_longest_substring comparing pair: Fort Minor, the Roots y Styles of Beyond and Fort Minor, Lupe Fiasco, Holly Brook y Tak
2018.10.17 20:58:02-DEBUG: Selected : Fort Minor, 
2018.10.17 20:58:02-DEBUG: find_longest_substring comparing pair: Fort Minor, Lupe Fiasco, Holly Brook y Tak and Fort Minor, Common y Styles of Beyond
2018.10.17 20:58:02-DEBUG: Selected : Fort Minor, 
2018.10.17 20:58:02-INFO: Existing substrings : ['Fort Minor', ' y Styles of Beyond', 'Fort Minor y ', 'Fort Minor, ']
2018.10.17 20:58:02-DEBUG: Checking if Fort Minor has a substring with all
2018.10.17 20:58:02-DEBUG: find_longest_substring comparing pair: Fort Minor and Fort Minor y Styles of Beyond
2018.10.17 20:58:02-DEBUG: Selected : Fort Minor
2018.10.17 20:58:02-DEBUG: find_longest_substring comparing pair: Fort Minor and Fort Minor
2018.10.17 20:58:02-DEBUG: Selected : Fort Minor
2018.10.17 20:58:02-DEBUG: find_longest_substring comparing pair: Fort Minor and Fort Minor, Kenna, Jonah Matranga y Styles of Beyond
2018.10.17 20:58:02-DEBUG: Selected : Fort Minor
2018.10.17 20:58:02-DEBUG: find_longest_substring comparing pair: Fort Minor and Fort Minor, BoBo y Styles of Beyond
2018.10.17 20:58:02-DEBUG: Selected : Fort Minor
2018.10.17 20:58:02-DEBUG: find_longest_substring comparing pair: Fort Minor and Fort Minor y John Legend
2018.10.17 20:58:02-DEBUG: Selected : Fort Minor
2018.10.17 20:58:02-DEBUG: find_longest_substring comparing pair: Fort Minor and Fort Minor y Mr Hahn
2018.10.17 20:58:02-DEBUG: Selected : Fort Minor
2018.10.17 20:58:02-DEBUG: find_longest_substring comparing pair: Fort Minor and Fort Minor y Sixx John
2018.10.17 20:58:02-DEBUG: Selected : Fort Minor
2018.10.17 20:58:02-DEBUG: find_longest_substring comparing pair: Fort Minor and Fort Minor, Holly Brook y Jonah Matranga
2018.10.17 20:58:02-DEBUG: Selected : Fort Minor
2018.10.17 20:58:02-DEBUG: find_longest_substring comparing pair: Fort Minor and Fort Minor y Celph Titled
2018.10.17 20:58:02-DEBUG: Selected : Fort Minor
2018.10.17 20:58:02-DEBUG: find_longest_substring comparing pair: Fort Minor and Fort Minor, the Roots y Styles of Beyond
2018.10.17 20:58:02-DEBUG: Selected : Fort Minor
2018.10.17 20:58:02-DEBUG: find_longest_substring comparing pair: Fort Minor and Fort Minor, Lupe Fiasco, Holly Brook y Tak
2018.10.17 20:58:02-DEBUG: Selected : Fort Minor
2018.10.17 20:58:02-DEBUG: find_longest_substring comparing pair: Fort Minor and Fort Minor, Common y Styles of Beyond
2018.10.17 20:58:02-DEBUG: Selected : Fort Minor
2018.10.17 20:58:02-DEBUG: Fort Minor has a match with all files in dir
2018.10.17 20:58:02-INFO: ***Connecting Discogs			Query: Fort Minor
2018.10.17 20:58:03-DEBUG: Found an artist in discogs database : Fort Minor
2018.10.17 20:58:03-DEBUG: Checking if my match Fort Minor,  fits to Fort Minor
2018.10.17 20:58:03-DEBUG: Found match : Fort Minor, , that exists on Discogs
2018.10.17 20:58:05-DEBUG: Checking if  y Styles of Beyond has a substring with all
2018.10.17 20:58:05-DEBUG: find_longest_substring comparing pair:  y Styles of Beyond and Fort Minor y Styles of Beyond
2018.10.17 20:58:05-DEBUG: Selected :  y Styles of Beyond
2018.10.17 20:58:05-DEBUG: find_longest_substring comparing pair:  y Styles of Beyond and Fort Minor
2018.10.17 20:58:05-DEBUG: Selected :  
2018.10.17 20:58:05-DEBUG:  y Styles of Beyond is not a match
2018.10.17 20:58:05-DEBUG: Checking if Fort Minor y  has a substring with all
2018.10.17 20:58:05-DEBUG: find_longest_substring comparing pair: Fort Minor y  and Fort Minor y Styles of Beyond
2018.10.17 20:58:05-DEBUG: Selected : Fort Minor y 
2018.10.17 20:58:05-DEBUG: find_longest_substring comparing pair: Fort Minor y  and Fort Minor
2018.10.17 20:58:05-DEBUG: Selected : Fort Minor
2018.10.17 20:58:05-DEBUG: Fort Minor y  is not a match
2018.10.17 20:58:05-DEBUG: Checking if Fort Minor,  has a substring with all
2018.10.17 20:58:05-DEBUG: find_longest_substring comparing pair: Fort Minor,  and Fort Minor y Styles of Beyond
2018.10.17 20:58:05-DEBUG: Selected : Fort Minor
2018.10.17 20:58:05-DEBUG: Fort Minor,  is not a match
2018.10.17 20:58:05-INFO: Substring Finder did not found any match

2018.10.17 20:58:05-DEBUG: Identified Various Artist as an artist
2018.10.17 20:58:05-DEBUG: Tries to guess date of album
2018.10.17 20:58:05-DEBUG: Date unreckognized
2018.10.17 20:58:05-DEBUG: Computing average bitrate of files
2018.10.17 20:58:05-DEBUG: Computing total length of files
2018.10.17 20:58:05-INFO: reckognized Catalog Attributes:
Artist: Various Artist        
Album: The Rising Tied
Date: 
AvgBitrate: 83.89473684210526
CatalogSym        
Total Length: 1:01:56


2018.10.17 20:58:05-DEBUG: returns {'album': 'The Rising Tied', 'artist': 'Various Artist', 'date': '', 'avg_bitrate': 83.89473684210526, 'total_length': 3716, 'catalog_mark': '', 'ext': 'ogg', 'img_count': 0, 'path': '/home/kuba/Muzyka/The Rising Tied', 'is_supported': True}
2018.10.17 20:58:05-INFO: Catalog Crawler ends,

2018.10.17 20:58:05-INFO: Finding Album DiscogsID started
2018.10.17 20:58:05-INFO: Working on /home/kuba/Muzyka/The Rising Tied
2018.10.17 20:58:05-INFO: metoda Album
2018.10.17 20:58:05-INFO: Connecting Discogs
Query: The Rising Tied
2018.10.17 20:58:06-INFO: Comparing Fort Minor - The Rising Tied
2018.10.17 20:58:06-INFO: Comparing Swingin' Utters - Drowning In The Sea, Rising With The Sun
2018.10.17 20:58:06-INFO: Comparing Sicarii - Within Your City Walls A Rising Storm
2018.10.17 20:58:06-INFO: Comparing Neil Halstead - Palindrome Hunches
2018.10.17 20:58:06-INFO: Comparing Controlled Bleeding / Doc Wör Mirran - Pets For Meat / The Gylsboda Snake
2018.10.17 20:58:06-INFO: Comparing Chris & Carla - Swinger 500
2018.10.17 20:58:06-INFO: Comparing My Life With The Thrill Kill Kult - Sinister Whisperz: The Wax Trax! Years (1987-1991)
2018.10.17 20:58:06-INFO: Comparing Hirax - Immortal Legacy
2018.10.17 20:58:06-INFO: Comparing Various - Dry Lungs V
2018.10.17 20:58:06-INFO: Comparing Marilyn Manson - Antichrist Superstar
2018.10.17 20:58:06-INFO: Comparing Various - The Rise And Fall Of Paramount Records 1928-1932, Volume 2
2018.10.17 20:58:06-INFO: Comparing Various - Triple J's Hottest 100 Volume 19
2018.10.17 20:58:06-INFO: Comparing 142 - Demo
2018.10.17 20:58:06-INFO: Comparing Space Chaser, Distillator - Split Album
2018.10.17 20:58:08-INFO: metoda Token
2018.10.17 20:58:08-INFO: Connecting Discogs
 Query: Various Artist - The Rising Tied
2018.10.17 20:58:09-INFO: Various - The Rise And Fall Of Paramount Records 1928-1932, Volume 2
2018.10.17 20:58:09-INFO: Comparing Various - The Rise And Fall Of Paramount Records 1928-1932, Volume 2
2018.10.17 20:58:11-INFO: metoda Variations
2018.10.17 20:58:11-INFO: Connecting Discogs
Query: Various Artist
2018.10.17 20:58:13-INFO: <Artist 35584 'Various Artists (3)'>  aliases : ['V/A']
2018.10.17 20:58:13-INFO: Connecting Discogs
Query: V/A - The Rising Tied
2018.10.17 20:58:13-INFO: tried: V/A - The Rising Tied
2018.10.17 20:58:14-INFO: Comparing Various - Dry Lungs V
2018.10.17 20:58:14-INFO: Comparing Hirax - Immortal Legacy
2018.10.17 20:58:14-INFO: Comparing Various - The Rise And Fall Of Paramount Records 1928-1932, Volume 2
2018.10.17 20:58:18-INFO: metoda Release
2018.10.17 20:58:18-INFO: Connecting Discogs
Query: The Rising Tied
2018.10.17 20:58:19-INFO: Comparing Fort Minor - The Rising Tied
2018.10.17 20:58:19-INFO: Comparing Fort Minor - The Rising Tied
2018.10.17 20:58:19-INFO: Comparing Fort Minor - The Rising Tied
2018.10.17 20:58:19-INFO: Comparing Fort Minor - The Rising Tied
2018.10.17 20:58:19-INFO: Comparing Fort Minor - The Rising Tied
2018.10.17 20:58:19-INFO: Comparing Fort Minor - The Rising Tied
2018.10.17 20:58:19-INFO: Comparing Fort Minor - The Rising Tied
2018.10.17 20:58:19-INFO: Comparing Fort Minor - The Rising Tied
2018.10.17 20:58:19-INFO: Comparing Fort Minor - The Rising Tied
2018.10.17 20:58:19-INFO: Comparing Fort Minor - The Rising Tied
2018.10.17 20:58:19-INFO: Comparing Fort Minor - The Rising Tied
2018.10.17 20:58:19-INFO: Comparing Fort Minor - The Rising Tied
2018.10.17 20:58:19-INFO: Comparing Fort Minor - The Rising Tied
2018.10.17 20:58:19-INFO: Comparing Fort Minor - The Rising Tied
2018.10.17 20:58:19-INFO: Comparing Fort Minor - Instrumental Album: The Rising Tied
2018.10.17 20:58:19-INFO: Comparing Fort Minor - The Rising Tied
2018.10.17 20:58:19-INFO: Comparing Fort Minor - The Rising Tied
2018.10.17 20:58:19-INFO: Comparing Fort Minor - The Rising Tied
2018.10.17 20:58:19-INFO: Comparing Fort Minor - The Rising Tied
2018.10.17 20:58:19-INFO: Comparing Fort Minor - The Rising Tied
2018.10.17 20:58:19-INFO: Comparing Fort Minor - The Rising Tied
2018.10.17 20:58:19-INFO: Comparing Fort Minor - The Rising Tied
2018.10.17 20:58:19-INFO: Comparing Fort Minor - The Rising Tied
2018.10.17 20:58:19-INFO: Comparing Fort Minor - The Rising Tied
2018.10.17 20:58:19-INFO: Comparing Fort Minor - The Rising Tied
2018.10.17 20:58:19-INFO: Comparing Fort Minor - The Rising Tied
2018.10.17 20:58:19-INFO: Comparing Fort Minor - The Rising Tied
2018.10.17 20:58:19-INFO: Comparing Fort Minor - The Rising Tied
2018.10.17 20:58:19-INFO: Comparing Fort Minor - The Rising Tied
2018.10.17 20:58:19-INFO: Comparing Fort Minor - The Rising Tied 
2018.10.17 20:58:19-INFO: Comparing Fort Minor - The Rising Tied
2018.10.17 20:58:19-INFO: Comparing Fort Minor - The Rising Tied
2018.10.17 20:58:19-INFO: Comparing Fort Minor - The Rising Tied
2018.10.17 20:58:19-INFO: Comparing Fort Minor - The Rising Tied
2018.10.17 20:58:19-INFO: Comparing Fort Minor - The Rising Tied
2018.10.17 20:58:19-INFO: Comparing Fort Minor - The Rising Tied
2018.10.17 20:58:19-INFO: Comparing Fort Minor - The Rising Tied
2018.10.17 20:58:19-INFO: Comparing Fort Minor - The Rising Tied
2018.10.17 20:58:19-INFO: Comparing Fort Minor - The Rising Tied
2018.10.17 20:58:19-INFO: Comparing Swingin' Utters - Drowning In The Sea, Rising With The Sun
2018.10.17 20:58:19-INFO: Comparing Swingin' Utters - Drowning In The Sea, Rising With The Sun
2018.10.17 20:58:19-INFO: Comparing Sicarii - Within Your City Walls A Rising Storm
2018.10.17 20:58:19-INFO: Comparing Controlled Bleeding / Doc Wör Mirran - Pets For Meat / The Gylsboda Snake
2018.10.17 20:58:19-INFO: Comparing Neil Halstead - Palindrome Hunches
2018.10.17 20:58:19-INFO: Comparing Hirax - Immortal Legacy
2018.10.17 20:58:19-INFO: Comparing Chris & Carla - Swinger 500
2018.10.17 20:58:19-INFO: Comparing Neil Halstead - Palindrome Hunches
2018.10.17 20:58:19-INFO: Comparing Neil Halstead - Palindrome Hunches
2018.10.17 20:58:19-INFO: Comparing Neil Halstead - Palindrome Hunches
2018.10.17 20:58:19-INFO: Comparing Swingin' Utters - Drowning In The Sea, Rising With The Sun
2018.10.17 20:58:21-INFO: metoda Release2
2018.10.17 20:58:21-INFO: Connecting Discogs
Query: Various Artist - The Rising Tied
2018.10.17 20:58:22-INFO: Comparing Various - The Rise And Fall Of Paramount Records 19281932 Volume 2
2018.10.17 20:58:22-INFO: With Various Artist - The Rising Tied
2018.10.17 20:58:22-INFO: Comparing Various - Anthems Of Rust  Decay
2018.10.17 20:58:22-INFO: With Various Artist - The Rising Tied
2018.10.17 20:58:22-INFO: Comparing Various - Dry Lungs V
2018.10.17 20:58:22-INFO: With Various Artist - The Rising Tied
2018.10.17 20:58:26-INFO: Save to DB started
2018.10.17 20:58:26-INFO: Catalog data inserted successfully
2018.10.17 20:58:26-DEBUG: Tries to insert : {'path': '/home/kuba/Muzyka/The Rising Tied/05 Feel Like Home.ogg', 'ext': 'ogg', 'album': 'The Rising Tied', 'artist': 'Fort Minor y Styles of Beyond', 'title': 'Feel Like Home', 'date': '2005', 'length': 233, 'bitrate': 86}
2018.10.17 20:58:26-DEBUG: Tries to insert : {'path': '/home/kuba/Muzyka/The Rising Tied/19 The Hard Way.ogg', 'ext': 'ogg', 'album': 'The Rising Tied', 'artist': 'Fort Minor', 'title': 'The Hard Way', 'date': '2001', 'length': 234, 'bitrate': 93}
2018.10.17 20:58:26-DEBUG: Tries to insert : {'path': '/home/kuba/Muzyka/The Rising Tied/14 Red to Black.ogg', 'ext': 'ogg', 'album': 'The Rising Tied', 'artist': 'Fort Minor, Kenna, Jonah Matranga y Styles of Beyond', 'title': 'Red To Black', 'date': '2005', 'length': 192, 'bitrate': 81}
2018.10.17 20:58:26-DEBUG: Tries to insert : {'path': '/home/kuba/Muzyka/The Rising Tied/13 Kenji.ogg', 'ext': 'ogg', 'album': 'The Rising Tied', 'artist': 'Fort Minor', 'title': 'Kenji', 'date': '2005', 'length': 231, 'bitrate': 77}
2018.10.17 20:58:26-DEBUG: Tries to insert : {'path': '/home/kuba/Muzyka/The Rising Tied/04 Petrified.ogg', 'ext': 'ogg', 'album': 'The Rising Tied', 'artist': 'Fort Minor', 'title': 'Petrified', 'date': '2005', 'length': 220, 'bitrate': 84}
2018.10.17 20:58:26-DEBUG: Tries to insert : {'path': '/home/kuba/Muzyka/The Rising Tied/10 Believe Me.ogg', 'ext': 'ogg', 'album': 'The Rising Tied', 'artist': 'Fort Minor, BoBo y Styles of Beyond', 'title': 'Believe Me', 'date': '2005', 'length': 223, 'bitrate': 81}
2018.10.17 20:58:26-DEBUG: Tries to insert : {'path': '/home/kuba/Muzyka/The Rising Tied/12 High Road.ogg', 'ext': 'ogg', 'album': 'The Rising Tied', 'artist': 'Fort Minor y John Legend', 'title': 'High Road', 'date': '2005', 'length': 196, 'bitrate': 84}
2018.10.17 20:58:26-DEBUG: Tries to insert : {'path': '/home/kuba/Muzyka/The Rising Tied/16 Slip Out the Back.ogg', 'ext': 'ogg', 'album': 'The Rising Tied', 'artist': 'Fort Minor y Mr Hahn', 'title': 'Slip Out the Back', 'date': '2005', 'length': 236, 'bitrate': 82}
2018.10.17 20:58:26-DEBUG: Tries to insert : {'path': '/home/kuba/Muzyka/The Rising Tied/07 In Stereo.ogg', 'ext': 'ogg', 'album': 'The Rising Tied', 'artist': 'Fort Minor', 'title': 'In Stereo', 'date': '2005', 'length': 209, 'bitrate': 88}
2018.10.17 20:58:26-DEBUG: Tries to insert : {'path': '/home/kuba/Muzyka/The Rising Tied/18 There They Go.ogg', 'ext': 'ogg', 'album': 'The Rising Tied', 'artist': 'Fort Minor y Sixx John', 'title': 'There They Go', 'date': '2005', 'length': 197, 'bitrate': 84}
2018.10.17 20:58:26-DEBUG: Tries to insert : {'path': "/home/kuba/Muzyka/The Rising Tied/06 Where'd You Go.ogg", 'ext': 'ogg', 'album': 'The Rising Tied', 'artist': 'Fort Minor, Holly Brook y Jonah Matranga', 'title': "Where'd You Go", 'date': '2005', 'length': 231, 'bitrate': 79}
2018.10.17 20:58:26-DEBUG: Tries to insert : {'path': '/home/kuba/Muzyka/The Rising Tied/11 Get me Gone.ogg', 'ext': 'ogg', 'album': 'The Rising Tied', 'artist': 'Fort Minor', 'title': 'Get me Gone', 'date': '2005', 'length': 116, 'bitrate': 84}
2018.10.17 20:58:26-DEBUG: Tries to insert : {'path': '/home/kuba/Muzyka/The Rising Tied/09 Cigarettes.ogg', 'ext': 'ogg', 'album': 'The Rising Tied', 'artist': 'Fort Minor', 'title': 'Cigarettes', 'date': '2005', 'length': 220, 'bitrate': 87}
2018.10.17 20:58:26-DEBUG: Tries to insert : {'path': '/home/kuba/Muzyka/The Rising Tied/02 Remember the Name.ogg', 'ext': 'ogg', 'album': 'The Rising Tied', 'artist': 'Fort Minor y Styles of Beyond', 'title': 'Remember the Name', 'date': '2005', 'length': 230, 'bitrate': 86}
2018.10.17 20:58:26-DEBUG: Tries to insert : {'path': '/home/kuba/Muzyka/The Rising Tied/01 Introduction.ogg', 'ext': 'ogg', 'album': 'The Rising Tied', 'artist': 'Fort Minor', 'title': 'Introduction', 'date': '2005', 'length': 43, 'bitrate': 88}
2018.10.17 20:58:26-DEBUG: Tries to insert : {'path': '/home/kuba/Muzyka/The Rising Tied/15 The Battle.ogg', 'ext': 'ogg', 'album': 'The Rising Tied', 'artist': 'Fort Minor y Celph Titled', 'title': 'The Battle', 'date': '2005', 'length': 32, 'bitrate': 83}
2018.10.17 20:58:26-DEBUG: Tries to insert : {'path': '/home/kuba/Muzyka/The Rising Tied/03 Right Now.ogg', 'ext': 'ogg', 'album': 'The Rising Tied', 'artist': 'Fort Minor, the Roots y Styles of Beyond', 'title': 'Right Now', 'date': '2005', 'length': 254, 'bitrate': 85}
2018.10.17 20:58:26-DEBUG: Tries to insert : {'path': '/home/kuba/Muzyka/The Rising Tied/17 Be Somebody.ogg', 'ext': 'ogg', 'album': 'The Rising Tied', 'artist': 'Fort Minor, Lupe Fiasco, Holly Brook y Tak', 'title': 'Be Somebody', 'date': '2005', 'length': 195, 'bitrate': 82}
2018.10.17 20:58:26-DEBUG: Tries to insert : {'path': '/home/kuba/Muzyka/The Rising Tied/08 Back Home.ogg', 'ext': 'ogg', 'album': 'The Rising Tied', 'artist': 'Fort Minor, Common y Styles of Beyond', 'title': 'Back Home', 'date': '2005', 'length': 224, 'bitrate': 80}
2018.10.17 20:58:26-INFO: Catalog data inserted successfully
2018.10.17 20:58:26-INFO: Data Commited
2018.10.17 20:58:26-INFO: Catalog Crawler starts
2018.10.17 20:58:26-DEBUG: Files found in catalog : ['12. Hey - What about me.mp3', "09. Hey - That's a lie.mp3", '11. Hey - Maliny się kończą.mp3', '10. Hey - Chyba.mp3', 'Hey - Ho - Cover - Front.jpg', 'Hey - Ho - Cover - Back.jpg', '13. Hey - Ho.mp3']
2018.10.17 20:58:26-INFO: Starting loop through files

2018.10.17 20:58:26-INFO: File Crawler for starts for file : /home/kuba/Muzyka/!!!--INCOMPLETE-- Hey (1994) - Ho!/12. Hey - What about me.mp3
2018.10.17 20:58:26-DEBUG: Handling file by taglib - correct
2018.10.17 20:58:26-INFO: All file attributes collected correct
2018.10.17 20:58:26-INFO: {'path': '/home/kuba/Muzyka/!!!--INCOMPLETE-- Hey (1994) - Ho!/12. Hey - What about me.mp3', 'ext': 'mp3', 'album': 'Ho', 'artist': 'Hey', 'title': 'What about me', 'date': '1994', 'length': 260, 'bitrate': 128}

2018.10.17 20:58:26-INFO: File Crawler for starts for file : /home/kuba/Muzyka/!!!--INCOMPLETE-- Hey (1994) - Ho!/09. Hey - That's a lie.mp3
2018.10.17 20:58:26-DEBUG: Handling file by taglib - correct
2018.10.17 20:58:26-INFO: All file attributes collected correct
2018.10.17 20:58:26-INFO: {'path': "/home/kuba/Muzyka/!!!--INCOMPLETE-- Hey (1994) - Ho!/09. Hey - That's a lie.mp3", 'ext': 'mp3', 'album': 'Ho', 'artist': 'Hey', 'title': "That's a lie", 'date': '1994', 'length': 238, 'bitrate': 128}

2018.10.17 20:58:26-INFO: File Crawler for starts for file : /home/kuba/Muzyka/!!!--INCOMPLETE-- Hey (1994) - Ho!/11. Hey - Maliny się kończą.mp3
2018.10.17 20:58:26-DEBUG: Handling file by taglib - correct
2018.10.17 20:58:26-INFO: All file attributes collected correct
2018.10.17 20:58:26-INFO: {'path': '/home/kuba/Muzyka/!!!--INCOMPLETE-- Hey (1994) - Ho!/11. Hey - Maliny się kończą.mp3', 'ext': 'mp3', 'album': 'Ho', 'artist': 'Hey', 'title': 'Maliny siê koñcz¹', 'date': '1994', 'length': 319, 'bitrate': 128}

2018.10.17 20:58:26-INFO: File Crawler for starts for file : /home/kuba/Muzyka/!!!--INCOMPLETE-- Hey (1994) - Ho!/10. Hey - Chyba.mp3
2018.10.17 20:58:26-DEBUG: Handling file by taglib - correct
2018.10.17 20:58:26-INFO: All file attributes collected correct
2018.10.17 20:58:26-INFO: {'path': '/home/kuba/Muzyka/!!!--INCOMPLETE-- Hey (1994) - Ho!/10. Hey - Chyba.mp3', 'ext': 'mp3', 'album': 'Ho', 'artist': 'Hey', 'title': 'Chyba', 'date': '1994', 'length': 64, 'bitrate': 128}

2018.10.17 20:58:26-INFO: File Crawler for starts for file : /home/kuba/Muzyka/!!!--INCOMPLETE-- Hey (1994) - Ho!/13. Hey - Ho.mp3
2018.10.17 20:58:26-DEBUG: Handling file by taglib - correct
2018.10.17 20:58:26-INFO: All file attributes collected correct
2018.10.17 20:58:26-INFO: {'path': '/home/kuba/Muzyka/!!!--INCOMPLETE-- Hey (1994) - Ho!/13. Hey - Ho.mp3', 'ext': 'mp3', 'album': 'Ho', 'artist': 'Hey', 'title': 'Ho', 'date': '1994', 'length': 247, 'bitrate': 128}

2018.10.17 20:58:26-INFO: 

2018.10.17 20:58:26-INFO: Loop through files ends succesfully

2018.10.17 20:58:26-INFO: Determine Catalog Attributes function starts

2018.10.17 20:58:26-DEBUG: Tries to guess Album name
2018.10.17 20:58:26-DEBUG: Found 1 proposition(s) : ['Ho']
2018.10.17 20:58:26-DEBUG: Album found : Ho
2018.10.17 20:58:26-DEBUG: Tries to guess Artist name
2018.10.17 20:58:26-DEBUG: Found 1 proposition(s) : ['Hey']
2018.10.17 20:58:26-DEBUG: Artist found : Hey
2018.10.17 20:58:26-DEBUG: Tries to guess date of album
2018.10.17 20:58:26-DEBUG: Date recognized : 1994
2018.10.17 20:58:26-DEBUG: Computing average bitrate of files
2018.10.17 20:58:26-DEBUG: Computing total length of files
2018.10.17 20:58:26-INFO: reckognized Catalog Attributes:
Artist: Hey        
Album: Ho
Date: 1994
AvgBitrate: 128.0
CatalogSym        
Total Length: 0:18:48


2018.10.17 20:58:26-DEBUG: returns {'album': 'Ho', 'artist': 'Hey', 'date': '1994', 'avg_bitrate': 128.0, 'total_length': 1128, 'catalog_mark': '', 'ext': 'mp3', 'img_count': 2, 'path': '/home/kuba/Muzyka/!!!--INCOMPLETE-- Hey (1994) - Ho!', 'is_supported': True}
2018.10.17 20:58:26-INFO: Catalog Crawler ends,

2018.10.17 20:58:26-INFO: Finding Album DiscogsID started
2018.10.17 20:58:26-INFO: Working on /home/kuba/Muzyka/!!!--INCOMPLETE-- Hey (1994) - Ho!
2018.10.17 20:58:26-INFO: metoda Album
2018.10.17 20:58:26-INFO: Connecting Discogs
Query: Ho
2018.10.17 20:58:28-INFO: Comparing Dizzee Rascal - Ho
2018.10.17 20:58:28-INFO: Comparing Therion - Symphony Masses: Ho Drakon Ho Megas
2018.10.17 20:58:28-INFO: Comparing J.J. Fad - Anotha Ho
2018.10.17 20:58:28-INFO: Comparing Don Ho And The Aliis - Don Ho's Greatest Hits
2018.10.17 20:58:28-INFO: Comparing Jeff Beck - Hi Ho Silver Lining
2018.10.17 20:58:28-INFO: Comparing Gigliola Cinquetti - Non Ho L'Età
2018.10.17 20:58:28-INFO: Comparing Fabian Nesti - Heigh Ho
2018.10.17 20:58:28-INFO: Comparing Secret Cinema vs. Private Productions - Gung-Ho
2018.10.17 20:58:28-INFO: Comparing Patti Smith - Gung Ho
2018.10.17 20:58:28-INFO: Comparing Ya Ho Wa 13* - Savage Sons Of Ya Ho Wa
2018.10.17 20:58:28-INFO: Comparing Max Anderson - The Night (Hey Ho Ho)
2018.10.17 20:58:28-INFO: Comparing Mohammed Rafi - Jaan Pehechaan Ho
2018.10.17 20:58:28-INFO: Comparing Trance Dance - A-Ho-Ho
2018.10.17 20:58:28-INFO: Comparing Don Ho - The Don Ho Show
2018.10.17 20:58:28-INFO: Comparing Goblin - Non Ho Sonno
2018.10.17 20:58:28-INFO: Comparing The Attack (2) - Hi-Ho Silver Lining
2018.10.17 20:58:28-INFO: Comparing The Voiceroys* - Last Night / Ya Ho 
2018.10.17 20:58:28-INFO: Comparing TLC - Silly Ho
2018.10.17 20:58:28-INFO: Comparing Pazy And The Black Hippies* - Wa Ho Ha
2018.10.17 20:58:28-INFO: Comparing Leandro Gamez - 1952 (Oliver Ho Remixes)
2018.10.17 20:58:28-INFO: Comparing Blood, Sweat & Tears* - Hi-De-Ho
2018.10.17 20:58:28-INFO: Comparing Bruce & Bongo - Hi Ho (Heigh Ho
2018.10.17 20:58:28-INFO: Comparing Ramones - Anthology: Hey Ho Let's Go!
2018.10.17 20:58:28-INFO: Comparing K7 - Hi De Ho
2018.10.17 20:58:28-INFO: Comparing G-Town Madness - Fucked In This Ho' Shit
2018.10.17 20:58:28-INFO: Comparing Laurent Hô - Ho, What A Ravy Day...
2018.10.17 20:58:28-INFO: Comparing Lou Rawls - Merry Christmas. Ho! Ho! Ho!
2018.10.17 20:58:28-INFO: Comparing D*Minds* & Dirty Harry (12) / D*Minds* - Ho Bass / Ghost Town
2018.10.17 20:58:28-INFO: Comparing The Showcase Showdown - Ho Ho Ho Chi Minh! / Merry Christmas I Fucked Your Snowman
2018.10.17 20:58:28-INFO: Comparing Plaza - Hi De Ho
2018.10.17 20:58:28-INFO: Comparing The Lumineers - Ho Hey
2018.10.17 20:58:28-INFO: Comparing Da Bootleggers - Bitches & Ho's
2018.10.17 20:58:28-INFO: Comparing Don Ho And The Aliis - Don Ho
2018.10.17 20:58:28-INFO: Comparing Wagon Christ - Tally Ho!
2018.10.17 20:58:28-INFO: Comparing RuPaul - Ho Ho Ho
2018.10.17 20:58:28-INFO: Comparing Voice Roys* - Ya Ho
2018.10.17 20:58:28-INFO: Comparing Kaay Alexi* - Ho's In The House
2018.10.17 20:58:28-INFO: Comparing Jim Diamond - Hi Ho Silver
2018.10.17 20:58:28-INFO: Comparing Blake Mills - Heigh Ho
2018.10.17 20:58:28-INFO: Comparing Lauren Aulder* - Num Yo Ho
2018.10.17 20:58:28-INFO: Comparing Ho Frat Ho!* - Ho Frat Ho!
2018.10.17 20:58:28-INFO: Comparing Laurent Ho* - Industry Is My House
2018.10.17 20:58:28-INFO: Comparing Ho Frat Ho!* - Ho Frat Swing
2018.10.17 20:58:28-INFO: Comparing Vis A Vis - Di Wo Ho Ni
2018.10.17 20:58:28-INFO: Comparing Cab Calloway And His Orchestra - Hi De Hi De Ho
2018.10.17 20:58:28-INFO: Comparing Flame N King* & The Bold Ones - Ain't Nobody Jivein' / Ho Happy Day
2018.10.17 20:58:28-INFO: Comparing NC Tribe Feat. Sabine Kapfinger - Ya-Ho-He
2018.10.17 20:58:28-INFO: Comparing DJ Godfather - Trash Bag Ho
2018.10.17 20:58:28-INFO: Comparing Kina (4) - Se Ho Vinto Se Ho Perso
2018.10.17 20:58:28-INFO: Comparing Tellus - Hey Ho
2018.10.17 20:58:30-INFO: metoda Token
2018.10.17 20:58:30-INFO: Connecting Discogs
 Query: Hey - Ho
2018.10.17 20:58:33-INFO: Max Anderson - The Night (Hey Ho Ho)
2018.10.17 20:58:33-INFO: Comparing Max Anderson - The Night (Hey Ho Ho)
2018.10.17 20:58:33-INFO: The Lumineers - Ho Hey
2018.10.17 20:58:33-INFO: Comparing The Lumineers - Ho Hey
2018.10.17 20:58:33-INFO: Ramones - Anthology: Hey Ho Let's Go!
2018.10.17 20:58:33-INFO: Comparing Ramones - Anthology: Hey Ho Let's Go!
2018.10.17 20:58:33-INFO: Lords Of Acid - Hey Ho!
2018.10.17 20:58:33-INFO: Comparing Lords Of Acid - Hey Ho!
2018.10.17 20:58:33-INFO: Tellus - Hey Ho
2018.10.17 20:58:33-INFO: Comparing Tellus - Hey Ho
2018.10.17 20:58:33-INFO: Backstreet Girls - Hey Ho, Let's Quo
2018.10.17 20:58:33-INFO: Comparing Backstreet Girls - Hey Ho, Let's Quo
2018.10.17 20:58:33-INFO: Icky Renrut - Hey --- Hey / Ho --- Ho
2018.10.17 20:58:33-INFO: Comparing Icky Renrut - Hey --- Hey / Ho --- Ho
2018.10.17 20:58:33-INFO: Hey (2) - Ho!
2018.10.17 20:58:33-INFO: Comparing Hey (2) - Ho!
2018.10.17 20:58:33-INFO: Tattooed Mother Fuckers - Hey Ho! Let's Go!
2018.10.17 20:58:33-INFO: Comparing Tattooed Mother Fuckers - Hey Ho! Let's Go!
2018.10.17 20:58:33-INFO: X-Loop - Hup Hey Ho
2018.10.17 20:58:33-INFO: Comparing X-Loop - Hup Hey Ho
2018.10.17 20:58:33-INFO: Chad Allan & The Expressions, Guess Who?* - Hey Ho (What You Do To Me)
2018.10.17 20:58:33-INFO: Comparing Chad Allan & The Expressions, Guess Who?* - Hey Ho (What You Do To Me)
2018.10.17 20:58:33-INFO: Led Zeppelin - Immigrant Song / Hey, Hey, What Can I Do
2018.10.17 20:58:33-INFO: Comparing Led Zeppelin - Immigrant Song / Hey, Hey, What Can I Do
2018.10.17 20:58:33-INFO: Cherry Laine - The Sea-Fare Folk (Hey-Ho And Up She Rises)
2018.10.17 20:58:33-INFO: Comparing Cherry Laine - The Sea-Fare Folk (Hey-Ho And Up She Rises)
2018.10.17 20:58:33-INFO: Ike Turner And The Kings Of Rhythm* - Hey Hey
2018.10.17 20:58:33-INFO: Comparing Ike Turner And The Kings Of Rhythm* - Hey Hey
2018.10.17 20:58:33-INFO: Chad Allan And The Expressions* - (Guess Who?)* - Hey Ho What You Do To Me
2018.10.17 20:58:33-INFO: Comparing Chad Allan And The Expressions* - (Guess Who?)*
2018.10.17 20:58:33-INFO: Crypton - Hey-Ho (...Mach Mich Froh)
2018.10.17 20:58:33-INFO: Comparing Crypton - Hey-Ho (...Mach Mich Froh)
2018.10.17 20:58:33-INFO: Gibson Brothers - Hey Ho (Move Your Body)
2018.10.17 20:58:33-INFO: Comparing Gibson Brothers - Hey Ho (Move Your Body)
2018.10.17 20:58:33-INFO: Cab Calloway - Hi De Ho Man
2018.10.17 20:58:33-INFO: Comparing Cab Calloway - Hi De Ho Man
2018.10.17 20:58:33-INFO: Jumpin' Gene Simmons* - Haunted House / Hey, Hey Little Girl
2018.10.17 20:58:33-INFO: Comparing Jumpin' Gene Simmons* - Haunted House / Hey, Hey Little Girl
2018.10.17 20:58:33-INFO: Man Parrish - Hey There, Home Boys
2018.10.17 20:58:33-INFO: Comparing Man Parrish - Hey There, Home Boys
2018.10.17 20:58:33-INFO: Kiss Inc. - Hey Mr. Holy Man
2018.10.17 20:58:33-INFO: Comparing Kiss Inc. - Hey Mr. Holy Man
2018.10.17 20:58:33-INFO: Fury In The Slaughterhouse - Hooka Hey
2018.10.17 20:58:33-INFO: Comparing Fury In The Slaughterhouse - Hooka Hey
2018.10.17 20:58:33-INFO: Hey (2) - Live!
2018.10.17 20:58:33-INFO: Comparing Hey (2) - Live!
2018.10.17 20:58:33-INFO: The Dave Brubeck Quartet - Hey, Ho, Anybody Home?
2018.10.17 20:58:33-INFO: Comparing The Dave Brubeck Quartet - Hey, Ho, Anybody Home?
2018.10.17 20:58:33-INFO: Tony Clark* - I'm Going Home / Hey Little Girl
2018.10.17 20:58:33-INFO: Comparing Tony Clark* - I'm Going Home / Hey Little Girl
2018.10.17 20:58:33-INFO: Sold Out (2) - Hey Hoh
2018.10.17 20:58:33-INFO: Comparing Sold Out (2) - Hey Hoh
2018.10.17 20:58:33-INFO: Shop Assistants - Safety Net
2018.10.17 20:58:33-INFO: Comparing Shop Assistants - Safety Net
2018.10.17 20:58:33-INFO: Hey (2) - MTV Unplugged
2018.10.17 20:58:33-INFO: Comparing Hey (2) - MTV Unplugged
2018.10.17 20:58:33-INFO: 4Lyn - Hey Ho, Let's Go!
2018.10.17 20:58:33-INFO: Comparing 4Lyn - Hey Ho, Let's Go!
2018.10.17 20:58:33-INFO: Rosemary Clooney - Hey There / This Ole House
2018.10.17 20:58:33-INFO: Comparing Rosemary Clooney - Hey There / This Ole House
2018.10.17 20:58:33-INFO: Pink Dirt - Hey Sir / Hooker
2018.10.17 20:58:33-INFO: Comparing Pink Dirt - Hey Sir / Hooker
2018.10.17 20:58:33-INFO: Jimmy Castor - Hey, Leroy, Your Mama's Callin' You / Ham Hocks Espanol
2018.10.17 20:58:33-INFO: Comparing Jimmy Castor - Hey, Leroy, Your Mama's Callin' You / Ham Hocks Espanol
2018.10.17 20:58:33-INFO: Manfred's Message - Love And Peace / Bulla Hey, Bula Ho
2018.10.17 20:58:33-INFO: Comparing Manfred's Message - Love And Peace / Bulla Hey, Bula Ho
2018.10.17 20:58:33-INFO: The Lumineers - The Lumineers
2018.10.17 20:58:33-INFO: Comparing The Lumineers - The Lumineers
2018.10.17 20:58:33-INFO: Claytown Troupe - Hey Lord
2018.10.17 20:58:33-INFO: Comparing Claytown Troupe - Hey Lord
2018.10.17 20:58:33-INFO: Do Vissinga - Hey! Ho! Dance Before You Die
2018.10.17 20:58:33-INFO: Comparing Do Vissinga - Hey! Ho! Dance Before You Die
2018.10.17 20:58:33-INFO: Sabotage (7) - Hoka Hey
2018.10.17 20:58:33-INFO: Comparing Sabotage (7) - Hoka Hey
2018.10.17 20:58:33-INFO: Conny* - Jolly Joker / Hey Boys - How Do You Do ?
2018.10.17 20:58:33-INFO: Comparing Conny* - Jolly Joker / Hey Boys
2018.10.17 20:58:33-INFO: Funkahawlikz - Don't Stop! (Hey Hooo.....)
2018.10.17 20:58:33-INFO: Comparing Funkahawlikz - Don't Stop! (Hey Hooo.....)
2018.10.17 20:58:33-INFO: Talulah Gosh - Steaming Train / Just A Dream
2018.10.17 20:58:33-INFO: Comparing Talulah Gosh - Steaming Train / Just A Dream
2018.10.17 20:58:33-INFO: The Scorpions - Greensleeves / Hey Honey
2018.10.17 20:58:33-INFO: Comparing The Scorpions - Greensleeves / Hey Honey
2018.10.17 20:58:33-INFO: Neil Young With Crazy Horse* & The Bullets (4) - Hey Babe / Homegrown
2018.10.17 20:58:33-INFO: Comparing Neil Young With Crazy Horse* & The Bullets (4) - Hey Babe / Homegrown
2018.10.17 20:58:33-INFO: Plan A - Hey Ho!
2018.10.17 20:58:33-INFO: Comparing Plan A - Hey Ho!
2018.10.17 20:58:33-INFO: The Rip Chords - Hey Little Cobra And Other Hot Rod Hits
2018.10.17 20:58:33-INFO: Comparing The Rip Chords - Hey Little Cobra And Other Hot Rod Hits
2018.10.17 20:58:33-INFO: Psi Com - Psi Com
2018.10.17 20:58:33-INFO: Comparing Psi Com - Psi Com
2018.10.17 20:58:33-INFO: Ray Martinez And Friends - Lady Of The Night / Hey Honey, Come Give Me Money
2018.10.17 20:58:33-INFO: Comparing Ray Martinez And Friends - Lady Of The Night / Hey Honey, Come Give Me Money
2018.10.17 20:58:33-INFO: The Dragsters (6) - Hey Little Cobra - Drag City And Other Hot Rod Favorites
2018.10.17 20:58:33-INFO: Comparing The Dragsters (6) - Hey Little Cobra
2018.10.17 20:58:33-INFO: Kronic (5) & Krunk!* - Hey Ho!
2018.10.17 20:58:33-INFO: Comparing Kronic (5) & Krunk!* - Hey Ho!
2018.10.17 20:58:33-INFO: Świat Czarownic - Hokka Hey
2018.10.17 20:58:33-INFO: Comparing Świat Czarownic - Hokka Hey
2018.10.17 20:58:33-INFO: Plaza - 3, 2, 1... Plaza!
2018.10.17 20:58:33-INFO: Comparing Plaza - 3, 2, 1... Plaza!
2018.10.17 20:58:35-INFO: metoda Variations
2018.10.17 20:58:35-INFO: Connecting Discogs
Query: Hey
2018.10.17 20:58:36-INFO: <Artist 255142 'Jerry Hey'>  aliases : ['Gerry Hey', 'Herry Hey', 'Hey', 'J. Hay', 'J. Hey', 'Jerome Hey', 'Jerome R. Hey', 'Jerry "Marvelous" Hey', 'Jerry Hay', 'Jerry Haye', 'Jerry Heye', 'Jerry Heys', 'Jerry Jey', 'Jim Hay']
2018.10.17 20:58:36-INFO: Connecting Discogs
Query: Gerry Hey - Ho
2018.10.17 20:58:36-INFO: tried: Gerry Hey - Ho
2018.10.17 20:58:38-INFO: Comparing Chad Allan & The Expressions, Guess Who? - Hey Ho (What You Do To Me)
2018.10.17 20:58:38-INFO: Comparing The Gunchback Boogie Band - Funn
2018.10.17 20:58:38-INFO: Comparing The Inspirations - Touch Me, Hold Me, Kiss Me / What Am I Gonna Do With You, Hey Baby
2018.10.17 20:58:38-INFO: Comparing The Guess Who - Super Golden Goodies
2018.10.17 20:58:38-INFO: Comparing Carole King - Pearls Songs Of Goffin And King
2018.10.17 20:58:38-INFO: Comparing Gerry & The Pacemakers - 50 Non Stop Party Hits
2018.10.17 20:58:38-INFO: Comparing The Guess Who - The Best Of The Guess Who
2018.10.17 20:58:38-INFO: Comparing Various - The Rock Collection: Legendary Rock
2018.10.17 20:58:38-INFO: Comparing Dionne Warwick - Hot ! Live And Otherwise
2018.10.17 20:58:38-INFO: Comparing Bobby Darin - Live At The Desert Inn
2018.10.17 20:58:38-INFO: Comparing Deniece Williams - Hot On The Trail
2018.10.17 20:58:38-INFO: Comparing The Hollies - The Hollies At Abbey Road 1963-1966
2018.10.17 20:58:38-INFO: Comparing Various - At The Hop (A Collection Of Classic Oldies)
2018.10.17 20:58:38-INFO: Comparing Various - Hooked On Number Ones / 100 Non Stop Hits
2018.10.17 20:58:38-INFO: Comparing Various - Wow That Was The 60's
2018.10.17 20:58:40-INFO: Connecting Discogs
Query: Herry Hey - Ho
2018.10.17 20:58:40-INFO: tried: Herry Hey - Ho
2018.10.17 20:58:42-INFO: Connecting Discogs
Query: Hey - Ho
2018.10.17 20:58:42-INFO: tried: Hey - Ho
2018.10.17 20:58:44-INFO: Comparing Max Anderson - The Night (Hey Ho Ho)
2018.10.17 20:58:44-INFO: Comparing The Lumineers - Ho Hey
2018.10.17 20:58:44-INFO: Comparing Ramones - Anthology: Hey Ho Let's Go!
2018.10.17 20:58:44-INFO: Comparing Lords Of Acid - Hey Ho!
2018.10.17 20:58:44-INFO: Comparing Tellus - Hey Ho
2018.10.17 20:58:44-INFO: Comparing Backstreet Girls - Hey Ho, Let's Quo
2018.10.17 20:58:44-INFO: Comparing Icky Renrut - Hey --- Hey / Ho --- Ho
2018.10.17 20:58:44-INFO: Comparing Hey - Ho!
2018.10.17 20:58:44-INFO: Comparing Tattooed Mother Fuckers - Hey Ho! Let's Go!
2018.10.17 20:58:44-INFO: Comparing X-Loop - Hup Hey Ho
2018.10.17 20:58:44-INFO: Comparing Chad Allan & The Expressions, Guess Who? - Hey Ho (What You Do To Me)
2018.10.17 20:58:44-INFO: Comparing Led Zeppelin - Immigrant Song / Hey, Hey, What Can I Do
2018.10.17 20:58:44-INFO: Comparing Cherry Laine - The Sea-Fare Folk (Hey-Ho And Up She Rises)
2018.10.17 20:58:44-INFO: Comparing Ike Turner And The Kings Of Rhythm - Hey Hey
2018.10.17 20:58:44-INFO: Comparing Chad Allan And The Expressions - (Guess Who?)*
2018.10.17 20:58:44-INFO: Comparing Crypton - Hey-Ho (...Mach Mich Froh)
2018.10.17 20:58:44-INFO: Comparing Gibson Brothers - Hey Ho (Move Your Body)
2018.10.17 20:58:44-INFO: Comparing Cab Calloway - Hi De Ho Man
2018.10.17 20:58:44-INFO: Comparing Jumpin' Gene Simmons - Haunted House / Hey, Hey Little Girl
2018.10.17 20:58:44-INFO: Comparing Man Parrish - Hey There, Home Boys
2018.10.17 20:58:44-INFO: Comparing Kiss Inc. - Hey Mr. Holy Man
2018.10.17 20:58:44-INFO: Comparing Fury In The Slaughterhouse - Hooka Hey
2018.10.17 20:58:44-INFO: Comparing Hey - Live!
2018.10.17 20:58:44-INFO: Comparing The Dave Brubeck Quartet - Hey, Ho, Anybody Home?
2018.10.17 20:58:44-INFO: Comparing Tony Clark - I'm Going Home / Hey Little Girl
2018.10.17 20:58:44-INFO: Comparing Sold Out - Hey Hoh
2018.10.17 20:58:44-INFO: Comparing Shop Assistants - Safety Net
2018.10.17 20:58:44-INFO: Comparing Hey - MTV Unplugged
2018.10.17 20:58:44-INFO: Comparing 4Lyn - Hey Ho, Let's Go!
2018.10.17 20:58:44-INFO: Comparing Rosemary Clooney - Hey There / This Ole House
2018.10.17 20:58:44-INFO: Comparing Pink Dirt - Hey Sir / Hooker
2018.10.17 20:58:44-INFO: Comparing Jimmy Castor - Hey, Leroy, Your Mama's Callin' You / Ham Hocks Espanol
2018.10.17 20:58:44-INFO: Comparing Manfred's Message - Love And Peace / Bulla Hey, Bula Ho
2018.10.17 20:58:44-INFO: Comparing The Lumineers - The Lumineers
2018.10.17 20:58:44-INFO: Comparing Claytown Troupe - Hey Lord
2018.10.17 20:58:44-INFO: Comparing Do Vissinga - Hey! Ho! Dance Before You Die
2018.10.17 20:58:44-INFO: Comparing Sabotage - Hoka Hey
2018.10.17 20:58:44-INFO: Comparing Conny - Jolly Joker / Hey Boys
2018.10.17 20:58:44-INFO: Comparing Funkahawlikz - Don't Stop! (Hey Hooo.....)
2018.10.17 20:58:44-INFO: Comparing Talulah Gosh - Steaming Train / Just A Dream
2018.10.17 20:58:44-INFO: Comparing The Scorpions - Greensleeves / Hey Honey
2018.10.17 20:58:44-INFO: Comparing Neil Young With Crazy Horse - Hey Babe / Homegrown
2018.10.17 20:58:44-INFO: Comparing Plan A - Hey Ho!
2018.10.17 20:58:44-INFO: Comparing The Rip Chords - Hey Little Cobra And Other Hot Rod Hits
2018.10.17 20:58:44-INFO: Comparing Psi Com - Psi Com
2018.10.17 20:58:44-INFO: Comparing Ray Martinez And Friends - Lady Of The Night / Hey Honey, Come Give Me Money
2018.10.17 20:58:44-INFO: Comparing The Dragsters - Hey Little Cobra
2018.10.17 20:58:44-INFO: Comparing Kronic - Hey Ho!
2018.10.17 20:58:44-INFO: Comparing Świat Czarownic - Hokka Hey
2018.10.17 20:58:44-INFO: Comparing Plaza - 3, 2, 1... Plaza!
2018.10.17 20:58:46-INFO: Connecting Discogs
Query: J. Hay - Ho
2018.10.17 20:58:46-INFO: tried: J. Hay - Ho
2018.10.17 20:58:47-INFO: Comparing Various - Off The Hook
2018.10.17 20:58:47-INFO: Comparing DJ Monita & DJ Monk - Dark And Delight E.P.
2018.10.17 20:58:47-INFO: Comparing Colin James Hay - Can I Hold You?
2018.10.17 20:58:47-INFO: Comparing Orthotonics - Luminous Bipeds
2018.10.17 20:58:47-INFO: Comparing Iron Maiden - Holy Smoke
2018.10.17 20:58:47-INFO: Comparing June Of 44 - Anahata
2018.10.17 20:58:47-INFO: Comparing Al Bano - Si Tu Estas... Hay Amor
2018.10.17 20:58:47-INFO: Comparing Proyecto Uno - In Da House
2018.10.17 20:58:47-INFO: Comparing Various - 1980's Hits Of The Decades
2018.10.17 20:58:47-INFO: Comparing Various - Dynamite
2018.10.17 20:58:47-INFO: Comparing Bass Selective - Jesicca's Jaw
2018.10.17 20:58:47-INFO: Comparing Andy Montañez - Hoy... Y Ayer
2018.10.17 20:58:47-INFO: Comparing Iñor / Ad Hominem - Iñor / Ad Hominem (2)
2018.10.17 20:58:47-INFO: Comparing Farewell Poetry - Hoping For The Invisible To Ignite
2018.10.17 20:58:47-INFO: Comparing Various, Hermann Scherchen, Joseph Haydn, Franz Danzi - Hermann Scherchen His Last Recording
2018.10.17 20:58:47-INFO: Comparing Various - Hot Metal
2018.10.17 20:58:47-INFO: Comparing Men At Work - Cargo
2018.10.17 20:58:47-INFO: Comparing Various - The Source Presents Hip Hop Hits
2018.10.17 20:58:47-INFO: Comparing Los Secretos - A Tu Lado
2018.10.17 20:58:47-INFO: Comparing Los Rezios - Clarificacion
2018.10.17 20:58:47-INFO: Comparing The Roger Wagner Chorale - House Of The Lord
2018.10.17 20:58:47-INFO: Comparing The Mormon Tabernacle Choir - Bless This House
2018.10.17 20:58:47-INFO: Comparing Tito Rodriguez - Un Retrato De Tito Rodriguez. El Hombre, Su Musica, Su Vida.
2018.10.17 20:58:47-INFO: Comparing Various - Down South Hook Up
2018.10.17 20:58:47-INFO: Comparing Ferlin Husky - Memories Of Home
2018.10.17 20:58:47-INFO: Comparing The Skeleton Krew - Luv Ta Luv Ya / System Crashed
2018.10.17 20:58:47-INFO: Comparing Various - Mega Beat Box
2018.10.17 20:58:47-INFO: Comparing Unknown Artist - Desmadres De Hoy
2018.10.17 20:58:47-INFO: Comparing Maryetta - Hosanna
2018.10.17 20:58:47-INFO: Comparing Me, Mom & Morgentaler - Shiva Space Machine
2018.10.17 20:58:47-INFO: Comparing 關淑怡 - The Story Of Shirley 真假情話
2018.10.17 20:58:47-INFO: Comparing Coon-Sanders Original Nighthawk Orchestra - Everything Is Hotsy-Totsy Now / That's All There Is
2018.10.17 20:58:47-INFO: Comparing 關淑怡 - 製造迷夢
2018.10.17 20:58:47-INFO: Comparing Paul Marino - Bless This House
2018.10.17 20:58:47-INFO: Comparing Golden Earring - Back Home
2018.10.17 20:58:47-INFO: Comparing 周慧敏 - A Long & Lasting Love
2018.10.17 20:58:47-INFO: Comparing Various - The Rise And Fall Of Paramount Records 1928-1932, Volume 2
2018.10.17 20:58:49-INFO: Connecting Discogs
Query: J. Hey - Ho
2018.10.17 20:58:49-INFO: tried: J. Hey - Ho
2018.10.17 20:58:51-INFO: Comparing Tellus - Hey Ho
2018.10.17 20:58:51-INFO: Comparing Lords Of Acid - Hey Ho!
2018.10.17 20:58:51-INFO: Comparing Backstreet Girls - Hey Ho, Let's Quo
2018.10.17 20:58:51-INFO: Comparing Led Zeppelin - Immigrant Song / Hey, Hey, What Can I Do
2018.10.17 20:58:51-INFO: Comparing Cab Calloway - Hi De Ho Man
2018.10.17 20:58:51-INFO: Comparing Jimmy Castor - Hey, Leroy, Your Mama's Callin' You / Ham Hocks Espanol
2018.10.17 20:58:51-INFO: Comparing The Scorpions - Greensleeves / Hey Honey
2018.10.17 20:58:51-INFO: Comparing The Identities - Hey Brother / When Love Slips Away
2018.10.17 20:58:51-INFO: Comparing The Inspirations - Touch Me, Hold Me, Kiss Me / What Am I Gonna Do With You, Hey Baby
2018.10.17 20:58:51-INFO: Comparing Various - D.J. Line Volume 22
2018.10.17 20:58:51-INFO: Comparing Hey - [Koncertowy]
2018.10.17 20:58:51-INFO: Comparing Jackey Beavers - Hey Girl (I Can't Stand To See You Go) / Hold On
2018.10.17 20:58:51-INFO: Comparing Various - Triple J Hottest 100 5
2018.10.17 20:58:51-INFO: Comparing J. D. Blackfoot - The Song Of Crazy Horse
2018.10.17 20:58:51-INFO: Comparing Various - Hey Yo! Hip House Dance Mix
2018.10.17 20:58:51-INFO: Comparing Various - Triple J Hottest 100 Volume 7
2018.10.17 20:58:51-INFO: Comparing Irene Reid - The World Needs What I Need
2018.10.17 20:58:51-INFO: Comparing Joe Vitale - Plantation Harbor
2018.10.17 20:58:51-INFO: Comparing Dead Silence - Hell, How Could We Make Any More Money Than This?
2018.10.17 20:58:51-INFO: Comparing Pressure Drop - Rock The House (You'll Never Be)
2018.10.17 20:58:51-INFO: Comparing Various - Earcom 2
2018.10.17 20:58:51-INFO: Comparing The Guess Who - Super Golden Goodies
2018.10.17 20:58:51-INFO: Comparing The Casuals - Hour World
2018.10.17 20:58:51-INFO: Comparing Lightning Beat-Man - Wrestling Rock'n'Roll
2018.10.17 20:58:51-INFO: Comparing Grandmaster Gareth - Magical Sound Shower
2018.10.17 20:58:51-INFO: Comparing Doctor Hook And The Medicine Show - Doctor Hook
2018.10.17 20:58:51-INFO: Comparing Various - Magic Ribbons Volume One
2018.10.17 20:58:51-INFO: Comparing Idris Muhammad - House Of The Rising Sun
2018.10.17 20:58:51-INFO: Comparing Fuckin' Faces - Neue Wege
2018.10.17 20:58:51-INFO: Comparing Maynard Ferguson - M.F. Horn Two
2018.10.17 20:58:51-INFO: Comparing Shaggy - Hot Shot
2018.10.17 20:58:51-INFO: Comparing Steve Goodman - Artistic Hair
2018.10.17 20:58:51-INFO: Comparing Archagathus - Canadian Horse
2018.10.17 20:58:51-INFO: Comparing Various - Hip Hop 87
2018.10.17 20:58:51-INFO: Comparing Chicken Shack - From The Vaults
2018.10.17 20:58:51-INFO: Comparing Cab Calloway - Jumpin Jive
2018.10.17 20:58:51-INFO: Comparing Various - Dance Energy 2
2018.10.17 20:58:51-INFO: Comparing Various - Music Box
2018.10.17 20:58:51-INFO: Comparing Fashawn - Boy Meets World.
2018.10.17 20:58:51-INFO: Comparing Various - After Hours 2
2018.10.17 20:58:51-INFO: Comparing The Gunchback Boogie Band - Funn
2018.10.17 20:58:51-INFO: Comparing Doggy Style Allstars - Welcome To Tha House, Vol. 1
2018.10.17 20:58:51-INFO: Comparing Wires On Fire - Annie Carr / Mask
2018.10.17 20:58:51-INFO: Comparing Roberto Blanco - Viva Roberto
2018.10.17 20:58:51-INFO: Comparing Steel Pole Bath Tub - Lurch
2018.10.17 20:58:51-INFO: Comparing Various - Pay It All Back Volume Three
2018.10.17 20:58:51-INFO: Comparing Superdense Child - Elvis Pig Farmer
2018.10.17 20:58:51-INFO: Comparing Cab Calloway - Cab Calloway
2018.10.17 20:58:51-INFO: Comparing Bobby Rush - Rush Hour
2018.10.17 20:58:51-INFO: Comparing Cam'ron - Come Home With Me
2018.10.17 20:58:53-INFO: Connecting Discogs
Query: Jerome Hey - Ho
2018.10.17 20:58:53-INFO: tried: Jerome Hey - Ho
2018.10.17 20:58:54-INFO: Comparing Future Funk - So Funky (You Can't Hold Me Back)
2018.10.17 20:58:54-INFO: Comparing Above & Beyond - Anjunabeats Volume 11
2018.10.17 20:58:54-INFO: Comparing Various - Anthems Hip-Hop II
2018.10.17 20:58:54-INFO: Comparing Various - Kontor
2018.10.17 20:58:54-INFO: Comparing Louis Prima - Selection Of Louis Prima
2018.10.17 20:58:56-INFO: Connecting Discogs
Query: Jerome R. Hey - Ho
2018.10.17 20:58:56-INFO: tried: Jerome R. Hey - Ho
2018.10.17 20:58:57-INFO: Comparing Various - Anthems Hip-Hop II
2018.10.17 20:58:59-INFO: Connecting Discogs
Query: Jerry "Marvelous" Hey - Ho
2018.10.17 20:58:59-INFO: tried: Jerry "Marvelous" Hey - Ho
2018.10.17 20:59:02-INFO: Connecting Discogs
Query: Jerry Hay - Ho
2018.10.17 20:59:02-INFO: tried: Jerry Hay - Ho
2018.10.17 20:59:03-INFO: Comparing Various - Dynamite
2018.10.17 20:59:03-INFO: Comparing Jerry Burke - Sweet Hour Of Prayer
2018.10.17 20:59:03-INFO: Comparing Men At Work - Cargo
2018.10.17 20:59:03-INFO: Comparing Various - The Source Presents Hip Hop Hits
2018.10.17 20:59:03-INFO: Comparing Various - Red Hot + Country
2018.10.17 20:59:03-INFO: Comparing Antonio Carlos Jobim - Antonio Carlos Jobim's Finest Hour
2018.10.17 20:59:03-INFO: Comparing Various - Hot Love
2018.10.17 20:59:03-INFO: Comparing Various - Mega Beat Box
2018.10.17 20:59:03-INFO: Comparing Various - The Rise And Fall Of Paramount Records 1928-1932, Volume 2
2018.10.17 20:59:03-INFO: Comparing The Statler Brothers - Holy Bible: The Old And New Testaments
2018.10.17 20:59:05-INFO: Connecting Discogs
Query: Jerry Haye - Ho
2018.10.17 20:59:05-INFO: tried: Jerry Haye - Ho
2018.10.17 20:59:08-INFO: Connecting Discogs
Query: Jerry Heye - Ho
2018.10.17 20:59:08-INFO: tried: Jerry Heye - Ho
2018.10.17 20:59:11-INFO: Connecting Discogs
Query: Jerry Heys - Ho
2018.10.17 20:59:11-INFO: tried: Jerry Heys - Ho
2018.10.17 20:59:14-INFO: Connecting Discogs
Query: Jerry Jey - Ho
2018.10.17 20:59:14-INFO: tried: Jerry Jey - Ho
2018.10.17 20:59:15-INFO: Comparing Red Jerry - Hooj Presents: Further...
2018.10.17 20:59:15-INFO: Comparing DJ Budai - Techno-House Classics Of '93-'96
2018.10.17 20:59:17-INFO: Connecting Discogs
Query: Jim Hay - Ho
2018.10.17 20:59:17-INFO: tried: Jim Hay - Ho
2018.10.17 20:59:18-INFO: Comparing Isaac Hayes - Golden Hour Presents Isaac Hayes
2018.10.17 20:59:18-INFO: Comparing Nicolai Dunger - Eventide
2018.10.17 20:59:18-INFO: Comparing Men At Work - Cargo
2018.10.17 20:59:18-INFO: Comparing Various - Red Hot + Country
2018.10.17 20:59:18-INFO: Comparing 譚詠麟 - 夢幻的笑容 (At Carnival)
2018.10.17 20:59:18-INFO: Comparing 關淑怡 - 製造迷夢
2018.10.17 20:59:18-INFO: Comparing Faye Wong - Faye Wong Live In Concert (王菲最精彩的演唱會)
2018.10.17 20:59:18-INFO: Comparing 周慧敏 - 熱．敏
2018.10.17 20:59:18-INFO: Comparing Various - Mega Beat Box
2018.10.17 20:59:18-INFO: Comparing 劉德華 - 愛無知
2018.10.17 20:59:18-INFO: Comparing Paul Marino - Bless This House
2018.10.17 20:59:18-INFO: Comparing Various - The Rise And Fall Of Paramount Records 1928-1932, Volume 2
2018.10.17 20:59:18-INFO: Comparing 王菲 - 最精彩的演唱會Karaoke (Faye Wong Live In Concert Karaoke)
2018.10.17 20:59:18-INFO: Comparing José Feliciano - Ayer, Hoy y Siémpre...
2018.10.17 20:59:18-INFO: Comparing The Statler Brothers - Holy Bible: The Old And New Testaments
2018.10.17 20:59:22-INFO: metoda Release
2018.10.17 20:59:22-INFO: Connecting Discogs
Query: Ho
2018.10.17 20:59:24-INFO: Comparing Dizzee Rascal - Ho
2018.10.17 20:59:24-INFO: Comparing Dizzee Rascal - Ho
2018.10.17 20:59:24-INFO: Comparing Steve Bug - Ho
2018.10.17 20:59:24-INFO: Comparing Runzelstirn & Gurgelstøck - Ho
2018.10.17 20:59:24-INFO: Comparing Don Ho And The Aliis - Don Ho's Greatest Hits
2018.10.17 20:59:24-INFO: Comparing Secret Cinema vs. Private Productions - Gung-Ho
2018.10.17 20:59:24-INFO: Comparing Ya Ho Wa 13* - Ya Ho Wa 13
2018.10.17 20:59:24-INFO: Comparing Therion - Symphony Masses: Ho Drakon Ho Megas
2018.10.17 20:59:24-INFO: Comparing Don Ho - The Don Ho Show
2018.10.17 20:59:24-INFO: Comparing TLC - Silly Ho
2018.10.17 20:59:24-INFO: Comparing Mohammed Rafi - Jaan Pehechaan Ho
2018.10.17 20:59:24-INFO: Comparing Fabian Nesti - Heigh Ho
2018.10.17 20:59:24-INFO: Comparing Leandro Gamez - 1952 (Oliver Ho Remixes)
2018.10.17 20:59:24-INFO: Comparing Patti Smith - Gung Ho
2018.10.17 20:59:24-INFO: Comparing J.J. Fad - Anotha Ho
2018.10.17 20:59:24-INFO: Comparing G-Town Madness - Fucked In This Ho' Shit
2018.10.17 20:59:24-INFO: Comparing Ya Ho Wa 13* - Savage Sons Of Ya Ho Wa
2018.10.17 20:59:24-INFO: Comparing Ya Ho Wa 13* - Savage Sons Of Ya Ho Wa
2018.10.17 20:59:24-INFO: Comparing Laurent Hô - Ho, What A Ravy Day...
2018.10.17 20:59:24-INFO: Comparing Fabian Nesti - Heigh Ho
2018.10.17 20:59:24-INFO: Comparing Jeff Beck - Hi Ho Silver Lining
2018.10.17 20:59:24-INFO: Comparing Therion - Symphony Masses: Ho Drakon Ho Megas
2018.10.17 20:59:24-INFO: Comparing Spektral (2) - Ho Whao
2018.10.17 20:59:24-INFO: Comparing Max Anderson - The Night (Hey Ho Ho)
2018.10.17 20:59:24-INFO: Comparing Voice Roys* - Ya Ho
2018.10.17 20:59:24-INFO: Comparing Max Anderson - The Night (Hey Ho Ho)
2018.10.17 20:59:24-INFO: Comparing Bijou (2) - Woo Ho Ou Woo Ho
2018.10.17 20:59:24-INFO: Comparing Pazy And The Black Hippies* - Wa Ho Ha
2018.10.17 20:59:24-INFO: Comparing Patti Smith - Gung Ho
2018.10.17 20:59:24-INFO: Comparing The Viceroys - Ya Ho
2018.10.17 20:59:24-INFO: Comparing Da Bootleggers - Bitches & Ho's
2018.10.17 20:59:24-INFO: Comparing J.J. Fad - Anotha Ho
2018.10.17 20:59:24-INFO: Comparing Laurent Ho* - Industry Is My House
2018.10.17 20:59:24-INFO: Comparing Flame 'N' King & The Bold Ones - Ho Happy Day
2018.10.17 20:59:24-INFO: Comparing RuPaul - Ho Ho Ho
2018.10.17 20:59:24-INFO: Comparing Kaay Alexi* - Ho's In The House
2018.10.17 20:59:24-INFO: Comparing DJ Godfather - Trash Bag Ho
2018.10.17 20:59:24-INFO: Comparing The Viceroys - Last Night / Ya Ho
2018.10.17 20:59:24-INFO: Comparing D*Minds* & Dirty Harry (12) / D*Minds* - Ho Bass / Ghost Town
2018.10.17 20:59:24-INFO: Comparing Bruce & Bongo - Hi Ho (Heigh Ho
2018.10.17 20:59:24-INFO: Comparing Therion - Symphony Masses: Ho Drakon Ho Megas
2018.10.17 20:59:24-INFO: Comparing Edmound Brooks* - Ho Ho Natty Dread
2018.10.17 20:59:24-INFO: Comparing The Lumineers - Ho Hey
2018.10.17 20:59:24-INFO: Comparing Gigliola Cinquetti - Non Ho L'Età
2018.10.17 20:59:24-INFO: Comparing Mohammed Rafi & Asha Bhosle & Ted Lyons & His Cubs - Jan Pahechan Ho / Dekho Abto
2018.10.17 20:59:24-INFO: Comparing Jim Diamond - Hi Ho Silver
2018.10.17 20:59:24-INFO: Comparing Lou Rawls - Merry Christmas. Ho! Ho! Ho!
2018.10.17 20:59:24-INFO: Comparing The Attack (2) - Hi-Ho Silver Lining
2018.10.17 20:59:24-INFO: Comparing Pan/Tone - Thrill Ho
2018.10.17 20:59:24-INFO: Comparing Blake Mills - Heigh Ho
2018.10.17 20:59:26-INFO: metoda Release2
2018.10.17 20:59:26-INFO: Connecting Discogs
Query: Hey - Ho
2018.10.17 20:59:27-INFO: Comparing Lords Of Acid - Hey Ho
2018.10.17 20:59:27-INFO: With Hey - Ho
2018.10.17 20:59:27-INFO: Comparing The Lumineers - Ho Hey
2018.10.17 20:59:27-INFO: With Hey - Ho
2018.10.17 20:59:27-INFO: Comparing The Lumineers - Ho Hey
2018.10.17 20:59:27-INFO: With Hey - Ho
2018.10.17 20:59:27-INFO: Comparing Ramones - Anthology Hey Ho Lets Go
2018.10.17 20:59:27-INFO: With Hey - Ho
2018.10.17 20:59:27-INFO: Comparing Max Anderson - The Night Hey Ho Ho
2018.10.17 20:59:27-INFO: With Hey - Ho
2018.10.17 20:59:27-INFO: Comparing Max Anderson - The Night Hey Ho Ho
2018.10.17 20:59:27-INFO: With Hey - Ho
2018.10.17 20:59:27-INFO: Comparing Freddy Fox - Hey Ho
2018.10.17 20:59:27-INFO: With Hey - Ho
2018.10.17 20:59:27-INFO: Comparing ICP 2 Featuring Fresh Kid Ice - Hey Ho
2018.10.17 20:59:27-INFO: With Hey - Ho
2018.10.17 20:59:27-INFO: Comparing Lords Of Acid - Hey Ho
2018.10.17 20:59:27-INFO: With Hey - Ho
2018.10.17 20:59:27-INFO: Comparing Mumford  Sons  The Lumineers - I Will Wait  Ho Hey
2018.10.17 20:59:27-INFO: With Hey - Ho
2018.10.17 20:59:27-INFO: Comparing Ramones - Anthology Hey Ho Lets Go
2018.10.17 20:59:27-INFO: With Hey - Ho
2018.10.17 20:59:27-INFO: Comparing Icky Renrut - Hey  Hey  Ho  Ho
2018.10.17 20:59:27-INFO: With Hey - Ho
2018.10.17 20:59:27-INFO: Comparing Backstreet Girls - Hey Ho Lets Quo
2018.10.17 20:59:27-INFO: With Hey - Ho
2018.10.17 20:59:27-INFO: Comparing Liza - Hey Hi Ho
2018.10.17 20:59:27-INFO: With Hey - Ho
2018.10.17 20:59:27-INFO: Comparing Tellus - Hey Ho
2018.10.17 20:59:27-INFO: With Hey - Ho
2018.10.17 20:59:27-INFO: Comparing Tellus - Hey Ho
2018.10.17 20:59:27-INFO: With Hey - Ho
2018.10.17 20:59:27-INFO: Comparing Big Mouth  Little Eve - Uncle  Hi Hey Ho And Hello
2018.10.17 20:59:27-INFO: With Hey - Ho
2018.10.17 20:59:27-INFO: Comparing Lords Of Acid - Hey Ho
2018.10.17 20:59:27-INFO: With Hey - Ho
2018.10.17 20:59:27-INFO: Comparing Plaza - HeyHeyHey
2018.10.17 20:59:27-INFO: With Hey - Ho
2018.10.17 20:59:27-INFO: Comparing Icky Renrut - Hey  Hey  Ho  Ho
2018.10.17 20:59:27-INFO: With Hey - Ho
2018.10.17 20:59:27-INFO: Comparing Backstreet Girls - Hey Ho Lets Quo
2018.10.17 20:59:27-INFO: With Hey - Ho
2018.10.17 20:59:27-INFO: Comparing Hey 2 - Ho
2018.10.17 20:59:27-INFO: With Hey - Ho
2018.10.17 20:59:27-INFO: Comparing Max Anderson - The Night Hey Ho Ho Ho
2018.10.17 20:59:27-INFO: With Hey - Ho
2018.10.17 20:59:27-INFO: Comparing Ninos Du Brasil - Hey Ho Badabero
2018.10.17 20:59:27-INFO: With Hey - Ho
2018.10.17 20:59:27-INFO: Comparing The Blue Boys - I Know  Hey Ho
2018.10.17 20:59:27-INFO: With Hey - Ho
2018.10.17 20:59:27-INFO: Comparing The Radio - Hey Hi Ho
2018.10.17 20:59:27-INFO: With Hey - Ho
2018.10.17 20:59:27-INFO: Comparing Hey 2 - Ho
2018.10.17 20:59:27-INFO: With Hey - Ho
2018.10.17 20:59:27-INFO: Comparing XLoop - Hup Hey Ho
2018.10.17 20:59:27-INFO: With Hey - Ho
2018.10.17 20:59:27-INFO: Comparing Chad Allan  The Expressions Guess Who - Hey Ho What You Do To Me
2018.10.17 20:59:27-INFO: With Hey - Ho
2018.10.17 20:59:27-INFO: Comparing Niko 3 - Hey Ho Hey
2018.10.17 20:59:27-INFO: With Hey - Ho
2018.10.17 20:59:27-INFO: Comparing Tellus - Hey Ho
2018.10.17 20:59:27-INFO: With Hey - Ho
2018.10.17 20:59:27-INFO: Comparing Ramones - Anthology
2018.10.17 20:59:27-INFO: With Hey - Ho
2018.10.17 20:59:27-INFO: Comparing Roberto Blanco - Hey Mama Ho
2018.10.17 20:59:27-INFO: With Hey - Ho
2018.10.17 20:59:27-INFO: Comparing Sus 5 - Hey Mama Ho
2018.10.17 20:59:27-INFO: With Hey - Ho
2018.10.17 20:59:27-INFO: Comparing Ramones - Anthology Hey Ho Lets Go
2018.10.17 20:59:27-INFO: With Hey - Ho
2018.10.17 20:59:27-INFO: Comparing Ike Turner And The Kings Of Rhythm - Hey Hey
2018.10.17 20:59:27-INFO: With Hey - Ho
2018.10.17 20:59:27-INFO: Comparing Plaza - HeyHeyHey
2018.10.17 20:59:27-INFO: With Hey - Ho
2018.10.17 20:59:27-INFO: Comparing Plaza - HeyHeyHey Megamix
2018.10.17 20:59:27-INFO: With Hey - Ho
2018.10.17 20:59:27-INFO: Comparing Tattooed Mother Fuckers - Hey Ho Lets Go
2018.10.17 20:59:27-INFO: With Hey - Ho
2018.10.17 20:59:27-INFO: Comparing Tellus - Hey Ho
2018.10.17 20:59:27-INFO: With Hey - Ho
2018.10.17 20:59:27-INFO: Comparing Cherry Laine - The SeaFare Folk HeyHo And Up She Rises
2018.10.17 20:59:27-INFO: With Hey - Ho
2018.10.17 20:59:27-INFO: Comparing Backstreet Girls - Hey Ho Lets Quo
2018.10.17 20:59:27-INFO: With Hey - Ho
2018.10.17 20:59:27-INFO: Comparing Tragédie - Hey Ho
2018.10.17 20:59:27-INFO: With Hey - Ho
2018.10.17 20:59:27-INFO: Comparing XLoop - Hup Hey Ho
2018.10.17 20:59:27-INFO: With Hey - Ho
2018.10.17 20:59:27-INFO: Comparing Tattooed Mother Fuckers - Hey Ho Lets Go
2018.10.17 20:59:27-INFO: With Hey - Ho
2018.10.17 20:59:27-INFO: Comparing The Wilf Brothers - Hey Hey Ho Ho
2018.10.17 20:59:27-INFO: With Hey - Ho
2018.10.17 20:59:27-INFO: Comparing Cab Calloway - Hi De Ho Man
2018.10.17 20:59:27-INFO: With Hey - Ho
2018.10.17 20:59:27-INFO: Comparing Cherry Laine - The SeaFare Folk HeyHo And Up She Rises
2018.10.17 20:59:27-INFO: With Hey - Ho
2018.10.17 20:59:27-INFO: Comparing Tellus - Hey Ho
2018.10.17 20:59:27-INFO: With Hey - Ho
2018.10.17 20:59:27-INFO: Comparing Led Zeppelin - Immigrant Song  Hey Hey What Can I Do
2018.10.17 20:59:27-INFO: With Hey - Ho
2018.10.17 20:59:31-INFO: Save to DB started
2018.10.17 20:59:31-INFO: Catalog data inserted successfully
2018.10.17 20:59:31-DEBUG: Tries to insert : {'path': '/home/kuba/Muzyka/!!!--INCOMPLETE-- Hey (1994) - Ho!/12. Hey - What about me.mp3', 'ext': 'mp3', 'album': 'Ho', 'artist': 'Hey', 'title': 'What about me', 'date': '1994', 'length': 260, 'bitrate': 128}
2018.10.17 20:59:31-DEBUG: Tries to insert : {'path': "/home/kuba/Muzyka/!!!--INCOMPLETE-- Hey (1994) - Ho!/09. Hey - That's a lie.mp3", 'ext': 'mp3', 'album': 'Ho', 'artist': 'Hey', 'title': "That's a lie", 'date': '1994', 'length': 238, 'bitrate': 128}
2018.10.17 20:59:31-DEBUG: Tries to insert : {'path': '/home/kuba/Muzyka/!!!--INCOMPLETE-- Hey (1994) - Ho!/11. Hey - Maliny się kończą.mp3', 'ext': 'mp3', 'album': 'Ho', 'artist': 'Hey', 'title': 'Maliny siê koñcz¹', 'date': '1994', 'length': 319, 'bitrate': 128}
2018.10.17 20:59:31-DEBUG: Tries to insert : {'path': '/home/kuba/Muzyka/!!!--INCOMPLETE-- Hey (1994) - Ho!/10. Hey - Chyba.mp3', 'ext': 'mp3', 'album': 'Ho', 'artist': 'Hey', 'title': 'Chyba', 'date': '1994', 'length': 64, 'bitrate': 128}
2018.10.17 20:59:31-DEBUG: Tries to insert : {'path': '/home/kuba/Muzyka/!!!--INCOMPLETE-- Hey (1994) - Ho!/13. Hey - Ho.mp3', 'ext': 'mp3', 'album': 'Ho', 'artist': 'Hey', 'title': 'Ho', 'date': '1994', 'length': 247, 'bitrate': 128}
2018.10.17 20:59:31-INFO: Catalog data inserted successfully
2018.10.17 20:59:31-INFO: Data Commited
2018.10.17 20:59:31-INFO: Catalog Crawler starts
2018.10.17 20:59:31-DEBUG: Files found in catalog : ['Chic - Chic (Original album).m3u', "09-Chic - São Paulo (7'' Version).mp3", '03-Chic - You Can Get By.mp3', 'front.jpg', '02-Chic - São Paulo.mp3', 'Chic - Chic (Original album + bonus tracks).m3u', "11-Chic - Everybody Dance (Alternate 7'' Version).mp3", "05-Chic - Est-Ce Que C'est Chic.mp3", '15-Chic - Everybody Dance (Glenn Friscia Hardhouse Mix).mp3', "13-Chic - You Can Get By (7'' Version).mp3", 'side 1.jpg', 'Chic - Everybody Dance (Single).m3u', "12-Chic - Everybody Dance (12'' Version).mp3", "01-Chic-Dance,Dance,Dance(Yowsah,Yowsah,Yowsah)(Album&12''Versio.mp3", '04-Chic - Everybody Dance.mp3', 'back.jpg', '14-Chic - Dance, Dance, Dance (Yowsah,Yowsah,Yowsah)(PalJoeyMix).mp3', 'Chic - Dance, Dance, Dance (Yowsah, Yowsah, Yowsah) (Single).m3u', '07-Chic - Strike Up The Band.mp3', "10-Chic - Everybody Dance (7'' Version).mp3", '17-Chic - Strike Up The Band (Hifana Copa Mix).mp3', 'side 2.jpg', '06-Chic - Falling In Love With You.mp3', '16-Chic - Everybody Dance (Motiva Rpl Mix).mp3', "08-Chic - Dance, Dance, Dance (Yowsah,Yowsah,Yowsah)(7''Version).mp3"]
2018.10.17 20:59:31-INFO: Starting loop through files

2018.10.17 20:59:31-INFO: File Crawler for starts for file : /home/kuba/Muzyka/Chic - (1977) Chic/09-Chic - São Paulo (7'' Version).mp3
2018.10.17 20:59:31-DEBUG: Handling file by taglib - correct
2018.10.17 20:59:31-INFO: All file attributes collected correct
2018.10.17 20:59:31-INFO: {'path': "/home/kuba/Muzyka/Chic - (1977) Chic/09-Chic - São Paulo (7'' Version).mp3", 'ext': 'mp3', 'album': 'Chic', 'artist': 'Chic', 'title': "São Paulo (7'' Version)", 'date': '1977', 'length': 195, 'bitrate': 320}

2018.10.17 20:59:31-INFO: File Crawler for starts for file : /home/kuba/Muzyka/Chic - (1977) Chic/03-Chic - You Can Get By.mp3
2018.10.17 20:59:31-DEBUG: Handling file by taglib - correct
2018.10.17 20:59:31-INFO: All file attributes collected correct
2018.10.17 20:59:31-INFO: {'path': '/home/kuba/Muzyka/Chic - (1977) Chic/03-Chic - You Can Get By.mp3', 'ext': 'mp3', 'album': 'Chic', 'artist': 'Chic', 'title': 'You Can Get By', 'date': '1977', 'length': 336, 'bitrate': 320}

2018.10.17 20:59:31-INFO: File Crawler for starts for file : /home/kuba/Muzyka/Chic - (1977) Chic/02-Chic - São Paulo.mp3
2018.10.17 20:59:31-DEBUG: Handling file by taglib - correct
2018.10.17 20:59:31-INFO: All file attributes collected correct
2018.10.17 20:59:31-INFO: {'path': '/home/kuba/Muzyka/Chic - (1977) Chic/02-Chic - São Paulo.mp3', 'ext': 'mp3', 'album': 'Chic', 'artist': 'Chic', 'title': 'São Paulo', 'date': '1977', 'length': 301, 'bitrate': 320}

2018.10.17 20:59:31-INFO: File Crawler for starts for file : /home/kuba/Muzyka/Chic - (1977) Chic/11-Chic - Everybody Dance (Alternate 7'' Version).mp3
2018.10.17 20:59:31-DEBUG: Handling file by taglib - correct
2018.10.17 20:59:31-WARNING: Error : 'DATE'
2018.10.17 20:59:31-INFO: All file attributes collected correct
2018.10.17 20:59:31-INFO: {'path': "/home/kuba/Muzyka/Chic - (1977) Chic/11-Chic - Everybody Dance (Alternate 7'' Version).mp3", 'ext': 'mp3', 'album': 'Chic', 'artist': 'Chic', 'title': "Everybody Dance (Alternate 7'' Version)", 'date': '', 'length': 248, 'bitrate': 320}

2018.10.17 20:59:31-INFO: File Crawler for starts for file : /home/kuba/Muzyka/Chic - (1977) Chic/05-Chic - Est-Ce Que C'est Chic.mp3
2018.10.17 20:59:31-DEBUG: Handling file by taglib - correct
2018.10.17 20:59:31-INFO: All file attributes collected correct
2018.10.17 20:59:31-INFO: {'path': "/home/kuba/Muzyka/Chic - (1977) Chic/05-Chic - Est-Ce Que C'est Chic.mp3", 'ext': 'mp3', 'album': 'Chic', 'artist': 'Chic', 'title': "Est-Ce Que C'est Chic", 'date': '1977', 'length': 233, 'bitrate': 320}

2018.10.17 20:59:31-INFO: File Crawler for starts for file : /home/kuba/Muzyka/Chic - (1977) Chic/15-Chic - Everybody Dance (Glenn Friscia Hardhouse Mix).mp3
2018.10.17 20:59:31-DEBUG: Handling file by taglib - correct
2018.10.17 20:59:31-INFO: All file attributes collected correct
2018.10.17 20:59:31-INFO: {'path': '/home/kuba/Muzyka/Chic - (1977) Chic/15-Chic - Everybody Dance (Glenn Friscia Hardhouse Mix).mp3', 'ext': 'mp3', 'album': 'Chic', 'artist': 'Chic', 'title': 'Everybody Dance (Glenn Friscia Hardhouse Mix)', 'date': '1977', 'length': 338, 'bitrate': 320}

2018.10.17 20:59:31-INFO: File Crawler for starts for file : /home/kuba/Muzyka/Chic - (1977) Chic/13-Chic - You Can Get By (7'' Version).mp3
2018.10.17 20:59:31-DEBUG: Handling file by taglib - correct
2018.10.17 20:59:31-INFO: All file attributes collected correct
2018.10.17 20:59:31-INFO: {'path': "/home/kuba/Muzyka/Chic - (1977) Chic/13-Chic - You Can Get By (7'' Version).mp3", 'ext': 'mp3', 'album': 'Chic', 'artist': 'Chic', 'title': "You Can Get By (7'' Version)", 'date': '1977', 'length': 242, 'bitrate': 320}

2018.10.17 20:59:31-INFO: File Crawler for starts for file : /home/kuba/Muzyka/Chic - (1977) Chic/12-Chic - Everybody Dance (12'' Version).mp3
2018.10.17 20:59:31-DEBUG: Handling file by taglib - correct
2018.10.17 20:59:31-INFO: All file attributes collected correct
2018.10.17 20:59:31-INFO: {'path': "/home/kuba/Muzyka/Chic - (1977) Chic/12-Chic - Everybody Dance (12'' Version).mp3", 'ext': 'mp3', 'album': 'Chic', 'artist': 'Chic', 'title': "Everybody Dance (12'' Version)", 'date': '1977', 'length': 507, 'bitrate': 320}

2018.10.17 20:59:31-INFO: File Crawler for starts for file : /home/kuba/Muzyka/Chic - (1977) Chic/01-Chic-Dance,Dance,Dance(Yowsah,Yowsah,Yowsah)(Album&12''Versio.mp3
2018.10.17 20:59:31-DEBUG: Handling file by taglib - correct
2018.10.17 20:59:31-WARNING: Error : 'DATE'
2018.10.17 20:59:31-INFO: All file attributes collected correct
2018.10.17 20:59:31-INFO: {'path': "/home/kuba/Muzyka/Chic - (1977) Chic/01-Chic-Dance,Dance,Dance(Yowsah,Yowsah,Yowsah)(Album&12''Versio.mp3", 'ext': 'mp3', 'album': 'Chic', 'artist': 'Chic', 'title': "Dance, Dance, Dance (Yowsah, Yowsah, Yowsah) (Album & 12'' Version)", 'date': '', 'length': 502, 'bitrate': 320}

2018.10.17 20:59:31-INFO: File Crawler for starts for file : /home/kuba/Muzyka/Chic - (1977) Chic/04-Chic - Everybody Dance.mp3
2018.10.17 20:59:31-DEBUG: Handling file by taglib - correct
2018.10.17 20:59:31-WARNING: Error : 'DATE'
2018.10.17 20:59:31-INFO: All file attributes collected correct
2018.10.17 20:59:31-INFO: {'path': '/home/kuba/Muzyka/Chic - (1977) Chic/04-Chic - Everybody Dance.mp3', 'ext': 'mp3', 'album': 'Chic', 'artist': 'Chic', 'title': 'Everybody Dance', 'date': '', 'length': 401, 'bitrate': 320}

2018.10.17 20:59:31-INFO: File Crawler for starts for file : /home/kuba/Muzyka/Chic - (1977) Chic/14-Chic - Dance, Dance, Dance (Yowsah,Yowsah,Yowsah)(PalJoeyMix).mp3
2018.10.17 20:59:31-DEBUG: Handling file by taglib - correct
2018.10.17 20:59:31-INFO: All file attributes collected correct
2018.10.17 20:59:31-INFO: {'path': '/home/kuba/Muzyka/Chic - (1977) Chic/14-Chic - Dance, Dance, Dance (Yowsah,Yowsah,Yowsah)(PalJoeyMix).mp3', 'ext': 'mp3', 'album': 'Chic', 'artist': 'Chic', 'title': 'Dance, Dance, Dance (Yowsah, Yowsah, Yowsah) (Pal Joey Mix)', 'date': '1977', 'length': 247, 'bitrate': 320}

2018.10.17 20:59:31-INFO: File Crawler for starts for file : /home/kuba/Muzyka/Chic - (1977) Chic/07-Chic - Strike Up The Band.mp3
2018.10.17 20:59:31-DEBUG: Handling file by taglib - correct
2018.10.17 20:59:31-INFO: All file attributes collected correct
2018.10.17 20:59:31-INFO: {'path': '/home/kuba/Muzyka/Chic - (1977) Chic/07-Chic - Strike Up The Band.mp3', 'ext': 'mp3', 'album': 'Chic', 'artist': 'Chic', 'title': 'Strike Up The Band', 'date': '1977', 'length': 272, 'bitrate': 320}

2018.10.17 20:59:31-INFO: File Crawler for starts for file : /home/kuba/Muzyka/Chic - (1977) Chic/10-Chic - Everybody Dance (7'' Version).mp3
2018.10.17 20:59:31-DEBUG: Handling file by taglib - correct
2018.10.17 20:59:31-WARNING: Error : 'DATE'
2018.10.17 20:59:31-INFO: All file attributes collected correct
2018.10.17 20:59:31-INFO: {'path': "/home/kuba/Muzyka/Chic - (1977) Chic/10-Chic - Everybody Dance (7'' Version).mp3", 'ext': 'mp3', 'album': 'Chic', 'artist': 'Chic', 'title': "Everybody Dance (7'' Version)", 'date': '', 'length': 206, 'bitrate': 320}

2018.10.17 20:59:31-INFO: File Crawler for starts for file : /home/kuba/Muzyka/Chic - (1977) Chic/17-Chic - Strike Up The Band (Hifana Copa Mix).mp3
2018.10.17 20:59:31-DEBUG: Handling file by taglib - correct
2018.10.17 20:59:31-INFO: All file attributes collected correct
2018.10.17 20:59:31-INFO: {'path': '/home/kuba/Muzyka/Chic - (1977) Chic/17-Chic - Strike Up The Band (Hifana Copa Mix).mp3', 'ext': 'mp3', 'album': 'Chic', 'artist': 'Chic', 'title': 'Strike Up The Band (Hifana Copa Mix)', 'date': '1977', 'length': 229, 'bitrate': 320}

2018.10.17 20:59:31-INFO: File Crawler for starts for file : /home/kuba/Muzyka/Chic - (1977) Chic/06-Chic - Falling In Love With You.mp3
2018.10.17 20:59:31-DEBUG: Handling file by taglib - correct
2018.10.17 20:59:31-INFO: All file attributes collected correct
2018.10.17 20:59:31-INFO: {'path': '/home/kuba/Muzyka/Chic - (1977) Chic/06-Chic - Falling In Love With You.mp3', 'ext': 'mp3', 'album': 'Chic', 'artist': 'Chic', 'title': 'Falling In Love With You', 'date': '1977', 'length': 269, 'bitrate': 320}

2018.10.17 20:59:31-INFO: File Crawler for starts for file : /home/kuba/Muzyka/Chic - (1977) Chic/16-Chic - Everybody Dance (Motiva Rpl Mix).mp3
2018.10.17 20:59:31-DEBUG: Handling file by taglib - correct
2018.10.17 20:59:31-INFO: All file attributes collected correct
2018.10.17 20:59:31-INFO: {'path': '/home/kuba/Muzyka/Chic - (1977) Chic/16-Chic - Everybody Dance (Motiva Rpl Mix).mp3', 'ext': 'mp3', 'album': 'Chic', 'artist': 'Chic', 'title': 'Everybody Dance (Motiva Rpl Mix)', 'date': '1977', 'length': 362, 'bitrate': 320}

2018.10.17 20:59:31-INFO: File Crawler for starts for file : /home/kuba/Muzyka/Chic - (1977) Chic/08-Chic - Dance, Dance, Dance (Yowsah,Yowsah,Yowsah)(7''Version).mp3
2018.10.17 20:59:31-DEBUG: Handling file by taglib - correct
2018.10.17 20:59:31-WARNING: Error : 'DATE'
2018.10.17 20:59:31-INFO: All file attributes collected correct
2018.10.17 20:59:31-INFO: {'path': "/home/kuba/Muzyka/Chic - (1977) Chic/08-Chic - Dance, Dance, Dance (Yowsah,Yowsah,Yowsah)(7''Version).mp3", 'ext': 'mp3', 'album': 'Chic', 'artist': 'Chic', 'title': "Dance, Dance, Dance (Yowsah, Yowsah, Yowsah) (7'' Version)", 'date': '', 'length': 218, 'bitrate': 320}

2018.10.17 20:59:31-INFO: 

2018.10.17 20:59:31-INFO: Loop through files ends succesfully

2018.10.17 20:59:31-INFO: Determine Catalog Attributes function starts

2018.10.17 20:59:31-DEBUG: Tries to guess Album name
2018.10.17 20:59:31-DEBUG: Found 1 proposition(s) : ['Chic']
2018.10.17 20:59:31-DEBUG: Album found : Chic
2018.10.17 20:59:31-DEBUG: Tries to guess Artist name
2018.10.17 20:59:31-DEBUG: Found 1 proposition(s) : ['Chic']
2018.10.17 20:59:31-DEBUG: Artist found : Chic
2018.10.17 20:59:31-DEBUG: Tries to guess date of album
2018.10.17 20:59:31-DEBUG: Date unreckognized
2018.10.17 20:59:31-DEBUG: Computing average bitrate of files
2018.10.17 20:59:31-DEBUG: Computing total length of files
2018.10.17 20:59:31-INFO: reckognized Catalog Attributes:
Artist: Chic        
Album: Chic
Date: 
AvgBitrate: 320.0
CatalogSym        
Total Length: 1:25:06


2018.10.17 20:59:31-DEBUG: returns {'album': 'Chic', 'artist': 'Chic', 'date': '', 'avg_bitrate': 320.0, 'total_length': 5106, 'catalog_mark': '', 'ext': 'mp3', 'img_count': 4, 'path': '/home/kuba/Muzyka/Chic - (1977) Chic', 'is_supported': True}
2018.10.17 20:59:31-INFO: Catalog Crawler ends,

2018.10.17 20:59:31-INFO: Finding Album DiscogsID started
2018.10.17 20:59:31-INFO: Working on /home/kuba/Muzyka/Chic - (1977) Chic
2018.10.17 20:59:31-INFO: metoda Album
2018.10.17 20:59:31-INFO: Connecting Discogs
Query: Chic
2018.10.17 20:59:32-INFO: Comparing Chic - Chic
2018.10.17 20:59:32-INFO: Znaleziono ID z listy Album
2018.10.17 20:59:32-INFO: 53188
2018.10.17 20:59:44-INFO: Save to DB started
2018.10.17 20:59:44-INFO: Catalog data inserted successfully
2018.10.17 20:59:44-DEBUG: Tries to insert : {'path': "/home/kuba/Muzyka/Chic - (1977) Chic/09-Chic - São Paulo (7'' Version).mp3", 'ext': 'mp3', 'album': 'Chic', 'artist': 'Chic', 'title': "São Paulo (7'' Version)", 'date': '1977', 'length': 195, 'bitrate': 320}
2018.10.17 20:59:44-DEBUG: Tries to insert : {'path': '/home/kuba/Muzyka/Chic - (1977) Chic/03-Chic - You Can Get By.mp3', 'ext': 'mp3', 'album': 'Chic', 'artist': 'Chic', 'title': 'You Can Get By', 'date': '1977', 'length': 336, 'bitrate': 320}
2018.10.17 20:59:44-DEBUG: Tries to insert : {'path': '/home/kuba/Muzyka/Chic - (1977) Chic/02-Chic - São Paulo.mp3', 'ext': 'mp3', 'album': 'Chic', 'artist': 'Chic', 'title': 'São Paulo', 'date': '1977', 'length': 301, 'bitrate': 320}
2018.10.17 20:59:44-DEBUG: Tries to insert : {'path': "/home/kuba/Muzyka/Chic - (1977) Chic/11-Chic - Everybody Dance (Alternate 7'' Version).mp3", 'ext': 'mp3', 'album': 'Chic', 'artist': 'Chic', 'title': "Everybody Dance (Alternate 7'' Version)", 'date': '', 'length': 248, 'bitrate': 320}
2018.10.17 20:59:44-DEBUG: Tries to insert : {'path': "/home/kuba/Muzyka/Chic - (1977) Chic/05-Chic - Est-Ce Que C'est Chic.mp3", 'ext': 'mp3', 'album': 'Chic', 'artist': 'Chic', 'title': "Est-Ce Que C'est Chic", 'date': '1977', 'length': 233, 'bitrate': 320}
2018.10.17 20:59:44-DEBUG: Tries to insert : {'path': '/home/kuba/Muzyka/Chic - (1977) Chic/15-Chic - Everybody Dance (Glenn Friscia Hardhouse Mix).mp3', 'ext': 'mp3', 'album': 'Chic', 'artist': 'Chic', 'title': 'Everybody Dance (Glenn Friscia Hardhouse Mix)', 'date': '1977', 'length': 338, 'bitrate': 320}
2018.10.17 20:59:44-DEBUG: Tries to insert : {'path': "/home/kuba/Muzyka/Chic - (1977) Chic/13-Chic - You Can Get By (7'' Version).mp3", 'ext': 'mp3', 'album': 'Chic', 'artist': 'Chic', 'title': "You Can Get By (7'' Version)", 'date': '1977', 'length': 242, 'bitrate': 320}
2018.10.17 20:59:44-DEBUG: Tries to insert : {'path': "/home/kuba/Muzyka/Chic - (1977) Chic/12-Chic - Everybody Dance (12'' Version).mp3", 'ext': 'mp3', 'album': 'Chic', 'artist': 'Chic', 'title': "Everybody Dance (12'' Version)", 'date': '1977', 'length': 507, 'bitrate': 320}
2018.10.17 20:59:44-DEBUG: Tries to insert : {'path': "/home/kuba/Muzyka/Chic - (1977) Chic/01-Chic-Dance,Dance,Dance(Yowsah,Yowsah,Yowsah)(Album&12''Versio.mp3", 'ext': 'mp3', 'album': 'Chic', 'artist': 'Chic', 'title': "Dance, Dance, Dance (Yowsah, Yowsah, Yowsah) (Album & 12'' Version)", 'date': '', 'length': 502, 'bitrate': 320}
2018.10.17 20:59:44-DEBUG: Tries to insert : {'path': '/home/kuba/Muzyka/Chic - (1977) Chic/04-Chic - Everybody Dance.mp3', 'ext': 'mp3', 'album': 'Chic', 'artist': 'Chic', 'title': 'Everybody Dance', 'date': '', 'length': 401, 'bitrate': 320}
2018.10.17 20:59:44-DEBUG: Tries to insert : {'path': '/home/kuba/Muzyka/Chic - (1977) Chic/14-Chic - Dance, Dance, Dance (Yowsah,Yowsah,Yowsah)(PalJoeyMix).mp3', 'ext': 'mp3', 'album': 'Chic', 'artist': 'Chic', 'title': 'Dance, Dance, Dance (Yowsah, Yowsah, Yowsah) (Pal Joey Mix)', 'date': '1977', 'length': 247, 'bitrate': 320}
2018.10.17 20:59:44-DEBUG: Tries to insert : {'path': '/home/kuba/Muzyka/Chic - (1977) Chic/07-Chic - Strike Up The Band.mp3', 'ext': 'mp3', 'album': 'Chic', 'artist': 'Chic', 'title': 'Strike Up The Band', 'date': '1977', 'length': 272, 'bitrate': 320}
2018.10.17 20:59:44-DEBUG: Tries to insert : {'path': "/home/kuba/Muzyka/Chic - (1977) Chic/10-Chic - Everybody Dance (7'' Version).mp3", 'ext': 'mp3', 'album': 'Chic', 'artist': 'Chic', 'title': "Everybody Dance (7'' Version)", 'date': '', 'length': 206, 'bitrate': 320}
2018.10.17 20:59:44-DEBUG: Tries to insert : {'path': '/home/kuba/Muzyka/Chic - (1977) Chic/17-Chic - Strike Up The Band (Hifana Copa Mix).mp3', 'ext': 'mp3', 'album': 'Chic', 'artist': 'Chic', 'title': 'Strike Up The Band (Hifana Copa Mix)', 'date': '1977', 'length': 229, 'bitrate': 320}
2018.10.17 20:59:44-DEBUG: Tries to insert : {'path': '/home/kuba/Muzyka/Chic - (1977) Chic/06-Chic - Falling In Love With You.mp3', 'ext': 'mp3', 'album': 'Chic', 'artist': 'Chic', 'title': 'Falling In Love With You', 'date': '1977', 'length': 269, 'bitrate': 320}
2018.10.17 20:59:44-DEBUG: Tries to insert : {'path': '/home/kuba/Muzyka/Chic - (1977) Chic/16-Chic - Everybody Dance (Motiva Rpl Mix).mp3', 'ext': 'mp3', 'album': 'Chic', 'artist': 'Chic', 'title': 'Everybody Dance (Motiva Rpl Mix)', 'date': '1977', 'length': 362, 'bitrate': 320}
2018.10.17 20:59:44-DEBUG: Tries to insert : {'path': "/home/kuba/Muzyka/Chic - (1977) Chic/08-Chic - Dance, Dance, Dance (Yowsah,Yowsah,Yowsah)(7''Version).mp3", 'ext': 'mp3', 'album': 'Chic', 'artist': 'Chic', 'title': "Dance, Dance, Dance (Yowsah, Yowsah, Yowsah) (7'' Version)", 'date': '', 'length': 218, 'bitrate': 320}
2018.10.17 20:59:44-INFO: Catalog data inserted successfully
2018.10.17 20:59:44-INFO: Data Commited
2018.10.17 20:59:44-INFO: Catalog Crawler starts
2018.10.17 20:59:44-DEBUG: Files found in catalog : ['02-marusha-touches_me-90946e49.mp3', '00-marusha-rave_satellite-web-2018.jpg', '06-marusha_feat_alexander_knappe-du_(breakbeat_remix)-4a0e65b7.mp3', '00-marusha-rave_satellite-web-2018.nfo', '05-marusha-deep_(dandb_remix)-02a9bf05.mp3', '00-marusha-rave_satellite-web-2018.sfv', '08-marusha-gravity-d8b163ef.mp3', '01-marusha-rave_satellite-85789f12.mp3', '07-marusha-remember_me-5f9560ab.mp3', '00-marusha-rave_satellite-web-2018.m3u', '03-marusha-supernova-1be4c5b1.mp3', '04-marusha_feat_garik_sonic-desolator-b88863ca.mp3']
2018.10.17 20:59:44-INFO: Starting loop through files

2018.10.17 20:59:44-INFO: File Crawler for starts for file : /home/kuba/Muzyka/Marusha-Rave_Satellite-WEB-2018-ENSLAVE/02-marusha-touches_me-90946e49.mp3
2018.10.17 20:59:44-DEBUG: Handling file by taglib - correct
2018.10.17 20:59:44-INFO: All file attributes collected correct
2018.10.17 20:59:44-INFO: {'path': '/home/kuba/Muzyka/Marusha-Rave_Satellite-WEB-2018-ENSLAVE/02-marusha-touches_me-90946e49.mp3', 'ext': 'mp3', 'album': 'Rave Satellite', 'artist': 'Marusha', 'title': 'Touches Me', 'date': '2018', 'length': 215, 'bitrate': 320}

2018.10.17 20:59:44-INFO: File Crawler for starts for file : /home/kuba/Muzyka/Marusha-Rave_Satellite-WEB-2018-ENSLAVE/06-marusha_feat_alexander_knappe-du_(breakbeat_remix)-4a0e65b7.mp3
2018.10.17 20:59:44-DEBUG: Handling file by taglib - correct
2018.10.17 20:59:44-INFO: All file attributes collected correct
2018.10.17 20:59:44-INFO: {'path': '/home/kuba/Muzyka/Marusha-Rave_Satellite-WEB-2018-ENSLAVE/06-marusha_feat_alexander_knappe-du_(breakbeat_remix)-4a0e65b7.mp3', 'ext': 'mp3', 'album': 'Rave Satellite', 'artist': 'Marusha feat. Alexander Knappe', 'title': 'Du (Breakbeat Remix)', 'date': '2018', 'length': 243, 'bitrate': 320}

2018.10.17 20:59:44-INFO: File Crawler for starts for file : /home/kuba/Muzyka/Marusha-Rave_Satellite-WEB-2018-ENSLAVE/05-marusha-deep_(dandb_remix)-02a9bf05.mp3
2018.10.17 20:59:44-DEBUG: Handling file by taglib - correct
2018.10.17 20:59:44-INFO: All file attributes collected correct
2018.10.17 20:59:44-INFO: {'path': '/home/kuba/Muzyka/Marusha-Rave_Satellite-WEB-2018-ENSLAVE/05-marusha-deep_(dandb_remix)-02a9bf05.mp3', 'ext': 'mp3', 'album': 'Rave Satellite', 'artist': 'Marusha', 'title': 'Deep (D&B Remix)', 'date': '2018', 'length': 336, 'bitrate': 320}

2018.10.17 20:59:44-INFO: File Crawler for starts for file : /home/kuba/Muzyka/Marusha-Rave_Satellite-WEB-2018-ENSLAVE/08-marusha-gravity-d8b163ef.mp3
2018.10.17 20:59:44-DEBUG: Handling file by taglib - correct
2018.10.17 20:59:44-INFO: All file attributes collected correct
2018.10.17 20:59:44-INFO: {'path': '/home/kuba/Muzyka/Marusha-Rave_Satellite-WEB-2018-ENSLAVE/08-marusha-gravity-d8b163ef.mp3', 'ext': 'mp3', 'album': 'Rave Satellite', 'artist': 'Marusha', 'title': 'Gravity', 'date': '2018', 'length': 344, 'bitrate': 320}

2018.10.17 20:59:44-INFO: File Crawler for starts for file : /home/kuba/Muzyka/Marusha-Rave_Satellite-WEB-2018-ENSLAVE/01-marusha-rave_satellite-85789f12.mp3
2018.10.17 20:59:44-DEBUG: Handling file by taglib - correct
2018.10.17 20:59:44-INFO: All file attributes collected correct
2018.10.17 20:59:44-INFO: {'path': '/home/kuba/Muzyka/Marusha-Rave_Satellite-WEB-2018-ENSLAVE/01-marusha-rave_satellite-85789f12.mp3', 'ext': 'mp3', 'album': 'Rave Satellite', 'artist': 'Marusha', 'title': 'Rave Satellite', 'date': '2018', 'length': 329, 'bitrate': 320}

2018.10.17 20:59:44-INFO: File Crawler for starts for file : /home/kuba/Muzyka/Marusha-Rave_Satellite-WEB-2018-ENSLAVE/07-marusha-remember_me-5f9560ab.mp3
2018.10.17 20:59:44-DEBUG: Handling file by taglib - correct
2018.10.17 20:59:44-INFO: All file attributes collected correct
2018.10.17 20:59:44-INFO: {'path': '/home/kuba/Muzyka/Marusha-Rave_Satellite-WEB-2018-ENSLAVE/07-marusha-remember_me-5f9560ab.mp3', 'ext': 'mp3', 'album': 'Rave Satellite', 'artist': 'Marusha', 'title': 'Remember Me', 'date': '2018', 'length': 292, 'bitrate': 320}

2018.10.17 20:59:44-INFO: File Crawler for starts for file : /home/kuba/Muzyka/Marusha-Rave_Satellite-WEB-2018-ENSLAVE/03-marusha-supernova-1be4c5b1.mp3
2018.10.17 20:59:44-DEBUG: Handling file by taglib - correct
2018.10.17 20:59:44-INFO: All file attributes collected correct
2018.10.17 20:59:44-INFO: {'path': '/home/kuba/Muzyka/Marusha-Rave_Satellite-WEB-2018-ENSLAVE/03-marusha-supernova-1be4c5b1.mp3', 'ext': 'mp3', 'album': 'Rave Satellite', 'artist': 'Marusha', 'title': 'Supernova', 'date': '2018', 'length': 264, 'bitrate': 320}

2018.10.17 20:59:44-INFO: File Crawler for starts for file : /home/kuba/Muzyka/Marusha-Rave_Satellite-WEB-2018-ENSLAVE/04-marusha_feat_garik_sonic-desolator-b88863ca.mp3
2018.10.17 20:59:44-DEBUG: Handling file by taglib - correct
2018.10.17 20:59:44-INFO: All file attributes collected correct
2018.10.17 20:59:44-INFO: {'path': '/home/kuba/Muzyka/Marusha-Rave_Satellite-WEB-2018-ENSLAVE/04-marusha_feat_garik_sonic-desolator-b88863ca.mp3', 'ext': 'mp3', 'album': 'Rave Satellite', 'artist': 'Marusha feat. Garik Sonic', 'title': 'Desolator', 'date': '2018', 'length': 237, 'bitrate': 320}

2018.10.17 20:59:44-INFO: 

2018.10.17 20:59:44-INFO: Loop through files ends succesfully

2018.10.17 20:59:44-INFO: Determine Catalog Attributes function starts

2018.10.17 20:59:44-DEBUG: Tries to guess Album name
2018.10.17 20:59:44-DEBUG: Found 1 proposition(s) : ['Rave Satellite']
2018.10.17 20:59:44-DEBUG: Album found : Rave Satellite
2018.10.17 20:59:44-DEBUG: Tries to guess Artist name
2018.10.17 20:59:44-DEBUG: Found 3 proposition(s) : ['Marusha', 'Marusha feat. Alexander Knappe', 'Marusha feat. Garik Sonic']
2018.10.17 20:59:44-DEBUG: Many Artists found in this catalog
2018.10.17 20:59:44-INFO: Substring Finder Function starts
2018.10.17 20:59:44-DEBUG: Input : ['Marusha', 'Marusha feat. Alexander Knappe', 'Marusha feat. Garik Sonic']

2018.10.17 20:59:44-DEBUG: find_longest_substring comparing pair: Marusha and Marusha feat. Alexander Knappe
2018.10.17 20:59:44-DEBUG: Selected : Marusha
2018.10.17 20:59:44-DEBUG: find_longest_substring comparing pair: Marusha feat. Alexander Knappe and Marusha feat. Garik Sonic
2018.10.17 20:59:44-DEBUG: Selected : Marusha feat. 
2018.10.17 20:59:44-INFO: Existing substrings : ['Marusha', 'Marusha feat. ']
2018.10.17 20:59:44-DEBUG: Checking if Marusha has a substring with all
2018.10.17 20:59:44-DEBUG: find_longest_substring comparing pair: Marusha and Marusha
2018.10.17 20:59:44-DEBUG: Selected : Marusha
2018.10.17 20:59:44-DEBUG: find_longest_substring comparing pair: Marusha and Marusha feat. Alexander Knappe
2018.10.17 20:59:44-DEBUG: Selected : Marusha
2018.10.17 20:59:44-DEBUG: find_longest_substring comparing pair: Marusha and Marusha feat. Garik Sonic
2018.10.17 20:59:44-DEBUG: Selected : Marusha
2018.10.17 20:59:44-DEBUG: Marusha has a match with all files in dir
2018.10.17 20:59:44-INFO: ***Connecting Discogs			Query: Marusha
