2018.10.18 06:48:24-main-INFO: OS : Windows
2018.10.18 06:48:24-main.stocker-INFO: catalog_collector Function starts
2018.10.18 06:48:24-main.stocker-DEBUG: Catalog Cache File founded
2018.10.18 06:48:24-main.stocker-INFO: catalog_collector found 31435 dirs to check


2018.10.18 06:48:24-main.stocker-INFO: Catalog Crawler starts
2018.10.18 06:48:24-main.stocker-DEBUG: Files found in catalog : ['.0435457190c6a91c58735abe00c79671578c4276.parts', '.88c946955960e78c48dde24a94a4918bbeed0b38.parts', '.d85ab942869b067baa4835897a9c3c761c1a0b02.parts', '.f38e7ced5bbb9249832b8f49a025df7d37f9208a.parts', '00 The Royal Philharmonic Orchestra - Plays ABBA [1992].zip', '01-01-Muse-The_Dark_Side-SMR.flac', '11. Abel Ramos - Aquarius (Randy Katana Rmx).pk', '1975 Biała sowa, biała dama, biały kruk @FLAC.rar', '33 najpopularniejsze piosenki cypisa.rar', 'AlbumArtSmall.jpg', 'AlbumArt_{80E7DD37-C498-4E10-B791-D382121C4119}_Large.jpg', 'AlbumArt_{80E7DD37-C498-4E10-B791-D382121C4119}_Small.jpg', 'AlbumArt_{A00808B8-2006-4140-AEA5-F53EC8755966}_Large.jpg', 'AlbumArt_{A00808B8-2006-4140-AEA5-F53EC8755966}_Small.jpg', 'art.rar', 'az_magia_to_ja_final.mp3', 'Bisz - Piękno I Bestia EP (2017) [VBR].rar', 'Bisz_and_Kosa-Zimy-EP-PL-2007.rar', 'Blackout-1967-Blackout (with Special Bonus)-Scans.rar', 'Blackout-2003-Studnia bez wody (Niepokonani)-NoScans.rar', 'Blackout-2009-Wraca do domu - Krajowy Festiwal Polskiej Piosenki w Opolu 1966.rar', 'Blackout-2014-Gwiazdy polskiego big beatu-Scans.rar', 'Breakout - Za siódmą górą (2016) (KAMCD 42).rar', 'Breakout-1969-Na Drugim Brzegu Teczy-Scans.rar', 'Breakout-1970-70a-Scans.rar', 'Breakout-1971-Blues-Scans.rar', 'Breakout-1971-Mira-Scans.rar', 'Breakout-1972-Karate-Scans.rar', 'Breakout-1974 Kamienie-Scans.rar', 'Breakout-1976-NOL (1976) 2005-Scans.rar', 'Breakout-1979-Zagiel Ziemi-Scans.rar', 'Breakout-1979-ZOL (1979)Scans.rar', 'Breakout-1995-Ballady-NoScans.rar', 'Breakout-2001-Oni zaraz przyjda tu (Zlota Kolekcja)NoScans.rar', 'Breakout-2011-Poszlabym za toba-Scans.rar', 'Bu-Nadgryziony_Zebem_Czasu-PL-2018-WGM.rar', 'Cafe Fogg 2 (bezstratny).rar', 'Desktop.ini', 'DJ Trakmajster - Gzyms (2014).rar', 'Dj Twister - Bangers & The Breaks Megamix.mp3', "DJ_600V_-_Since_'94_(2014)_(album)_[FLAC].zip", 'DJ_600V_and_Jack_the_Ripper-Since_94-PL-2014.rar', 'Dr. Motte & Westbam - Love Parade 2000 (One World One Love Parade).vob', 'Dwa_Slawy-Cos_Przerywa-PL-2018-EMPiK.rar', 'Elemer-Nadejdzie_Na_Swit.rar', 'Elemer_-_Poszlo_W_Biznes-2001.rar', 'FALCON1 & DJ KEBS - ELEMENTARZ.mp3', 'Folder.jpg', 'Funkloopy - Radiofrendli [2009].rar', 'Gedz - 247365 (2018).rar', 'hhir_samples_of_the_year_2014.zip', 'Kali- V8T (2018).rar', 'Karramba-R.V.L._V2.0-PL-2015.rar', 'king floyd groove me.rar', 'Kultowa 500 EskaRock - lista.txt', 'Magiera_-_L.A.__WhiteHouse_-Kodex_5_Elements-2CD-Deluxe_Edition-PL-2014-K1X_INT.rar', 'Mauro Picotto - (2001.02.17) - Trance Energy.mp3', 'Metro - MetroVille MP3v200.zip', 'Mielzky_And_BennCart-Umrzec_W_Super_Butach-PL-2006-WGM.rar', 'Mira Kubasinska & Breakout-1973-Ogien-Scans.rar', 'MoraL-Gano-Przeminelo_Z_Dymem.rar', 'NOON-ALGORYTM-2018-WGM.rar', 'Onar - Czyste buty, brudne serce (2018) ^Rap,Hip Hop^.rar', 'Onar_-_Autodestrukcja_(2014).rar', 'Ortega Cartel - Paskowy Duel (2005).rar', 'Ortega_Cartel-Nic_Sie_Nie_Dzieje-Bootleg-PL-2007.rar', 'Ortega_Cartel-Podziemne_Disco-Bootleg-PL-2006-BZzYK.rar', 'Ortega_Cartel-Zakazany_Owoc-Bootleg-PL-2004.rar', 'Oxon - Ktoś ZupełNie Zwykły (Deluxe Edition).rar', 'Oxon - OneTake Mixtape.rar', 'Parzel-Siodmy-LOT_1.7-PL-2018-WGM.rar', 'Pawbeats-Out-PL-2018-WGM.rar', 'Praktik-Dobra_Czestotliwosc.rar', 'Proceente-Znaki_Zapytania.rar', 'Proceente_-_Moklok_Mixtape_(2015).rar', 'Rappers_Delight_MP3.rar', 'Rufus featuring Chaka Khan - Tell Me Something Good 320cbr (Big Papi Single) 1974 Funk Porn Groove.mp3', 'Slizg.eu - Ostatni mikstejp.zip', 'Smarki Smark - [2005] - Moda na epk (Najebawszy)[320].rar', 'Smarki_Smark-Smarki_Smark_(Blends_by_Menciu2sty)_09-Bootleg_EP-PL-2009.rar', 'Sokolowa-Podlaskiego.pdf', 'Starszy_Fanatycy_Flow_-_Zaraz_Zwariuja_Mixtape.rar', "Tadeusz Nalepa' Blackout-2-1967-Scans.rar", 'Ten_Typ_Mes_-_Rapersampler__2018___album_.rar', 'The Sprout ALPHA.mp3', 'The_Game-Streets_Of_Compton-2016-H3X.rar', 'The_Returners-Nu_Blend_Order_(Mixtape.rar', 'Thumbs.db', 'Tomas More & Troy Pierce ITEMS & THINGS London [23 Dec. 2014].mp3', 'Tomcraft - For The Queen (2007) - Trance [www.torrentazos.com].rar', 'Troy Pierce - Treehouse Miami (28.10.2011) Troy Pierce - Treehouse Miami (28.10.2012).mp3', 'VA - Asfalt Wiosna 2000 EP Asfalt Records  26 kwietnia 2000.rar', 'VA – Asfalt, Wiosna 99 EP  Asfalt Records  23 kwietnia 1999.rar', 'VA-Breakout Festiwal 2007 (2009)-NoScans.rar', 'VA-Hip-Hopowy_Raport_3_Osiedla_W_Najlepszym_Wykonaniu-PL-1999-WGM.rar', 'Vox - Największe przeboje.rar', 'Vox-Bananowy Song-Złiota Kolekcja(OK).rar', 'Wu-Tang Clan - (The Acapella Album).rar', 'WWO-Moda-Vinyl-PL-2002-B3S.rar', 'WWO_-_Obejrzyj_Sobie_Wiadomo_ci_[Maxi_Singiel]_(2000).rar', 'Wzgorze_Ya-Pa-3-Trzy-PL-1998-WGM.rar', 'Yoji_Biomehanika_-_Special_Radio_Set_-_28.11.2009.mp3', 'Ziolo_-_Cokolwiek_(2015).rar', 'Ziolo_-_Twin_Peaks_EP_(2015).rar', 'Zio__o_-_Hip_Hop__2012_.rar', 'Zio__o_-_Siema_LP__2010_.rar']
2018.10.18 06:48:24-main.stocker-INFO: Starting loop through files

2018.10.18 06:48:24-main.stocker-INFO: File Crawler for starts for file : D:\++WORKZONE++\01-01-Muse-The_Dark_Side-SMR.flac
2018.10.18 06:48:24-main.stocker-DEBUG: Handling file by taglib - correct
2018.10.18 06:48:24-main.stocker-INFO: All file attributes collected correct
2018.10.18 06:48:24-main.stocker-INFO: {'path': 'D:\\++WORKZONE++\\01-01-Muse-The_Dark_Side-SMR.flac', 'ext': 'flac', 'album': 'The Dark Side', 'artist': 'Muse', 'title': 'The Dark Side', 'date': '2018', 'length': 227, 'bitrate': 1896}

2018.10.18 06:48:24-main.stocker-INFO: File Crawler for starts for file : D:\++WORKZONE++\az_magia_to_ja_final.mp3
2018.10.18 06:48:24-main.stocker-DEBUG: Handling file by taglib - correct
2018.10.18 06:48:24-main.stocker-WARNING: Error : list index out of range
2018.10.18 06:48:24-main.stocker-WARNING: Error : list index out of range
2018.10.18 06:48:24-main.stocker-WARNING: Error : list index out of range
2018.10.18 06:48:24-main.stocker-WARNING: Error : list index out of range
2018.10.18 06:48:24-main.stocker-INFO: All file attributes collected correct
2018.10.18 06:48:24-main.stocker-INFO: {'path': 'D:\\++WORKZONE++\\az_magia_to_ja_final.mp3', 'ext': 'mp3', 'album': '', 'artist': '', 'title': '', 'date': '', 'length': 4766, 'bitrate': 320}

2018.10.18 06:48:24-main.stocker-INFO: File Crawler for starts for file : D:\++WORKZONE++\Dj Twister - Bangers & The Breaks Megamix.mp3
2018.10.18 06:48:24-main.stocker-DEBUG: Handling file by taglib - correct
2018.10.18 06:48:24-main.stocker-INFO: All file attributes collected correct
2018.10.18 06:48:24-main.stocker-INFO: {'path': 'D:\\++WORKZONE++\\Dj Twister - Bangers & The Breaks Megamix.mp3', 'ext': 'mp3', 'album': 'Bangers & The Breaks Megamix', 'artist': 'Dj Twister aka Vinyl Cat', 'title': 'Bangers & The Breaks Megamix', 'date': '2012', 'length': 4431, 'bitrate': 320}

2018.10.18 06:48:24-main.stocker-INFO: File Crawler for starts for file : D:\++WORKZONE++\FALCON1 & DJ KEBS - ELEMENTARZ.mp3
2018.10.18 06:48:24-main.stocker-DEBUG: Handling file by taglib - correct
2018.10.18 06:48:24-main.stocker-WARNING: Error : 'DATE'
2018.10.18 06:48:24-main.stocker-INFO: All file attributes collected correct
2018.10.18 06:48:24-main.stocker-INFO: {'path': 'D:\\++WORKZONE++\\FALCON1 & DJ KEBS - ELEMENTARZ.mp3', 'ext': 'mp3', 'album': 'ELEMENTARZ', 'artist': 'FALCON1 & DJ KEBS', 'title': 'ELEMENTARZ', 'date': '', 'length': 3128, 'bitrate': 320}

2018.10.18 06:48:24-main.stocker-INFO: File Crawler for starts for file : D:\++WORKZONE++\Mauro Picotto - (2001.02.17) - Trance Energy.mp3
2018.10.18 06:48:26-main.stocker-DEBUG: Handling file by taglib - correct
2018.10.18 06:48:26-main.stocker-WARNING: Error : 'ALBUM'
2018.10.18 06:48:26-main.stocker-WARNING: Error : 'ARTIST'
2018.10.18 06:48:26-main.stocker-WARNING: Error : 'TITLE'
2018.10.18 06:48:26-main.stocker-WARNING: Error : 'DATE'
2018.10.18 06:48:26-main.stocker-INFO: All file attributes collected correct
2018.10.18 06:48:26-main.stocker-INFO: {'path': 'D:\\++WORKZONE++\\Mauro Picotto - (2001.02.17) - Trance Energy.mp3', 'ext': 'mp3', 'album': '', 'artist': '', 'title': '', 'date': '', 'length': 0, 'bitrate': 0}

2018.10.18 06:48:26-main.stocker-INFO: File Crawler for starts for file : D:\++WORKZONE++\Rufus featuring Chaka Khan - Tell Me Something Good 320cbr (Big Papi Single) 1974 Funk Porn Groove.mp3
2018.10.18 06:48:26-main.stocker-DEBUG: Handling file by taglib - correct
2018.10.18 06:48:26-main.stocker-INFO: All file attributes collected correct
2018.10.18 06:48:26-main.stocker-INFO: {'path': 'D:\\++WORKZONE++\\Rufus featuring Chaka Khan - Tell Me Something Good 320cbr (Big Papi Single) 1974 Funk Porn Groove.mp3', 'ext': 'mp3', 'album': 'LoveSongs', 'artist': 'Rufus featuring Chaka Khan', 'title': 'Tell Me Something Good', 'date': '2000', 'length': 281, 'bitrate': 320}

2018.10.18 06:48:26-main.stocker-INFO: File Crawler for starts for file : D:\++WORKZONE++\The Sprout ALPHA.mp3
2018.10.18 06:48:26-main.stocker-DEBUG: Handling file by taglib - correct
2018.10.18 06:48:26-main.stocker-WARNING: Error : 'ALBUM'
2018.10.18 06:48:26-main.stocker-WARNING: Error : 'ARTIST'
2018.10.18 06:48:26-main.stocker-WARNING: Error : 'TITLE'
2018.10.18 06:48:26-main.stocker-WARNING: Error : 'DATE'
2018.10.18 06:48:26-main.stocker-INFO: All file attributes collected correct
2018.10.18 06:48:26-main.stocker-INFO: {'path': 'D:\\++WORKZONE++\\The Sprout ALPHA.mp3', 'ext': 'mp3', 'album': '', 'artist': '', 'title': '', 'date': '', 'length': 51, 'bitrate': 320}

2018.10.18 06:48:26-main.stocker-INFO: File Crawler for starts for file : D:\++WORKZONE++\Tomas More & Troy Pierce ITEMS & THINGS London [23 Dec. 2014].mp3
2018.10.18 06:48:26-main.stocker-DEBUG: Handling file by taglib - correct
2018.10.18 06:48:26-main.stocker-WARNING: Error : 'ALBUM'
2018.10.18 06:48:26-main.stocker-WARNING: Error : 'ARTIST'
2018.10.18 06:48:26-main.stocker-WARNING: Error : 'DATE'
2018.10.18 06:48:26-main.stocker-INFO: All file attributes collected correct
2018.10.18 06:48:26-main.stocker-INFO: {'path': 'D:\\++WORKZONE++\\Tomas More & Troy Pierce ITEMS & THINGS London [23 Dec. 2014].mp3', 'ext': 'mp3', 'album': '', 'artist': '', 'title': 'london i&t t & t MIX', 'date': '', 'length': 11670, 'bitrate': 320}

2018.10.18 06:48:26-main.stocker-INFO: File Crawler for starts for file : D:\++WORKZONE++\Troy Pierce - Treehouse Miami (28.10.2011) Troy Pierce - Treehouse Miami (28.10.2012).mp3
2018.10.18 06:48:26-main.stocker-DEBUG: Handling file by taglib - correct
2018.10.18 06:48:26-main.stocker-WARNING: Error : 'ALBUM'
2018.10.18 06:48:26-main.stocker-INFO: All file attributes collected correct
2018.10.18 06:48:26-main.stocker-INFO: {'path': 'D:\\++WORKZONE++\\Troy Pierce - Treehouse Miami (28.10.2011) Troy Pierce - Treehouse Miami (28.10.2012).mp3', 'ext': 'mp3', 'album': '', 'artist': 'Troy Pierce', 'title': 'Treehouse Miami (28.10.2011)', 'date': '2012', 'length': 10033, 'bitrate': 320}

2018.10.18 06:48:26-main.stocker-INFO: File Crawler for starts for file : D:\++WORKZONE++\Yoji_Biomehanika_-_Special_Radio_Set_-_28.11.2009.mp3
2018.10.18 06:48:26-main.stocker-DEBUG: Handling file by taglib - correct
2018.10.18 06:48:26-main.stocker-WARNING: Error : list index out of range
2018.10.18 06:48:26-main.stocker-WARNING: Error : list index out of range
2018.10.18 06:48:26-main.stocker-INFO: All file attributes collected correct
2018.10.18 06:48:26-main.stocker-INFO: {'path': 'D:\\++WORKZONE++\\Yoji_Biomehanika_-_Special_Radio_Set_-_28.11.2009.mp3', 'ext': 'mp3', 'album': '', 'artist': 'Yoji Biomehanika', 'title': 'Special Radio Set', 'date': '', 'length': 3630, 'bitrate': 256}

2018.10.18 06:48:26-main.stocker-INFO: 

2018.10.18 06:48:26-main.stocker-INFO: Loop through files ends succesfully

2018.10.18 06:48:26-main.stocker-INFO: Determine Catalog Attributes function starts

2018.10.18 06:48:26-main.stocker-DEBUG: Tries to guess Album name
2018.10.18 06:48:26-main.stocker-DEBUG: Found 4 proposition(s) : ['The Dark Side', 'Bangers & The Breaks Megamix', 'ELEMENTARZ', 'LoveSongs']
2018.10.18 06:48:26-main.stocker-DEBUG: Album unreckognized
2018.10.18 06:48:26-main.stocker-DEBUG: Tries to guess Artist name
2018.10.18 06:48:26-main.stocker-DEBUG: Found 6 proposition(s) : ['Muse', 'Dj Twister aka Vinyl Cat', 'FALCON1 & DJ KEBS', 'Rufus featuring Chaka Khan', 'Troy Pierce', 'Yoji Biomehanika']
2018.10.18 06:48:26-main.stocker-DEBUG: It seems catalog is a container not an album
2018.10.18 06:48:26-main.stocker-DEBUG: Tries to guess date of album
2018.10.18 06:48:26-main.stocker-DEBUG: Date unreckognized
2018.10.18 06:48:26-main.stocker-DEBUG: Computing average bitrate of files
2018.10.18 06:48:26-main.stocker-DEBUG: Computing total length of files
2018.10.18 06:48:26-main.stocker-INFO: reckognized Catalog Attributes:
Artist: Unknown Artist        
Album: Unknown Album
Date: 
AvgBitrate: 439.2
CatalogSym        
Total Tracks: 10
Total Length: 10:36:57


2018.10.18 06:48:32-main.stocker-DEBUG: returns {'album': 'Unknown Album', 'artist': 'Unknown Artist', 'date': '', 'avg_bitrate': 439.2, 'total_length': 38217, 'catalog_mark': '', 'ext': 'various', 'total_tracks': 10, 'img_count': 72628, 'path': 'D:\\++WORKZONE++', 'comment': ''}
2018.10.18 06:48:32-main.stocker-INFO: Catalog Crawler ends,

2018.10.18 06:48:32-main-INFO: Connecting to Discgos API Skipped, too less data
2018.10.18 06:48:32-main.dbase-INFO: Save to DB started
2018.10.18 06:48:32-main.dbase-INFO: Catalog data inserted successfully
2018.10.18 06:48:32-main.dbase-DEBUG: Tries to insert : {'path': 'D:\\++WORKZONE++\\01-01-Muse-The_Dark_Side-SMR.flac', 'ext': 'flac', 'album': 'The Dark Side', 'artist': 'Muse', 'title': 'The Dark Side', 'date': '2018', 'length': 227, 'bitrate': 1896}
2018.10.18 06:48:32-main.dbase-DEBUG: Tries to insert : {'path': 'D:\\++WORKZONE++\\az_magia_to_ja_final.mp3', 'ext': 'mp3', 'album': '', 'artist': '', 'title': '', 'date': '', 'length': 4766, 'bitrate': 320}
2018.10.18 06:48:32-main.dbase-DEBUG: Tries to insert : {'path': 'D:\\++WORKZONE++\\Dj Twister - Bangers & The Breaks Megamix.mp3', 'ext': 'mp3', 'album': 'Bangers & The Breaks Megamix', 'artist': 'Dj Twister aka Vinyl Cat', 'title': 'Bangers & The Breaks Megamix', 'date': '2012', 'length': 4431, 'bitrate': 320}
2018.10.18 06:48:32-main.dbase-DEBUG: Tries to insert : {'path': 'D:\\++WORKZONE++\\FALCON1 & DJ KEBS - ELEMENTARZ.mp3', 'ext': 'mp3', 'album': 'ELEMENTARZ', 'artist': 'FALCON1 & DJ KEBS', 'title': 'ELEMENTARZ', 'date': '', 'length': 3128, 'bitrate': 320}
2018.10.18 06:48:32-main.dbase-DEBUG: Tries to insert : {'path': 'D:\\++WORKZONE++\\Mauro Picotto - (2001.02.17) - Trance Energy.mp3', 'ext': 'mp3', 'album': '', 'artist': '', 'title': '', 'date': '', 'length': 0, 'bitrate': 0}
2018.10.18 06:48:32-main.dbase-DEBUG: Tries to insert : {'path': 'D:\\++WORKZONE++\\Rufus featuring Chaka Khan - Tell Me Something Good 320cbr (Big Papi Single) 1974 Funk Porn Groove.mp3', 'ext': 'mp3', 'album': 'LoveSongs', 'artist': 'Rufus featuring Chaka Khan', 'title': 'Tell Me Something Good', 'date': '2000', 'length': 281, 'bitrate': 320}
2018.10.18 06:48:32-main.dbase-DEBUG: Tries to insert : {'path': 'D:\\++WORKZONE++\\The Sprout ALPHA.mp3', 'ext': 'mp3', 'album': '', 'artist': '', 'title': '', 'date': '', 'length': 51, 'bitrate': 320}
2018.10.18 06:48:32-main.dbase-DEBUG: Tries to insert : {'path': 'D:\\++WORKZONE++\\Tomas More & Troy Pierce ITEMS & THINGS London [23 Dec. 2014].mp3', 'ext': 'mp3', 'album': '', 'artist': '', 'title': 'london i&t t & t MIX', 'date': '', 'length': 11670, 'bitrate': 320}
2018.10.18 06:48:32-main.dbase-DEBUG: Tries to insert : {'path': 'D:\\++WORKZONE++\\Troy Pierce - Treehouse Miami (28.10.2011) Troy Pierce - Treehouse Miami (28.10.2012).mp3', 'ext': 'mp3', 'album': '', 'artist': 'Troy Pierce', 'title': 'Treehouse Miami (28.10.2011)', 'date': '2012', 'length': 10033, 'bitrate': 320}
2018.10.18 06:48:32-main.dbase-DEBUG: Tries to insert : {'path': 'D:\\++WORKZONE++\\Yoji_Biomehanika_-_Special_Radio_Set_-_28.11.2009.mp3', 'ext': 'mp3', 'album': '', 'artist': 'Yoji Biomehanika', 'title': 'Special Radio Set', 'date': '', 'length': 3630, 'bitrate': 256}
2018.10.18 06:48:32-main.dbase-INFO: Catalog data inserted successfully
2018.10.18 06:48:32-main.dbase-INFO: Data Commited

2018.10.18 06:48:32-main.stocker-INFO: Catalog Crawler starts
2018.10.18 06:48:32-main.stocker-DEBUG: Files found in catalog : ['01 Apollo Brown - Friends Like These instro.mp3', '02 Apollo Brown - Marinate Instro.mp3', '03 Apollo Brown - Master Plan Instro.mp3', '04 Apollo Brown - Friction Instro.mp3', '05 Apollo Brown - Just Be Instro.mp3', '06 Apollo Brown - My Love Instro.mp3', '07 Apollo Brown - Carpe Diem Instro.mp3', '08 Apollo Brown - Shine Instro.mp3', '09 Apollo Brown - Blink Instro.mp3', '10 Apollo Brown - Play The Game Instro.mp3', '11 Apollo Brown - UPS Instro.mp3', '12 Apollo Brown - Understanding Instro.mp3', 'Cover.jpg']
2018.10.18 06:48:32-main.stocker-INFO: Starting loop through files

2018.10.18 06:48:32-main.stocker-INFO: File Crawler for starts for file : D:\++WORKZONE++\!!! Instrumentals NEW\1 part DLded\03. Instrumentals\2010 - Brown Study Instrumentals\01 Apollo Brown - Friends Like These instro.mp3
2018.10.18 06:48:32-main.stocker-DEBUG: Handling file by taglib - correct
2018.10.18 06:48:32-main.stocker-INFO: All file attributes collected correct
2018.10.18 06:48:32-main.stocker-INFO: {'path': 'D:\\++WORKZONE++\\!!! Instrumentals NEW\\1 part DLded\\03. Instrumentals\\2010 - Brown Study Instrumentals\\01 Apollo Brown - Friends Like These instro.mp3', 'ext': 'mp3', 'album': 'Brown Study Instrumentals', 'artist': 'Apollo Brown', 'title': 'Friends Like These instro', 'date': '2010', 'length': 98, 'bitrate': 320}

2018.10.18 06:48:32-main.stocker-INFO: File Crawler for starts for file : D:\++WORKZONE++\!!! Instrumentals NEW\1 part DLded\03. Instrumentals\2010 - Brown Study Instrumentals\02 Apollo Brown - Marinate Instro.mp3
2018.10.18 06:48:32-main.stocker-DEBUG: Handling file by taglib - correct
2018.10.18 06:48:32-main.stocker-INFO: All file attributes collected correct
2018.10.18 06:48:32-main.stocker-INFO: {'path': 'D:\\++WORKZONE++\\!!! Instrumentals NEW\\1 part DLded\\03. Instrumentals\\2010 - Brown Study Instrumentals\\02 Apollo Brown - Marinate Instro.mp3', 'ext': 'mp3', 'album': 'Brown Study Instrumentals', 'artist': 'Apollo Brown', 'title': 'Marinate Instro', 'date': '2010', 'length': 54, 'bitrate': 320}

2018.10.18 06:48:32-main.stocker-INFO: File Crawler for starts for file : D:\++WORKZONE++\!!! Instrumentals NEW\1 part DLded\03. Instrumentals\2010 - Brown Study Instrumentals\03 Apollo Brown - Master Plan Instro.mp3
2018.10.18 06:48:32-main.stocker-DEBUG: Handling file by taglib - correct
2018.10.18 06:48:32-main.stocker-INFO: All file attributes collected correct
2018.10.18 06:48:32-main.stocker-INFO: {'path': 'D:\\++WORKZONE++\\!!! Instrumentals NEW\\1 part DLded\\03. Instrumentals\\2010 - Brown Study Instrumentals\\03 Apollo Brown - Master Plan Instro.mp3', 'ext': 'mp3', 'album': 'Brown Study Instrumentals', 'artist': 'Apollo Brown', 'title': 'Master Plan Instro', 'date': '2010', 'length': 91, 'bitrate': 320}

2018.10.18 06:48:32-main.stocker-INFO: File Crawler for starts for file : D:\++WORKZONE++\!!! Instrumentals NEW\1 part DLded\03. Instrumentals\2010 - Brown Study Instrumentals\04 Apollo Brown - Friction Instro.mp3
2018.10.18 06:48:32-main.stocker-DEBUG: Handling file by taglib - correct
2018.10.18 06:48:32-main.stocker-INFO: All file attributes collected correct
2018.10.18 06:48:32-main.stocker-INFO: {'path': 'D:\\++WORKZONE++\\!!! Instrumentals NEW\\1 part DLded\\03. Instrumentals\\2010 - Brown Study Instrumentals\\04 Apollo Brown - Friction Instro.mp3', 'ext': 'mp3', 'album': 'Brown Study Instrumentals', 'artist': 'Apollo Brown', 'title': 'Friction Instro', 'date': '2010', 'length': 114, 'bitrate': 320}

2018.10.18 06:48:32-main.stocker-INFO: File Crawler for starts for file : D:\++WORKZONE++\!!! Instrumentals NEW\1 part DLded\03. Instrumentals\2010 - Brown Study Instrumentals\05 Apollo Brown - Just Be Instro.mp3
2018.10.18 06:48:32-main.stocker-DEBUG: Handling file by taglib - correct
2018.10.18 06:48:32-main.stocker-INFO: All file attributes collected correct
2018.10.18 06:48:32-main.stocker-INFO: {'path': 'D:\\++WORKZONE++\\!!! Instrumentals NEW\\1 part DLded\\03. Instrumentals\\2010 - Brown Study Instrumentals\\05 Apollo Brown - Just Be Instro.mp3', 'ext': 'mp3', 'album': 'Brown Study Instrumentals', 'artist': 'Apollo Brown', 'title': 'Just Be Instro', 'date': '2010', 'length': 104, 'bitrate': 320}

2018.10.18 06:48:32-main.stocker-INFO: File Crawler for starts for file : D:\++WORKZONE++\!!! Instrumentals NEW\1 part DLded\03. Instrumentals\2010 - Brown Study Instrumentals\06 Apollo Brown - My Love Instro.mp3
2018.10.18 06:48:32-main.stocker-DEBUG: Handling file by taglib - correct
2018.10.18 06:48:32-main.stocker-INFO: All file attributes collected correct
2018.10.18 06:48:32-main.stocker-INFO: {'path': 'D:\\++WORKZONE++\\!!! Instrumentals NEW\\1 part DLded\\03. Instrumentals\\2010 - Brown Study Instrumentals\\06 Apollo Brown - My Love Instro.mp3', 'ext': 'mp3', 'album': 'Brown Study Instrumentals', 'artist': 'Apollo Brown', 'title': 'My Love Instro', 'date': '2010', 'length': 113, 'bitrate': 320}

2018.10.18 06:48:32-main.stocker-INFO: File Crawler for starts for file : D:\++WORKZONE++\!!! Instrumentals NEW\1 part DLded\03. Instrumentals\2010 - Brown Study Instrumentals\07 Apollo Brown - Carpe Diem Instro.mp3
2018.10.18 06:48:33-main.stocker-DEBUG: Handling file by taglib - correct
2018.10.18 06:48:33-main.stocker-INFO: All file attributes collected correct
2018.10.18 06:48:33-main.stocker-INFO: {'path': 'D:\\++WORKZONE++\\!!! Instrumentals NEW\\1 part DLded\\03. Instrumentals\\2010 - Brown Study Instrumentals\\07 Apollo Brown - Carpe Diem Instro.mp3', 'ext': 'mp3', 'album': 'Brown Study Instrumentals', 'artist': 'Apollo Brown', 'title': 'Carpe Diem Instro', 'date': '2010', 'length': 97, 'bitrate': 320}

2018.10.18 06:48:33-main.stocker-INFO: File Crawler for starts for file : D:\++WORKZONE++\!!! Instrumentals NEW\1 part DLded\03. Instrumentals\2010 - Brown Study Instrumentals\08 Apollo Brown - Shine Instro.mp3
2018.10.18 06:48:33-main.stocker-DEBUG: Handling file by taglib - correct
2018.10.18 06:48:33-main.stocker-INFO: All file attributes collected correct
2018.10.18 06:48:33-main.stocker-INFO: {'path': 'D:\\++WORKZONE++\\!!! Instrumentals NEW\\1 part DLded\\03. Instrumentals\\2010 - Brown Study Instrumentals\\08 Apollo Brown - Shine Instro.mp3', 'ext': 'mp3', 'album': 'Brown Study Instrumentals', 'artist': 'Apollo Brown', 'title': 'Shine Instro', 'date': '2010', 'length': 112, 'bitrate': 320}

2018.10.18 06:48:33-main.stocker-INFO: File Crawler for starts for file : D:\++WORKZONE++\!!! Instrumentals NEW\1 part DLded\03. Instrumentals\2010 - Brown Study Instrumentals\09 Apollo Brown - Blink Instro.mp3
2018.10.18 06:48:33-main.stocker-DEBUG: Handling file by taglib - correct
2018.10.18 06:48:33-main.stocker-INFO: All file attributes collected correct
2018.10.18 06:48:33-main.stocker-INFO: {'path': 'D:\\++WORKZONE++\\!!! Instrumentals NEW\\1 part DLded\\03. Instrumentals\\2010 - Brown Study Instrumentals\\09 Apollo Brown - Blink Instro.mp3', 'ext': 'mp3', 'album': 'Brown Study Instrumentals', 'artist': 'Apollo Brown', 'title': 'Blink Instro', 'date': '2010', 'length': 100, 'bitrate': 320}

2018.10.18 06:48:33-main.stocker-INFO: File Crawler for starts for file : D:\++WORKZONE++\!!! Instrumentals NEW\1 part DLded\03. Instrumentals\2010 - Brown Study Instrumentals\10 Apollo Brown - Play The Game Instro.mp3
2018.10.18 06:48:33-main.stocker-DEBUG: Handling file by taglib - correct
2018.10.18 06:48:33-main.stocker-INFO: All file attributes collected correct
2018.10.18 06:48:33-main.stocker-INFO: {'path': 'D:\\++WORKZONE++\\!!! Instrumentals NEW\\1 part DLded\\03. Instrumentals\\2010 - Brown Study Instrumentals\\10 Apollo Brown - Play The Game Instro.mp3', 'ext': 'mp3', 'album': 'Brown Study Instrumentals', 'artist': 'Apollo Brown', 'title': 'Play The Game Instro', 'date': '2010', 'length': 108, 'bitrate': 320}

2018.10.18 06:48:33-main.stocker-INFO: File Crawler for starts for file : D:\++WORKZONE++\!!! Instrumentals NEW\1 part DLded\03. Instrumentals\2010 - Brown Study Instrumentals\11 Apollo Brown - UPS Instro.mp3
2018.10.18 06:48:33-main.stocker-DEBUG: Handling file by taglib - correct
2018.10.18 06:48:33-main.stocker-INFO: All file attributes collected correct
2018.10.18 06:48:33-main.stocker-INFO: {'path': 'D:\\++WORKZONE++\\!!! Instrumentals NEW\\1 part DLded\\03. Instrumentals\\2010 - Brown Study Instrumentals\\11 Apollo Brown - UPS Instro.mp3', 'ext': 'mp3', 'album': 'Brown Study Instrumentals', 'artist': 'Apollo Brown', 'title': 'UPS Instro', 'date': '2010', 'length': 92, 'bitrate': 320}

2018.10.18 06:48:33-main.stocker-INFO: File Crawler for starts for file : D:\++WORKZONE++\!!! Instrumentals NEW\1 part DLded\03. Instrumentals\2010 - Brown Study Instrumentals\12 Apollo Brown - Understanding Instro.mp3
2018.10.18 06:48:33-main.stocker-DEBUG: Handling file by taglib - correct
2018.10.18 06:48:33-main.stocker-INFO: All file attributes collected correct
2018.10.18 06:48:33-main.stocker-INFO: {'path': 'D:\\++WORKZONE++\\!!! Instrumentals NEW\\1 part DLded\\03. Instrumentals\\2010 - Brown Study Instrumentals\\12 Apollo Brown - Understanding Instro.mp3', 'ext': 'mp3', 'album': 'Brown Study Instrumentals', 'artist': 'Apollo Brown', 'title': 'Understanding Instro', 'date': '2010', 'length': 101, 'bitrate': 320}

2018.10.18 06:48:33-main.stocker-INFO: 

2018.10.18 06:48:33-main.stocker-INFO: Loop through files ends succesfully

2018.10.18 06:48:33-main.stocker-INFO: Determine Catalog Attributes function starts

2018.10.18 06:48:33-main.stocker-DEBUG: Tries to guess Album name
2018.10.18 06:48:33-main.stocker-DEBUG: Found 1 proposition(s) : ['Brown Study Instrumentals']
2018.10.18 06:48:33-main.stocker-DEBUG: Album found : Brown Study Instrumentals
2018.10.18 06:48:33-main.stocker-DEBUG: Tries to guess Artist name
2018.10.18 06:48:33-main.stocker-DEBUG: Found 1 proposition(s) : ['Apollo Brown']
2018.10.18 06:48:33-main.stocker-DEBUG: Artist found : Apollo Brown
2018.10.18 06:48:33-main.stocker-DEBUG: Tries to guess date of album
2018.10.18 06:48:33-main.stocker-DEBUG: Date recognized : 2010
2018.10.18 06:48:33-main.stocker-DEBUG: Computing average bitrate of files
2018.10.18 06:48:33-main.stocker-DEBUG: Computing total length of files
2018.10.18 06:48:33-main.stocker-INFO: reckognized Catalog Attributes:
Artist: Apollo Brown        
Album: Brown Study Instrumentals
Date: 2010
AvgBitrate: 320.0
CatalogSym        
Total Tracks: 12
Total Length: 0:19:44


2018.10.18 06:48:33-main.stocker-DEBUG: returns {'album': 'Brown Study Instrumentals', 'artist': 'Apollo Brown', 'date': '2010', 'avg_bitrate': 320.0, 'total_length': 1184, 'catalog_mark': '', 'ext': 'mp3', 'total_tracks': 12, 'img_count': 1, 'path': 'D:\\++WORKZONE++\\!!! Instrumentals NEW\\1 part DLded\\03. Instrumentals\\2010 - Brown Study Instrumentals', 'comment': ''}
2018.10.18 06:48:33-main.stocker-INFO: Catalog Crawler ends,

2018.10.18 06:48:33-main.dgs_con-INFO: Finding Album DiscogsID started
2018.10.18 06:48:33-main.dgs_con-INFO: Working on D:\++WORKZONE++\!!! Instrumentals NEW\1 part DLded\03. Instrumentals\2010 - Brown Study Instrumentals
2018.10.18 06:48:33-main.dgs_con-INFO: metoda Album
2018.10.18 06:48:33-main.dgs_con-INFO: Connecting Discogs
Query: Brown Study Instrumentals
2018.10.18 06:48:34-main.dgs_con-INFO: Comparing Artie Shaw And His Orchestra - Artie Shaw And His Orchestra (1937-1938) Vol. I
2018.10.18 06:48:35-main.dgs_con-INFO: metoda Token
2018.10.18 06:48:35-main.dgs_con-INFO: Connecting Discogs
 Query: Apollo Brown - Brown Study Instrumentals
2018.10.18 06:48:37-main.dgs_con-INFO: metoda Variations
2018.10.18 06:48:37-main.dgs_con-INFO: Connecting Discogs
Query: Apollo Brown
2018.10.18 06:48:38-main.dgs_con-INFO: <Artist 1461629 'Apollo Brown'>  aliases : None
2018.10.18 06:48:39-main.dgs_con-INFO: metoda Release
2018.10.18 06:48:39-main.dgs_con-INFO: Connecting Discogs
Query: Brown Study Instrumentals
2018.10.18 06:48:40-main.dgs_con-INFO: Comparing Artie Shaw And His Orchestra - (1937-38) Vol.1
2018.10.18 06:48:40-main.dgs_con-INFO: Comparing Artie Shaw And His Orchestra - Artie Shaw And His Orchestra (1937-1938) Vol. I
2018.10.18 06:48:41-main.dgs_con-INFO: metoda Release2
2018.10.18 06:48:41-main.dgs_con-INFO: Connecting Discogs
Query: Apollo Brown - Brown Study Instrumentals
2018.10.18 06:48:43-main.dgs_con-INFO: ID not found
2018.10.18 06:48:45-main.dbase-INFO: Save to DB started
2018.10.18 06:48:45-main.dbase-INFO: Catalog data inserted successfully
2018.10.18 06:48:45-main.dbase-DEBUG: Tries to insert : {'path': 'D:\\++WORKZONE++\\!!! Instrumentals NEW\\1 part DLded\\03. Instrumentals\\2010 - Brown Study Instrumentals\\01 Apollo Brown - Friends Like These instro.mp3', 'ext': 'mp3', 'album': 'Brown Study Instrumentals', 'artist': 'Apollo Brown', 'title': 'Friends Like These instro', 'date': '2010', 'length': 98, 'bitrate': 320}
2018.10.18 06:48:45-main.dbase-DEBUG: Tries to insert : {'path': 'D:\\++WORKZONE++\\!!! Instrumentals NEW\\1 part DLded\\03. Instrumentals\\2010 - Brown Study Instrumentals\\02 Apollo Brown - Marinate Instro.mp3', 'ext': 'mp3', 'album': 'Brown Study Instrumentals', 'artist': 'Apollo Brown', 'title': 'Marinate Instro', 'date': '2010', 'length': 54, 'bitrate': 320}
2018.10.18 06:48:45-main.dbase-DEBUG: Tries to insert : {'path': 'D:\\++WORKZONE++\\!!! Instrumentals NEW\\1 part DLded\\03. Instrumentals\\2010 - Brown Study Instrumentals\\03 Apollo Brown - Master Plan Instro.mp3', 'ext': 'mp3', 'album': 'Brown Study Instrumentals', 'artist': 'Apollo Brown', 'title': 'Master Plan Instro', 'date': '2010', 'length': 91, 'bitrate': 320}
2018.10.18 06:48:45-main.dbase-DEBUG: Tries to insert : {'path': 'D:\\++WORKZONE++\\!!! Instrumentals NEW\\1 part DLded\\03. Instrumentals\\2010 - Brown Study Instrumentals\\04 Apollo Brown - Friction Instro.mp3', 'ext': 'mp3', 'album': 'Brown Study Instrumentals', 'artist': 'Apollo Brown', 'title': 'Friction Instro', 'date': '2010', 'length': 114, 'bitrate': 320}
2018.10.18 06:48:45-main.dbase-DEBUG: Tries to insert : {'path': 'D:\\++WORKZONE++\\!!! Instrumentals NEW\\1 part DLded\\03. Instrumentals\\2010 - Brown Study Instrumentals\\05 Apollo Brown - Just Be Instro.mp3', 'ext': 'mp3', 'album': 'Brown Study Instrumentals', 'artist': 'Apollo Brown', 'title': 'Just Be Instro', 'date': '2010', 'length': 104, 'bitrate': 320}
2018.10.18 06:48:45-main.dbase-DEBUG: Tries to insert : {'path': 'D:\\++WORKZONE++\\!!! Instrumentals NEW\\1 part DLded\\03. Instrumentals\\2010 - Brown Study Instrumentals\\06 Apollo Brown - My Love Instro.mp3', 'ext': 'mp3', 'album': 'Brown Study Instrumentals', 'artist': 'Apollo Brown', 'title': 'My Love Instro', 'date': '2010', 'length': 113, 'bitrate': 320}
2018.10.18 06:48:45-main.dbase-DEBUG: Tries to insert : {'path': 'D:\\++WORKZONE++\\!!! Instrumentals NEW\\1 part DLded\\03. Instrumentals\\2010 - Brown Study Instrumentals\\07 Apollo Brown - Carpe Diem Instro.mp3', 'ext': 'mp3', 'album': 'Brown Study Instrumentals', 'artist': 'Apollo Brown', 'title': 'Carpe Diem Instro', 'date': '2010', 'length': 97, 'bitrate': 320}
2018.10.18 06:48:45-main.dbase-DEBUG: Tries to insert : {'path': 'D:\\++WORKZONE++\\!!! Instrumentals NEW\\1 part DLded\\03. Instrumentals\\2010 - Brown Study Instrumentals\\08 Apollo Brown - Shine Instro.mp3', 'ext': 'mp3', 'album': 'Brown Study Instrumentals', 'artist': 'Apollo Brown', 'title': 'Shine Instro', 'date': '2010', 'length': 112, 'bitrate': 320}
2018.10.18 06:48:45-main.dbase-DEBUG: Tries to insert : {'path': 'D:\\++WORKZONE++\\!!! Instrumentals NEW\\1 part DLded\\03. Instrumentals\\2010 - Brown Study Instrumentals\\09 Apollo Brown - Blink Instro.mp3', 'ext': 'mp3', 'album': 'Brown Study Instrumentals', 'artist': 'Apollo Brown', 'title': 'Blink Instro', 'date': '2010', 'length': 100, 'bitrate': 320}
2018.10.18 06:48:45-main.dbase-DEBUG: Tries to insert : {'path': 'D:\\++WORKZONE++\\!!! Instrumentals NEW\\1 part DLded\\03. Instrumentals\\2010 - Brown Study Instrumentals\\10 Apollo Brown - Play The Game Instro.mp3', 'ext': 'mp3', 'album': 'Brown Study Instrumentals', 'artist': 'Apollo Brown', 'title': 'Play The Game Instro', 'date': '2010', 'length': 108, 'bitrate': 320}
2018.10.18 06:48:45-main.dbase-DEBUG: Tries to insert : {'path': 'D:\\++WORKZONE++\\!!! Instrumentals NEW\\1 part DLded\\03. Instrumentals\\2010 - Brown Study Instrumentals\\11 Apollo Brown - UPS Instro.mp3', 'ext': 'mp3', 'album': 'Brown Study Instrumentals', 'artist': 'Apollo Brown', 'title': 'UPS Instro', 'date': '2010', 'length': 92, 'bitrate': 320}
2018.10.18 06:48:45-main.dbase-DEBUG: Tries to insert : {'path': 'D:\\++WORKZONE++\\!!! Instrumentals NEW\\1 part DLded\\03. Instrumentals\\2010 - Brown Study Instrumentals\\12 Apollo Brown - Understanding Instro.mp3', 'ext': 'mp3', 'album': 'Brown Study Instrumentals', 'artist': 'Apollo Brown', 'title': 'Understanding Instro', 'date': '2010', 'length': 101, 'bitrate': 320}
2018.10.18 06:48:45-main.dbase-INFO: Catalog data inserted successfully
2018.10.18 06:48:45-main.dbase-INFO: Data Commited

2018.10.18 06:48:45-main.stocker-INFO: Catalog Crawler starts
2018.10.18 06:48:45-main.stocker-DEBUG: Files found in catalog : ['01 The Left - Change (Instrumental).mp3', '02 The Left - Gas Mask (Instrumental).mp3', '03 The Left - Frozen (Instrumental).mp3', '04 The Left - Battle Axe (Instrumental).mp3', '05 The Left - Binoculars (Instrumental).mp3', '06 The Left - How We Live (Instrumental).mp3', '07 The Left - Chokehold (Instrumental).mp3', '08 The Left - The Funeral (Instrumental).mp3', '09 The Left - Statistics (Instrumental).mp3', '10 The Left - Real Detroit (Instrumental).mp3', '11 The Left - The Melody (Instrumental).mp3', '12 The Left - Reporting Live (Instrumental).mp3', '13 The Left - Fooled For Thought (Instrumental).mp3', '14 The Left - Desperation (Instrumental).mp3', '15 The Left - Caged Birds (Instrumental).mp3', '16 The Left - Homage (Instrumental).mp3', '17 The Left - Get In Where You Fit In (Instrumental).mp3', 'cover.jpg']
2018.10.18 06:48:45-main.stocker-INFO: Starting loop through files

2018.10.18 06:48:45-main.stocker-INFO: File Crawler for starts for file : D:\++WORKZONE++\!!! Instrumentals NEW\1 part DLded\03. Instrumentals\2010 - Gas Mask Instrumentals\01 The Left - Change (Instrumental).mp3
2018.10.18 06:48:45-main.stocker-DEBUG: Handling file by taglib - correct
2018.10.18 06:48:45-main.stocker-INFO: All file attributes collected correct
2018.10.18 06:48:45-main.stocker-INFO: {'path': 'D:\\++WORKZONE++\\!!! Instrumentals NEW\\1 part DLded\\03. Instrumentals\\2010 - Gas Mask Instrumentals\\01 The Left - Change (Instrumental).mp3', 'ext': 'mp3', 'album': 'Gas Mask Instrumentals', 'artist': 'The Left', 'title': 'Change (Instrumental)', 'date': '2010', 'length': 112, 'bitrate': 320}

2018.10.18 06:48:45-main.stocker-INFO: File Crawler for starts for file : D:\++WORKZONE++\!!! Instrumentals NEW\1 part DLded\03. Instrumentals\2010 - Gas Mask Instrumentals\02 The Left - Gas Mask (Instrumental).mp3
2018.10.18 06:48:46-main.stocker-DEBUG: Handling file by taglib - correct
2018.10.18 06:48:46-main.stocker-INFO: All file attributes collected correct
2018.10.18 06:48:46-main.stocker-INFO: {'path': 'D:\\++WORKZONE++\\!!! Instrumentals NEW\\1 part DLded\\03. Instrumentals\\2010 - Gas Mask Instrumentals\\02 The Left - Gas Mask (Instrumental).mp3', 'ext': 'mp3', 'album': 'Gas Mask Instrumentals', 'artist': 'The Left', 'title': 'Gas Mask (Instrumental)', 'date': '2010', 'length': 201, 'bitrate': 320}

2018.10.18 06:48:46-main.stocker-INFO: File Crawler for starts for file : D:\++WORKZONE++\!!! Instrumentals NEW\1 part DLded\03. Instrumentals\2010 - Gas Mask Instrumentals\03 The Left - Frozen (Instrumental).mp3
2018.10.18 06:48:46-main.stocker-DEBUG: Handling file by taglib - correct
2018.10.18 06:48:46-main.stocker-INFO: All file attributes collected correct
2018.10.18 06:48:46-main.stocker-INFO: {'path': 'D:\\++WORKZONE++\\!!! Instrumentals NEW\\1 part DLded\\03. Instrumentals\\2010 - Gas Mask Instrumentals\\03 The Left - Frozen (Instrumental).mp3', 'ext': 'mp3', 'album': 'Gas Mask Instrumentals', 'artist': 'The Left', 'title': 'Frozen (Instrumental)', 'date': '2010', 'length': 201, 'bitrate': 320}

2018.10.18 06:48:46-main.stocker-INFO: File Crawler for starts for file : D:\++WORKZONE++\!!! Instrumentals NEW\1 part DLded\03. Instrumentals\2010 - Gas Mask Instrumentals\04 The Left - Battle Axe (Instrumental).mp3
2018.10.18 06:48:46-main.stocker-DEBUG: Handling file by taglib - correct
2018.10.18 06:48:46-main.stocker-INFO: All file attributes collected correct
2018.10.18 06:48:46-main.stocker-INFO: {'path': 'D:\\++WORKZONE++\\!!! Instrumentals NEW\\1 part DLded\\03. Instrumentals\\2010 - Gas Mask Instrumentals\\04 The Left - Battle Axe (Instrumental).mp3', 'ext': 'mp3', 'album': 'Gas Mask Instrumentals', 'artist': 'The Left', 'title': 'Battle Axe (Instrumental)', 'date': '2010', 'length': 176, 'bitrate': 320}

2018.10.18 06:48:46-main.stocker-INFO: File Crawler for starts for file : D:\++WORKZONE++\!!! Instrumentals NEW\1 part DLded\03. Instrumentals\2010 - Gas Mask Instrumentals\05 The Left - Binoculars (Instrumental).mp3
2018.10.18 06:48:47-main.stocker-DEBUG: Handling file by taglib - correct
2018.10.18 06:48:47-main.stocker-INFO: All file attributes collected correct
2018.10.18 06:48:47-main.stocker-INFO: {'path': 'D:\\++WORKZONE++\\!!! Instrumentals NEW\\1 part DLded\\03. Instrumentals\\2010 - Gas Mask Instrumentals\\05 The Left - Binoculars (Instrumental).mp3', 'ext': 'mp3', 'album': 'Gas Mask Instrumentals', 'artist': 'The Left', 'title': 'Binoculars (Instrumental)', 'date': '2010', 'length': 180, 'bitrate': 320}

2018.10.18 06:48:47-main.stocker-INFO: File Crawler for starts for file : D:\++WORKZONE++\!!! Instrumentals NEW\1 part DLded\03. Instrumentals\2010 - Gas Mask Instrumentals\06 The Left - How We Live (Instrumental).mp3
2018.10.18 06:48:47-main.stocker-DEBUG: Handling file by taglib - correct
2018.10.18 06:48:47-main.stocker-INFO: All file attributes collected correct
2018.10.18 06:48:47-main.stocker-INFO: {'path': 'D:\\++WORKZONE++\\!!! Instrumentals NEW\\1 part DLded\\03. Instrumentals\\2010 - Gas Mask Instrumentals\\06 The Left - How We Live (Instrumental).mp3', 'ext': 'mp3', 'album': 'Gas Mask Instrumentals', 'artist': 'The Left', 'title': 'How We Live (Instrumental)', 'date': '2010', 'length': 261, 'bitrate': 320}

2018.10.18 06:48:47-main.stocker-INFO: File Crawler for starts for file : D:\++WORKZONE++\!!! Instrumentals NEW\1 part DLded\03. Instrumentals\2010 - Gas Mask Instrumentals\07 The Left - Chokehold (Instrumental).mp3
2018.10.18 06:48:47-main.stocker-DEBUG: Handling file by taglib - correct
2018.10.18 06:48:47-main.stocker-INFO: All file attributes collected correct
2018.10.18 06:48:47-main.stocker-INFO: {'path': 'D:\\++WORKZONE++\\!!! Instrumentals NEW\\1 part DLded\\03. Instrumentals\\2010 - Gas Mask Instrumentals\\07 The Left - Chokehold (Instrumental).mp3', 'ext': 'mp3', 'album': 'Gas Mask Instrumentals', 'artist': 'The Left', 'title': 'Chokehold (Instrumental)', 'date': '2010', 'length': 245, 'bitrate': 320}

2018.10.18 06:48:47-main.stocker-INFO: File Crawler for starts for file : D:\++WORKZONE++\!!! Instrumentals NEW\1 part DLded\03. Instrumentals\2010 - Gas Mask Instrumentals\08 The Left - The Funeral (Instrumental).mp3
2018.10.18 06:48:47-main.stocker-DEBUG: Handling file by taglib - correct
2018.10.18 06:48:47-main.stocker-INFO: All file attributes collected correct
2018.10.18 06:48:47-main.stocker-INFO: {'path': 'D:\\++WORKZONE++\\!!! Instrumentals NEW\\1 part DLded\\03. Instrumentals\\2010 - Gas Mask Instrumentals\\08 The Left - The Funeral (Instrumental).mp3', 'ext': 'mp3', 'album': 'Gas Mask Instrumentals', 'artist': 'The Left', 'title': 'The Funeral (Instrumental)', 'date': '2010', 'length': 180, 'bitrate': 320}

2018.10.18 06:48:47-main.stocker-INFO: File Crawler for starts for file : D:\++WORKZONE++\!!! Instrumentals NEW\1 part DLded\03. Instrumentals\2010 - Gas Mask Instrumentals\09 The Left - Statistics (Instrumental).mp3
2018.10.18 06:48:48-main.stocker-DEBUG: Handling file by taglib - correct
2018.10.18 06:48:48-main.stocker-INFO: All file attributes collected correct
2018.10.18 06:48:48-main.stocker-INFO: {'path': 'D:\\++WORKZONE++\\!!! Instrumentals NEW\\1 part DLded\\03. Instrumentals\\2010 - Gas Mask Instrumentals\\09 The Left - Statistics (Instrumental).mp3', 'ext': 'mp3', 'album': 'Gas Mask Instrumentals', 'artist': 'The Left', 'title': 'Statistics (Instrumental)', 'date': '2010', 'length': 222, 'bitrate': 320}

2018.10.18 06:48:48-main.stocker-INFO: File Crawler for starts for file : D:\++WORKZONE++\!!! Instrumentals NEW\1 part DLded\03. Instrumentals\2010 - Gas Mask Instrumentals\10 The Left - Real Detroit (Instrumental).mp3
2018.10.18 06:48:48-main.stocker-DEBUG: Handling file by taglib - correct
2018.10.18 06:48:48-main.stocker-INFO: All file attributes collected correct
2018.10.18 06:48:48-main.stocker-INFO: {'path': 'D:\\++WORKZONE++\\!!! Instrumentals NEW\\1 part DLded\\03. Instrumentals\\2010 - Gas Mask Instrumentals\\10 The Left - Real Detroit (Instrumental).mp3', 'ext': 'mp3', 'album': 'Gas Mask Instrumentals', 'artist': 'The Left', 'title': 'Real Detroit (Instrumental)', 'date': '2010', 'length': 258, 'bitrate': 320}

2018.10.18 06:48:48-main.stocker-INFO: File Crawler for starts for file : D:\++WORKZONE++\!!! Instrumentals NEW\1 part DLded\03. Instrumentals\2010 - Gas Mask Instrumentals\11 The Left - The Melody (Instrumental).mp3
2018.10.18 06:48:48-main.stocker-DEBUG: Handling file by taglib - correct
2018.10.18 06:48:48-main.stocker-INFO: All file attributes collected correct
2018.10.18 06:48:48-main.stocker-INFO: {'path': 'D:\\++WORKZONE++\\!!! Instrumentals NEW\\1 part DLded\\03. Instrumentals\\2010 - Gas Mask Instrumentals\\11 The Left - The Melody (Instrumental).mp3', 'ext': 'mp3', 'album': 'Gas Mask Instrumentals', 'artist': 'The Left', 'title': 'The Melody (Instrumental)', 'date': '2010', 'length': 209, 'bitrate': 320}

2018.10.18 06:48:48-main.stocker-INFO: File Crawler for starts for file : D:\++WORKZONE++\!!! Instrumentals NEW\1 part DLded\03. Instrumentals\2010 - Gas Mask Instrumentals\12 The Left - Reporting Live (Instrumental).mp3
2018.10.18 06:48:48-main.stocker-DEBUG: Handling file by taglib - correct
2018.10.18 06:48:48-main.stocker-INFO: All file attributes collected correct
2018.10.18 06:48:48-main.stocker-INFO: {'path': 'D:\\++WORKZONE++\\!!! Instrumentals NEW\\1 part DLded\\03. Instrumentals\\2010 - Gas Mask Instrumentals\\12 The Left - Reporting Live (Instrumental).mp3', 'ext': 'mp3', 'album': 'Gas Mask Instrumentals', 'artist': 'The Left', 'title': 'Reporting Live (Instrumental)', 'date': '2010', 'length': 255, 'bitrate': 320}

2018.10.18 06:48:48-main.stocker-INFO: File Crawler for starts for file : D:\++WORKZONE++\!!! Instrumentals NEW\1 part DLded\03. Instrumentals\2010 - Gas Mask Instrumentals\13 The Left - Fooled For Thought (Instrumental).mp3
2018.10.18 06:48:49-main.stocker-DEBUG: Handling file by taglib - correct
2018.10.18 06:48:49-main.stocker-INFO: All file attributes collected correct
2018.10.18 06:48:49-main.stocker-INFO: {'path': 'D:\\++WORKZONE++\\!!! Instrumentals NEW\\1 part DLded\\03. Instrumentals\\2010 - Gas Mask Instrumentals\\13 The Left - Fooled For Thought (Instrumental).mp3', 'ext': 'mp3', 'album': 'Gas Mask Instrumentals', 'artist': 'The Left', 'title': 'Fooled For Thought (Instrumental)', 'date': '2010', 'length': 82, 'bitrate': 320}

2018.10.18 06:48:49-main.stocker-INFO: File Crawler for starts for file : D:\++WORKZONE++\!!! Instrumentals NEW\1 part DLded\03. Instrumentals\2010 - Gas Mask Instrumentals\14 The Left - Desperation (Instrumental).mp3
2018.10.18 06:48:49-main.stocker-DEBUG: Handling file by taglib - correct
2018.10.18 06:48:49-main.stocker-INFO: All file attributes collected correct
2018.10.18 06:48:49-main.stocker-INFO: {'path': 'D:\\++WORKZONE++\\!!! Instrumentals NEW\\1 part DLded\\03. Instrumentals\\2010 - Gas Mask Instrumentals\\14 The Left - Desperation (Instrumental).mp3', 'ext': 'mp3', 'album': 'Gas Mask Instrumentals', 'artist': 'The Left', 'title': 'Desperation (Instrumental)', 'date': '2010', 'length': 190, 'bitrate': 320}

2018.10.18 06:48:49-main.stocker-INFO: File Crawler for starts for file : D:\++WORKZONE++\!!! Instrumentals NEW\1 part DLded\03. Instrumentals\2010 - Gas Mask Instrumentals\15 The Left - Caged Birds (Instrumental).mp3
2018.10.18 06:48:49-main.stocker-DEBUG: Handling file by taglib - correct
2018.10.18 06:48:49-main.stocker-INFO: All file attributes collected correct
2018.10.18 06:48:49-main.stocker-INFO: {'path': 'D:\\++WORKZONE++\\!!! Instrumentals NEW\\1 part DLded\\03. Instrumentals\\2010 - Gas Mask Instrumentals\\15 The Left - Caged Birds (Instrumental).mp3', 'ext': 'mp3', 'album': 'Gas Mask Instrumentals', 'artist': 'The Left', 'title': 'Caged Birds (Instrumental)', 'date': '2010', 'length': 253, 'bitrate': 320}

2018.10.18 06:48:49-main.stocker-INFO: File Crawler for starts for file : D:\++WORKZONE++\!!! Instrumentals NEW\1 part DLded\03. Instrumentals\2010 - Gas Mask Instrumentals\16 The Left - Homage (Instrumental).mp3
2018.10.18 06:48:49-main.stocker-DEBUG: Handling file by taglib - correct
2018.10.18 06:48:49-main.stocker-INFO: All file attributes collected correct
2018.10.18 06:48:49-main.stocker-INFO: {'path': 'D:\\++WORKZONE++\\!!! Instrumentals NEW\\1 part DLded\\03. Instrumentals\\2010 - Gas Mask Instrumentals\\16 The Left - Homage (Instrumental).mp3', 'ext': 'mp3', 'album': 'Gas Mask Instrumentals', 'artist': 'The Left', 'title': 'Homage (Instrumental)', 'date': '2010', 'length': 224, 'bitrate': 320}

2018.10.18 06:48:49-main.stocker-INFO: File Crawler for starts for file : D:\++WORKZONE++\!!! Instrumentals NEW\1 part DLded\03. Instrumentals\2010 - Gas Mask Instrumentals\17 The Left - Get In Where You Fit In (Instrumental).mp3
2018.10.18 06:48:50-main.stocker-DEBUG: Handling file by taglib - correct
2018.10.18 06:48:50-main.stocker-INFO: All file attributes collected correct
2018.10.18 06:48:50-main.stocker-INFO: {'path': 'D:\\++WORKZONE++\\!!! Instrumentals NEW\\1 part DLded\\03. Instrumentals\\2010 - Gas Mask Instrumentals\\17 The Left - Get In Where You Fit In (Instrumental).mp3', 'ext': 'mp3', 'album': 'Gas Mask Instrumentals', 'artist': 'The Left', 'title': 'Get In Where You Fit In (Instrumental)', 'date': '2010', 'length': 197, 'bitrate': 320}

2018.10.18 06:48:50-main.stocker-INFO: 

2018.10.18 06:48:50-main.stocker-INFO: Loop through files ends succesfully

2018.10.18 06:48:50-main.stocker-INFO: Determine Catalog Attributes function starts

2018.10.18 06:48:50-main.stocker-DEBUG: Tries to guess Album name
2018.10.18 06:48:50-main.stocker-DEBUG: Found 1 proposition(s) : ['Gas Mask Instrumentals']
2018.10.18 06:48:50-main.stocker-DEBUG: Album found : Gas Mask Instrumentals
2018.10.18 06:48:50-main.stocker-DEBUG: Tries to guess Artist name
2018.10.18 06:48:50-main.stocker-DEBUG: Found 1 proposition(s) : ['The Left']
2018.10.18 06:48:50-main.stocker-DEBUG: Artist found : The Left
2018.10.18 06:48:50-main.stocker-DEBUG: Tries to guess date of album
2018.10.18 06:48:50-main.stocker-DEBUG: Date recognized : 2010
2018.10.18 06:48:50-main.stocker-DEBUG: Computing average bitrate of files
2018.10.18 06:48:50-main.stocker-DEBUG: Computing total length of files
2018.10.18 06:48:50-main.stocker-INFO: reckognized Catalog Attributes:
Artist: The Left        
Album: Gas Mask Instrumentals
Date: 2010
AvgBitrate: 320.0
CatalogSym        
Total Tracks: 17
Total Length: 0:57:26


2018.10.18 06:48:50-main.stocker-DEBUG: returns {'album': 'Gas Mask Instrumentals', 'artist': 'The Left', 'date': '2010', 'avg_bitrate': 320.0, 'total_length': 3446, 'catalog_mark': '', 'ext': 'mp3', 'total_tracks': 17, 'img_count': 1, 'path': 'D:\\++WORKZONE++\\!!! Instrumentals NEW\\1 part DLded\\03. Instrumentals\\2010 - Gas Mask Instrumentals', 'comment': ''}
2018.10.18 06:48:50-main.stocker-INFO: Catalog Crawler ends,

2018.10.18 06:48:50-main.dgs_con-INFO: Finding Album DiscogsID started
2018.10.18 06:48:50-main.dgs_con-INFO: Working on D:\++WORKZONE++\!!! Instrumentals NEW\1 part DLded\03. Instrumentals\2010 - Gas Mask Instrumentals
2018.10.18 06:48:50-main.dgs_con-INFO: metoda Album
2018.10.18 06:48:50-main.dgs_con-INFO: Connecting Discogs
Query: Gas Mask Instrumentals
2018.10.18 06:48:51-main.dgs_con-INFO: metoda Token
2018.10.18 06:48:51-main.dgs_con-INFO: Connecting Discogs
 Query: The Left - Gas Mask Instrumentals
2018.10.18 06:48:53-main.dgs_con-INFO: metoda Variations
2018.10.18 06:48:53-main.dgs_con-INFO: Connecting Discogs
Query: The Left
2018.10.18 06:48:55-main.dgs_con-INFO: <Artist 1747231 'The Left Bank Organization'>  aliases : ['Left Bank Organization', 'The Lef Bank Organization', 'The Left Bank Organisation', 'The Left Bank Organization', 'The Left Bank Organization Inc.']
