2018.10.20 16:47:22-main-INFO: OS : Linux
2018.10.20 16:47:22-main.stocker-INFO: catalog_collector Function starts
2018.10.20 16:47:22-main.stocker-DEBUG: Catalog Cache File not found
2018.10.20 16:47:22-main.stocker-DEBUG: Starting reading library
2018.10.20 16:47:22-main.stocker-INFO: Library reading ended with 22 directories
2018.10.20 16:47:22-main.stocker-INFO: catalog_collector found 16 dirs to check


2018.10.20 16:47:22-main.dbase-INFO: get a dict by id 1 started
2018.10.20 16:47:22-main.dbase-INFO: Generated dictionary : {'id': 1, 'path': '/home/kuba/Muzyka/Chic - (1977) Chic (kopia)', 'artist': 'Chic', 'album': 'Chic', 'date': '', 'd_master': '53188', 'd_release': '', 'avg_bitrate': 320, 'total_length': 5106, 'total_tracks': 17, 'comment': '', 'ext': 'mp3', 'catalog_mark': '', 'metoda_master': 'Album', 'metoda_release': '', 'img_count': 4}


2018.10.20 16:47:22-main.dbase-INFO: idx 0
2018.10.20 16:47:22-main.dbase-INFO: col ('id', None, None, None, None, None, None)
2018.10.20 16:47:22-main.dbase-INFO: column id
2018.10.20 16:47:22-main.dbase-INFO: file[0]: 1
2018.10.20 16:47:22-main.dbase-INFO: file: <sqlite3.Row object at 0x7f6e5ab89ab0>
2018.10.20 16:47:22-main.dbase-INFO: value: 1
2018.10.20 16:47:22-main.dbase-INFO: idx 1
2018.10.20 16:47:22-main.dbase-INFO: col ('sciezka', None, None, None, None, None, None)
2018.10.20 16:47:22-main.dbase-INFO: column path
2018.10.20 16:47:22-main.dbase-INFO: file[0]: 1
2018.10.20 16:47:22-main.dbase-INFO: file: <sqlite3.Row object at 0x7f6e5ab89ab0>
2018.10.20 16:47:22-main.dbase-INFO: value: /home/kuba/Muzyka/Chic - (1977) Chic (kopia)/09-Chic - S達o Paulo (7'' Version).mp3
2018.10.20 16:47:22-main.dbase-INFO: idx 2
2018.10.20 16:47:22-main.dbase-INFO: col ('artysta', None, None, None, None, None, None)
2018.10.20 16:47:22-main.dbase-INFO: column artist
2018.10.20 16:47:22-main.dbase-INFO: file[0]: 1
2018.10.20 16:47:22-main.dbase-INFO: file: <sqlite3.Row object at 0x7f6e5ab89ab0>
2018.10.20 16:47:22-main.dbase-INFO: value: Chic
2018.10.20 16:47:22-main.dbase-INFO: idx 3
2018.10.20 16:47:22-main.dbase-INFO: col ('tytul', None, None, None, None, None, None)
2018.10.20 16:47:22-main.dbase-INFO: column title
2018.10.20 16:47:22-main.dbase-INFO: file[0]: 1
2018.10.20 16:47:22-main.dbase-INFO: file: <sqlite3.Row object at 0x7f6e5ab89ab0>
2018.10.20 16:47:22-main.dbase-INFO: value: S達o Paulo (7'' Version)
2018.10.20 16:47:22-main.dbase-INFO: idx 4
2018.10.20 16:47:22-main.dbase-INFO: col ('katalog_id', None, None, None, None, None, None)
2018.10.20 16:47:22-main.dbase-INFO: column catalog_id
2018.10.20 16:47:22-main.dbase-INFO: file[0]: 1
2018.10.20 16:47:22-main.dbase-INFO: file: <sqlite3.Row object at 0x7f6e5ab89ab0>
2018.10.20 16:47:22-main.dbase-INFO: value: 1
2018.10.20 16:47:22-main.dbase-INFO: idx 5
2018.10.20 16:47:22-main.dbase-INFO: col ('album', None, None, None, None, None, None)
2018.10.20 16:47:22-main.dbase-INFO: column album
2018.10.20 16:47:22-main.dbase-INFO: file[0]: 1
2018.10.20 16:47:22-main.dbase-INFO: file: <sqlite3.Row object at 0x7f6e5ab89ab0>
2018.10.20 16:47:22-main.dbase-INFO: value: Chic
2018.10.20 16:47:22-main.dbase-INFO: idx 6
2018.10.20 16:47:22-main.dbase-INFO: col ('format', None, None, None, None, None, None)
2018.10.20 16:47:22-main.dbase-INFO: column ext
2018.10.20 16:47:22-main.dbase-INFO: file[0]: 1
2018.10.20 16:47:22-main.dbase-INFO: file: <sqlite3.Row object at 0x7f6e5ab89ab0>
2018.10.20 16:47:22-main.dbase-INFO: value: mp3
2018.10.20 16:47:22-main.dbase-INFO: idx 7
2018.10.20 16:47:22-main.dbase-INFO: col ('dlugosc', None, None, None, None, None, None)
2018.10.20 16:47:22-main.dbase-INFO: column length
2018.10.20 16:47:22-main.dbase-INFO: file[0]: 1
2018.10.20 16:47:22-main.dbase-INFO: file: <sqlite3.Row object at 0x7f6e5ab89ab0>
2018.10.20 16:47:22-main.dbase-INFO: value: 195
2018.10.20 16:47:22-main.dbase-INFO: idx 8
2018.10.20 16:47:22-main.dbase-INFO: col ('jakosc', None, None, None, None, None, None)
2018.10.20 16:47:22-main.dbase-INFO: column bitrate
2018.10.20 16:47:22-main.dbase-INFO: file[0]: 1
2018.10.20 16:47:22-main.dbase-INFO: file: <sqlite3.Row object at 0x7f6e5ab89ab0>
2018.10.20 16:47:22-main.dbase-INFO: value: 320
2018.10.20 16:47:22-main.dbase-INFO: idx 0
2018.10.20 16:47:22-main.dbase-INFO: col ('id', None, None, None, None, None, None)
2018.10.20 16:47:22-main.dbase-INFO: column id
2018.10.20 16:47:22-main.dbase-INFO: file[0]: 2
2018.10.20 16:47:22-main.dbase-INFO: file: <sqlite3.Row object at 0x7f6e59ce3ad0>
2018.10.20 16:47:22-main.dbase-INFO: value: 2
2018.10.20 16:47:22-main.dbase-INFO: idx 1
2018.10.20 16:47:22-main.dbase-INFO: col ('sciezka', None, None, None, None, None, None)
2018.10.20 16:47:22-main.dbase-INFO: column path
2018.10.20 16:47:22-main.dbase-INFO: file[0]: 2
2018.10.20 16:47:22-main.dbase-INFO: file: <sqlite3.Row object at 0x7f6e59ce3ad0>
2018.10.20 16:47:22-main.dbase-INFO: value: /home/kuba/Muzyka/Chic - (1977) Chic (kopia)/03-Chic - You Can Get By.mp3
2018.10.20 16:47:22-main.dbase-INFO: idx 2
2018.10.20 16:47:22-main.dbase-INFO: col ('artysta', None, None, None, None, None, None)
2018.10.20 16:47:22-main.dbase-INFO: column artist
2018.10.20 16:47:22-main.dbase-INFO: file[0]: 2
2018.10.20 16:47:22-main.dbase-INFO: file: <sqlite3.Row object at 0x7f6e59ce3ad0>
2018.10.20 16:47:22-main.dbase-INFO: value: Chic
2018.10.20 16:47:22-main.dbase-INFO: idx 3
2018.10.20 16:47:22-main.dbase-INFO: col ('tytul', None, None, None, None, None, None)
2018.10.20 16:47:22-main.dbase-INFO: column title
2018.10.20 16:47:22-main.dbase-INFO: file[0]: 2
2018.10.20 16:47:22-main.dbase-INFO: file: <sqlite3.Row object at 0x7f6e59ce3ad0>
2018.10.20 16:47:22-main.dbase-INFO: value: You Can Get By
2018.10.20 16:47:22-main.dbase-INFO: idx 4
2018.10.20 16:47:22-main.dbase-INFO: col ('katalog_id', None, None, None, None, None, None)
2018.10.20 16:47:22-main.dbase-INFO: column catalog_id
2018.10.20 16:47:22-main.dbase-INFO: file[0]: 2
2018.10.20 16:47:22-main.dbase-INFO: file: <sqlite3.Row object at 0x7f6e59ce3ad0>
2018.10.20 16:47:22-main.dbase-INFO: value: 1
2018.10.20 16:47:22-main.dbase-INFO: idx 5
2018.10.20 16:47:22-main.dbase-INFO: col ('album', None, None, None, None, None, None)
2018.10.20 16:47:22-main.dbase-INFO: column album
2018.10.20 16:47:22-main.dbase-INFO: file[0]: 2
2018.10.20 16:47:22-main.dbase-INFO: file: <sqlite3.Row object at 0x7f6e59ce3ad0>
2018.10.20 16:47:22-main.dbase-INFO: value: Chic
2018.10.20 16:47:22-main.dbase-INFO: idx 6
2018.10.20 16:47:22-main.dbase-INFO: col ('format', None, None, None, None, None, None)
2018.10.20 16:47:22-main.dbase-INFO: column ext
2018.10.20 16:47:22-main.dbase-INFO: file[0]: 2
2018.10.20 16:47:22-main.dbase-INFO: file: <sqlite3.Row object at 0x7f6e59ce3ad0>
2018.10.20 16:47:22-main.dbase-INFO: value: mp3
2018.10.20 16:47:22-main.dbase-INFO: idx 7
2018.10.20 16:47:22-main.dbase-INFO: col ('dlugosc', None, None, None, None, None, None)
2018.10.20 16:47:22-main.dbase-INFO: column length
2018.10.20 16:47:22-main.dbase-INFO: file[0]: 2
2018.10.20 16:47:22-main.dbase-INFO: file: <sqlite3.Row object at 0x7f6e59ce3ad0>
2018.10.20 16:47:22-main.dbase-INFO: value: 336
2018.10.20 16:47:22-main.dbase-INFO: idx 8
2018.10.20 16:47:22-main.dbase-INFO: col ('jakosc', None, None, None, None, None, None)
2018.10.20 16:47:22-main.dbase-INFO: column bitrate
2018.10.20 16:47:22-main.dbase-INFO: file[0]: 2
2018.10.20 16:47:22-main.dbase-INFO: file: <sqlite3.Row object at 0x7f6e59ce3ad0>
2018.10.20 16:47:22-main.dbase-INFO: value: 320
2018.10.20 16:47:22-main.dbase-INFO: idx 0
2018.10.20 16:47:22-main.dbase-INFO: col ('id', None, None, None, None, None, None)
2018.10.20 16:47:22-main.dbase-INFO: column id
2018.10.20 16:47:22-main.dbase-INFO: file[0]: 3
2018.10.20 16:47:22-main.dbase-INFO: file: <sqlite3.Row object at 0x7f6e59ce3b30>
2018.10.20 16:47:22-main.dbase-INFO: value: 3
2018.10.20 16:47:22-main.dbase-INFO: idx 1
2018.10.20 16:47:22-main.dbase-INFO: col ('sciezka', None, None, None, None, None, None)
2018.10.20 16:47:22-main.dbase-INFO: column path
2018.10.20 16:47:22-main.dbase-INFO: file[0]: 3
2018.10.20 16:47:22-main.dbase-INFO: file: <sqlite3.Row object at 0x7f6e59ce3b30>
2018.10.20 16:47:22-main.dbase-INFO: value: /home/kuba/Muzyka/Chic - (1977) Chic (kopia)/02-Chic - S達o Paulo.mp3
2018.10.20 16:47:22-main.dbase-INFO: idx 2
2018.10.20 16:47:22-main.dbase-INFO: col ('artysta', None, None, None, None, None, None)
2018.10.20 16:47:22-main.dbase-INFO: column artist
2018.10.20 16:47:22-main.dbase-INFO: file[0]: 3
2018.10.20 16:47:22-main.dbase-INFO: file: <sqlite3.Row object at 0x7f6e59ce3b30>
2018.10.20 16:47:22-main.dbase-INFO: value: Chic
2018.10.20 16:47:22-main.dbase-INFO: idx 3
2018.10.20 16:47:22-main.dbase-INFO: col ('tytul', None, None, None, None, None, None)
2018.10.20 16:47:22-main.dbase-INFO: column title
2018.10.20 16:47:22-main.dbase-INFO: file[0]: 3
2018.10.20 16:47:22-main.dbase-INFO: file: <sqlite3.Row object at 0x7f6e59ce3b30>
2018.10.20 16:47:22-main.dbase-INFO: value: S達o Paulo
2018.10.20 16:47:22-main.dbase-INFO: idx 4
2018.10.20 16:47:22-main.dbase-INFO: col ('katalog_id', None, None, None, None, None, None)
2018.10.20 16:47:22-main.dbase-INFO: column catalog_id
2018.10.20 16:47:22-main.dbase-INFO: file[0]: 3
2018.10.20 16:47:22-main.dbase-INFO: file: <sqlite3.Row object at 0x7f6e59ce3b30>
2018.10.20 16:47:22-main.dbase-INFO: value: 1
2018.10.20 16:47:22-main.dbase-INFO: idx 5
2018.10.20 16:47:22-main.dbase-INFO: col ('album', None, None, None, None, None, None)
2018.10.20 16:47:22-main.dbase-INFO: column album
2018.10.20 16:47:22-main.dbase-INFO: file[0]: 3
2018.10.20 16:47:22-main.dbase-INFO: file: <sqlite3.Row object at 0x7f6e59ce3b30>
2018.10.20 16:47:22-main.dbase-INFO: value: Chic
2018.10.20 16:47:22-main.dbase-INFO: idx 6
2018.10.20 16:47:22-main.dbase-INFO: col ('format', None, None, None, None, None, None)
2018.10.20 16:47:22-main.dbase-INFO: column ext
2018.10.20 16:47:22-main.dbase-INFO: file[0]: 3
2018.10.20 16:47:22-main.dbase-INFO: file: <sqlite3.Row object at 0x7f6e59ce3b30>
2018.10.20 16:47:22-main.dbase-INFO: value: mp3
2018.10.20 16:47:22-main.dbase-INFO: idx 7
2018.10.20 16:47:22-main.dbase-INFO: col ('dlugosc', None, None, None, None, None, None)
2018.10.20 16:47:22-main.dbase-INFO: column length
2018.10.20 16:47:22-main.dbase-INFO: file[0]: 3
2018.10.20 16:47:22-main.dbase-INFO: file: <sqlite3.Row object at 0x7f6e59ce3b30>
2018.10.20 16:47:22-main.dbase-INFO: value: 301
2018.10.20 16:47:22-main.dbase-INFO: idx 8
2018.10.20 16:47:22-main.dbase-INFO: col ('jakosc', None, None, None, None, None, None)
2018.10.20 16:47:22-main.dbase-INFO: column bitrate
2018.10.20 16:47:22-main.dbase-INFO: file[0]: 3
2018.10.20 16:47:22-main.dbase-INFO: file: <sqlite3.Row object at 0x7f6e59ce3b30>
2018.10.20 16:47:22-main.dbase-INFO: value: 320
2018.10.20 16:47:22-main.dbase-INFO: idx 0
2018.10.20 16:47:22-main.dbase-INFO: col ('id', None, None, None, None, None, None)
2018.10.20 16:47:22-main.dbase-INFO: column id
2018.10.20 16:47:22-main.dbase-INFO: file[0]: 4
2018.10.20 16:47:22-main.dbase-INFO: file: <sqlite3.Row object at 0x7f6e59ce3a90>
2018.10.20 16:47:22-main.dbase-INFO: value: 4
2018.10.20 16:47:22-main.dbase-INFO: idx 1
2018.10.20 16:47:22-main.dbase-INFO: col ('sciezka', None, None, None, None, None, None)
2018.10.20 16:47:22-main.dbase-INFO: column path
2018.10.20 16:47:22-main.dbase-INFO: file[0]: 4
2018.10.20 16:47:22-main.dbase-INFO: file: <sqlite3.Row object at 0x7f6e59ce3a90>
2018.10.20 16:47:22-main.dbase-INFO: value: /home/kuba/Muzyka/Chic - (1977) Chic (kopia)/11-Chic - Everybody Dance (Alternate 7'' Version).mp3
2018.10.20 16:47:22-main.dbase-INFO: idx 2
2018.10.20 16:47:22-main.dbase-INFO: col ('artysta', None, None, None, None, None, None)
2018.10.20 16:47:22-main.dbase-INFO: column artist
2018.10.20 16:47:22-main.dbase-INFO: file[0]: 4
2018.10.20 16:47:22-main.dbase-INFO: file: <sqlite3.Row object at 0x7f6e59ce3a90>
2018.10.20 16:47:22-main.dbase-INFO: value: Chic
2018.10.20 16:47:22-main.dbase-INFO: idx 3
2018.10.20 16:47:22-main.dbase-INFO: col ('tytul', None, None, None, None, None, None)
2018.10.20 16:47:22-main.dbase-INFO: column title
2018.10.20 16:47:22-main.dbase-INFO: file[0]: 4
2018.10.20 16:47:22-main.dbase-INFO: file: <sqlite3.Row object at 0x7f6e59ce3a90>
2018.10.20 16:47:22-main.dbase-INFO: value: Everybody Dance (Alternate 7'' Version)
2018.10.20 16:47:22-main.dbase-INFO: idx 4
2018.10.20 16:47:22-main.dbase-INFO: col ('katalog_id', None, None, None, None, None, None)
2018.10.20 16:47:22-main.dbase-INFO: column catalog_id
2018.10.20 16:47:22-main.dbase-INFO: file[0]: 4
2018.10.20 16:47:22-main.dbase-INFO: file: <sqlite3.Row object at 0x7f6e59ce3a90>
2018.10.20 16:47:22-main.dbase-INFO: value: 1
2018.10.20 16:47:22-main.dbase-INFO: idx 5
2018.10.20 16:47:22-main.dbase-INFO: col ('album', None, None, None, None, None, None)
2018.10.20 16:47:22-main.dbase-INFO: column album
2018.10.20 16:47:22-main.dbase-INFO: file[0]: 4
2018.10.20 16:47:22-main.dbase-INFO: file: <sqlite3.Row object at 0x7f6e59ce3a90>
2018.10.20 16:47:22-main.dbase-INFO: value: Chic
2018.10.20 16:47:22-main.dbase-INFO: idx 6
2018.10.20 16:47:22-main.dbase-INFO: col ('format', None, None, None, None, None, None)
2018.10.20 16:47:22-main.dbase-INFO: column ext
2018.10.20 16:47:22-main.dbase-INFO: file[0]: 4
2018.10.20 16:47:22-main.dbase-INFO: file: <sqlite3.Row object at 0x7f6e59ce3a90>
2018.10.20 16:47:22-main.dbase-INFO: value: mp3
2018.10.20 16:47:22-main.dbase-INFO: idx 7
2018.10.20 16:47:22-main.dbase-INFO: col ('dlugosc', None, None, None, None, None, None)
2018.10.20 16:47:22-main.dbase-INFO: column length
2018.10.20 16:47:22-main.dbase-INFO: file[0]: 4
2018.10.20 16:47:22-main.dbase-INFO: file: <sqlite3.Row object at 0x7f6e59ce3a90>
2018.10.20 16:47:22-main.dbase-INFO: value: 248
2018.10.20 16:47:22-main.dbase-INFO: idx 8
2018.10.20 16:47:22-main.dbase-INFO: col ('jakosc', None, None, None, None, None, None)
2018.10.20 16:47:22-main.dbase-INFO: column bitrate
2018.10.20 16:47:22-main.dbase-INFO: file[0]: 4
2018.10.20 16:47:22-main.dbase-INFO: file: <sqlite3.Row object at 0x7f6e59ce3a90>
2018.10.20 16:47:22-main.dbase-INFO: value: 320
2018.10.20 16:47:22-main.dbase-INFO: idx 0
2018.10.20 16:47:22-main.dbase-INFO: col ('id', None, None, None, None, None, None)
2018.10.20 16:47:22-main.dbase-INFO: column id
2018.10.20 16:47:22-main.dbase-INFO: file[0]: 5
2018.10.20 16:47:22-main.dbase-INFO: file: <sqlite3.Row object at 0x7f6e5610c030>
2018.10.20 16:47:22-main.dbase-INFO: value: 5
2018.10.20 16:47:22-main.dbase-INFO: idx 1
2018.10.20 16:47:22-main.dbase-INFO: col ('sciezka', None, None, None, None, None, None)
2018.10.20 16:47:22-main.dbase-INFO: column path
2018.10.20 16:47:22-main.dbase-INFO: file[0]: 5
2018.10.20 16:47:22-main.dbase-INFO: file: <sqlite3.Row object at 0x7f6e5610c030>
2018.10.20 16:47:22-main.dbase-INFO: value: /home/kuba/Muzyka/Chic - (1977) Chic (kopia)/05-Chic - Est-Ce Que C'est Chic.mp3
2018.10.20 16:47:22-main.dbase-INFO: idx 2
2018.10.20 16:47:22-main.dbase-INFO: col ('artysta', None, None, None, None, None, None)
2018.10.20 16:47:22-main.dbase-INFO: column artist
2018.10.20 16:47:22-main.dbase-INFO: file[0]: 5
2018.10.20 16:47:22-main.dbase-INFO: file: <sqlite3.Row object at 0x7f6e5610c030>
2018.10.20 16:47:22-main.dbase-INFO: value: Chic
2018.10.20 16:47:22-main.dbase-INFO: idx 3
2018.10.20 16:47:22-main.dbase-INFO: col ('tytul', None, None, None, None, None, None)
2018.10.20 16:47:22-main.dbase-INFO: column title
2018.10.20 16:47:22-main.dbase-INFO: file[0]: 5
2018.10.20 16:47:22-main.dbase-INFO: file: <sqlite3.Row object at 0x7f6e5610c030>
2018.10.20 16:47:22-main.dbase-INFO: value: Est-Ce Que C'est Chic
2018.10.20 16:47:22-main.dbase-INFO: idx 4
2018.10.20 16:47:22-main.dbase-INFO: col ('katalog_id', None, None, None, None, None, None)
2018.10.20 16:47:22-main.dbase-INFO: column catalog_id
2018.10.20 16:47:22-main.dbase-INFO: file[0]: 5
2018.10.20 16:47:22-main.dbase-INFO: file: <sqlite3.Row object at 0x7f6e5610c030>
2018.10.20 16:47:22-main.dbase-INFO: value: 1
2018.10.20 16:47:22-main.dbase-INFO: idx 5
2018.10.20 16:47:22-main.dbase-INFO: col ('album', None, None, None, None, None, None)
2018.10.20 16:47:22-main.dbase-INFO: column album
2018.10.20 16:47:22-main.dbase-INFO: file[0]: 5
2018.10.20 16:47:22-main.dbase-INFO: file: <sqlite3.Row object at 0x7f6e5610c030>
2018.10.20 16:47:22-main.dbase-INFO: value: Chic
2018.10.20 16:47:22-main.dbase-INFO: idx 6
2018.10.20 16:47:22-main.dbase-INFO: col ('format', None, None, None, None, None, None)
2018.10.20 16:47:22-main.dbase-INFO: column ext
2018.10.20 16:47:22-main.dbase-INFO: file[0]: 5
2018.10.20 16:47:22-main.dbase-INFO: file: <sqlite3.Row object at 0x7f6e5610c030>
2018.10.20 16:47:22-main.dbase-INFO: value: mp3
2018.10.20 16:47:22-main.dbase-INFO: idx 7
2018.10.20 16:47:22-main.dbase-INFO: col ('dlugosc', None, None, None, None, None, None)
2018.10.20 16:47:22-main.dbase-INFO: column length
2018.10.20 16:47:22-main.dbase-INFO: file[0]: 5
2018.10.20 16:47:22-main.dbase-INFO: file: <sqlite3.Row object at 0x7f6e5610c030>
2018.10.20 16:47:22-main.dbase-INFO: value: 233
2018.10.20 16:47:22-main.dbase-INFO: idx 8
2018.10.20 16:47:22-main.dbase-INFO: col ('jakosc', None, None, None, None, None, None)
2018.10.20 16:47:22-main.dbase-INFO: column bitrate
2018.10.20 16:47:22-main.dbase-INFO: file[0]: 5
2018.10.20 16:47:22-main.dbase-INFO: file: <sqlite3.Row object at 0x7f6e5610c030>
2018.10.20 16:47:22-main.dbase-INFO: value: 320
2018.10.20 16:47:22-main.dbase-INFO: idx 0
2018.10.20 16:47:22-main.dbase-INFO: col ('id', None, None, None, None, None, None)
2018.10.20 16:47:22-main.dbase-INFO: column id
2018.10.20 16:47:22-main.dbase-INFO: file[0]: 6
2018.10.20 16:47:22-main.dbase-INFO: file: <sqlite3.Row object at 0x7f6e59ce3af0>
2018.10.20 16:47:22-main.dbase-INFO: value: 6
2018.10.20 16:47:22-main.dbase-INFO: idx 1
2018.10.20 16:47:22-main.dbase-INFO: col ('sciezka', None, None, None, None, None, None)
2018.10.20 16:47:22-main.dbase-INFO: column path
2018.10.20 16:47:22-main.dbase-INFO: file[0]: 6
2018.10.20 16:47:22-main.dbase-INFO: file: <sqlite3.Row object at 0x7f6e59ce3af0>
2018.10.20 16:47:22-main.dbase-INFO: value: /home/kuba/Muzyka/Chic - (1977) Chic (kopia)/15-Chic - Everybody Dance (Glenn Friscia Hardhouse Mix).mp3
2018.10.20 16:47:22-main.dbase-INFO: idx 2
2018.10.20 16:47:22-main.dbase-INFO: col ('artysta', None, None, None, None, None, None)
2018.10.20 16:47:22-main.dbase-INFO: column artist
2018.10.20 16:47:22-main.dbase-INFO: file[0]: 6
2018.10.20 16:47:22-main.dbase-INFO: file: <sqlite3.Row object at 0x7f6e59ce3af0>
2018.10.20 16:47:22-main.dbase-INFO: value: Chic
2018.10.20 16:47:22-main.dbase-INFO: idx 3
2018.10.20 16:47:22-main.dbase-INFO: col ('tytul', None, None, None, None, None, None)
2018.10.20 16:47:22-main.dbase-INFO: column title
2018.10.20 16:47:22-main.dbase-INFO: file[0]: 6
2018.10.20 16:47:22-main.dbase-INFO: file: <sqlite3.Row object at 0x7f6e59ce3af0>
2018.10.20 16:47:22-main.dbase-INFO: value: Everybody Dance (Glenn Friscia Hardhouse Mix)
2018.10.20 16:47:22-main.dbase-INFO: idx 4
2018.10.20 16:47:22-main.dbase-INFO: col ('katalog_id', None, None, None, None, None, None)
2018.10.20 16:47:22-main.dbase-INFO: column catalog_id
2018.10.20 16:47:22-main.dbase-INFO: file[0]: 6
2018.10.20 16:47:22-main.dbase-INFO: file: <sqlite3.Row object at 0x7f6e59ce3af0>
2018.10.20 16:47:22-main.dbase-INFO: value: 1
2018.10.20 16:47:22-main.dbase-INFO: idx 5
2018.10.20 16:47:22-main.dbase-INFO: col ('album', None, None, None, None, None, None)
2018.10.20 16:47:22-main.dbase-INFO: column album
2018.10.20 16:47:22-main.dbase-INFO: file[0]: 6
2018.10.20 16:47:22-main.dbase-INFO: file: <sqlite3.Row object at 0x7f6e59ce3af0>
2018.10.20 16:47:22-main.dbase-INFO: value: Chic
2018.10.20 16:47:22-main.dbase-INFO: idx 6
2018.10.20 16:47:22-main.dbase-INFO: col ('format', None, None, None, None, None, None)
2018.10.20 16:47:22-main.dbase-INFO: column ext
2018.10.20 16:47:22-main.dbase-INFO: file[0]: 6
2018.10.20 16:47:22-main.dbase-INFO: file: <sqlite3.Row object at 0x7f6e59ce3af0>
2018.10.20 16:47:22-main.dbase-INFO: value: mp3
2018.10.20 16:47:22-main.dbase-INFO: idx 7
2018.10.20 16:47:22-main.dbase-INFO: col ('dlugosc', None, None, None, None, None, None)
2018.10.20 16:47:22-main.dbase-INFO: column length
2018.10.20 16:47:22-main.dbase-INFO: file[0]: 6
2018.10.20 16:47:22-main.dbase-INFO: file: <sqlite3.Row object at 0x7f6e59ce3af0>
2018.10.20 16:47:22-main.dbase-INFO: value: 338
2018.10.20 16:47:22-main.dbase-INFO: idx 8
2018.10.20 16:47:22-main.dbase-INFO: col ('jakosc', None, None, None, None, None, None)
2018.10.20 16:47:22-main.dbase-INFO: column bitrate
2018.10.20 16:47:22-main.dbase-INFO: file[0]: 6
2018.10.20 16:47:22-main.dbase-INFO: file: <sqlite3.Row object at 0x7f6e59ce3af0>
2018.10.20 16:47:22-main.dbase-INFO: value: 320
2018.10.20 16:47:22-main.dbase-INFO: idx 0
2018.10.20 16:47:22-main.dbase-INFO: col ('id', None, None, None, None, None, None)
2018.10.20 16:47:22-main.dbase-INFO: column id
2018.10.20 16:47:22-main.dbase-INFO: file[0]: 7
2018.10.20 16:47:22-main.dbase-INFO: file: <sqlite3.Row object at 0x7f6e5610c0b0>
2018.10.20 16:47:22-main.dbase-INFO: value: 7
2018.10.20 16:47:22-main.dbase-INFO: idx 1
2018.10.20 16:47:22-main.dbase-INFO: col ('sciezka', None, None, None, None, None, None)
2018.10.20 16:47:22-main.dbase-INFO: column path
2018.10.20 16:47:22-main.dbase-INFO: file[0]: 7
2018.10.20 16:47:22-main.dbase-INFO: file: <sqlite3.Row object at 0x7f6e5610c0b0>
2018.10.20 16:47:22-main.dbase-INFO: value: /home/kuba/Muzyka/Chic - (1977) Chic (kopia)/13-Chic - You Can Get By (7'' Version).mp3
2018.10.20 16:47:22-main.dbase-INFO: idx 2
2018.10.20 16:47:22-main.dbase-INFO: col ('artysta', None, None, None, None, None, None)
2018.10.20 16:47:22-main.dbase-INFO: column artist
2018.10.20 16:47:22-main.dbase-INFO: file[0]: 7
2018.10.20 16:47:22-main.dbase-INFO: file: <sqlite3.Row object at 0x7f6e5610c0b0>
2018.10.20 16:47:22-main.dbase-INFO: value: Chic
2018.10.20 16:47:22-main.dbase-INFO: idx 3
2018.10.20 16:47:22-main.dbase-INFO: col ('tytul', None, None, None, None, None, None)
2018.10.20 16:47:22-main.dbase-INFO: column title
2018.10.20 16:47:22-main.dbase-INFO: file[0]: 7
2018.10.20 16:47:22-main.dbase-INFO: file: <sqlite3.Row object at 0x7f6e5610c0b0>
2018.10.20 16:47:22-main.dbase-INFO: value: You Can Get By (7'' Version)
2018.10.20 16:47:22-main.dbase-INFO: idx 4
2018.10.20 16:47:22-main.dbase-INFO: col ('katalog_id', None, None, None, None, None, None)
2018.10.20 16:47:22-main.dbase-INFO: column catalog_id
2018.10.20 16:47:22-main.dbase-INFO: file[0]: 7
2018.10.20 16:47:22-main.dbase-INFO: file: <sqlite3.Row object at 0x7f6e5610c0b0>
2018.10.20 16:47:22-main.dbase-INFO: value: 1
2018.10.20 16:47:22-main.dbase-INFO: idx 5
2018.10.20 16:47:22-main.dbase-INFO: col ('album', None, None, None, None, None, None)
2018.10.20 16:47:22-main.dbase-INFO: column album
2018.10.20 16:47:22-main.dbase-INFO: file[0]: 7
2018.10.20 16:47:22-main.dbase-INFO: file: <sqlite3.Row object at 0x7f6e5610c0b0>
2018.10.20 16:47:22-main.dbase-INFO: value: Chic
2018.10.20 16:47:22-main.dbase-INFO: idx 6
2018.10.20 16:47:22-main.dbase-INFO: col ('format', None, None, None, None, None, None)
2018.10.20 16:47:22-main.dbase-INFO: column ext
2018.10.20 16:47:22-main.dbase-INFO: file[0]: 7
2018.10.20 16:47:22-main.dbase-INFO: file: <sqlite3.Row object at 0x7f6e5610c0b0>
2018.10.20 16:47:22-main.dbase-INFO: value: mp3
2018.10.20 16:47:22-main.dbase-INFO: idx 7
2018.10.20 16:47:22-main.dbase-INFO: col ('dlugosc', None, None, None, None, None, None)
2018.10.20 16:47:22-main.dbase-INFO: column length
2018.10.20 16:47:22-main.dbase-INFO: file[0]: 7
2018.10.20 16:47:22-main.dbase-INFO: file: <sqlite3.Row object at 0x7f6e5610c0b0>
2018.10.20 16:47:22-main.dbase-INFO: value: 242
2018.10.20 16:47:22-main.dbase-INFO: idx 8
2018.10.20 16:47:22-main.dbase-INFO: col ('jakosc', None, None, None, None, None, None)
2018.10.20 16:47:22-main.dbase-INFO: column bitrate
2018.10.20 16:47:22-main.dbase-INFO: file[0]: 7
2018.10.20 16:47:22-main.dbase-INFO: file: <sqlite3.Row object at 0x7f6e5610c0b0>
2018.10.20 16:47:22-main.dbase-INFO: value: 320
2018.10.20 16:47:22-main.dbase-INFO: idx 0
2018.10.20 16:47:22-main.dbase-INFO: col ('id', None, None, None, None, None, None)
2018.10.20 16:47:22-main.dbase-INFO: column id
2018.10.20 16:47:22-main.dbase-INFO: file[0]: 8
2018.10.20 16:47:22-main.dbase-INFO: file: <sqlite3.Row object at 0x7f6e5610c110>
2018.10.20 16:47:22-main.dbase-INFO: value: 8
2018.10.20 16:47:22-main.dbase-INFO: idx 1
2018.10.20 16:47:22-main.dbase-INFO: col ('sciezka', None, None, None, None, None, None)
2018.10.20 16:47:22-main.dbase-INFO: column path
2018.10.20 16:47:22-main.dbase-INFO: file[0]: 8
2018.10.20 16:47:22-main.dbase-INFO: file: <sqlite3.Row object at 0x7f6e5610c110>
2018.10.20 16:47:22-main.dbase-INFO: value: /home/kuba/Muzyka/Chic - (1977) Chic (kopia)/12-Chic - Everybody Dance (12'' Version).mp3
2018.10.20 16:47:22-main.dbase-INFO: idx 2
2018.10.20 16:47:22-main.dbase-INFO: col ('artysta', None, None, None, None, None, None)
2018.10.20 16:47:22-main.dbase-INFO: column artist
2018.10.20 16:47:22-main.dbase-INFO: file[0]: 8
2018.10.20 16:47:22-main.dbase-INFO: file: <sqlite3.Row object at 0x7f6e5610c110>
2018.10.20 16:47:22-main.dbase-INFO: value: Chic
2018.10.20 16:47:22-main.dbase-INFO: idx 3
2018.10.20 16:47:22-main.dbase-INFO: col ('tytul', None, None, None, None, None, None)
2018.10.20 16:47:22-main.dbase-INFO: column title
2018.10.20 16:47:22-main.dbase-INFO: file[0]: 8
2018.10.20 16:47:22-main.dbase-INFO: file: <sqlite3.Row object at 0x7f6e5610c110>
2018.10.20 16:47:22-main.dbase-INFO: value: Everybody Dance (12'' Version)
2018.10.20 16:47:22-main.dbase-INFO: idx 4
2018.10.20 16:47:22-main.dbase-INFO: col ('katalog_id', None, None, None, None, None, None)
2018.10.20 16:47:22-main.dbase-INFO: column catalog_id
2018.10.20 16:47:22-main.dbase-INFO: file[0]: 8
2018.10.20 16:47:22-main.dbase-INFO: file: <sqlite3.Row object at 0x7f6e5610c110>
2018.10.20 16:47:22-main.dbase-INFO: value: 1
2018.10.20 16:47:22-main.dbase-INFO: idx 5
2018.10.20 16:47:22-main.dbase-INFO: col ('album', None, None, None, None, None, None)
2018.10.20 16:47:22-main.dbase-INFO: column album
2018.10.20 16:47:22-main.dbase-INFO: file[0]: 8
2018.10.20 16:47:22-main.dbase-INFO: file: <sqlite3.Row object at 0x7f6e5610c110>
2018.10.20 16:47:22-main.dbase-INFO: value: Chic
2018.10.20 16:47:22-main.dbase-INFO: idx 6
2018.10.20 16:47:22-main.dbase-INFO: col ('format', None, None, None, None, None, None)
2018.10.20 16:47:22-main.dbase-INFO: column ext
2018.10.20 16:47:22-main.dbase-INFO: file[0]: 8
2018.10.20 16:47:22-main.dbase-INFO: file: <sqlite3.Row object at 0x7f6e5610c110>
2018.10.20 16:47:22-main.dbase-INFO: value: mp3
2018.10.20 16:47:22-main.dbase-INFO: idx 7
2018.10.20 16:47:22-main.dbase-INFO: col ('dlugosc', None, None, None, None, None, None)
2018.10.20 16:47:22-main.dbase-INFO: column length
2018.10.20 16:47:22-main.dbase-INFO: file[0]: 8
2018.10.20 16:47:22-main.dbase-INFO: file: <sqlite3.Row object at 0x7f6e5610c110>
2018.10.20 16:47:22-main.dbase-INFO: value: 507
2018.10.20 16:47:22-main.dbase-INFO: idx 8
2018.10.20 16:47:22-main.dbase-INFO: col ('jakosc', None, None, None, None, None, None)
2018.10.20 16:47:22-main.dbase-INFO: column bitrate
2018.10.20 16:47:22-main.dbase-INFO: file[0]: 8
2018.10.20 16:47:22-main.dbase-INFO: file: <sqlite3.Row object at 0x7f6e5610c110>
2018.10.20 16:47:22-main.dbase-INFO: value: 320
2018.10.20 16:47:22-main.dbase-INFO: idx 0
2018.10.20 16:47:22-main.dbase-INFO: col ('id', None, None, None, None, None, None)
2018.10.20 16:47:22-main.dbase-INFO: column id
2018.10.20 16:47:22-main.dbase-INFO: file[0]: 9
2018.10.20 16:47:22-main.dbase-INFO: file: <sqlite3.Row object at 0x7f6e5610c170>
2018.10.20 16:47:22-main.dbase-INFO: value: 9
2018.10.20 16:47:22-main.dbase-INFO: idx 1
2018.10.20 16:47:22-main.dbase-INFO: col ('sciezka', None, None, None, None, None, None)
2018.10.20 16:47:22-main.dbase-INFO: column path
2018.10.20 16:47:22-main.dbase-INFO: file[0]: 9
2018.10.20 16:47:22-main.dbase-INFO: file: <sqlite3.Row object at 0x7f6e5610c170>
2018.10.20 16:47:22-main.dbase-INFO: value: /home/kuba/Muzyka/Chic - (1977) Chic (kopia)/01-Chic-Dance,Dance,Dance(Yowsah,Yowsah,Yowsah)(Album&12''Versio.mp3
2018.10.20 16:47:22-main.dbase-INFO: idx 2
2018.10.20 16:47:22-main.dbase-INFO: col ('artysta', None, None, None, None, None, None)
2018.10.20 16:47:22-main.dbase-INFO: column artist
2018.10.20 16:47:22-main.dbase-INFO: file[0]: 9
2018.10.20 16:47:22-main.dbase-INFO: file: <sqlite3.Row object at 0x7f6e5610c170>
2018.10.20 16:47:22-main.dbase-INFO: value: Chic
2018.10.20 16:47:22-main.dbase-INFO: idx 3
2018.10.20 16:47:22-main.dbase-INFO: col ('tytul', None, None, None, None, None, None)
2018.10.20 16:47:22-main.dbase-INFO: column title
2018.10.20 16:47:22-main.dbase-INFO: file[0]: 9
2018.10.20 16:47:22-main.dbase-INFO: file: <sqlite3.Row object at 0x7f6e5610c170>
2018.10.20 16:47:22-main.dbase-INFO: value: Dance, Dance, Dance (Yowsah, Yowsah, Yowsah) (Album & 12'' Version)
2018.10.20 16:47:22-main.dbase-INFO: idx 4
2018.10.20 16:47:22-main.dbase-INFO: col ('katalog_id', None, None, None, None, None, None)
2018.10.20 16:47:22-main.dbase-INFO: column catalog_id
2018.10.20 16:47:22-main.dbase-INFO: file[0]: 9
2018.10.20 16:47:22-main.dbase-INFO: file: <sqlite3.Row object at 0x7f6e5610c170>
2018.10.20 16:47:22-main.dbase-INFO: value: 1
2018.10.20 16:47:22-main.dbase-INFO: idx 5
2018.10.20 16:47:22-main.dbase-INFO: col ('album', None, None, None, None, None, None)
2018.10.20 16:47:22-main.dbase-INFO: column album
2018.10.20 16:47:22-main.dbase-INFO: file[0]: 9
2018.10.20 16:47:22-main.dbase-INFO: file: <sqlite3.Row object at 0x7f6e5610c170>
2018.10.20 16:47:22-main.dbase-INFO: value: Chic
2018.10.20 16:47:22-main.dbase-INFO: idx 6
2018.10.20 16:47:22-main.dbase-INFO: col ('format', None, None, None, None, None, None)
2018.10.20 16:47:22-main.dbase-INFO: column ext
2018.10.20 16:47:22-main.dbase-INFO: file[0]: 9
2018.10.20 16:47:22-main.dbase-INFO: file: <sqlite3.Row object at 0x7f6e5610c170>
2018.10.20 16:47:22-main.dbase-INFO: value: mp3
2018.10.20 16:47:22-main.dbase-INFO: idx 7
2018.10.20 16:47:22-main.dbase-INFO: col ('dlugosc', None, None, None, None, None, None)
2018.10.20 16:47:22-main.dbase-INFO: column length
2018.10.20 16:47:22-main.dbase-INFO: file[0]: 9
2018.10.20 16:47:22-main.dbase-INFO: file: <sqlite3.Row object at 0x7f6e5610c170>
2018.10.20 16:47:22-main.dbase-INFO: value: 502
2018.10.20 16:47:22-main.dbase-INFO: idx 8
2018.10.20 16:47:22-main.dbase-INFO: col ('jakosc', None, None, None, None, None, None)
2018.10.20 16:47:22-main.dbase-INFO: column bitrate
2018.10.20 16:47:22-main.dbase-INFO: file[0]: 9
2018.10.20 16:47:22-main.dbase-INFO: file: <sqlite3.Row object at 0x7f6e5610c170>
2018.10.20 16:47:22-main.dbase-INFO: value: 320
2018.10.20 16:47:22-main.dbase-INFO: idx 0
2018.10.20 16:47:22-main.dbase-INFO: col ('id', None, None, None, None, None, None)
2018.10.20 16:47:22-main.dbase-INFO: column id
2018.10.20 16:47:22-main.dbase-INFO: file[0]: 10
2018.10.20 16:47:22-main.dbase-INFO: file: <sqlite3.Row object at 0x7f6e5610c1d0>
2018.10.20 16:47:22-main.dbase-INFO: value: 10
2018.10.20 16:47:22-main.dbase-INFO: idx 1
2018.10.20 16:47:22-main.dbase-INFO: col ('sciezka', None, None, None, None, None, None)
2018.10.20 16:47:22-main.dbase-INFO: column path
2018.10.20 16:47:22-main.dbase-INFO: file[0]: 10
2018.10.20 16:47:22-main.dbase-INFO: file: <sqlite3.Row object at 0x7f6e5610c1d0>
2018.10.20 16:47:22-main.dbase-INFO: value: /home/kuba/Muzyka/Chic - (1977) Chic (kopia)/04-Chic - Everybody Dance.mp3
2018.10.20 16:47:22-main.dbase-INFO: idx 2
2018.10.20 16:47:22-main.dbase-INFO: col ('artysta', None, None, None, None, None, None)
2018.10.20 16:47:22-main.dbase-INFO: column artist
2018.10.20 16:47:22-main.dbase-INFO: file[0]: 10
2018.10.20 16:47:22-main.dbase-INFO: file: <sqlite3.Row object at 0x7f6e5610c1d0>
2018.10.20 16:47:22-main.dbase-INFO: value: Chic
2018.10.20 16:47:22-main.dbase-INFO: idx 3
2018.10.20 16:47:22-main.dbase-INFO: col ('tytul', None, None, None, None, None, None)
2018.10.20 16:47:22-main.dbase-INFO: column title
2018.10.20 16:47:22-main.dbase-INFO: file[0]: 10
2018.10.20 16:47:22-main.dbase-INFO: file: <sqlite3.Row object at 0x7f6e5610c1d0>
2018.10.20 16:47:22-main.dbase-INFO: value: Everybody Dance
2018.10.20 16:47:22-main.dbase-INFO: idx 4
2018.10.20 16:47:22-main.dbase-INFO: col ('katalog_id', None, None, None, None, None, None)
2018.10.20 16:47:22-main.dbase-INFO: column catalog_id
2018.10.20 16:47:22-main.dbase-INFO: file[0]: 10
2018.10.20 16:47:22-main.dbase-INFO: file: <sqlite3.Row object at 0x7f6e5610c1d0>
2018.10.20 16:47:22-main.dbase-INFO: value: 1
2018.10.20 16:47:22-main.dbase-INFO: idx 5
2018.10.20 16:47:22-main.dbase-INFO: col ('album', None, None, None, None, None, None)
2018.10.20 16:47:22-main.dbase-INFO: column album
2018.10.20 16:47:22-main.dbase-INFO: file[0]: 10
2018.10.20 16:47:22-main.dbase-INFO: file: <sqlite3.Row object at 0x7f6e5610c1d0>
2018.10.20 16:47:22-main.dbase-INFO: value: Chic
2018.10.20 16:47:22-main.dbase-INFO: idx 6
2018.10.20 16:47:22-main.dbase-INFO: col ('format', None, None, None, None, None, None)
2018.10.20 16:47:22-main.dbase-INFO: column ext
2018.10.20 16:47:22-main.dbase-INFO: file[0]: 10
2018.10.20 16:47:22-main.dbase-INFO: file: <sqlite3.Row object at 0x7f6e5610c1d0>
2018.10.20 16:47:22-main.dbase-INFO: value: mp3
2018.10.20 16:47:22-main.dbase-INFO: idx 7
2018.10.20 16:47:22-main.dbase-INFO: col ('dlugosc', None, None, None, None, None, None)
2018.10.20 16:47:22-main.dbase-INFO: column length
2018.10.20 16:47:22-main.dbase-INFO: file[0]: 10
2018.10.20 16:47:22-main.dbase-INFO: file: <sqlite3.Row object at 0x7f6e5610c1d0>
2018.10.20 16:47:22-main.dbase-INFO: value: 401
2018.10.20 16:47:22-main.dbase-INFO: idx 8
2018.10.20 16:47:22-main.dbase-INFO: col ('jakosc', None, None, None, None, None, None)
2018.10.20 16:47:22-main.dbase-INFO: column bitrate
2018.10.20 16:47:22-main.dbase-INFO: file[0]: 10
2018.10.20 16:47:22-main.dbase-INFO: file: <sqlite3.Row object at 0x7f6e5610c1d0>
2018.10.20 16:47:22-main.dbase-INFO: value: 320
2018.10.20 16:47:22-main.dbase-INFO: idx 0
2018.10.20 16:47:22-main.dbase-INFO: col ('id', None, None, None, None, None, None)
2018.10.20 16:47:22-main.dbase-INFO: column id
2018.10.20 16:47:22-main.dbase-INFO: file[0]: 11
2018.10.20 16:47:22-main.dbase-INFO: file: <sqlite3.Row object at 0x7f6e5610c210>
2018.10.20 16:47:22-main.dbase-INFO: value: 11
2018.10.20 16:47:22-main.dbase-INFO: idx 1
2018.10.20 16:47:22-main.dbase-INFO: col ('sciezka', None, None, None, None, None, None)
2018.10.20 16:47:22-main.dbase-INFO: column path
2018.10.20 16:47:22-main.dbase-INFO: file[0]: 11
2018.10.20 16:47:22-main.dbase-INFO: file: <sqlite3.Row object at 0x7f6e5610c210>
2018.10.20 16:47:22-main.dbase-INFO: value: /home/kuba/Muzyka/Chic - (1977) Chic (kopia)/14-Chic - Dance, Dance, Dance (Yowsah,Yowsah,Yowsah)(PalJoeyMix).mp3
2018.10.20 16:47:22-main.dbase-INFO: idx 2
2018.10.20 16:47:22-main.dbase-INFO: col ('artysta', None, None, None, None, None, None)
2018.10.20 16:47:22-main.dbase-INFO: column artist
2018.10.20 16:47:22-main.dbase-INFO: file[0]: 11
2018.10.20 16:47:22-main.dbase-INFO: file: <sqlite3.Row object at 0x7f6e5610c210>
2018.10.20 16:47:22-main.dbase-INFO: value: Chic
2018.10.20 16:47:22-main.dbase-INFO: idx 3
2018.10.20 16:47:22-main.dbase-INFO: col ('tytul', None, None, None, None, None, None)
2018.10.20 16:47:22-main.dbase-INFO: column title
2018.10.20 16:47:22-main.dbase-INFO: file[0]: 11
2018.10.20 16:47:22-main.dbase-INFO: file: <sqlite3.Row object at 0x7f6e5610c210>
2018.10.20 16:47:22-main.dbase-INFO: value: Dance, Dance, Dance (Yowsah, Yowsah, Yowsah) (Pal Joey Mix)
2018.10.20 16:47:22-main.dbase-INFO: idx 4
2018.10.20 16:47:22-main.dbase-INFO: col ('katalog_id', None, None, None, None, None, None)
2018.10.20 16:47:22-main.dbase-INFO: column catalog_id
2018.10.20 16:47:22-main.dbase-INFO: file[0]: 11
2018.10.20 16:47:22-main.dbase-INFO: file: <sqlite3.Row object at 0x7f6e5610c210>
2018.10.20 16:47:22-main.dbase-INFO: value: 1
2018.10.20 16:47:22-main.dbase-INFO: idx 5
2018.10.20 16:47:22-main.dbase-INFO: col ('album', None, None, None, None, None, None)
2018.10.20 16:47:22-main.dbase-INFO: column album
2018.10.20 16:47:22-main.dbase-INFO: file[0]: 11
2018.10.20 16:47:22-main.dbase-INFO: file: <sqlite3.Row object at 0x7f6e5610c210>
2018.10.20 16:47:22-main.dbase-INFO: value: Chic
2018.10.20 16:47:22-main.dbase-INFO: idx 6
2018.10.20 16:47:22-main.dbase-INFO: col ('format', None, None, None, None, None, None)
2018.10.20 16:47:22-main.dbase-INFO: column ext
2018.10.20 16:47:22-main.dbase-INFO: file[0]: 11
2018.10.20 16:47:22-main.dbase-INFO: file: <sqlite3.Row object at 0x7f6e5610c210>
2018.10.20 16:47:22-main.dbase-INFO: value: mp3
2018.10.20 16:47:22-main.dbase-INFO: idx 7
2018.10.20 16:47:22-main.dbase-INFO: col ('dlugosc', None, None, None, None, None, None)
2018.10.20 16:47:22-main.dbase-INFO: column length
2018.10.20 16:47:22-main.dbase-INFO: file[0]: 11
2018.10.20 16:47:22-main.dbase-INFO: file: <sqlite3.Row object at 0x7f6e5610c210>
2018.10.20 16:47:22-main.dbase-INFO: value: 247
2018.10.20 16:47:22-main.dbase-INFO: idx 8
2018.10.20 16:47:22-main.dbase-INFO: col ('jakosc', None, None, None, None, None, None)
2018.10.20 16:47:22-main.dbase-INFO: column bitrate
2018.10.20 16:47:22-main.dbase-INFO: file[0]: 11
2018.10.20 16:47:22-main.dbase-INFO: file: <sqlite3.Row object at 0x7f6e5610c210>
2018.10.20 16:47:22-main.dbase-INFO: value: 320
2018.10.20 16:47:22-main.dbase-INFO: idx 0
2018.10.20 16:47:22-main.dbase-INFO: col ('id', None, None, None, None, None, None)
2018.10.20 16:47:22-main.dbase-INFO: column id
2018.10.20 16:47:22-main.dbase-INFO: file[0]: 12
2018.10.20 16:47:22-main.dbase-INFO: file: <sqlite3.Row object at 0x7f6e5610c270>
2018.10.20 16:47:22-main.dbase-INFO: value: 12
2018.10.20 16:47:22-main.dbase-INFO: idx 1
2018.10.20 16:47:22-main.dbase-INFO: col ('sciezka', None, None, None, None, None, None)
2018.10.20 16:47:22-main.dbase-INFO: column path
2018.10.20 16:47:22-main.dbase-INFO: file[0]: 12
2018.10.20 16:47:22-main.dbase-INFO: file: <sqlite3.Row object at 0x7f6e5610c270>
2018.10.20 16:47:22-main.dbase-INFO: value: /home/kuba/Muzyka/Chic - (1977) Chic (kopia)/07-Chic - Strike Up The Band.mp3
2018.10.20 16:47:22-main.dbase-INFO: idx 2
2018.10.20 16:47:22-main.dbase-INFO: col ('artysta', None, None, None, None, None, None)
2018.10.20 16:47:22-main.dbase-INFO: column artist
2018.10.20 16:47:22-main.dbase-INFO: file[0]: 12
2018.10.20 16:47:22-main.dbase-INFO: file: <sqlite3.Row object at 0x7f6e5610c270>
2018.10.20 16:47:22-main.dbase-INFO: value: Chic
2018.10.20 16:47:22-main.dbase-INFO: idx 3
2018.10.20 16:47:22-main.dbase-INFO: col ('tytul', None, None, None, None, None, None)
2018.10.20 16:47:22-main.dbase-INFO: column title
2018.10.20 16:47:22-main.dbase-INFO: file[0]: 12
2018.10.20 16:47:22-main.dbase-INFO: file: <sqlite3.Row object at 0x7f6e5610c270>
2018.10.20 16:47:22-main.dbase-INFO: value: Strike Up The Band
2018.10.20 16:47:22-main.dbase-INFO: idx 4
2018.10.20 16:47:22-main.dbase-INFO: col ('katalog_id', None, None, None, None, None, None)
2018.10.20 16:47:22-main.dbase-INFO: column catalog_id
2018.10.20 16:47:22-main.dbase-INFO: file[0]: 12
2018.10.20 16:47:22-main.dbase-INFO: file: <sqlite3.Row object at 0x7f6e5610c270>
2018.10.20 16:47:22-main.dbase-INFO: value: 1
2018.10.20 16:47:22-main.dbase-INFO: idx 5
2018.10.20 16:47:22-main.dbase-INFO: col ('album', None, None, None, None, None, None)
2018.10.20 16:47:22-main.dbase-INFO: column album
2018.10.20 16:47:22-main.dbase-INFO: file[0]: 12
2018.10.20 16:47:22-main.dbase-INFO: file: <sqlite3.Row object at 0x7f6e5610c270>
2018.10.20 16:47:22-main.dbase-INFO: value: Chic
2018.10.20 16:47:22-main.dbase-INFO: idx 6
2018.10.20 16:47:22-main.dbase-INFO: col ('format', None, None, None, None, None, None)
2018.10.20 16:47:22-main.dbase-INFO: column ext
2018.10.20 16:47:22-main.dbase-INFO: file[0]: 12
2018.10.20 16:47:22-main.dbase-INFO: file: <sqlite3.Row object at 0x7f6e5610c270>
2018.10.20 16:47:22-main.dbase-INFO: value: mp3
2018.10.20 16:47:22-main.dbase-INFO: idx 7
2018.10.20 16:47:22-main.dbase-INFO: col ('dlugosc', None, None, None, None, None, None)
2018.10.20 16:47:22-main.dbase-INFO: column length
2018.10.20 16:47:22-main.dbase-INFO: file[0]: 12
2018.10.20 16:47:22-main.dbase-INFO: file: <sqlite3.Row object at 0x7f6e5610c270>
2018.10.20 16:47:22-main.dbase-INFO: value: 272
2018.10.20 16:47:22-main.dbase-INFO: idx 8
2018.10.20 16:47:22-main.dbase-INFO: col ('jakosc', None, None, None, None, None, None)
2018.10.20 16:47:22-main.dbase-INFO: column bitrate
2018.10.20 16:47:22-main.dbase-INFO: file[0]: 12
2018.10.20 16:47:22-main.dbase-INFO: file: <sqlite3.Row object at 0x7f6e5610c270>
2018.10.20 16:47:22-main.dbase-INFO: value: 320
2018.10.20 16:47:22-main.dbase-INFO: idx 0
2018.10.20 16:47:22-main.dbase-INFO: col ('id', None, None, None, None, None, None)
2018.10.20 16:47:22-main.dbase-INFO: column id
2018.10.20 16:47:22-main.dbase-INFO: file[0]: 13
2018.10.20 16:47:22-main.dbase-INFO: file: <sqlite3.Row object at 0x7f6e5610c2b0>
2018.10.20 16:47:22-main.dbase-INFO: value: 13
2018.10.20 16:47:22-main.dbase-INFO: idx 1
2018.10.20 16:47:22-main.dbase-INFO: col ('sciezka', None, None, None, None, None, None)
2018.10.20 16:47:22-main.dbase-INFO: column path
2018.10.20 16:47:22-main.dbase-INFO: file[0]: 13
2018.10.20 16:47:22-main.dbase-INFO: file: <sqlite3.Row object at 0x7f6e5610c2b0>
2018.10.20 16:47:22-main.dbase-INFO: value: /home/kuba/Muzyka/Chic - (1977) Chic (kopia)/10-Chic - Everybody Dance (7'' Version).mp3
2018.10.20 16:47:22-main.dbase-INFO: idx 2
2018.10.20 16:47:22-main.dbase-INFO: col ('artysta', None, None, None, None, None, None)
2018.10.20 16:47:22-main.dbase-INFO: column artist
2018.10.20 16:47:22-main.dbase-INFO: file[0]: 13
2018.10.20 16:47:22-main.dbase-INFO: file: <sqlite3.Row object at 0x7f6e5610c2b0>
2018.10.20 16:47:22-main.dbase-INFO: value: Chic
2018.10.20 16:47:22-main.dbase-INFO: idx 3
2018.10.20 16:47:22-main.dbase-INFO: col ('tytul', None, None, None, None, None, None)
2018.10.20 16:47:22-main.dbase-INFO: column title
2018.10.20 16:47:22-main.dbase-INFO: file[0]: 13
2018.10.20 16:47:22-main.dbase-INFO: file: <sqlite3.Row object at 0x7f6e5610c2b0>
2018.10.20 16:47:22-main.dbase-INFO: value: Everybody Dance (7'' Version)
2018.10.20 16:47:22-main.dbase-INFO: idx 4
2018.10.20 16:47:22-main.dbase-INFO: col ('katalog_id', None, None, None, None, None, None)
2018.10.20 16:47:22-main.dbase-INFO: column catalog_id
2018.10.20 16:47:22-main.dbase-INFO: file[0]: 13
2018.10.20 16:47:22-main.dbase-INFO: file: <sqlite3.Row object at 0x7f6e5610c2b0>
2018.10.20 16:47:22-main.dbase-INFO: value: 1
2018.10.20 16:47:22-main.dbase-INFO: idx 5
2018.10.20 16:47:22-main.dbase-INFO: col ('album', None, None, None, None, None, None)
2018.10.20 16:47:22-main.dbase-INFO: column album
2018.10.20 16:47:22-main.dbase-INFO: file[0]: 13
2018.10.20 16:47:22-main.dbase-INFO: file: <sqlite3.Row object at 0x7f6e5610c2b0>
2018.10.20 16:47:22-main.dbase-INFO: value: Chic
2018.10.20 16:47:22-main.dbase-INFO: idx 6
2018.10.20 16:47:22-main.dbase-INFO: col ('format', None, None, None, None, None, None)
2018.10.20 16:47:22-main.dbase-INFO: column ext
2018.10.20 16:47:22-main.dbase-INFO: file[0]: 13
2018.10.20 16:47:22-main.dbase-INFO: file: <sqlite3.Row object at 0x7f6e5610c2b0>
2018.10.20 16:47:22-main.dbase-INFO: value: mp3
2018.10.20 16:47:22-main.dbase-INFO: idx 7
2018.10.20 16:47:22-main.dbase-INFO: col ('dlugosc', None, None, None, None, None, None)
2018.10.20 16:47:22-main.dbase-INFO: column length
2018.10.20 16:47:22-main.dbase-INFO: file[0]: 13
2018.10.20 16:47:22-main.dbase-INFO: file: <sqlite3.Row object at 0x7f6e5610c2b0>
2018.10.20 16:47:22-main.dbase-INFO: value: 206
2018.10.20 16:47:22-main.dbase-INFO: idx 8
2018.10.20 16:47:22-main.dbase-INFO: col ('jakosc', None, None, None, None, None, None)
2018.10.20 16:47:22-main.dbase-INFO: column bitrate
2018.10.20 16:47:22-main.dbase-INFO: file[0]: 13
2018.10.20 16:47:22-main.dbase-INFO: file: <sqlite3.Row object at 0x7f6e5610c2b0>
2018.10.20 16:47:22-main.dbase-INFO: value: 320
2018.10.20 16:47:22-main.dbase-INFO: idx 0
2018.10.20 16:47:22-main.dbase-INFO: col ('id', None, None, None, None, None, None)
2018.10.20 16:47:22-main.dbase-INFO: column id
2018.10.20 16:47:22-main.dbase-INFO: file[0]: 14
2018.10.20 16:47:22-main.dbase-INFO: file: <sqlite3.Row object at 0x7f6e5610c2f0>
2018.10.20 16:47:22-main.dbase-INFO: value: 14
2018.10.20 16:47:22-main.dbase-INFO: idx 1
2018.10.20 16:47:22-main.dbase-INFO: col ('sciezka', None, None, None, None, None, None)
2018.10.20 16:47:22-main.dbase-INFO: column path
2018.10.20 16:47:22-main.dbase-INFO: file[0]: 14
2018.10.20 16:47:22-main.dbase-INFO: file: <sqlite3.Row object at 0x7f6e5610c2f0>
2018.10.20 16:47:22-main.dbase-INFO: value: /home/kuba/Muzyka/Chic - (1977) Chic (kopia)/17-Chic - Strike Up The Band (Hifana Copa Mix).mp3
2018.10.20 16:47:22-main.dbase-INFO: idx 2
2018.10.20 16:47:22-main.dbase-INFO: col ('artysta', None, None, None, None, None, None)
2018.10.20 16:47:22-main.dbase-INFO: column artist
2018.10.20 16:47:22-main.dbase-INFO: file[0]: 14
2018.10.20 16:47:22-main.dbase-INFO: file: <sqlite3.Row object at 0x7f6e5610c2f0>
2018.10.20 16:47:22-main.dbase-INFO: value: Chic
2018.10.20 16:47:22-main.dbase-INFO: idx 3
2018.10.20 16:47:22-main.dbase-INFO: col ('tytul', None, None, None, None, None, None)
2018.10.20 16:47:22-main.dbase-INFO: column title
2018.10.20 16:47:22-main.dbase-INFO: file[0]: 14
2018.10.20 16:47:22-main.dbase-INFO: file: <sqlite3.Row object at 0x7f6e5610c2f0>
2018.10.20 16:47:22-main.dbase-INFO: value: Strike Up The Band (Hifana Copa Mix)
2018.10.20 16:47:22-main.dbase-INFO: idx 4
2018.10.20 16:47:22-main.dbase-INFO: col ('katalog_id', None, None, None, None, None, None)
2018.10.20 16:47:22-main.dbase-INFO: column catalog_id
2018.10.20 16:47:22-main.dbase-INFO: file[0]: 14
2018.10.20 16:47:22-main.dbase-INFO: file: <sqlite3.Row object at 0x7f6e5610c2f0>
2018.10.20 16:47:22-main.dbase-INFO: value: 1
2018.10.20 16:47:22-main.dbase-INFO: idx 5
2018.10.20 16:47:22-main.dbase-INFO: col ('album', None, None, None, None, None, None)
2018.10.20 16:47:22-main.dbase-INFO: column album
2018.10.20 16:47:22-main.dbase-INFO: file[0]: 14
2018.10.20 16:47:22-main.dbase-INFO: file: <sqlite3.Row object at 0x7f6e5610c2f0>
2018.10.20 16:47:22-main.dbase-INFO: value: Chic
2018.10.20 16:47:22-main.dbase-INFO: idx 6
2018.10.20 16:47:22-main.dbase-INFO: col ('format', None, None, None, None, None, None)
2018.10.20 16:47:22-main.dbase-INFO: column ext
2018.10.20 16:47:22-main.dbase-INFO: file[0]: 14
2018.10.20 16:47:22-main.dbase-INFO: file: <sqlite3.Row object at 0x7f6e5610c2f0>
2018.10.20 16:47:22-main.dbase-INFO: value: mp3
2018.10.20 16:47:22-main.dbase-INFO: idx 7
2018.10.20 16:47:22-main.dbase-INFO: col ('dlugosc', None, None, None, None, None, None)
2018.10.20 16:47:22-main.dbase-INFO: column length
2018.10.20 16:47:22-main.dbase-INFO: file[0]: 14
2018.10.20 16:47:22-main.dbase-INFO: file: <sqlite3.Row object at 0x7f6e5610c2f0>
2018.10.20 16:47:22-main.dbase-INFO: value: 229
2018.10.20 16:47:22-main.dbase-INFO: idx 8
2018.10.20 16:47:22-main.dbase-INFO: col ('jakosc', None, None, None, None, None, None)
2018.10.20 16:47:22-main.dbase-INFO: column bitrate
2018.10.20 16:47:22-main.dbase-INFO: file[0]: 14
2018.10.20 16:47:22-main.dbase-INFO: file: <sqlite3.Row object at 0x7f6e5610c2f0>
2018.10.20 16:47:22-main.dbase-INFO: value: 320
2018.10.20 16:47:22-main.dbase-INFO: idx 0
2018.10.20 16:47:22-main.dbase-INFO: col ('id', None, None, None, None, None, None)
2018.10.20 16:47:22-main.dbase-INFO: column id
2018.10.20 16:47:22-main.dbase-INFO: file[0]: 15
2018.10.20 16:47:22-main.dbase-INFO: file: <sqlite3.Row object at 0x7f6e5610c350>
2018.10.20 16:47:22-main.dbase-INFO: value: 15
2018.10.20 16:47:22-main.dbase-INFO: idx 1
2018.10.20 16:47:22-main.dbase-INFO: col ('sciezka', None, None, None, None, None, None)
2018.10.20 16:47:22-main.dbase-INFO: column path
2018.10.20 16:47:22-main.dbase-INFO: file[0]: 15
2018.10.20 16:47:22-main.dbase-INFO: file: <sqlite3.Row object at 0x7f6e5610c350>
2018.10.20 16:47:22-main.dbase-INFO: value: /home/kuba/Muzyka/Chic - (1977) Chic (kopia)/06-Chic - Falling In Love With You.mp3
2018.10.20 16:47:22-main.dbase-INFO: idx 2
2018.10.20 16:47:22-main.dbase-INFO: col ('artysta', None, None, None, None, None, None)
2018.10.20 16:47:22-main.dbase-INFO: column artist
2018.10.20 16:47:22-main.dbase-INFO: file[0]: 15
2018.10.20 16:47:22-main.dbase-INFO: file: <sqlite3.Row object at 0x7f6e5610c350>
2018.10.20 16:47:22-main.dbase-INFO: value: Chic
2018.10.20 16:47:22-main.dbase-INFO: idx 3
2018.10.20 16:47:22-main.dbase-INFO: col ('tytul', None, None, None, None, None, None)
2018.10.20 16:47:22-main.dbase-INFO: column title
2018.10.20 16:47:22-main.dbase-INFO: file[0]: 15
2018.10.20 16:47:22-main.dbase-INFO: file: <sqlite3.Row object at 0x7f6e5610c350>
2018.10.20 16:47:22-main.dbase-INFO: value: Falling In Love With You
2018.10.20 16:47:22-main.dbase-INFO: idx 4
2018.10.20 16:47:22-main.dbase-INFO: col ('katalog_id', None, None, None, None, None, None)
2018.10.20 16:47:22-main.dbase-INFO: column catalog_id
2018.10.20 16:47:22-main.dbase-INFO: file[0]: 15
2018.10.20 16:47:22-main.dbase-INFO: file: <sqlite3.Row object at 0x7f6e5610c350>
2018.10.20 16:47:22-main.dbase-INFO: value: 1
2018.10.20 16:47:22-main.dbase-INFO: idx 5
2018.10.20 16:47:22-main.dbase-INFO: col ('album', None, None, None, None, None, None)
2018.10.20 16:47:22-main.dbase-INFO: column album
2018.10.20 16:47:22-main.dbase-INFO: file[0]: 15
2018.10.20 16:47:22-main.dbase-INFO: file: <sqlite3.Row object at 0x7f6e5610c350>
2018.10.20 16:47:22-main.dbase-INFO: value: Chic
2018.10.20 16:47:22-main.dbase-INFO: idx 6
2018.10.20 16:47:22-main.dbase-INFO: col ('format', None, None, None, None, None, None)
2018.10.20 16:47:22-main.dbase-INFO: column ext
2018.10.20 16:47:22-main.dbase-INFO: file[0]: 15
2018.10.20 16:47:22-main.dbase-INFO: file: <sqlite3.Row object at 0x7f6e5610c350>
2018.10.20 16:47:22-main.dbase-INFO: value: mp3
2018.10.20 16:47:22-main.dbase-INFO: idx 7
2018.10.20 16:47:22-main.dbase-INFO: col ('dlugosc', None, None, None, None, None, None)
2018.10.20 16:47:22-main.dbase-INFO: column length
2018.10.20 16:47:22-main.dbase-INFO: file[0]: 15
2018.10.20 16:47:22-main.dbase-INFO: file: <sqlite3.Row object at 0x7f6e5610c350>
2018.10.20 16:47:22-main.dbase-INFO: value: 269
2018.10.20 16:47:22-main.dbase-INFO: idx 8
2018.10.20 16:47:22-main.dbase-INFO: col ('jakosc', None, None, None, None, None, None)
2018.10.20 16:47:22-main.dbase-INFO: column bitrate
2018.10.20 16:47:22-main.dbase-INFO: file[0]: 15
2018.10.20 16:47:22-main.dbase-INFO: file: <sqlite3.Row object at 0x7f6e5610c350>
2018.10.20 16:47:22-main.dbase-INFO: value: 320
2018.10.20 16:47:22-main.dbase-INFO: idx 0
2018.10.20 16:47:22-main.dbase-INFO: col ('id', None, None, None, None, None, None)
2018.10.20 16:47:22-main.dbase-INFO: column id
2018.10.20 16:47:22-main.dbase-INFO: file[0]: 16
2018.10.20 16:47:22-main.dbase-INFO: file: <sqlite3.Row object at 0x7f6e5610c3b0>
2018.10.20 16:47:22-main.dbase-INFO: value: 16
2018.10.20 16:47:22-main.dbase-INFO: idx 1
2018.10.20 16:47:22-main.dbase-INFO: col ('sciezka', None, None, None, None, None, None)
2018.10.20 16:47:22-main.dbase-INFO: column path
2018.10.20 16:47:22-main.dbase-INFO: file[0]: 16
2018.10.20 16:47:22-main.dbase-INFO: file: <sqlite3.Row object at 0x7f6e5610c3b0>
2018.10.20 16:47:22-main.dbase-INFO: value: /home/kuba/Muzyka/Chic - (1977) Chic (kopia)/16-Chic - Everybody Dance (Motiva Rpl Mix).mp3
2018.10.20 16:47:22-main.dbase-INFO: idx 2
2018.10.20 16:47:22-main.dbase-INFO: col ('artysta', None, None, None, None, None, None)
2018.10.20 16:47:22-main.dbase-INFO: column artist
2018.10.20 16:47:22-main.dbase-INFO: file[0]: 16
2018.10.20 16:47:22-main.dbase-INFO: file: <sqlite3.Row object at 0x7f6e5610c3b0>
2018.10.20 16:47:22-main.dbase-INFO: value: Chic
2018.10.20 16:47:22-main.dbase-INFO: idx 3
2018.10.20 16:47:22-main.dbase-INFO: col ('tytul', None, None, None, None, None, None)
2018.10.20 16:47:22-main.dbase-INFO: column title
2018.10.20 16:47:22-main.dbase-INFO: file[0]: 16
2018.10.20 16:47:22-main.dbase-INFO: file: <sqlite3.Row object at 0x7f6e5610c3b0>
2018.10.20 16:47:22-main.dbase-INFO: value: Everybody Dance (Motiva Rpl Mix)
2018.10.20 16:47:22-main.dbase-INFO: idx 4
2018.10.20 16:47:22-main.dbase-INFO: col ('katalog_id', None, None, None, None, None, None)
2018.10.20 16:47:22-main.dbase-INFO: column catalog_id
2018.10.20 16:47:22-main.dbase-INFO: file[0]: 16
2018.10.20 16:47:22-main.dbase-INFO: file: <sqlite3.Row object at 0x7f6e5610c3b0>
2018.10.20 16:47:22-main.dbase-INFO: value: 1
2018.10.20 16:47:22-main.dbase-INFO: idx 5
2018.10.20 16:47:22-main.dbase-INFO: col ('album', None, None, None, None, None, None)
2018.10.20 16:47:22-main.dbase-INFO: column album
2018.10.20 16:47:22-main.dbase-INFO: file[0]: 16
2018.10.20 16:47:22-main.dbase-INFO: file: <sqlite3.Row object at 0x7f6e5610c3b0>
2018.10.20 16:47:22-main.dbase-INFO: value: Chic
2018.10.20 16:47:22-main.dbase-INFO: idx 6
2018.10.20 16:47:22-main.dbase-INFO: col ('format', None, None, None, None, None, None)
2018.10.20 16:47:22-main.dbase-INFO: column ext
2018.10.20 16:47:22-main.dbase-INFO: file[0]: 16
2018.10.20 16:47:22-main.dbase-INFO: file: <sqlite3.Row object at 0x7f6e5610c3b0>
2018.10.20 16:47:22-main.dbase-INFO: value: mp3
2018.10.20 16:47:22-main.dbase-INFO: idx 7
2018.10.20 16:47:22-main.dbase-INFO: col ('dlugosc', None, None, None, None, None, None)
2018.10.20 16:47:22-main.dbase-INFO: column length
2018.10.20 16:47:22-main.dbase-INFO: file[0]: 16
2018.10.20 16:47:22-main.dbase-INFO: file: <sqlite3.Row object at 0x7f6e5610c3b0>
2018.10.20 16:47:22-main.dbase-INFO: value: 362
2018.10.20 16:47:22-main.dbase-INFO: idx 8
2018.10.20 16:47:22-main.dbase-INFO: col ('jakosc', None, None, None, None, None, None)
2018.10.20 16:47:22-main.dbase-INFO: column bitrate
2018.10.20 16:47:22-main.dbase-INFO: file[0]: 16
2018.10.20 16:47:22-main.dbase-INFO: file: <sqlite3.Row object at 0x7f6e5610c3b0>
2018.10.20 16:47:22-main.dbase-INFO: value: 320
2018.10.20 16:47:22-main.dbase-INFO: idx 0
2018.10.20 16:47:22-main.dbase-INFO: col ('id', None, None, None, None, None, None)
2018.10.20 16:47:22-main.dbase-INFO: column id
2018.10.20 16:47:22-main.dbase-INFO: file[0]: 17
2018.10.20 16:47:22-main.dbase-INFO: file: <sqlite3.Row object at 0x7f6e5610c3f0>
2018.10.20 16:47:22-main.dbase-INFO: value: 17
2018.10.20 16:47:22-main.dbase-INFO: idx 1
2018.10.20 16:47:22-main.dbase-INFO: col ('sciezka', None, None, None, None, None, None)
2018.10.20 16:47:22-main.dbase-INFO: column path
2018.10.20 16:47:22-main.dbase-INFO: file[0]: 17
2018.10.20 16:47:22-main.dbase-INFO: file: <sqlite3.Row object at 0x7f6e5610c3f0>
2018.10.20 16:47:22-main.dbase-INFO: value: /home/kuba/Muzyka/Chic - (1977) Chic (kopia)/08-Chic - Dance, Dance, Dance (Yowsah,Yowsah,Yowsah)(7''Version).mp3
2018.10.20 16:47:22-main.dbase-INFO: idx 2
2018.10.20 16:47:22-main.dbase-INFO: col ('artysta', None, None, None, None, None, None)
2018.10.20 16:47:22-main.dbase-INFO: column artist
2018.10.20 16:47:22-main.dbase-INFO: file[0]: 17
2018.10.20 16:47:22-main.dbase-INFO: file: <sqlite3.Row object at 0x7f6e5610c3f0>
2018.10.20 16:47:22-main.dbase-INFO: value: Chic
2018.10.20 16:47:22-main.dbase-INFO: idx 3
2018.10.20 16:47:22-main.dbase-INFO: col ('tytul', None, None, None, None, None, None)
2018.10.20 16:47:22-main.dbase-INFO: column title
2018.10.20 16:47:22-main.dbase-INFO: file[0]: 17
2018.10.20 16:47:22-main.dbase-INFO: file: <sqlite3.Row object at 0x7f6e5610c3f0>
2018.10.20 16:47:22-main.dbase-INFO: value: Dance, Dance, Dance (Yowsah, Yowsah, Yowsah) (7'' Version)
2018.10.20 16:47:22-main.dbase-INFO: idx 4
2018.10.20 16:47:22-main.dbase-INFO: col ('katalog_id', None, None, None, None, None, None)
2018.10.20 16:47:22-main.dbase-INFO: column catalog_id
2018.10.20 16:47:22-main.dbase-INFO: file[0]: 17
2018.10.20 16:47:22-main.dbase-INFO: file: <sqlite3.Row object at 0x7f6e5610c3f0>
2018.10.20 16:47:22-main.dbase-INFO: value: 1
2018.10.20 16:47:22-main.dbase-INFO: idx 5
2018.10.20 16:47:22-main.dbase-INFO: col ('album', None, None, None, None, None, None)
2018.10.20 16:47:22-main.dbase-INFO: column album
2018.10.20 16:47:22-main.dbase-INFO: file[0]: 17
2018.10.20 16:47:22-main.dbase-INFO: file: <sqlite3.Row object at 0x7f6e5610c3f0>
2018.10.20 16:47:22-main.dbase-INFO: value: Chic
2018.10.20 16:47:22-main.dbase-INFO: idx 6
2018.10.20 16:47:22-main.dbase-INFO: col ('format', None, None, None, None, None, None)
2018.10.20 16:47:22-main.dbase-INFO: column ext
2018.10.20 16:47:22-main.dbase-INFO: file[0]: 17
2018.10.20 16:47:22-main.dbase-INFO: file: <sqlite3.Row object at 0x7f6e5610c3f0>
2018.10.20 16:47:22-main.dbase-INFO: value: mp3
2018.10.20 16:47:22-main.dbase-INFO: idx 7
2018.10.20 16:47:22-main.dbase-INFO: col ('dlugosc', None, None, None, None, None, None)
2018.10.20 16:47:22-main.dbase-INFO: column length
2018.10.20 16:47:22-main.dbase-INFO: file[0]: 17
2018.10.20 16:47:22-main.dbase-INFO: file: <sqlite3.Row object at 0x7f6e5610c3f0>
2018.10.20 16:47:22-main.dbase-INFO: value: 218
2018.10.20 16:47:22-main.dbase-INFO: idx 8
2018.10.20 16:47:22-main.dbase-INFO: col ('jakosc', None, None, None, None, None, None)
2018.10.20 16:47:22-main.dbase-INFO: column bitrate
2018.10.20 16:47:22-main.dbase-INFO: file[0]: 17
2018.10.20 16:47:22-main.dbase-INFO: file: <sqlite3.Row object at 0x7f6e5610c3f0>
2018.10.20 16:47:22-main.dbase-INFO: value: 320
2018.10.20 16:47:22-main.dbase-INFO: Generated list : [{'id': 1, 'path': "/home/kuba/Muzyka/Chic - (1977) Chic (kopia)/09-Chic - S達o Paulo (7'' Version).mp3", 'artist': 'Chic', 'title': "S達o Paulo (7'' Version)", 'catalog_id': 1, 'album': 'Chic', 'ext': 'mp3', 'length': 195, 'bitrate': 320}, {'id': 2, 'path': '/home/kuba/Muzyka/Chic - (1977) Chic (kopia)/03-Chic - You Can Get By.mp3', 'artist': 'Chic', 'title': 'You Can Get By', 'catalog_id': 1, 'album': 'Chic', 'ext': 'mp3', 'length': 336, 'bitrate': 320}, {'id': 3, 'path': '/home/kuba/Muzyka/Chic - (1977) Chic (kopia)/02-Chic - S達o Paulo.mp3', 'artist': 'Chic', 'title': 'S達o Paulo', 'catalog_id': 1, 'album': 'Chic', 'ext': 'mp3', 'length': 301, 'bitrate': 320}, {'id': 4, 'path': "/home/kuba/Muzyka/Chic - (1977) Chic (kopia)/11-Chic - Everybody Dance (Alternate 7'' Version).mp3", 'artist': 'Chic', 'title': "Everybody Dance (Alternate 7'' Version)", 'catalog_id': 1, 'album': 'Chic', 'ext': 'mp3', 'length': 248, 'bitrate': 320}, {'id': 5, 'path': "/home/kuba/Muzyka/Chic - (1977) Chic (kopia)/05-Chic - Est-Ce Que C'est Chic.mp3", 'artist': 'Chic', 'title': "Est-Ce Que C'est Chic", 'catalog_id': 1, 'album': 'Chic', 'ext': 'mp3', 'length': 233, 'bitrate': 320}, {'id': 6, 'path': '/home/kuba/Muzyka/Chic - (1977) Chic (kopia)/15-Chic - Everybody Dance (Glenn Friscia Hardhouse Mix).mp3', 'artist': 'Chic', 'title': 'Everybody Dance (Glenn Friscia Hardhouse Mix)', 'catalog_id': 1, 'album': 'Chic', 'ext': 'mp3', 'length': 338, 'bitrate': 320}, {'id': 7, 'path': "/home/kuba/Muzyka/Chic - (1977) Chic (kopia)/13-Chic - You Can Get By (7'' Version).mp3", 'artist': 'Chic', 'title': "You Can Get By (7'' Version)", 'catalog_id': 1, 'album': 'Chic', 'ext': 'mp3', 'length': 242, 'bitrate': 320}, {'id': 8, 'path': "/home/kuba/Muzyka/Chic - (1977) Chic (kopia)/12-Chic - Everybody Dance (12'' Version).mp3", 'artist': 'Chic', 'title': "Everybody Dance (12'' Version)", 'catalog_id': 1, 'album': 'Chic', 'ext': 'mp3', 'length': 507, 'bitrate': 320}, {'id': 9, 'path': "/home/kuba/Muzyka/Chic - (1977) Chic (kopia)/01-Chic-Dance,Dance,Dance(Yowsah,Yowsah,Yowsah)(Album&12''Versio.mp3", 'artist': 'Chic', 'title': "Dance, Dance, Dance (Yowsah, Yowsah, Yowsah) (Album & 12'' Version)", 'catalog_id': 1, 'album': 'Chic', 'ext': 'mp3', 'length': 502, 'bitrate': 320}, {'id': 10, 'path': '/home/kuba/Muzyka/Chic - (1977) Chic (kopia)/04-Chic - Everybody Dance.mp3', 'artist': 'Chic', 'title': 'Everybody Dance', 'catalog_id': 1, 'album': 'Chic', 'ext': 'mp3', 'length': 401, 'bitrate': 320}, {'id': 11, 'path': '/home/kuba/Muzyka/Chic - (1977) Chic (kopia)/14-Chic - Dance, Dance, Dance (Yowsah,Yowsah,Yowsah)(PalJoeyMix).mp3', 'artist': 'Chic', 'title': 'Dance, Dance, Dance (Yowsah, Yowsah, Yowsah) (Pal Joey Mix)', 'catalog_id': 1, 'album': 'Chic', 'ext': 'mp3', 'length': 247, 'bitrate': 320}, {'id': 12, 'path': '/home/kuba/Muzyka/Chic - (1977) Chic (kopia)/07-Chic - Strike Up The Band.mp3', 'artist': 'Chic', 'title': 'Strike Up The Band', 'catalog_id': 1, 'album': 'Chic', 'ext': 'mp3', 'length': 272, 'bitrate': 320}, {'id': 13, 'path': "/home/kuba/Muzyka/Chic - (1977) Chic (kopia)/10-Chic - Everybody Dance (7'' Version).mp3", 'artist': 'Chic', 'title': "Everybody Dance (7'' Version)", 'catalog_id': 1, 'album': 'Chic', 'ext': 'mp3', 'length': 206, 'bitrate': 320}, {'id': 14, 'path': '/home/kuba/Muzyka/Chic - (1977) Chic (kopia)/17-Chic - Strike Up The Band (Hifana Copa Mix).mp3', 'artist': 'Chic', 'title': 'Strike Up The Band (Hifana Copa Mix)', 'catalog_id': 1, 'album': 'Chic', 'ext': 'mp3', 'length': 229, 'bitrate': 320}, {'id': 15, 'path': '/home/kuba/Muzyka/Chic - (1977) Chic (kopia)/06-Chic - Falling In Love With You.mp3', 'artist': 'Chic', 'title': 'Falling In Love With You', 'catalog_id': 1, 'album': 'Chic', 'ext': 'mp3', 'length': 269, 'bitrate': 320}, {'id': 16, 'path': '/home/kuba/Muzyka/Chic - (1977) Chic (kopia)/16-Chic - Everybody Dance (Motiva Rpl Mix).mp3', 'artist': 'Chic', 'title': 'Everybody Dance (Motiva Rpl Mix)', 'catalog_id': 1, 'album': 'Chic', 'ext': 'mp3', 'length': 362, 'bitrate': 320}, {'id': 17, 'path': "/home/kuba/Muzyka/Chic - (1977) Chic (kopia)/08-Chic - Dance, Dance, Dance (Yowsah,Yowsah,Yowsah)(7''Version).mp3", 'artist': 'Chic', 'title': "Dance, Dance, Dance (Yowsah, Yowsah, Yowsah) (7'' Version)", 'catalog_id': 1, 'album': 'Chic', 'ext': 'mp3', 'length': 218, 'bitrate': 320}]


2018.10.20 16:47:22-main.dgs_con-INFO: Query Discogs Func started
2018.10.20 16:47:22-main.dgs_con-INFO: Working on /home/kuba/Muzyka/Chic - (1977) Chic (kopia)
2018.10.20 16:47:22-main.dgs_con-INFO: Find a release Func started
2018.10.20 16:47:22-main.dgs_con-INFO: Release: Album
2018.10.20 16:47:22-main.dgs_con-INFO: Connecting Discogs	Query: Chic
2018.10.20 16:47:24-main.dgs_con-INFO: Comparing Chic - Chic to Chic - Chic
2018.10.20 16:47:24-main.dgs_con-INFO: Found ID : 162452 by a Album method

2018.10.20 16:47:24-main.dgs_con-DEBUG: values on output: Album, 162452

2018.10.20 16:47:26-main.dgs_con-INFO: Find a release Func started

2018.10.20 16:47:26-main.dgs_con-INFO: Finshed querying Discogs, results are: 53188, Album, 162452, Album


2018.10.20 16:47:28-main.dbase-INFO: Save to DB started
2018.10.20 16:47:28-main.dbase-INFO: Catalog data inserted successfully
2018.10.20 16:47:28-main.dbase-DEBUG: Tries to insert : {'id': 1, 'path': "/home/kuba/Muzyka/Chic - (1977) Chic (kopia)/09-Chic - S達o Paulo (7'' Version).mp3", 'artist': 'Chic', 'title': "S達o Paulo (7'' Version)", 'catalog_id': 1, 'album': 'Chic', 'ext': 'mp3', 'length': 195, 'bitrate': 320}
2018.10.20 16:47:28-main.dbase-DEBUG: Tries to insert : {'id': 2, 'path': '/home/kuba/Muzyka/Chic - (1977) Chic (kopia)/03-Chic - You Can Get By.mp3', 'artist': 'Chic', 'title': 'You Can Get By', 'catalog_id': 1, 'album': 'Chic', 'ext': 'mp3', 'length': 336, 'bitrate': 320}
2018.10.20 16:47:28-main.dbase-DEBUG: Tries to insert : {'id': 3, 'path': '/home/kuba/Muzyka/Chic - (1977) Chic (kopia)/02-Chic - S達o Paulo.mp3', 'artist': 'Chic', 'title': 'S達o Paulo', 'catalog_id': 1, 'album': 'Chic', 'ext': 'mp3', 'length': 301, 'bitrate': 320}
2018.10.20 16:47:28-main.dbase-DEBUG: Tries to insert : {'id': 4, 'path': "/home/kuba/Muzyka/Chic - (1977) Chic (kopia)/11-Chic - Everybody Dance (Alternate 7'' Version).mp3", 'artist': 'Chic', 'title': "Everybody Dance (Alternate 7'' Version)", 'catalog_id': 1, 'album': 'Chic', 'ext': 'mp3', 'length': 248, 'bitrate': 320}
2018.10.20 16:47:28-main.dbase-DEBUG: Tries to insert : {'id': 5, 'path': "/home/kuba/Muzyka/Chic - (1977) Chic (kopia)/05-Chic - Est-Ce Que C'est Chic.mp3", 'artist': 'Chic', 'title': "Est-Ce Que C'est Chic", 'catalog_id': 1, 'album': 'Chic', 'ext': 'mp3', 'length': 233, 'bitrate': 320}
2018.10.20 16:47:28-main.dbase-DEBUG: Tries to insert : {'id': 6, 'path': '/home/kuba/Muzyka/Chic - (1977) Chic (kopia)/15-Chic - Everybody Dance (Glenn Friscia Hardhouse Mix).mp3', 'artist': 'Chic', 'title': 'Everybody Dance (Glenn Friscia Hardhouse Mix)', 'catalog_id': 1, 'album': 'Chic', 'ext': 'mp3', 'length': 338, 'bitrate': 320}
2018.10.20 16:47:28-main.dbase-DEBUG: Tries to insert : {'id': 7, 'path': "/home/kuba/Muzyka/Chic - (1977) Chic (kopia)/13-Chic - You Can Get By (7'' Version).mp3", 'artist': 'Chic', 'title': "You Can Get By (7'' Version)", 'catalog_id': 1, 'album': 'Chic', 'ext': 'mp3', 'length': 242, 'bitrate': 320}
2018.10.20 16:47:28-main.dbase-DEBUG: Tries to insert : {'id': 8, 'path': "/home/kuba/Muzyka/Chic - (1977) Chic (kopia)/12-Chic - Everybody Dance (12'' Version).mp3", 'artist': 'Chic', 'title': "Everybody Dance (12'' Version)", 'catalog_id': 1, 'album': 'Chic', 'ext': 'mp3', 'length': 507, 'bitrate': 320}
2018.10.20 16:47:28-main.dbase-DEBUG: Tries to insert : {'id': 9, 'path': "/home/kuba/Muzyka/Chic - (1977) Chic (kopia)/01-Chic-Dance,Dance,Dance(Yowsah,Yowsah,Yowsah)(Album&12''Versio.mp3", 'artist': 'Chic', 'title': "Dance, Dance, Dance (Yowsah, Yowsah, Yowsah) (Album & 12'' Version)", 'catalog_id': 1, 'album': 'Chic', 'ext': 'mp3', 'length': 502, 'bitrate': 320}
2018.10.20 16:47:28-main.dbase-DEBUG: Tries to insert : {'id': 10, 'path': '/home/kuba/Muzyka/Chic - (1977) Chic (kopia)/04-Chic - Everybody Dance.mp3', 'artist': 'Chic', 'title': 'Everybody Dance', 'catalog_id': 1, 'album': 'Chic', 'ext': 'mp3', 'length': 401, 'bitrate': 320}
2018.10.20 16:47:28-main.dbase-DEBUG: Tries to insert : {'id': 11, 'path': '/home/kuba/Muzyka/Chic - (1977) Chic (kopia)/14-Chic - Dance, Dance, Dance (Yowsah,Yowsah,Yowsah)(PalJoeyMix).mp3', 'artist': 'Chic', 'title': 'Dance, Dance, Dance (Yowsah, Yowsah, Yowsah) (Pal Joey Mix)', 'catalog_id': 1, 'album': 'Chic', 'ext': 'mp3', 'length': 247, 'bitrate': 320}
2018.10.20 16:47:28-main.dbase-DEBUG: Tries to insert : {'id': 12, 'path': '/home/kuba/Muzyka/Chic - (1977) Chic (kopia)/07-Chic - Strike Up The Band.mp3', 'artist': 'Chic', 'title': 'Strike Up The Band', 'catalog_id': 1, 'album': 'Chic', 'ext': 'mp3', 'length': 272, 'bitrate': 320}
2018.10.20 16:47:28-main.dbase-DEBUG: Tries to insert : {'id': 13, 'path': "/home/kuba/Muzyka/Chic - (1977) Chic (kopia)/10-Chic - Everybody Dance (7'' Version).mp3", 'artist': 'Chic', 'title': "Everybody Dance (7'' Version)", 'catalog_id': 1, 'album': 'Chic', 'ext': 'mp3', 'length': 206, 'bitrate': 320}
2018.10.20 16:47:28-main.dbase-DEBUG: Tries to insert : {'id': 14, 'path': '/home/kuba/Muzyka/Chic - (1977) Chic (kopia)/17-Chic - Strike Up The Band (Hifana Copa Mix).mp3', 'artist': 'Chic', 'title': 'Strike Up The Band (Hifana Copa Mix)', 'catalog_id': 1, 'album': 'Chic', 'ext': 'mp3', 'length': 229, 'bitrate': 320}
2018.10.20 16:47:28-main.dbase-DEBUG: Tries to insert : {'id': 15, 'path': '/home/kuba/Muzyka/Chic - (1977) Chic (kopia)/06-Chic - Falling In Love With You.mp3', 'artist': 'Chic', 'title': 'Falling In Love With You', 'catalog_id': 1, 'album': 'Chic', 'ext': 'mp3', 'length': 269, 'bitrate': 320}
2018.10.20 16:47:28-main.dbase-DEBUG: Tries to insert : {'id': 16, 'path': '/home/kuba/Muzyka/Chic - (1977) Chic (kopia)/16-Chic - Everybody Dance (Motiva Rpl Mix).mp3', 'artist': 'Chic', 'title': 'Everybody Dance (Motiva Rpl Mix)', 'catalog_id': 1, 'album': 'Chic', 'ext': 'mp3', 'length': 362, 'bitrate': 320}
2018.10.20 16:47:28-main.dbase-DEBUG: Tries to insert : {'id': 17, 'path': "/home/kuba/Muzyka/Chic - (1977) Chic (kopia)/08-Chic - Dance, Dance, Dance (Yowsah,Yowsah,Yowsah)(7''Version).mp3", 'artist': 'Chic', 'title': "Dance, Dance, Dance (Yowsah, Yowsah, Yowsah) (7'' Version)", 'catalog_id': 1, 'album': 'Chic', 'ext': 'mp3', 'length': 218, 'bitrate': 320}
2018.10.20 16:47:28-main.dbase-INFO: Catalog data inserted successfully
2018.10.20 16:47:28-main.dbase-INFO: Data Commited

2018.10.20 16:47:28-main.dbase-INFO: get a dict by id 2 started
2018.10.20 16:47:28-main.dbase-INFO: Generated dictionary : {'id': 2, 'path': '/home/kuba/Muzyka/Gra甜yna obaszewska-2016-Sklejam si-Scans', 'artist': 'Gra甜yna obaszewska', 'album': 'Sklejam si', 'date': 2016, 'd_master': '', 'd_release': '', 'avg_bitrate': 831.5, 'total_length': 2704, 'total_tracks': 11, 'comment': 'unsupported format', 'ext': 'flac', 'catalog_mark': '', 'metoda_master': '', 'metoda_release': '', 'img_count': 8}


2018.10.20 16:47:28-main.dbase-INFO: idx 0
2018.10.20 16:47:28-main.dbase-INFO: col ('id', None, None, None, None, None, None)
2018.10.20 16:47:28-main.dbase-INFO: column id
2018.10.20 16:47:28-main.dbase-INFO: file[0]: 18
