2018.10.17 00:24:28-INFO: OS : Linux
2018.10.17 00:24:28-INFO: catalog_collector Function starts
2018.10.17 00:24:28-DEBUG: Catalog Cache File founded
2018.10.17 00:24:28-INFO: catalog_collector Function ended


2018.10.17 00:24:28-INFO: Catalog Crawler starts
2018.10.17 00:24:28-DEBUG: Files found in catalog : ['Chic - Chic (Original album).m3u', "09-Chic - São Paulo (7'' Version).mp3", '03-Chic - You Can Get By.mp3', 'front.jpg', '02-Chic - São Paulo.mp3', 'Chic - Chic (Original album + bonus tracks).m3u', "11-Chic - Everybody Dance (Alternate 7'' Version).mp3", "05-Chic - Est-Ce Que C'est Chic.mp3", '15-Chic - Everybody Dance (Glenn Friscia Hardhouse Mix).mp3', "13-Chic - You Can Get By (7'' Version).mp3", 'side 1.jpg', 'Chic - Everybody Dance (Single).m3u', "12-Chic - Everybody Dance (12'' Version).mp3", "01-Chic-Dance,Dance,Dance(Yowsah,Yowsah,Yowsah)(Album&12''Versio.mp3", '04-Chic - Everybody Dance.mp3', 'back.jpg', '14-Chic - Dance, Dance, Dance (Yowsah,Yowsah,Yowsah)(PalJoeyMix).mp3', 'Chic - Dance, Dance, Dance (Yowsah, Yowsah, Yowsah) (Single).m3u', '07-Chic - Strike Up The Band.mp3', "10-Chic - Everybody Dance (7'' Version).mp3", '17-Chic - Strike Up The Band (Hifana Copa Mix).mp3', 'side 2.jpg', '06-Chic - Falling In Love With You.mp3', '16-Chic - Everybody Dance (Motiva Rpl Mix).mp3', "08-Chic - Dance, Dance, Dance (Yowsah,Yowsah,Yowsah)(7''Version).mp3"]
2018.10.17 00:24:28-INFO: Starting loop through files

2018.10.17 00:24:28-INFO: File Crawler for starts for file : /home/kuba/Muzyka/Chic - (1977) Chic (kopia)/09-Chic - São Paulo (7'' Version).mp3
2018.10.17 00:24:28-DEBUG: Handling file by taglib - correct
2018.10.17 00:24:28-INFO: All file attributes collected correct
2018.10.17 00:24:28-INFO: {'path': "/home/kuba/Muzyka/Chic - (1977) Chic (kopia)/09-Chic - São Paulo (7'' Version).mp3", 'album': 'Chic', 'artist': 'Chic', 'title': "São Paulo (7'' Version)", 'date': '1977', 'length': 195, 'bitrate': 320}

2018.10.17 00:24:28-INFO: File Crawler for starts for file : /home/kuba/Muzyka/Chic - (1977) Chic (kopia)/03-Chic - You Can Get By.mp3
2018.10.17 00:24:28-DEBUG: Handling file by taglib - correct
2018.10.17 00:24:28-INFO: All file attributes collected correct
2018.10.17 00:24:28-INFO: {'path': '/home/kuba/Muzyka/Chic - (1977) Chic (kopia)/03-Chic - You Can Get By.mp3', 'album': 'Chic', 'artist': 'Chic', 'title': 'You Can Get By', 'date': '1977', 'length': 336, 'bitrate': 320}

2018.10.17 00:24:28-INFO: File Crawler for starts for file : /home/kuba/Muzyka/Chic - (1977) Chic (kopia)/02-Chic - São Paulo.mp3
2018.10.17 00:24:28-DEBUG: Handling file by taglib - correct
2018.10.17 00:24:28-INFO: All file attributes collected correct
2018.10.17 00:24:28-INFO: {'path': '/home/kuba/Muzyka/Chic - (1977) Chic (kopia)/02-Chic - São Paulo.mp3', 'album': 'Chic', 'artist': 'Chic', 'title': 'São Paulo', 'date': '1977', 'length': 301, 'bitrate': 320}

2018.10.17 00:24:28-INFO: File Crawler for starts for file : /home/kuba/Muzyka/Chic - (1977) Chic (kopia)/11-Chic - Everybody Dance (Alternate 7'' Version).mp3
2018.10.17 00:24:28-DEBUG: Handling file by taglib - correct
2018.10.17 00:24:28-WARNING: KeyError: 'DATE'
2018.10.17 00:24:28-INFO: All file attributes collected correct
2018.10.17 00:24:28-INFO: {'path': "/home/kuba/Muzyka/Chic - (1977) Chic (kopia)/11-Chic - Everybody Dance (Alternate 7'' Version).mp3", 'album': 'Chic', 'artist': 'Chic', 'title': "Everybody Dance (Alternate 7'' Version)", 'date': '__KeyError', 'length': 248, 'bitrate': 320}

2018.10.17 00:24:28-INFO: File Crawler for starts for file : /home/kuba/Muzyka/Chic - (1977) Chic (kopia)/05-Chic - Est-Ce Que C'est Chic.mp3
2018.10.17 00:24:28-DEBUG: Handling file by taglib - correct
2018.10.17 00:24:28-INFO: All file attributes collected correct
2018.10.17 00:24:28-INFO: {'path': "/home/kuba/Muzyka/Chic - (1977) Chic (kopia)/05-Chic - Est-Ce Que C'est Chic.mp3", 'album': 'Chic', 'artist': 'Chic', 'title': "Est-Ce Que C'est Chic", 'date': '1977', 'length': 233, 'bitrate': 320}

2018.10.17 00:24:28-INFO: File Crawler for starts for file : /home/kuba/Muzyka/Chic - (1977) Chic (kopia)/15-Chic - Everybody Dance (Glenn Friscia Hardhouse Mix).mp3
2018.10.17 00:24:28-DEBUG: Handling file by taglib - correct
2018.10.17 00:24:28-INFO: All file attributes collected correct
2018.10.17 00:24:28-INFO: {'path': '/home/kuba/Muzyka/Chic - (1977) Chic (kopia)/15-Chic - Everybody Dance (Glenn Friscia Hardhouse Mix).mp3', 'album': 'Chic', 'artist': 'Chic', 'title': 'Everybody Dance (Glenn Friscia Hardhouse Mix)', 'date': '1977', 'length': 338, 'bitrate': 320}

2018.10.17 00:24:28-INFO: File Crawler for starts for file : /home/kuba/Muzyka/Chic - (1977) Chic (kopia)/13-Chic - You Can Get By (7'' Version).mp3
2018.10.17 00:24:28-DEBUG: Handling file by taglib - correct
2018.10.17 00:24:28-INFO: All file attributes collected correct
2018.10.17 00:24:28-INFO: {'path': "/home/kuba/Muzyka/Chic - (1977) Chic (kopia)/13-Chic - You Can Get By (7'' Version).mp3", 'album': 'Chic', 'artist': 'Chic', 'title': "You Can Get By (7'' Version)", 'date': '1977', 'length': 242, 'bitrate': 320}

2018.10.17 00:24:28-INFO: File Crawler for starts for file : /home/kuba/Muzyka/Chic - (1977) Chic (kopia)/12-Chic - Everybody Dance (12'' Version).mp3
2018.10.17 00:24:28-DEBUG: Handling file by taglib - correct
2018.10.17 00:24:28-INFO: All file attributes collected correct
2018.10.17 00:24:28-INFO: {'path': "/home/kuba/Muzyka/Chic - (1977) Chic (kopia)/12-Chic - Everybody Dance (12'' Version).mp3", 'album': 'Chic', 'artist': 'Chic', 'title': "Everybody Dance (12'' Version)", 'date': '1977', 'length': 507, 'bitrate': 320}

2018.10.17 00:24:28-INFO: File Crawler for starts for file : /home/kuba/Muzyka/Chic - (1977) Chic (kopia)/01-Chic-Dance,Dance,Dance(Yowsah,Yowsah,Yowsah)(Album&12''Versio.mp3
2018.10.17 00:24:28-DEBUG: Handling file by taglib - correct
2018.10.17 00:24:28-WARNING: KeyError: 'DATE'
2018.10.17 00:24:28-INFO: All file attributes collected correct
2018.10.17 00:24:28-INFO: {'path': "/home/kuba/Muzyka/Chic - (1977) Chic (kopia)/01-Chic-Dance,Dance,Dance(Yowsah,Yowsah,Yowsah)(Album&12''Versio.mp3", 'album': 'Chic', 'artist': 'Chic', 'title': "Dance, Dance, Dance (Yowsah, Yowsah, Yowsah) (Album & 12'' Version)", 'date': '__KeyError', 'length': 502, 'bitrate': 320}

2018.10.17 00:24:28-INFO: File Crawler for starts for file : /home/kuba/Muzyka/Chic - (1977) Chic (kopia)/04-Chic - Everybody Dance.mp3
2018.10.17 00:24:28-DEBUG: Handling file by taglib - correct
2018.10.17 00:24:28-WARNING: KeyError: 'DATE'
2018.10.17 00:24:28-INFO: All file attributes collected correct
2018.10.17 00:24:28-INFO: {'path': '/home/kuba/Muzyka/Chic - (1977) Chic (kopia)/04-Chic - Everybody Dance.mp3', 'album': 'Chic', 'artist': 'Chic', 'title': 'Everybody Dance', 'date': '__KeyError', 'length': 401, 'bitrate': 320}

2018.10.17 00:24:28-INFO: File Crawler for starts for file : /home/kuba/Muzyka/Chic - (1977) Chic (kopia)/14-Chic - Dance, Dance, Dance (Yowsah,Yowsah,Yowsah)(PalJoeyMix).mp3
2018.10.17 00:24:28-DEBUG: Handling file by taglib - correct
2018.10.17 00:24:28-INFO: All file attributes collected correct
2018.10.17 00:24:28-INFO: {'path': '/home/kuba/Muzyka/Chic - (1977) Chic (kopia)/14-Chic - Dance, Dance, Dance (Yowsah,Yowsah,Yowsah)(PalJoeyMix).mp3', 'album': 'Chic', 'artist': 'Chic', 'title': 'Dance, Dance, Dance (Yowsah, Yowsah, Yowsah) (Pal Joey Mix)', 'date': '1977', 'length': 247, 'bitrate': 320}

2018.10.17 00:24:28-INFO: File Crawler for starts for file : /home/kuba/Muzyka/Chic - (1977) Chic (kopia)/07-Chic - Strike Up The Band.mp3
2018.10.17 00:24:28-DEBUG: Handling file by taglib - correct
2018.10.17 00:24:28-INFO: All file attributes collected correct
2018.10.17 00:24:28-INFO: {'path': '/home/kuba/Muzyka/Chic - (1977) Chic (kopia)/07-Chic - Strike Up The Band.mp3', 'album': 'Chic', 'artist': 'Chic', 'title': 'Strike Up The Band', 'date': '1977', 'length': 272, 'bitrate': 320}

2018.10.17 00:24:28-INFO: File Crawler for starts for file : /home/kuba/Muzyka/Chic - (1977) Chic (kopia)/10-Chic - Everybody Dance (7'' Version).mp3
2018.10.17 00:24:28-DEBUG: Handling file by taglib - correct
2018.10.17 00:24:28-WARNING: KeyError: 'DATE'
2018.10.17 00:24:28-INFO: All file attributes collected correct
2018.10.17 00:24:28-INFO: {'path': "/home/kuba/Muzyka/Chic - (1977) Chic (kopia)/10-Chic - Everybody Dance (7'' Version).mp3", 'album': 'Chic', 'artist': 'Chic', 'title': "Everybody Dance (7'' Version)", 'date': '__KeyError', 'length': 206, 'bitrate': 320}

2018.10.17 00:24:28-INFO: File Crawler for starts for file : /home/kuba/Muzyka/Chic - (1977) Chic (kopia)/17-Chic - Strike Up The Band (Hifana Copa Mix).mp3
2018.10.17 00:24:28-DEBUG: Handling file by taglib - correct
2018.10.17 00:24:28-INFO: All file attributes collected correct
2018.10.17 00:24:28-INFO: {'path': '/home/kuba/Muzyka/Chic - (1977) Chic (kopia)/17-Chic - Strike Up The Band (Hifana Copa Mix).mp3', 'album': 'Chic', 'artist': 'Chic', 'title': 'Strike Up The Band (Hifana Copa Mix)', 'date': '1977', 'length': 229, 'bitrate': 320}

2018.10.17 00:24:28-INFO: File Crawler for starts for file : /home/kuba/Muzyka/Chic - (1977) Chic (kopia)/06-Chic - Falling In Love With You.mp3
2018.10.17 00:24:28-DEBUG: Handling file by taglib - correct
2018.10.17 00:24:28-INFO: All file attributes collected correct
2018.10.17 00:24:28-INFO: {'path': '/home/kuba/Muzyka/Chic - (1977) Chic (kopia)/06-Chic - Falling In Love With You.mp3', 'album': 'Chic', 'artist': 'Chic', 'title': 'Falling In Love With You', 'date': '1977', 'length': 269, 'bitrate': 320}

2018.10.17 00:24:28-INFO: File Crawler for starts for file : /home/kuba/Muzyka/Chic - (1977) Chic (kopia)/16-Chic - Everybody Dance (Motiva Rpl Mix).mp3
2018.10.17 00:24:28-DEBUG: Handling file by taglib - correct
2018.10.17 00:24:28-INFO: All file attributes collected correct
2018.10.17 00:24:28-INFO: {'path': '/home/kuba/Muzyka/Chic - (1977) Chic (kopia)/16-Chic - Everybody Dance (Motiva Rpl Mix).mp3', 'album': 'Chic', 'artist': 'Chic', 'title': 'Everybody Dance (Motiva Rpl Mix)', 'date': '1977', 'length': 362, 'bitrate': 320}

2018.10.17 00:24:28-INFO: File Crawler for starts for file : /home/kuba/Muzyka/Chic - (1977) Chic (kopia)/08-Chic - Dance, Dance, Dance (Yowsah,Yowsah,Yowsah)(7''Version).mp3
2018.10.17 00:24:28-DEBUG: Handling file by taglib - correct
2018.10.17 00:24:28-WARNING: KeyError: 'DATE'
2018.10.17 00:24:28-INFO: All file attributes collected correct
2018.10.17 00:24:28-INFO: {'path': "/home/kuba/Muzyka/Chic - (1977) Chic (kopia)/08-Chic - Dance, Dance, Dance (Yowsah,Yowsah,Yowsah)(7''Version).mp3", 'album': 'Chic', 'artist': 'Chic', 'title': "Dance, Dance, Dance (Yowsah, Yowsah, Yowsah) (7'' Version)", 'date': '__KeyError', 'length': 218, 'bitrate': 320}

2018.10.17 00:24:28-INFO: 

2018.10.17 00:24:28-INFO: Loop through files ends succesfully

2018.10.17 00:24:28-INFO: Determine Catalog Attributes function starts

2018.10.17 00:24:28-DEBUG: Tries to guess Album name
2018.10.17 00:24:28-DEBUG: Found 1 proposition(s) : ['Chic']
2018.10.17 00:24:28-DEBUG: Album found : Chic
2018.10.17 00:24:28-DEBUG: Tries to guess Artist name
2018.10.17 00:24:28-DEBUG: Found 1 proposition(s) : ['Chic']
2018.10.17 00:24:28-DEBUG: Artist found : Chic
2018.10.17 00:24:28-DEBUG: Tries to guess date of album
2018.10.17 00:24:28-DEBUG: Date unreckognized
2018.10.17 00:24:28-DEBUG: Computing average bitrate of files
2018.10.17 00:24:28-DEBUG: Computing total length of files
2018.10.17 00:24:28-INFO: reckognized Catalog Attributes:
Artist: Chic        
Album: Chic
Date: 
AvgBitrate: 320.0
CatalogSym


2018.10.17 00:24:28-DEBUG: returns {'album': 'Chic', 'artist': 'Chic', 'date': '', 'avg_bitrate': 320.0, 'total_length': 5106, 'catalog_mark': '', 'img_count': 4, 'path': '/home/kuba/Muzyka/Chic - (1977) Chic (kopia)'}
2018.10.17 00:24:28-INFO: Catalog Crawler ends,

2018.10.17 00:24:28-INFO: Finding Album DiscogsID started
2018.10.17 00:24:28-INFO: Working on /home/kuba/Muzyka/Chic - (1977) Chic (kopia)
2018.10.17 00:24:28-INFO: 
metoda Album
2018.10.17 00:24:28-INFO: Connecting Discogs
Query: Chic
2018.10.17 00:24:29-INFO: Comparing Chic - Chic
2018.10.17 00:24:29-INFO: Znaleziono ID z listy Album
2018.10.17 00:24:29-INFO: 53188
