2018.10.18 16:59:06-main-INFO: OS : Windows
2018.10.18 16:59:06-main.stocker-INFO: catalog_collector Function starts
2018.10.18 16:59:06-main.stocker-DEBUG: Catalog Cache File founded
2018.10.18 16:59:06-main.stocker-INFO: catalog_collector found 31435 dirs to check


2018.10.18 16:59:06-main-INFO: Skipped 0 - it exist in DB
2018.10.18 16:59:06-main-INFO: Skipped 1 - it exist in DB
2018.10.18 16:59:06-main-INFO: Skipped 2 - it exist in DB
2018.10.18 16:59:06-main-INFO: Skipped 3 - it exist in DB
2018.10.18 16:59:06-main-INFO: Skipped 4 - it exist in DB
2018.10.18 16:59:06-main-INFO: Skipped 5 - it exist in DB
2018.10.18 16:59:06-main-INFO: Skipped 6 - it exist in DB
2018.10.18 16:59:06-main-INFO: Skipped 7 - it exist in DB
2018.10.18 16:59:06-main-INFO: Skipped 8 - it exist in DB
2018.10.18 16:59:06-main-INFO: Skipped 9 - it exist in DB
2018.10.18 16:59:06-main-INFO: Skipped 10 - it exist in DB
2018.10.18 16:59:06-main-INFO: Skipped 11 - it exist in DB
2018.10.18 16:59:06-main-INFO: Skipped 12 - it exist in DB
2018.10.18 16:59:06-main-INFO: Skipped 13 - it exist in DB
2018.10.18 16:59:06-main-INFO: Skipped 14 - it exist in DB
2018.10.18 16:59:06-main-INFO: Skipped 15 - it exist in DB
2018.10.18 16:59:06-main-INFO: Skipped 16 - it exist in DB
2018.10.18 16:59:06-main-INFO: Skipped 17 - it exist in DB
2018.10.18 16:59:06-main-INFO: Skipped 18 - it exist in DB
2018.10.18 16:59:06-main.stocker-INFO: Catalog Crawler starts
2018.10.18 16:59:06-main.stocker-DEBUG: Files found in catalog : ['1- Until The End Of Time.mp3', '1.jpg', '10 - Lord Knows (Brain Dama Ge Remix).mp3', "11 - Papa'z Song (Da Bastard's Mix).mp3", '12 - Static (Silent Remix).mp3', '13 - In His Own Words (Clean).mp3', '14 - Let Em Have It Remix.mp3', "15 - They Don't Give A Fuck About.mp3", "2 - Can't C Me.mp3", '3 - Flex.mp3', '4 - Confessions.mp3', '5 - Homies & Thuggs.mp3', '6 - Thug Luv.mp3', '7 - If My Homie Calls.mp3', "8 - Don't Go 2 Sleep OG.mp3", '9 - If I Die 2Nite.mp3']
2018.10.18 16:59:06-main.stocker-INFO: Starting loop through files

2018.10.18 16:59:06-main.stocker-INFO: File Crawler for starts for file : D:\++WORKZONE++\!!! Instrumentals NEW\1 part DLded\Instrumentals\2004 - Instrumental Collection (Vol. 2)\1- Until The End Of Time.mp3
2018.10.18 16:59:06-main.stocker-DEBUG: Handling file by taglib - correct
2018.10.18 16:59:06-main.stocker-INFO: All file attributes collected correct
2018.10.18 16:59:06-main.stocker-INFO: {'path': 'D:\\++WORKZONE++\\!!! Instrumentals NEW\\1 part DLded\\Instrumentals\\2004 - Instrumental Collection (Vol. 2)\\1- Until The End Of Time.mp3', 'ext': 'mp3', 'album': 'Instrumentals Collection Vol.', 'artist': '2Pac', 'title': 'Until The End Of Time', 'date': '2005', 'length': 267, 'bitrate': 128}

2018.10.18 16:59:06-main.stocker-INFO: File Crawler for starts for file : D:\++WORKZONE++\!!! Instrumentals NEW\1 part DLded\Instrumentals\2004 - Instrumental Collection (Vol. 2)\10 - Lord Knows (Brain Dama Ge Remix).mp3
2018.10.18 16:59:06-main.stocker-DEBUG: Handling file by taglib - correct
2018.10.18 16:59:06-main.stocker-INFO: All file attributes collected correct
2018.10.18 16:59:06-main.stocker-INFO: {'path': 'D:\\++WORKZONE++\\!!! Instrumentals NEW\\1 part DLded\\Instrumentals\\2004 - Instrumental Collection (Vol. 2)\\10 - Lord Knows (Brain Dama Ge Remix).mp3', 'ext': 'mp3', 'album': 'Instrumentals Collection Vol.', 'artist': '2Pac', 'title': 'Lord Knows (BrainDamaGe Remix', 'date': '2005', 'length': 259, 'bitrate': 128}

2018.10.18 16:59:06-main.stocker-INFO: File Crawler for starts for file : D:\++WORKZONE++\!!! Instrumentals NEW\1 part DLded\Instrumentals\2004 - Instrumental Collection (Vol. 2)\11 - Papa'z Song (Da Bastard's Mix).mp3
2018.10.18 16:59:06-main.stocker-DEBUG: Handling file by taglib - correct
2018.10.18 16:59:06-main.stocker-INFO: All file attributes collected correct
2018.10.18 16:59:06-main.stocker-INFO: {'path': "D:\\++WORKZONE++\\!!! Instrumentals NEW\\1 part DLded\\Instrumentals\\2004 - Instrumental Collection (Vol. 2)\\11 - Papa'z Song (Da Bastard's Mix).mp3", 'ext': 'mp3', 'album': 'Instrumentals Collection Vol.', 'artist': '2Pac', 'title': "Papa'z Song (Da Bastard's Mix", 'date': '2005', 'length': 330, 'bitrate': 112}

2018.10.18 16:59:06-main.stocker-INFO: File Crawler for starts for file : D:\++WORKZONE++\!!! Instrumentals NEW\1 part DLded\Instrumentals\2004 - Instrumental Collection (Vol. 2)\12 - Static (Silent Remix).mp3
2018.10.18 16:59:06-main.stocker-DEBUG: Handling file by taglib - correct
2018.10.18 16:59:06-main.stocker-INFO: All file attributes collected correct
2018.10.18 16:59:06-main.stocker-INFO: {'path': 'D:\\++WORKZONE++\\!!! Instrumentals NEW\\1 part DLded\\Instrumentals\\2004 - Instrumental Collection (Vol. 2)\\12 - Static (Silent Remix).mp3', 'ext': 'mp3', 'album': 'Instrumentals Collection Vol.', 'artist': '2Pac', 'title': 'Static (Silent Remix)', 'date': '2005', 'length': 282, 'bitrate': 128}

2018.10.18 16:59:06-main.stocker-INFO: File Crawler for starts for file : D:\++WORKZONE++\!!! Instrumentals NEW\1 part DLded\Instrumentals\2004 - Instrumental Collection (Vol. 2)\13 - In His Own Words (Clean).mp3
2018.10.18 16:59:06-main.stocker-DEBUG: Handling file by taglib - correct
2018.10.18 16:59:06-main.stocker-INFO: All file attributes collected correct
2018.10.18 16:59:06-main.stocker-INFO: {'path': 'D:\\++WORKZONE++\\!!! Instrumentals NEW\\1 part DLded\\Instrumentals\\2004 - Instrumental Collection (Vol. 2)\\13 - In His Own Words (Clean).mp3', 'ext': 'mp3', 'album': 'Instrumentals Collection Vol.', 'artist': '2Pac', 'title': 'In His Own Words (Clean)', 'date': '2005', 'length': 400, 'bitrate': 96}

2018.10.18 16:59:06-main.stocker-INFO: File Crawler for starts for file : D:\++WORKZONE++\!!! Instrumentals NEW\1 part DLded\Instrumentals\2004 - Instrumental Collection (Vol. 2)\14 - Let Em Have It Remix.mp3
2018.10.18 16:59:06-main.stocker-DEBUG: Handling file by taglib - correct
2018.10.18 16:59:06-main.stocker-INFO: All file attributes collected correct
2018.10.18 16:59:06-main.stocker-INFO: {'path': 'D:\\++WORKZONE++\\!!! Instrumentals NEW\\1 part DLded\\Instrumentals\\2004 - Instrumental Collection (Vol. 2)\\14 - Let Em Have It Remix.mp3', 'ext': 'mp3', 'album': 'Instrumentals Collection Vol.', 'artist': '2Pac', 'title': 'Let Em Have It Remix', 'date': '2005', 'length': 191, 'bitrate': 128}

2018.10.18 16:59:06-main.stocker-INFO: File Crawler for starts for file : D:\++WORKZONE++\!!! Instrumentals NEW\1 part DLded\Instrumentals\2004 - Instrumental Collection (Vol. 2)\15 - They Don't Give A Fuck About.mp3
2018.10.18 16:59:06-main.stocker-DEBUG: Handling file by taglib - correct
2018.10.18 16:59:06-main.stocker-INFO: All file attributes collected correct
2018.10.18 16:59:06-main.stocker-INFO: {'path': "D:\\++WORKZONE++\\!!! Instrumentals NEW\\1 part DLded\\Instrumentals\\2004 - Instrumental Collection (Vol. 2)\\15 - They Don't Give A Fuck About.mp3", 'ext': 'mp3', 'album': 'Instrumentals Collection Vol.', 'artist': '2Pac', 'title': "They Don't Give A Fuck About", 'date': '2005', 'length': 315, 'bitrate': 128}

2018.10.18 16:59:06-main.stocker-INFO: File Crawler for starts for file : D:\++WORKZONE++\!!! Instrumentals NEW\1 part DLded\Instrumentals\2004 - Instrumental Collection (Vol. 2)\2 - Can't C Me.mp3
2018.10.18 16:59:06-main.stocker-DEBUG: Handling file by taglib - correct
2018.10.18 16:59:06-main.stocker-INFO: All file attributes collected correct
2018.10.18 16:59:06-main.stocker-INFO: {'path': "D:\\++WORKZONE++\\!!! Instrumentals NEW\\1 part DLded\\Instrumentals\\2004 - Instrumental Collection (Vol. 2)\\2 - Can't C Me.mp3", 'ext': 'mp3', 'album': 'Instrumentals Collection Vol.', 'artist': '2Pac', 'title': "Can't C Me", 'date': '2005', 'length': 348, 'bitrate': 112}

2018.10.18 16:59:06-main.stocker-INFO: File Crawler for starts for file : D:\++WORKZONE++\!!! Instrumentals NEW\1 part DLded\Instrumentals\2004 - Instrumental Collection (Vol. 2)\3 - Flex.mp3
2018.10.18 16:59:06-main.stocker-DEBUG: Handling file by taglib - correct
2018.10.18 16:59:06-main.stocker-INFO: All file attributes collected correct
2018.10.18 16:59:06-main.stocker-INFO: {'path': 'D:\\++WORKZONE++\\!!! Instrumentals NEW\\1 part DLded\\Instrumentals\\2004 - Instrumental Collection (Vol. 2)\\3 - Flex.mp3', 'ext': 'mp3', 'album': 'Instrumentals Collection Vol.', 'artist': '2Pac', 'title': 'Flex', 'date': '2005', 'length': 257, 'bitrate': 128}

2018.10.18 16:59:06-main.stocker-INFO: File Crawler for starts for file : D:\++WORKZONE++\!!! Instrumentals NEW\1 part DLded\Instrumentals\2004 - Instrumental Collection (Vol. 2)\4 - Confessions.mp3
2018.10.18 16:59:06-main.stocker-DEBUG: Handling file by taglib - correct
2018.10.18 16:59:06-main.stocker-INFO: All file attributes collected correct
2018.10.18 16:59:06-main.stocker-INFO: {'path': 'D:\\++WORKZONE++\\!!! Instrumentals NEW\\1 part DLded\\Instrumentals\\2004 - Instrumental Collection (Vol. 2)\\4 - Confessions.mp3', 'ext': 'mp3', 'album': 'Instrumentals Collection Vol.', 'artist': '2Pac', 'title': 'Confessions', 'date': '2005', 'length': 181, 'bitrate': 128}

2018.10.18 16:59:06-main.stocker-INFO: File Crawler for starts for file : D:\++WORKZONE++\!!! Instrumentals NEW\1 part DLded\Instrumentals\2004 - Instrumental Collection (Vol. 2)\5 - Homies & Thuggs.mp3
2018.10.18 16:59:07-main.stocker-DEBUG: Handling file by taglib - correct
2018.10.18 16:59:07-main.stocker-INFO: All file attributes collected correct
2018.10.18 16:59:07-main.stocker-INFO: {'path': 'D:\\++WORKZONE++\\!!! Instrumentals NEW\\1 part DLded\\Instrumentals\\2004 - Instrumental Collection (Vol. 2)\\5 - Homies & Thuggs.mp3', 'ext': 'mp3', 'album': 'Instrumentals Collection Vol.', 'artist': '2Pac', 'title': 'Homies & Thuggs', 'date': '2005', 'length': 317, 'bitrate': 112}

2018.10.18 16:59:07-main.stocker-INFO: File Crawler for starts for file : D:\++WORKZONE++\!!! Instrumentals NEW\1 part DLded\Instrumentals\2004 - Instrumental Collection (Vol. 2)\6 - Thug Luv.mp3
2018.10.18 16:59:07-main.stocker-DEBUG: Handling file by taglib - correct
2018.10.18 16:59:07-main.stocker-INFO: All file attributes collected correct
2018.10.18 16:59:07-main.stocker-INFO: {'path': 'D:\\++WORKZONE++\\!!! Instrumentals NEW\\1 part DLded\\Instrumentals\\2004 - Instrumental Collection (Vol. 2)\\6 - Thug Luv.mp3', 'ext': 'mp3', 'album': 'Instrumentals Collection Vol.', 'artist': '2Pac', 'title': 'Thug Luv', 'date': '2005', 'length': 224, 'bitrate': 128}

2018.10.18 16:59:07-main.stocker-INFO: File Crawler for starts for file : D:\++WORKZONE++\!!! Instrumentals NEW\1 part DLded\Instrumentals\2004 - Instrumental Collection (Vol. 2)\7 - If My Homie Calls.mp3
2018.10.18 16:59:07-main.stocker-DEBUG: Handling file by taglib - correct
2018.10.18 16:59:07-main.stocker-INFO: All file attributes collected correct
2018.10.18 16:59:07-main.stocker-INFO: {'path': 'D:\\++WORKZONE++\\!!! Instrumentals NEW\\1 part DLded\\Instrumentals\\2004 - Instrumental Collection (Vol. 2)\\7 - If My Homie Calls.mp3', 'ext': 'mp3', 'album': 'Instrumentals Collection Vol.', 'artist': '2Pac', 'title': 'If My Homie Calls', 'date': '2005', 'length': 254, 'bitrate': 128}

2018.10.18 16:59:07-main.stocker-INFO: File Crawler for starts for file : D:\++WORKZONE++\!!! Instrumentals NEW\1 part DLded\Instrumentals\2004 - Instrumental Collection (Vol. 2)\8 - Don't Go 2 Sleep OG.mp3
2018.10.18 16:59:07-main.stocker-DEBUG: Handling file by taglib - correct
2018.10.18 16:59:07-main.stocker-INFO: All file attributes collected correct
2018.10.18 16:59:07-main.stocker-INFO: {'path': "D:\\++WORKZONE++\\!!! Instrumentals NEW\\1 part DLded\\Instrumentals\\2004 - Instrumental Collection (Vol. 2)\\8 - Don't Go 2 Sleep OG.mp3", 'ext': 'mp3', 'album': 'Instrumentals Collection Vol.', 'artist': '2Pac', 'title': "Don't Go 2 Sleep OG", 'date': '2005', 'length': 267, 'bitrate': 128}

2018.10.18 16:59:07-main.stocker-INFO: File Crawler for starts for file : D:\++WORKZONE++\!!! Instrumentals NEW\1 part DLded\Instrumentals\2004 - Instrumental Collection (Vol. 2)\9 - If I Die 2Nite.mp3
2018.10.18 16:59:07-main.stocker-DEBUG: Handling file by taglib - correct
2018.10.18 16:59:07-main.stocker-INFO: All file attributes collected correct
2018.10.18 16:59:07-main.stocker-INFO: {'path': 'D:\\++WORKZONE++\\!!! Instrumentals NEW\\1 part DLded\\Instrumentals\\2004 - Instrumental Collection (Vol. 2)\\9 - If I Die 2Nite.mp3', 'ext': 'mp3', 'album': 'Instrumentals Collection Vol.', 'artist': '2Pac', 'title': 'If I Die 2Nite', 'date': '2005', 'length': 236, 'bitrate': 128}

2018.10.18 16:59:07-main.stocker-INFO: 

2018.10.18 16:59:07-main.stocker-INFO: Loop through files ends succesfully

2018.10.18 16:59:07-main.stocker-INFO: Determine Catalog Attributes function starts

2018.10.18 16:59:07-main.stocker-DEBUG: Tries to guess Album name
2018.10.18 16:59:07-main.stocker-DEBUG: Found 1 proposition(s) : ['Instrumentals Collection Vol.']
2018.10.18 16:59:07-main.stocker-DEBUG: Album found : Instrumentals Collection Vol.
2018.10.18 16:59:07-main.stocker-DEBUG: Tries to guess Artist name
2018.10.18 16:59:07-main.stocker-DEBUG: Found 1 proposition(s) : ['2Pac']
2018.10.18 16:59:07-main.stocker-DEBUG: Artist found : 2Pac
2018.10.18 16:59:07-main.stocker-DEBUG: Tries to guess date of album
2018.10.18 16:59:07-main.stocker-DEBUG: Date recognized : 2005
2018.10.18 16:59:07-main.stocker-DEBUG: Computing average bitrate of files
2018.10.18 16:59:07-main.stocker-DEBUG: Computing total length of files
2018.10.18 16:59:07-main.stocker-INFO: reckognized Catalog Attributes:
Artist: 2Pac        
Album: Instrumentals Collection Vol.
Date: 2005
AvgBitrate: 122.7
CatalogSym        
Total Tracks: 15
Total Length: 1:08:48


2018.10.18 16:59:07-main.stocker-DEBUG: returns {'album': 'Instrumentals Collection Vol.', 'artist': '2Pac', 'date': '2005', 'avg_bitrate': 122.7, 'total_length': 4128, 'catalog_mark': '', 'ext': 'mp3', 'total_tracks': 15, 'img_count': 1, 'path': 'D:\\++WORKZONE++\\!!! Instrumentals NEW\\1 part DLded\\Instrumentals\\2004 - Instrumental Collection (Vol. 2)', 'comment': ''}
2018.10.18 16:59:07-main.stocker-INFO: Catalog Crawler ends,

2018.10.18 16:59:07-main.dgs_con-INFO: Query Discogs Func started
2018.10.18 16:59:07-main.dgs_con-INFO: Working on D:\++WORKZONE++\!!! Instrumentals NEW\1 part DLded\Instrumentals\2004 - Instrumental Collection (Vol. 2)
2018.10.18 16:59:07-main.dgs_con-INFO: Master: Album
2018.10.18 16:59:07-main.dgs_con-INFO: Connecting Discogs		Query: Instrumentals Collection Vol.
2018.10.18 16:59:08-main.dgs_con-INFO: Comparing MetalFingers* - Presents Special Herbs The Box Set Vol.0-9 to 2Pac - Instrumentals Collection Vol.
2018.10.18 16:59:08-main.dgs_con-INFO: Comparing Joel Garden - What Do You Want To Be When You've Given Up (Instrumentals Vol​.​1) to 2Pac - Instrumentals Collection Vol.
2018.10.18 16:59:08-main.dgs_con-DEBUG: no values on output, error: 'metoda_master'

2018.10.18 16:59:09-main.dgs_con-INFO: Master: Token
2018.10.18 16:59:09-main.dgs_con-INFO: Connecting Discogs		Query: 2Pac - Instrumentals Collection Vol.
2018.10.18 16:59:10-main.dgs_con-DEBUG: no values on output, error: 'metoda_master'

2018.10.18 16:59:11-main.dgs_con-INFO: Master: Variations
2018.10.18 16:59:11-main.dgs_con-INFO: Connecting Discogs		Query: 2Pac
2018.10.18 16:59:13-main.dgs_con-INFO: Found <Artist 100752 '2Pac'> aliases : [' 2 Pac', '2 - Pac', '2 Pac', '2 Pack', '2 Pak', '2-Pac', '2.Pac', '2PAC', '2Pac Black Jesuz', '2Pac Makaveli', '2Pac Shakur', '2Pacalypse', '2Pacalypse Now', 'Hologram 2Pac', 'Pac', 'Tupac', 'Tupac Shakur from Thug Angel', 'Tupack', 'TuPak', 'トゥパック']
2018.10.18 16:59:13-main.dgs_con-INFO: Connecting Discogs		Query:  2 Pac - Instrumentals Collection Vol.
2018.10.18 16:59:14-main.dgs_con-INFO: Connecting Discogs		Query: 2 - Pac - Instrumentals Collection Vol.
2018.10.18 16:59:16-main.dgs_con-INFO: Connecting Discogs		Query: 2 Pac - Instrumentals Collection Vol.
2018.10.18 16:59:18-main.dgs_con-INFO: Connecting Discogs		Query: 2 Pack - Instrumentals Collection Vol.
2018.10.18 16:59:20-main.dgs_con-INFO: Connecting Discogs		Query: 2 Pak - Instrumentals Collection Vol.
2018.10.18 16:59:22-main.dgs_con-INFO: Connecting Discogs		Query: 2-Pac - Instrumentals Collection Vol.
2018.10.18 16:59:23-main.dgs_con-INFO: Connecting Discogs		Query: 2.Pac - Instrumentals Collection Vol.
2018.10.18 16:59:25-main.dgs_con-INFO: Connecting Discogs		Query: 2PAC - Instrumentals Collection Vol.
2018.10.18 16:59:27-main.dgs_con-INFO: Connecting Discogs		Query: 2Pac Black Jesuz - Instrumentals Collection Vol.
2018.10.18 16:59:29-main.dgs_con-INFO: Connecting Discogs		Query: 2Pac Makaveli - Instrumentals Collection Vol.
2018.10.18 16:59:31-main.dgs_con-INFO: Connecting Discogs		Query: 2Pac Shakur - Instrumentals Collection Vol.
2018.10.18 16:59:32-main.dgs_con-INFO: Connecting Discogs		Query: 2Pacalypse - Instrumentals Collection Vol.
2018.10.18 16:59:34-main.dgs_con-INFO: Connecting Discogs		Query: 2Pacalypse Now - Instrumentals Collection Vol.
2018.10.18 16:59:36-main.dgs_con-INFO: Connecting Discogs		Query: Hologram 2Pac - Instrumentals Collection Vol.
2018.10.18 16:59:38-main.dgs_con-INFO: Connecting Discogs		Query: Pac - Instrumentals Collection Vol.
2018.10.18 16:59:40-main.dgs_con-INFO: Connecting Discogs		Query: Tupac - Instrumentals Collection Vol.
2018.10.18 16:59:41-main.dgs_con-INFO: Connecting Discogs		Query: Tupac Shakur from Thug Angel - Instrumentals Collection Vol.
2018.10.18 16:59:43-main.dgs_con-INFO: Connecting Discogs		Query: Tupack - Instrumentals Collection Vol.
2018.10.18 16:59:45-main.dgs_con-INFO: Connecting Discogs		Query: TuPak - Instrumentals Collection Vol.
2018.10.18 16:59:47-main.dgs_con-INFO: Connecting Discogs		Query: トゥパック - Instrumentals Collection Vol.
2018.10.18 16:59:49-main.dgs_con-DEBUG: no values on output, error: 'metoda_master'

2018.10.18 16:59:50-main.dgs_con-INFO: Release: Album
2018.10.18 16:59:50-main.dgs_con-INFO: Connecting Discogs		Query: Instrumentals Collection Vol.
2018.10.18 16:59:51-main.dgs_con-INFO: Comparing <Artist 194 'Various'> - Drumz Collection Vol. 1 to 2Pac - Instrumentals Collection Vol.
2018.10.18 16:59:52-main.dgs_con-INFO: Comparing <Artist 194 'Various'> - Drumz Collection Vol. 2 to 2Pac - Instrumentals Collection Vol.
2018.10.18 16:59:53-main.dgs_con-INFO: Comparing <Artist 774755 'Bassi Maestro'> - Unreleased instrumentals vol.1 to 2Pac - Instrumentals Collection Vol.
2018.10.18 16:59:54-main.dgs_con-INFO: Comparing <Artist 100752 '2Pac'> - Pacstrumentals Vol.1 to 2Pac - Instrumentals Collection Vol.
2018.10.18 16:59:54-main.dgs_con-INFO: Comparing <Artist 100752 '2Pac'> - Pacstrumentals Vol.2 to 2Pac - Instrumentals Collection Vol.
2018.10.18 16:59:55-main.dgs_con-INFO: Comparing <Artist 188739 'Metal Fingers'> - Presents Special Herbs The Box Set Vol. 0-9 to 2Pac - Instrumentals Collection Vol.
2018.10.18 16:59:56-main.dgs_con-INFO: Comparing <Artist 10586 'Slum Village'> - Fan-Tas-Tic Collection to 2Pac - Instrumentals Collection Vol.
2018.10.18 16:59:57-main.dgs_con-INFO: Comparing <Artist 188739 'Metal Fingers'> - Presents Special Herbs The Box Set Vol.0-9 to 2Pac - Instrumentals Collection Vol.
2018.10.18 16:59:58-main.dgs_con-INFO: Comparing <Artist 194 'Various'> - Stranger On The Shore - Juke Box Instrumentals Vol. 2 to 2Pac - Instrumentals Collection Vol.
2018.10.18 16:59:59-main.dgs_con-INFO: Comparing <Artist 6636 'Klubbheads'> - MP3 Collection to 2Pac - Instrumentals Collection Vol.
2018.10.18 16:59:59-main.dgs_con-INFO: Comparing <Artist 6636 'Klubbheads'> - MP3 Digital Collection 2 (Great Hits Vol.2)  to 2Pac - Instrumentals Collection Vol.
2018.10.18 17:00:00-main.dgs_con-INFO: Comparing <Artist 1153965 '2 Hungry Brothers'> - Strictly 4 My Diggaz Vol. 2 to 2Pac - Instrumentals Collection Vol.
2018.10.18 17:00:01-main.dgs_con-INFO: Comparing <Artist 188739 'Metal Fingers'> - Presents Special Herbs The Box Set Vol.0-9 to 2Pac - Instrumentals Collection Vol.
2018.10.18 17:00:02-main.dgs_con-INFO: Comparing <Artist 213384 'Excepter'> - Streams 2 Vol. 2 to 2Pac - Instrumentals Collection Vol.
2018.10.18 17:00:03-main.dgs_con-DEBUG: there is more than one artist in current release
2018.10.18 17:00:03-main.dgs_con-INFO: Comparing <Artist 673596 'EarDrumz'> - Nick Johnson EP Vol. 1 to 2Pac - Instrumentals Collection Vol.
2018.10.18 17:00:03-main.dgs_con-DEBUG: no values on output, error: 'metoda_release'

2018.10.18 17:00:04-main.dgs_con-INFO: Master: Token
2018.10.18 17:00:04-main.dgs_con-INFO: Connecting Discogs		Query: 2Pac - Instrumentals Collection Vol.
2018.10.18 17:00:05-main.dgs_con-INFO: Comparing Artist 100752 2Pac - Pacstrumentals Vol1 to 2Pac - Instrumentals Collection Vol
2018.10.18 17:00:06-main.dgs_con-INFO: Comparing Artist 100752 2Pac - Pacstrumentals Vol2 to 2Pac - Instrumentals Collection Vol
2018.10.18 17:00:07-main.dgs_con-INFO: Comparing Artist 100752 2Pac - Pacstrumentals Vol2 to 2Pac - Instrumentals Collection Vol
2018.10.18 17:00:07-main.dgs_con-DEBUG: no values on output, error: 'metoda_release'

2018.10.18 17:00:10-main.dbase-INFO: Save to DB started
