2018.10.20 14:42:15-main-INFO: OS : Linux
2018.10.20 14:42:15-main.stocker-INFO: catalog_collector Function starts
2018.10.20 14:42:15-main.stocker-DEBUG: Catalog Cache File not found
2018.10.20 14:42:15-main.stocker-DEBUG: Starting reading library
2018.10.20 14:42:15-main.stocker-INFO: Library reading ended with 22 directories
2018.10.20 14:42:15-main.stocker-INFO: catalog_collector found 16 dirs to check


2018.10.20 14:42:16-main.stocker-INFO: Catalog Crawler starts
2018.10.20 14:42:16-main.stocker-DEBUG: Files found in catalog : ['Chic - Chic (Original album).m3u', "09-Chic - São Paulo (7'' Version).mp3", '03-Chic - You Can Get By.mp3', 'front.jpg', '02-Chic - São Paulo.mp3', 'Chic - Chic (Original album + bonus tracks).m3u', "11-Chic - Everybody Dance (Alternate 7'' Version).mp3", "05-Chic - Est-Ce Que C'est Chic.mp3", '15-Chic - Everybody Dance (Glenn Friscia Hardhouse Mix).mp3', "13-Chic - You Can Get By (7'' Version).mp3", 'side 1.jpg', 'Chic - Everybody Dance (Single).m3u', "12-Chic - Everybody Dance (12'' Version).mp3", "01-Chic-Dance,Dance,Dance(Yowsah,Yowsah,Yowsah)(Album&12''Versio.mp3", '04-Chic - Everybody Dance.mp3', 'back.jpg', '14-Chic - Dance, Dance, Dance (Yowsah,Yowsah,Yowsah)(PalJoeyMix).mp3', 'Chic - Dance, Dance, Dance (Yowsah, Yowsah, Yowsah) (Single).m3u', '07-Chic - Strike Up The Band.mp3', "10-Chic - Everybody Dance (7'' Version).mp3", '17-Chic - Strike Up The Band (Hifana Copa Mix).mp3', 'side 2.jpg', '06-Chic - Falling In Love With You.mp3', '16-Chic - Everybody Dance (Motiva Rpl Mix).mp3', "08-Chic - Dance, Dance, Dance (Yowsah,Yowsah,Yowsah)(7''Version).mp3"]
2018.10.20 14:42:16-main.stocker-INFO: Starting loop through files

2018.10.20 14:42:16-main.stocker-INFO: File Crawler for starts for file : /home/kuba/Muzyka/Chic - (1977) Chic (kopia)/09-Chic - São Paulo (7'' Version).mp3
2018.10.20 14:42:16-main.stocker-DEBUG: Handling file by taglib - correct
2018.10.20 14:42:16-main.stocker-INFO: All file attributes collected correct
2018.10.20 14:42:16-main.stocker-INFO: {'path': "/home/kuba/Muzyka/Chic - (1977) Chic (kopia)/09-Chic - São Paulo (7'' Version).mp3", 'ext': 'mp3', 'album': 'Chic', 'artist': 'Chic', 'title': "São Paulo (7'' Version)", 'date': '1977', 'length': 195, 'bitrate': 320}

2018.10.20 14:42:16-main.stocker-INFO: File Crawler for starts for file : /home/kuba/Muzyka/Chic - (1977) Chic (kopia)/03-Chic - You Can Get By.mp3
2018.10.20 14:42:16-main.stocker-DEBUG: Handling file by taglib - correct
2018.10.20 14:42:16-main.stocker-INFO: All file attributes collected correct
2018.10.20 14:42:16-main.stocker-INFO: {'path': '/home/kuba/Muzyka/Chic - (1977) Chic (kopia)/03-Chic - You Can Get By.mp3', 'ext': 'mp3', 'album': 'Chic', 'artist': 'Chic', 'title': 'You Can Get By', 'date': '1977', 'length': 336, 'bitrate': 320}

2018.10.20 14:42:16-main.stocker-INFO: File Crawler for starts for file : /home/kuba/Muzyka/Chic - (1977) Chic (kopia)/02-Chic - São Paulo.mp3
2018.10.20 14:42:16-main.stocker-DEBUG: Handling file by taglib - correct
2018.10.20 14:42:16-main.stocker-INFO: All file attributes collected correct
2018.10.20 14:42:16-main.stocker-INFO: {'path': '/home/kuba/Muzyka/Chic - (1977) Chic (kopia)/02-Chic - São Paulo.mp3', 'ext': 'mp3', 'album': 'Chic', 'artist': 'Chic', 'title': 'São Paulo', 'date': '1977', 'length': 301, 'bitrate': 320}

2018.10.20 14:42:16-main.stocker-INFO: File Crawler for starts for file : /home/kuba/Muzyka/Chic - (1977) Chic (kopia)/11-Chic - Everybody Dance (Alternate 7'' Version).mp3
2018.10.20 14:42:16-main.stocker-DEBUG: Handling file by taglib - correct
2018.10.20 14:42:16-main.stocker-WARNING: Error : 'DATE'
2018.10.20 14:42:16-main.stocker-INFO: All file attributes collected correct
2018.10.20 14:42:16-main.stocker-INFO: {'path': "/home/kuba/Muzyka/Chic - (1977) Chic (kopia)/11-Chic - Everybody Dance (Alternate 7'' Version).mp3", 'ext': 'mp3', 'album': 'Chic', 'artist': 'Chic', 'title': "Everybody Dance (Alternate 7'' Version)", 'date': '', 'length': 248, 'bitrate': 320}

2018.10.20 14:42:16-main.stocker-INFO: File Crawler for starts for file : /home/kuba/Muzyka/Chic - (1977) Chic (kopia)/05-Chic - Est-Ce Que C'est Chic.mp3
2018.10.20 14:42:16-main.stocker-DEBUG: Handling file by taglib - correct
2018.10.20 14:42:16-main.stocker-INFO: All file attributes collected correct
2018.10.20 14:42:16-main.stocker-INFO: {'path': "/home/kuba/Muzyka/Chic - (1977) Chic (kopia)/05-Chic - Est-Ce Que C'est Chic.mp3", 'ext': 'mp3', 'album': 'Chic', 'artist': 'Chic', 'title': "Est-Ce Que C'est Chic", 'date': '1977', 'length': 233, 'bitrate': 320}

2018.10.20 14:42:16-main.stocker-INFO: File Crawler for starts for file : /home/kuba/Muzyka/Chic - (1977) Chic (kopia)/15-Chic - Everybody Dance (Glenn Friscia Hardhouse Mix).mp3
2018.10.20 14:42:16-main.stocker-DEBUG: Handling file by taglib - correct
2018.10.20 14:42:16-main.stocker-INFO: All file attributes collected correct
2018.10.20 14:42:16-main.stocker-INFO: {'path': '/home/kuba/Muzyka/Chic - (1977) Chic (kopia)/15-Chic - Everybody Dance (Glenn Friscia Hardhouse Mix).mp3', 'ext': 'mp3', 'album': 'Chic', 'artist': 'Chic', 'title': 'Everybody Dance (Glenn Friscia Hardhouse Mix)', 'date': '1977', 'length': 338, 'bitrate': 320}

2018.10.20 14:42:16-main.stocker-INFO: File Crawler for starts for file : /home/kuba/Muzyka/Chic - (1977) Chic (kopia)/13-Chic - You Can Get By (7'' Version).mp3
2018.10.20 14:42:16-main.stocker-DEBUG: Handling file by taglib - correct
2018.10.20 14:42:16-main.stocker-INFO: All file attributes collected correct
2018.10.20 14:42:16-main.stocker-INFO: {'path': "/home/kuba/Muzyka/Chic - (1977) Chic (kopia)/13-Chic - You Can Get By (7'' Version).mp3", 'ext': 'mp3', 'album': 'Chic', 'artist': 'Chic', 'title': "You Can Get By (7'' Version)", 'date': '1977', 'length': 242, 'bitrate': 320}

2018.10.20 14:42:16-main.stocker-INFO: File Crawler for starts for file : /home/kuba/Muzyka/Chic - (1977) Chic (kopia)/12-Chic - Everybody Dance (12'' Version).mp3
2018.10.20 14:42:16-main.stocker-DEBUG: Handling file by taglib - correct
2018.10.20 14:42:16-main.stocker-INFO: All file attributes collected correct
2018.10.20 14:42:16-main.stocker-INFO: {'path': "/home/kuba/Muzyka/Chic - (1977) Chic (kopia)/12-Chic - Everybody Dance (12'' Version).mp3", 'ext': 'mp3', 'album': 'Chic', 'artist': 'Chic', 'title': "Everybody Dance (12'' Version)", 'date': '1977', 'length': 507, 'bitrate': 320}

2018.10.20 14:42:16-main.stocker-INFO: File Crawler for starts for file : /home/kuba/Muzyka/Chic - (1977) Chic (kopia)/01-Chic-Dance,Dance,Dance(Yowsah,Yowsah,Yowsah)(Album&12''Versio.mp3
2018.10.20 14:42:16-main.stocker-DEBUG: Handling file by taglib - correct
2018.10.20 14:42:16-main.stocker-WARNING: Error : 'DATE'
2018.10.20 14:42:16-main.stocker-INFO: All file attributes collected correct
2018.10.20 14:42:16-main.stocker-INFO: {'path': "/home/kuba/Muzyka/Chic - (1977) Chic (kopia)/01-Chic-Dance,Dance,Dance(Yowsah,Yowsah,Yowsah)(Album&12''Versio.mp3", 'ext': 'mp3', 'album': 'Chic', 'artist': 'Chic', 'title': "Dance, Dance, Dance (Yowsah, Yowsah, Yowsah) (Album & 12'' Version)", 'date': '', 'length': 502, 'bitrate': 320}

2018.10.20 14:42:16-main.stocker-INFO: File Crawler for starts for file : /home/kuba/Muzyka/Chic - (1977) Chic (kopia)/04-Chic - Everybody Dance.mp3
2018.10.20 14:42:16-main.stocker-DEBUG: Handling file by taglib - correct
2018.10.20 14:42:16-main.stocker-WARNING: Error : 'DATE'
2018.10.20 14:42:16-main.stocker-INFO: All file attributes collected correct
2018.10.20 14:42:16-main.stocker-INFO: {'path': '/home/kuba/Muzyka/Chic - (1977) Chic (kopia)/04-Chic - Everybody Dance.mp3', 'ext': 'mp3', 'album': 'Chic', 'artist': 'Chic', 'title': 'Everybody Dance', 'date': '', 'length': 401, 'bitrate': 320}

2018.10.20 14:42:16-main.stocker-INFO: File Crawler for starts for file : /home/kuba/Muzyka/Chic - (1977) Chic (kopia)/14-Chic - Dance, Dance, Dance (Yowsah,Yowsah,Yowsah)(PalJoeyMix).mp3
2018.10.20 14:42:16-main.stocker-DEBUG: Handling file by taglib - correct
2018.10.20 14:42:16-main.stocker-INFO: All file attributes collected correct
2018.10.20 14:42:16-main.stocker-INFO: {'path': '/home/kuba/Muzyka/Chic - (1977) Chic (kopia)/14-Chic - Dance, Dance, Dance (Yowsah,Yowsah,Yowsah)(PalJoeyMix).mp3', 'ext': 'mp3', 'album': 'Chic', 'artist': 'Chic', 'title': 'Dance, Dance, Dance (Yowsah, Yowsah, Yowsah) (Pal Joey Mix)', 'date': '1977', 'length': 247, 'bitrate': 320}

2018.10.20 14:42:16-main.stocker-INFO: File Crawler for starts for file : /home/kuba/Muzyka/Chic - (1977) Chic (kopia)/07-Chic - Strike Up The Band.mp3
2018.10.20 14:42:16-main.stocker-DEBUG: Handling file by taglib - correct
2018.10.20 14:42:16-main.stocker-INFO: All file attributes collected correct
2018.10.20 14:42:16-main.stocker-INFO: {'path': '/home/kuba/Muzyka/Chic - (1977) Chic (kopia)/07-Chic - Strike Up The Band.mp3', 'ext': 'mp3', 'album': 'Chic', 'artist': 'Chic', 'title': 'Strike Up The Band', 'date': '1977', 'length': 272, 'bitrate': 320}

2018.10.20 14:42:16-main.stocker-INFO: File Crawler for starts for file : /home/kuba/Muzyka/Chic - (1977) Chic (kopia)/10-Chic - Everybody Dance (7'' Version).mp3
2018.10.20 14:42:16-main.stocker-DEBUG: Handling file by taglib - correct
2018.10.20 14:42:16-main.stocker-WARNING: Error : 'DATE'
2018.10.20 14:42:16-main.stocker-INFO: All file attributes collected correct
2018.10.20 14:42:16-main.stocker-INFO: {'path': "/home/kuba/Muzyka/Chic - (1977) Chic (kopia)/10-Chic - Everybody Dance (7'' Version).mp3", 'ext': 'mp3', 'album': 'Chic', 'artist': 'Chic', 'title': "Everybody Dance (7'' Version)", 'date': '', 'length': 206, 'bitrate': 320}

2018.10.20 14:42:16-main.stocker-INFO: File Crawler for starts for file : /home/kuba/Muzyka/Chic - (1977) Chic (kopia)/17-Chic - Strike Up The Band (Hifana Copa Mix).mp3
2018.10.20 14:42:16-main.stocker-DEBUG: Handling file by taglib - correct
2018.10.20 14:42:16-main.stocker-INFO: All file attributes collected correct
2018.10.20 14:42:16-main.stocker-INFO: {'path': '/home/kuba/Muzyka/Chic - (1977) Chic (kopia)/17-Chic - Strike Up The Band (Hifana Copa Mix).mp3', 'ext': 'mp3', 'album': 'Chic', 'artist': 'Chic', 'title': 'Strike Up The Band (Hifana Copa Mix)', 'date': '1977', 'length': 229, 'bitrate': 320}

2018.10.20 14:42:16-main.stocker-INFO: File Crawler for starts for file : /home/kuba/Muzyka/Chic - (1977) Chic (kopia)/06-Chic - Falling In Love With You.mp3
2018.10.20 14:42:16-main.stocker-DEBUG: Handling file by taglib - correct
2018.10.20 14:42:16-main.stocker-INFO: All file attributes collected correct
2018.10.20 14:42:16-main.stocker-INFO: {'path': '/home/kuba/Muzyka/Chic - (1977) Chic (kopia)/06-Chic - Falling In Love With You.mp3', 'ext': 'mp3', 'album': 'Chic', 'artist': 'Chic', 'title': 'Falling In Love With You', 'date': '1977', 'length': 269, 'bitrate': 320}

2018.10.20 14:42:16-main.stocker-INFO: File Crawler for starts for file : /home/kuba/Muzyka/Chic - (1977) Chic (kopia)/16-Chic - Everybody Dance (Motiva Rpl Mix).mp3
2018.10.20 14:42:16-main.stocker-DEBUG: Handling file by taglib - correct
2018.10.20 14:42:16-main.stocker-INFO: All file attributes collected correct
2018.10.20 14:42:16-main.stocker-INFO: {'path': '/home/kuba/Muzyka/Chic - (1977) Chic (kopia)/16-Chic - Everybody Dance (Motiva Rpl Mix).mp3', 'ext': 'mp3', 'album': 'Chic', 'artist': 'Chic', 'title': 'Everybody Dance (Motiva Rpl Mix)', 'date': '1977', 'length': 362, 'bitrate': 320}

2018.10.20 14:42:16-main.stocker-INFO: File Crawler for starts for file : /home/kuba/Muzyka/Chic - (1977) Chic (kopia)/08-Chic - Dance, Dance, Dance (Yowsah,Yowsah,Yowsah)(7''Version).mp3
2018.10.20 14:42:16-main.stocker-DEBUG: Handling file by taglib - correct
2018.10.20 14:42:16-main.stocker-WARNING: Error : 'DATE'
2018.10.20 14:42:16-main.stocker-INFO: All file attributes collected correct
2018.10.20 14:42:16-main.stocker-INFO: {'path': "/home/kuba/Muzyka/Chic - (1977) Chic (kopia)/08-Chic - Dance, Dance, Dance (Yowsah,Yowsah,Yowsah)(7''Version).mp3", 'ext': 'mp3', 'album': 'Chic', 'artist': 'Chic', 'title': "Dance, Dance, Dance (Yowsah, Yowsah, Yowsah) (7'' Version)", 'date': '', 'length': 218, 'bitrate': 320}

2018.10.20 14:42:16-main.stocker-INFO: 

2018.10.20 14:42:16-main.stocker-INFO: Loop through files ends succesfully

2018.10.20 14:42:16-main.stocker-INFO: Determine Catalog Attributes function starts

2018.10.20 14:42:16-main.stocker-DEBUG: Tries to guess Album name
2018.10.20 14:42:16-main.stocker-DEBUG: Found 1 proposition(s) : ['Chic']
2018.10.20 14:42:16-main.stocker-DEBUG: Album found : Chic
2018.10.20 14:42:16-main.stocker-DEBUG: Tries to guess Artist name
2018.10.20 14:42:16-main.stocker-DEBUG: Found 1 proposition(s) : ['Chic']
2018.10.20 14:42:16-main.stocker-DEBUG: Artist found : Chic
2018.10.20 14:42:16-main.stocker-DEBUG: Tries to guess date of album
2018.10.20 14:42:16-main.stocker-DEBUG: Date unreckognized
2018.10.20 14:42:16-main.stocker-DEBUG: Computing average bitrate of files
2018.10.20 14:42:16-main.stocker-DEBUG: Computing total length of files
2018.10.20 14:42:16-main.stocker-INFO: reckognized Catalog Attributes:
Artist: Chic        
Album: Chic
Date: 
AvgBitrate: 320.0
CatalogSym        
Total Tracks: 17
Total Length: 1:25:06


2018.10.20 14:42:16-main.stocker-DEBUG: returns {'album': 'Chic', 'artist': 'Chic', 'date': '', 'avg_bitrate': 320.0, 'total_length': 5106, 'catalog_mark': '', 'ext': 'mp3', 'total_tracks': 17, 'img_count': 4, 'path': '/home/kuba/Muzyka/Chic - (1977) Chic (kopia)', 'comment': ''}
2018.10.20 14:42:16-main.stocker-INFO: Catalog Crawler ends,

2018.10.20 14:42:16-main.dgs_con-INFO: Query Discogs Func started
2018.10.20 14:42:16-main.dgs_con-INFO: Working on /home/kuba/Muzyka/Chic - (1977) Chic (kopia)
2018.10.20 14:42:16-main.dgs_con-INFO: Find a master Func started
2018.10.20 14:42:16-main.dgs_con-INFO: Master: Album
2018.10.20 14:42:16-main.dgs_con-INFO: Connecting Discogs	Query: Chic
2018.10.20 14:42:18-main.dgs_con-INFO: Comparing Chic - Chic to Chic - Chic
2018.10.20 14:42:18-main.dgs_con-INFO: Found ID : 53188 by a Album method

2018.10.20 14:42:18-main.dgs_con-DEBUG: values on output: Album, 53188

2018.10.20 14:42:20-main.dgs_con-INFO: Find a master Func ended

2018.10.20 14:42:20-main.dgs_con-INFO: Find a release Func started
2018.10.20 14:42:20-main.dgs_con-INFO: Release: Album
2018.10.20 14:42:20-main.dgs_con-INFO: Connecting Discogs	Query: Chic
2018.10.20 14:42:22-main.dgs_con-INFO: Comparing <Artist 9081 'Chic'> - Chic to Chic - Chic
2018.10.20 14:42:23-main.dgs_con-INFO: Comparing <Artist 9081 'Chic'> - C'est Chic to Chic - Chic
2018.10.20 14:42:24-main.dgs_con-INFO: Comparing <Artist 9081 'Chic'> - Chic to Chic - Chic
2018.10.20 14:42:25-main.dgs_con-INFO: Comparing <Artist 9081 'Chic'> - Chic to Chic - Chic
2018.10.20 14:42:25-main.dgs_con-INFO: Comparing <Artist 9081 'Chic'> - Chic to Chic - Chic
2018.10.20 14:42:26-main.dgs_con-INFO: Comparing <Artist 9081 'Chic'> - Chic to Chic - Chic
2018.10.20 14:42:27-main.dgs_con-INFO: Comparing <Artist 9081 'Chic'> - Chic to Chic - Chic
2018.10.20 14:42:28-main.dgs_con-INFO: Comparing <Artist 9081 'Chic'> - Chic to Chic - Chic
2018.10.20 14:42:29-main.dgs_con-INFO: Comparing <Artist 9081 'Chic'> - C'est Chic to Chic - Chic
2018.10.20 14:42:30-main.dgs_con-INFO: Comparing <Artist 9081 'Chic'> - Chic to Chic - Chic
2018.10.20 14:42:31-main.dgs_con-INFO: Comparing <Artist 9081 'Chic'> - Les Plus Grands Succes De Chic = Chic's Greatest Hits to Chic - Chic
2018.10.20 14:42:32-main.dgs_con-INFO: Comparing <Artist 9081 'Chic'> - C'est Chic to Chic - Chic
2018.10.20 14:42:32-main.dgs_con-INFO: Comparing <Artist 9081 'Chic'> - Chic to Chic - Chic
2018.10.20 14:42:33-main.dgs_con-INFO: Comparing <Artist 9081 'Chic'> - Chic to Chic - Chic
2018.10.20 14:42:34-main.dgs_con-INFO: Comparing <Artist 9081 'Chic'> - Chic to Chic - Chic
2018.10.20 14:42:34-main.dgs_con-DEBUG: no values on output, error: 'metoda_release'

2018.10.20 14:42:36-main.dgs_con-INFO: Release: Token
2018.10.20 14:42:36-main.dgs_con-INFO: Connecting Discogs	Query: Chic - Chic
2018.10.20 14:42:38-main.dgs_con-INFO: Comparing Artist 9081 Chic - Chic to Chic - Chic
2018.10.20 14:42:39-main.dgs_con-INFO: Comparing Artist 9081 Chic - Chic to Chic - Chic
2018.10.20 14:42:40-main.dgs_con-INFO: Comparing Artist 9081 Chic - Cest Chic to Chic - Chic
2018.10.20 14:42:41-main.dgs_con-INFO: Comparing Artist 9081 Chic - Chic to Chic - Chic
2018.10.20 14:42:41-main.dgs_con-INFO: Comparing Artist 9081 Chic - Chic to Chic - Chic
2018.10.20 14:42:42-main.dgs_con-INFO: Comparing Artist 9081 Chic - Chic to Chic - Chic
2018.10.20 14:42:43-main.dgs_con-INFO: Comparing Artist 9081 Chic - Chic to Chic - Chic
2018.10.20 14:42:44-main.dgs_con-INFO: Comparing Artist 9081 Chic - Chic to Chic - Chic
2018.10.20 14:42:45-main.dgs_con-INFO: Comparing Artist 9081 Chic - Chic to Chic - Chic
2018.10.20 14:42:46-main.dgs_con-INFO: Comparing Artist 9081 Chic - Cest Chic to Chic - Chic
2018.10.20 14:42:47-main.dgs_con-INFO: Comparing Artist 9081 Chic - Chic to Chic - Chic
2018.10.20 14:42:47-main.dgs_con-INFO: Comparing Artist 9081 Chic - Les Plus Grands Succes De Chic  Chics Greatest Hits to Chic - Chic
2018.10.20 14:42:48-main.dgs_con-INFO: Comparing Artist 9081 Chic - Chic to Chic - Chic
2018.10.20 14:42:49-main.dgs_con-INFO: Comparing Artist 9081 Chic - Chic to Chic - Chic
2018.10.20 14:42:50-main.dgs_con-INFO: Comparing Artist 9081 Chic - Chic to Chic - Chic
2018.10.20 14:42:50-main.dgs_con-DEBUG: no values on output, error: 'metoda_release'

2018.10.20 14:42:52-main.dgs_con-INFO: Find a release Func started

2018.10.20 14:42:52-main.dgs_con-INFO: Finshed querying Discogs, results are: 53188, Album, , 


2018.10.20 14:42:54-main.dgs_con-INFO: Query Discogs Func started
2018.10.20 14:42:54-main.dgs_con-INFO: Working on /home/kuba/Muzyka/Chic - (1977) Chic (kopia)
2018.10.20 14:42:54-main.dgs_con-INFO: Find a release Func started
2018.10.20 14:42:54-main.dgs_con-INFO: Release: Album
2018.10.20 14:42:54-main.dgs_con-INFO: Connecting Discogs	Query: Chic
2018.10.20 14:42:56-main.dgs_con-INFO: Comparing <Artist 9081 'Chic'> - Chic to Chic - Chic
2018.10.20 14:42:56-main.dgs_con-INFO: Comparing <Artist 9081 'Chic'> - C'est Chic to Chic - Chic
2018.10.20 14:42:57-main.dgs_con-INFO: Comparing <Artist 9081 'Chic'> - Chic to Chic - Chic
2018.10.20 14:42:58-main.dgs_con-INFO: Comparing <Artist 9081 'Chic'> - Chic to Chic - Chic
2018.10.20 14:42:59-main.dgs_con-INFO: Comparing <Artist 9081 'Chic'> - Chic to Chic - Chic
2018.10.20 14:43:00-main.dgs_con-INFO: Comparing <Artist 9081 'Chic'> - Chic to Chic - Chic
2018.10.20 14:43:01-main.dgs_con-INFO: Comparing <Artist 9081 'Chic'> - Chic to Chic - Chic
2018.10.20 14:43:03-main-WARNING: 429: You are making requests too quickly.
2018.10.20 14:43:03-main-WARNING: Connection Broken.                     Trying to connect in 4 seconds
