2018.10.17 20:54:10-INFO: OS : Linux
2018.10.17 20:54:10-INFO: catalog_collector Function starts
2018.10.17 20:54:10-DEBUG: Catalog Cache File not found
2018.10.17 20:54:10-DEBUG: Starting reading library
2018.10.17 20:54:10-INFO: Library reading ended with 22 directories
2018.10.17 20:54:10-INFO: catalog_collector Function ended


2018.10.17 20:54:10-INFO: Catalog Crawler starts
2018.10.17 20:54:10-DEBUG: Files found in catalog : ['Chic - Chic (Original album).m3u', "09-Chic - São Paulo (7'' Version).mp3", '03-Chic - You Can Get By.mp3', 'front.jpg', '02-Chic - São Paulo.mp3', 'Chic - Chic (Original album + bonus tracks).m3u', "11-Chic - Everybody Dance (Alternate 7'' Version).mp3", "05-Chic - Est-Ce Que C'est Chic.mp3", '15-Chic - Everybody Dance (Glenn Friscia Hardhouse Mix).mp3', "13-Chic - You Can Get By (7'' Version).mp3", 'side 1.jpg', 'Chic - Everybody Dance (Single).m3u', "12-Chic - Everybody Dance (12'' Version).mp3", "01-Chic-Dance,Dance,Dance(Yowsah,Yowsah,Yowsah)(Album&12''Versio.mp3", '04-Chic - Everybody Dance.mp3', 'back.jpg', '14-Chic - Dance, Dance, Dance (Yowsah,Yowsah,Yowsah)(PalJoeyMix).mp3', 'Chic - Dance, Dance, Dance (Yowsah, Yowsah, Yowsah) (Single).m3u', '07-Chic - Strike Up The Band.mp3', "10-Chic - Everybody Dance (7'' Version).mp3", '17-Chic - Strike Up The Band (Hifana Copa Mix).mp3', 'side 2.jpg', '06-Chic - Falling In Love With You.mp3', '16-Chic - Everybody Dance (Motiva Rpl Mix).mp3', "08-Chic - Dance, Dance, Dance (Yowsah,Yowsah,Yowsah)(7''Version).mp3"]
2018.10.17 20:54:10-INFO: Starting loop through files

2018.10.17 20:54:10-INFO: File Crawler for starts for file : /home/kuba/Muzyka/Chic - (1977) Chic (kopia)/09-Chic - São Paulo (7'' Version).mp3
2018.10.17 20:54:10-DEBUG: Handling file by taglib - correct
2018.10.17 20:54:10-INFO: All file attributes collected correct
2018.10.17 20:54:10-INFO: {'path': "/home/kuba/Muzyka/Chic - (1977) Chic (kopia)/09-Chic - São Paulo (7'' Version).mp3", 'ext': 'mp3', 'album': 'Chic', 'artist': 'Chic', 'title': "São Paulo (7'' Version)", 'date': '1977', 'length': 195, 'bitrate': 320}

2018.10.17 20:54:10-INFO: File Crawler for starts for file : /home/kuba/Muzyka/Chic - (1977) Chic (kopia)/03-Chic - You Can Get By.mp3
2018.10.17 20:54:10-DEBUG: Handling file by taglib - correct
2018.10.17 20:54:10-INFO: All file attributes collected correct
2018.10.17 20:54:10-INFO: {'path': '/home/kuba/Muzyka/Chic - (1977) Chic (kopia)/03-Chic - You Can Get By.mp3', 'ext': 'mp3', 'album': 'Chic', 'artist': 'Chic', 'title': 'You Can Get By', 'date': '1977', 'length': 336, 'bitrate': 320}

2018.10.17 20:54:10-INFO: File Crawler for starts for file : /home/kuba/Muzyka/Chic - (1977) Chic (kopia)/02-Chic - São Paulo.mp3
2018.10.17 20:54:10-DEBUG: Handling file by taglib - correct
2018.10.17 20:54:10-INFO: All file attributes collected correct
2018.10.17 20:54:10-INFO: {'path': '/home/kuba/Muzyka/Chic - (1977) Chic (kopia)/02-Chic - São Paulo.mp3', 'ext': 'mp3', 'album': 'Chic', 'artist': 'Chic', 'title': 'São Paulo', 'date': '1977', 'length': 301, 'bitrate': 320}

2018.10.17 20:54:10-INFO: File Crawler for starts for file : /home/kuba/Muzyka/Chic - (1977) Chic (kopia)/11-Chic - Everybody Dance (Alternate 7'' Version).mp3
2018.10.17 20:54:10-DEBUG: Handling file by taglib - correct
2018.10.17 20:54:10-WARNING: Error : 'DATE'
2018.10.17 20:54:10-INFO: All file attributes collected correct
2018.10.17 20:54:10-INFO: {'path': "/home/kuba/Muzyka/Chic - (1977) Chic (kopia)/11-Chic - Everybody Dance (Alternate 7'' Version).mp3", 'ext': 'mp3', 'album': 'Chic', 'artist': 'Chic', 'title': "Everybody Dance (Alternate 7'' Version)", 'date': '', 'length': 248, 'bitrate': 320}

2018.10.17 20:54:10-INFO: File Crawler for starts for file : /home/kuba/Muzyka/Chic - (1977) Chic (kopia)/05-Chic - Est-Ce Que C'est Chic.mp3
2018.10.17 20:54:10-DEBUG: Handling file by taglib - correct
2018.10.17 20:54:10-INFO: All file attributes collected correct
2018.10.17 20:54:10-INFO: {'path': "/home/kuba/Muzyka/Chic - (1977) Chic (kopia)/05-Chic - Est-Ce Que C'est Chic.mp3", 'ext': 'mp3', 'album': 'Chic', 'artist': 'Chic', 'title': "Est-Ce Que C'est Chic", 'date': '1977', 'length': 233, 'bitrate': 320}

2018.10.17 20:54:10-INFO: File Crawler for starts for file : /home/kuba/Muzyka/Chic - (1977) Chic (kopia)/15-Chic - Everybody Dance (Glenn Friscia Hardhouse Mix).mp3
2018.10.17 20:54:10-DEBUG: Handling file by taglib - correct
2018.10.17 20:54:10-INFO: All file attributes collected correct
2018.10.17 20:54:10-INFO: {'path': '/home/kuba/Muzyka/Chic - (1977) Chic (kopia)/15-Chic - Everybody Dance (Glenn Friscia Hardhouse Mix).mp3', 'ext': 'mp3', 'album': 'Chic', 'artist': 'Chic', 'title': 'Everybody Dance (Glenn Friscia Hardhouse Mix)', 'date': '1977', 'length': 338, 'bitrate': 320}

2018.10.17 20:54:10-INFO: File Crawler for starts for file : /home/kuba/Muzyka/Chic - (1977) Chic (kopia)/13-Chic - You Can Get By (7'' Version).mp3
2018.10.17 20:54:10-DEBUG: Handling file by taglib - correct
2018.10.17 20:54:10-INFO: All file attributes collected correct
2018.10.17 20:54:10-INFO: {'path': "/home/kuba/Muzyka/Chic - (1977) Chic (kopia)/13-Chic - You Can Get By (7'' Version).mp3", 'ext': 'mp3', 'album': 'Chic', 'artist': 'Chic', 'title': "You Can Get By (7'' Version)", 'date': '1977', 'length': 242, 'bitrate': 320}

2018.10.17 20:54:10-INFO: File Crawler for starts for file : /home/kuba/Muzyka/Chic - (1977) Chic (kopia)/12-Chic - Everybody Dance (12'' Version).mp3
2018.10.17 20:54:10-DEBUG: Handling file by taglib - correct
2018.10.17 20:54:10-INFO: All file attributes collected correct
2018.10.17 20:54:10-INFO: {'path': "/home/kuba/Muzyka/Chic - (1977) Chic (kopia)/12-Chic - Everybody Dance (12'' Version).mp3", 'ext': 'mp3', 'album': 'Chic', 'artist': 'Chic', 'title': "Everybody Dance (12'' Version)", 'date': '1977', 'length': 507, 'bitrate': 320}

2018.10.17 20:54:10-INFO: File Crawler for starts for file : /home/kuba/Muzyka/Chic - (1977) Chic (kopia)/01-Chic-Dance,Dance,Dance(Yowsah,Yowsah,Yowsah)(Album&12''Versio.mp3
2018.10.17 20:54:10-DEBUG: Handling file by taglib - correct
2018.10.17 20:54:10-WARNING: Error : 'DATE'
2018.10.17 20:54:10-INFO: All file attributes collected correct
2018.10.17 20:54:10-INFO: {'path': "/home/kuba/Muzyka/Chic - (1977) Chic (kopia)/01-Chic-Dance,Dance,Dance(Yowsah,Yowsah,Yowsah)(Album&12''Versio.mp3", 'ext': 'mp3', 'album': 'Chic', 'artist': 'Chic', 'title': "Dance, Dance, Dance (Yowsah, Yowsah, Yowsah) (Album & 12'' Version)", 'date': '', 'length': 502, 'bitrate': 320}

2018.10.17 20:54:10-INFO: File Crawler for starts for file : /home/kuba/Muzyka/Chic - (1977) Chic (kopia)/04-Chic - Everybody Dance.mp3
2018.10.17 20:54:10-DEBUG: Handling file by taglib - correct
2018.10.17 20:54:10-WARNING: Error : 'DATE'
2018.10.17 20:54:10-INFO: All file attributes collected correct
2018.10.17 20:54:10-INFO: {'path': '/home/kuba/Muzyka/Chic - (1977) Chic (kopia)/04-Chic - Everybody Dance.mp3', 'ext': 'mp3', 'album': 'Chic', 'artist': 'Chic', 'title': 'Everybody Dance', 'date': '', 'length': 401, 'bitrate': 320}

2018.10.17 20:54:10-INFO: File Crawler for starts for file : /home/kuba/Muzyka/Chic - (1977) Chic (kopia)/14-Chic - Dance, Dance, Dance (Yowsah,Yowsah,Yowsah)(PalJoeyMix).mp3
2018.10.17 20:54:10-DEBUG: Handling file by taglib - correct
2018.10.17 20:54:10-INFO: All file attributes collected correct
2018.10.17 20:54:10-INFO: {'path': '/home/kuba/Muzyka/Chic - (1977) Chic (kopia)/14-Chic - Dance, Dance, Dance (Yowsah,Yowsah,Yowsah)(PalJoeyMix).mp3', 'ext': 'mp3', 'album': 'Chic', 'artist': 'Chic', 'title': 'Dance, Dance, Dance (Yowsah, Yowsah, Yowsah) (Pal Joey Mix)', 'date': '1977', 'length': 247, 'bitrate': 320}

2018.10.17 20:54:10-INFO: File Crawler for starts for file : /home/kuba/Muzyka/Chic - (1977) Chic (kopia)/07-Chic - Strike Up The Band.mp3
2018.10.17 20:54:10-DEBUG: Handling file by taglib - correct
2018.10.17 20:54:10-INFO: All file attributes collected correct
2018.10.17 20:54:10-INFO: {'path': '/home/kuba/Muzyka/Chic - (1977) Chic (kopia)/07-Chic - Strike Up The Band.mp3', 'ext': 'mp3', 'album': 'Chic', 'artist': 'Chic', 'title': 'Strike Up The Band', 'date': '1977', 'length': 272, 'bitrate': 320}

2018.10.17 20:54:10-INFO: File Crawler for starts for file : /home/kuba/Muzyka/Chic - (1977) Chic (kopia)/10-Chic - Everybody Dance (7'' Version).mp3
2018.10.17 20:54:10-DEBUG: Handling file by taglib - correct
2018.10.17 20:54:10-WARNING: Error : 'DATE'
2018.10.17 20:54:10-INFO: All file attributes collected correct
2018.10.17 20:54:10-INFO: {'path': "/home/kuba/Muzyka/Chic - (1977) Chic (kopia)/10-Chic - Everybody Dance (7'' Version).mp3", 'ext': 'mp3', 'album': 'Chic', 'artist': 'Chic', 'title': "Everybody Dance (7'' Version)", 'date': '', 'length': 206, 'bitrate': 320}

2018.10.17 20:54:10-INFO: File Crawler for starts for file : /home/kuba/Muzyka/Chic - (1977) Chic (kopia)/17-Chic - Strike Up The Band (Hifana Copa Mix).mp3
2018.10.17 20:54:10-DEBUG: Handling file by taglib - correct
2018.10.17 20:54:10-INFO: All file attributes collected correct
2018.10.17 20:54:10-INFO: {'path': '/home/kuba/Muzyka/Chic - (1977) Chic (kopia)/17-Chic - Strike Up The Band (Hifana Copa Mix).mp3', 'ext': 'mp3', 'album': 'Chic', 'artist': 'Chic', 'title': 'Strike Up The Band (Hifana Copa Mix)', 'date': '1977', 'length': 229, 'bitrate': 320}

2018.10.17 20:54:10-INFO: File Crawler for starts for file : /home/kuba/Muzyka/Chic - (1977) Chic (kopia)/06-Chic - Falling In Love With You.mp3
2018.10.17 20:54:10-DEBUG: Handling file by taglib - correct
2018.10.17 20:54:10-INFO: All file attributes collected correct
2018.10.17 20:54:10-INFO: {'path': '/home/kuba/Muzyka/Chic - (1977) Chic (kopia)/06-Chic - Falling In Love With You.mp3', 'ext': 'mp3', 'album': 'Chic', 'artist': 'Chic', 'title': 'Falling In Love With You', 'date': '1977', 'length': 269, 'bitrate': 320}

2018.10.17 20:54:10-INFO: File Crawler for starts for file : /home/kuba/Muzyka/Chic - (1977) Chic (kopia)/16-Chic - Everybody Dance (Motiva Rpl Mix).mp3
2018.10.17 20:54:10-DEBUG: Handling file by taglib - correct
2018.10.17 20:54:10-INFO: All file attributes collected correct
2018.10.17 20:54:10-INFO: {'path': '/home/kuba/Muzyka/Chic - (1977) Chic (kopia)/16-Chic - Everybody Dance (Motiva Rpl Mix).mp3', 'ext': 'mp3', 'album': 'Chic', 'artist': 'Chic', 'title': 'Everybody Dance (Motiva Rpl Mix)', 'date': '1977', 'length': 362, 'bitrate': 320}

2018.10.17 20:54:10-INFO: File Crawler for starts for file : /home/kuba/Muzyka/Chic - (1977) Chic (kopia)/08-Chic - Dance, Dance, Dance (Yowsah,Yowsah,Yowsah)(7''Version).mp3
2018.10.17 20:54:10-DEBUG: Handling file by taglib - correct
2018.10.17 20:54:10-WARNING: Error : 'DATE'
2018.10.17 20:54:10-INFO: All file attributes collected correct
2018.10.17 20:54:10-INFO: {'path': "/home/kuba/Muzyka/Chic - (1977) Chic (kopia)/08-Chic - Dance, Dance, Dance (Yowsah,Yowsah,Yowsah)(7''Version).mp3", 'ext': 'mp3', 'album': 'Chic', 'artist': 'Chic', 'title': "Dance, Dance, Dance (Yowsah, Yowsah, Yowsah) (7'' Version)", 'date': '', 'length': 218, 'bitrate': 320}

2018.10.17 20:54:10-INFO: 

2018.10.17 20:54:10-INFO: Loop through files ends succesfully

2018.10.17 20:54:10-INFO: Determine Catalog Attributes function starts

2018.10.17 20:54:10-DEBUG: Tries to guess Album name
2018.10.17 20:54:10-DEBUG: Found 1 proposition(s) : ['Chic']
2018.10.17 20:54:10-DEBUG: Album found : Chic
2018.10.17 20:54:10-DEBUG: Tries to guess Artist name
2018.10.17 20:54:10-DEBUG: Found 1 proposition(s) : ['Chic']
2018.10.17 20:54:10-DEBUG: Artist found : Chic
2018.10.17 20:54:10-DEBUG: Tries to guess date of album
2018.10.17 20:54:10-DEBUG: Date unreckognized
2018.10.17 20:54:10-DEBUG: Computing average bitrate of files
2018.10.17 20:54:10-DEBUG: Computing total length of files
2018.10.17 20:54:10-INFO: reckognized Catalog Attributes:
Artist: Chic        
Album: Chic
Date: 
AvgBitrate: 320.0
CatalogSym        
Total Length: 1:25:06


2018.10.17 20:54:10-DEBUG: returns {'album': 'Chic', 'artist': 'Chic', 'date': '', 'avg_bitrate': 320.0, 'total_length': 5106, 'catalog_mark': '', 'ext': 'mp3', 'img_count': 4, 'path': '/home/kuba/Muzyka/Chic - (1977) Chic (kopia)', 'is_supported': True}
2018.10.17 20:54:10-INFO: Catalog Crawler ends,

2018.10.17 20:54:10-INFO: Finding Album DiscogsID started
2018.10.17 20:54:10-INFO: Working on /home/kuba/Muzyka/Chic - (1977) Chic (kopia)
2018.10.17 20:54:10-INFO: metoda Album
2018.10.17 20:54:10-INFO: Connecting Discogs
Query: Chic
2018.10.17 20:54:11-INFO: Comparing Chic - Chic
2018.10.17 20:54:11-INFO: Znaleziono ID z listy Album
2018.10.17 20:54:11-INFO: 53188
2018.10.17 20:54:24-INFO: Save to DB started
2018.10.17 20:54:24-INFO: Catalog data inserted successfully
2018.10.17 20:54:24-DEBUG: Tries to insert : {'path': "/home/kuba/Muzyka/Chic - (1977) Chic (kopia)/09-Chic - São Paulo (7'' Version).mp3", 'ext': 'mp3', 'album': 'Chic', 'artist': 'Chic', 'title': "São Paulo (7'' Version)", 'date': '1977', 'length': 195, 'bitrate': 320}
2018.10.17 20:54:24-DEBUG: Tries to insert : {'path': '/home/kuba/Muzyka/Chic - (1977) Chic (kopia)/03-Chic - You Can Get By.mp3', 'ext': 'mp3', 'album': 'Chic', 'artist': 'Chic', 'title': 'You Can Get By', 'date': '1977', 'length': 336, 'bitrate': 320}
2018.10.17 20:54:24-DEBUG: Tries to insert : {'path': '/home/kuba/Muzyka/Chic - (1977) Chic (kopia)/02-Chic - São Paulo.mp3', 'ext': 'mp3', 'album': 'Chic', 'artist': 'Chic', 'title': 'São Paulo', 'date': '1977', 'length': 301, 'bitrate': 320}
2018.10.17 20:54:24-DEBUG: Tries to insert : {'path': "/home/kuba/Muzyka/Chic - (1977) Chic (kopia)/11-Chic - Everybody Dance (Alternate 7'' Version).mp3", 'ext': 'mp3', 'album': 'Chic', 'artist': 'Chic', 'title': "Everybody Dance (Alternate 7'' Version)", 'date': '', 'length': 248, 'bitrate': 320}
2018.10.17 20:54:24-DEBUG: Tries to insert : {'path': "/home/kuba/Muzyka/Chic - (1977) Chic (kopia)/05-Chic - Est-Ce Que C'est Chic.mp3", 'ext': 'mp3', 'album': 'Chic', 'artist': 'Chic', 'title': "Est-Ce Que C'est Chic", 'date': '1977', 'length': 233, 'bitrate': 320}
2018.10.17 20:54:24-DEBUG: Tries to insert : {'path': '/home/kuba/Muzyka/Chic - (1977) Chic (kopia)/15-Chic - Everybody Dance (Glenn Friscia Hardhouse Mix).mp3', 'ext': 'mp3', 'album': 'Chic', 'artist': 'Chic', 'title': 'Everybody Dance (Glenn Friscia Hardhouse Mix)', 'date': '1977', 'length': 338, 'bitrate': 320}
2018.10.17 20:54:24-DEBUG: Tries to insert : {'path': "/home/kuba/Muzyka/Chic - (1977) Chic (kopia)/13-Chic - You Can Get By (7'' Version).mp3", 'ext': 'mp3', 'album': 'Chic', 'artist': 'Chic', 'title': "You Can Get By (7'' Version)", 'date': '1977', 'length': 242, 'bitrate': 320}
2018.10.17 20:54:24-DEBUG: Tries to insert : {'path': "/home/kuba/Muzyka/Chic - (1977) Chic (kopia)/12-Chic - Everybody Dance (12'' Version).mp3", 'ext': 'mp3', 'album': 'Chic', 'artist': 'Chic', 'title': "Everybody Dance (12'' Version)", 'date': '1977', 'length': 507, 'bitrate': 320}
2018.10.17 20:54:24-DEBUG: Tries to insert : {'path': "/home/kuba/Muzyka/Chic - (1977) Chic (kopia)/01-Chic-Dance,Dance,Dance(Yowsah,Yowsah,Yowsah)(Album&12''Versio.mp3", 'ext': 'mp3', 'album': 'Chic', 'artist': 'Chic', 'title': "Dance, Dance, Dance (Yowsah, Yowsah, Yowsah) (Album & 12'' Version)", 'date': '', 'length': 502, 'bitrate': 320}
2018.10.17 20:54:24-DEBUG: Tries to insert : {'path': '/home/kuba/Muzyka/Chic - (1977) Chic (kopia)/04-Chic - Everybody Dance.mp3', 'ext': 'mp3', 'album': 'Chic', 'artist': 'Chic', 'title': 'Everybody Dance', 'date': '', 'length': 401, 'bitrate': 320}
2018.10.17 20:54:24-DEBUG: Tries to insert : {'path': '/home/kuba/Muzyka/Chic - (1977) Chic (kopia)/14-Chic - Dance, Dance, Dance (Yowsah,Yowsah,Yowsah)(PalJoeyMix).mp3', 'ext': 'mp3', 'album': 'Chic', 'artist': 'Chic', 'title': 'Dance, Dance, Dance (Yowsah, Yowsah, Yowsah) (Pal Joey Mix)', 'date': '1977', 'length': 247, 'bitrate': 320}
2018.10.17 20:54:24-DEBUG: Tries to insert : {'path': '/home/kuba/Muzyka/Chic - (1977) Chic (kopia)/07-Chic - Strike Up The Band.mp3', 'ext': 'mp3', 'album': 'Chic', 'artist': 'Chic', 'title': 'Strike Up The Band', 'date': '1977', 'length': 272, 'bitrate': 320}
2018.10.17 20:54:24-DEBUG: Tries to insert : {'path': "/home/kuba/Muzyka/Chic - (1977) Chic (kopia)/10-Chic - Everybody Dance (7'' Version).mp3", 'ext': 'mp3', 'album': 'Chic', 'artist': 'Chic', 'title': "Everybody Dance (7'' Version)", 'date': '', 'length': 206, 'bitrate': 320}
2018.10.17 20:54:24-DEBUG: Tries to insert : {'path': '/home/kuba/Muzyka/Chic - (1977) Chic (kopia)/17-Chic - Strike Up The Band (Hifana Copa Mix).mp3', 'ext': 'mp3', 'album': 'Chic', 'artist': 'Chic', 'title': 'Strike Up The Band (Hifana Copa Mix)', 'date': '1977', 'length': 229, 'bitrate': 320}
2018.10.17 20:54:24-DEBUG: Tries to insert : {'path': '/home/kuba/Muzyka/Chic - (1977) Chic (kopia)/06-Chic - Falling In Love With You.mp3', 'ext': 'mp3', 'album': 'Chic', 'artist': 'Chic', 'title': 'Falling In Love With You', 'date': '1977', 'length': 269, 'bitrate': 320}
2018.10.17 20:54:24-DEBUG: Tries to insert : {'path': '/home/kuba/Muzyka/Chic - (1977) Chic (kopia)/16-Chic - Everybody Dance (Motiva Rpl Mix).mp3', 'ext': 'mp3', 'album': 'Chic', 'artist': 'Chic', 'title': 'Everybody Dance (Motiva Rpl Mix)', 'date': '1977', 'length': 362, 'bitrate': 320}
2018.10.17 20:54:24-DEBUG: Tries to insert : {'path': "/home/kuba/Muzyka/Chic - (1977) Chic (kopia)/08-Chic - Dance, Dance, Dance (Yowsah,Yowsah,Yowsah)(7''Version).mp3", 'ext': 'mp3', 'album': 'Chic', 'artist': 'Chic', 'title': "Dance, Dance, Dance (Yowsah, Yowsah, Yowsah) (7'' Version)", 'date': '', 'length': 218, 'bitrate': 320}
2018.10.17 20:54:24-INFO: Catalog data inserted successfully
2018.10.17 20:54:24-INFO: Data Commited
2018.10.17 20:54:24-INFO: Catalog Crawler starts
2018.10.17 20:54:24-DEBUG: Files found in catalog : ['03 Pomost.flac', '01 Sklejam się.flac', 'Grażyna Łobaszewska - Sklejam się.log', '05 Para-finał.flac', '02 Filozof.flac', '08 Kurkuma.flac', 'Grażyna Łobaszewska - Sklejam się.m3u8', '04 Anglia wita.flac', '07 Rzym płonie.flac', '10 Szpilki.flac', '06 Pełnia szczęść.flac', '11 Pełnoletni.flac', '09 Ole gondola.flac', 'Grażyna Łobaszewska - Sklejam się.cue']
2018.10.17 20:54:24-INFO: Starting loop through files

2018.10.17 20:54:24-INFO: File Crawler for starts for file : /home/kuba/Muzyka/Grażyna Łobaszewska-2016-Sklejam się-Scans/03 Pomost.flac
2018.10.17 20:54:24-DEBUG: Handling file by taglib - correct
2018.10.17 20:54:24-INFO: All file attributes collected correct
2018.10.17 20:54:24-INFO: {'path': '/home/kuba/Muzyka/Grażyna Łobaszewska-2016-Sklejam się-Scans/03 Pomost.flac', 'ext': 'flac', 'album': 'Sklejam się', 'artist': 'Grażyna Łobaszewska', 'title': 'Pomost', 'date': '2016', 'length': 284, 'bitrate': 813}

2018.10.17 20:54:24-INFO: File Crawler for starts for file : /home/kuba/Muzyka/Grażyna Łobaszewska-2016-Sklejam się-Scans/01 Sklejam się.flac
2018.10.17 20:54:24-DEBUG: Handling file by taglib - correct
2018.10.17 20:54:24-INFO: All file attributes collected correct
2018.10.17 20:54:24-INFO: {'path': '/home/kuba/Muzyka/Grażyna Łobaszewska-2016-Sklejam się-Scans/01 Sklejam się.flac', 'ext': 'flac', 'album': 'Sklejam się', 'artist': 'Grażyna Łobaszewska', 'title': 'Sklejam się', 'date': '2016', 'length': 209, 'bitrate': 876}

2018.10.17 20:54:24-INFO: File Crawler for starts for file : /home/kuba/Muzyka/Grażyna Łobaszewska-2016-Sklejam się-Scans/05 Para-finał.flac
2018.10.17 20:54:24-DEBUG: Handling file by taglib - correct
2018.10.17 20:54:24-INFO: All file attributes collected correct
2018.10.17 20:54:24-INFO: {'path': '/home/kuba/Muzyka/Grażyna Łobaszewska-2016-Sklejam się-Scans/05 Para-finał.flac', 'ext': 'flac', 'album': 'Sklejam się', 'artist': 'Grażyna Łobaszewska', 'title': 'Para-finał', 'date': '2016', 'length': 218, 'bitrate': 872}

2018.10.17 20:54:24-INFO: File Crawler for starts for file : /home/kuba/Muzyka/Grażyna Łobaszewska-2016-Sklejam się-Scans/02 Filozof.flac
2018.10.17 20:54:24-DEBUG: Handling file by taglib - correct
2018.10.17 20:54:24-INFO: All file attributes collected correct
2018.10.17 20:54:24-INFO: {'path': '/home/kuba/Muzyka/Grażyna Łobaszewska-2016-Sklejam się-Scans/02 Filozof.flac', 'ext': 'flac', 'album': 'Sklejam się', 'artist': 'Grażyna Łobaszewska', 'title': 'Filozof', 'date': '2016', 'length': 275, 'bitrate': 771}

2018.10.17 20:54:24-INFO: File Crawler for starts for file : /home/kuba/Muzyka/Grażyna Łobaszewska-2016-Sklejam się-Scans/08 Kurkuma.flac
2018.10.17 20:54:24-DEBUG: Handling file by taglib - correct
2018.10.17 20:54:24-INFO: All file attributes collected correct
2018.10.17 20:54:24-INFO: {'path': '/home/kuba/Muzyka/Grażyna Łobaszewska-2016-Sklejam się-Scans/08 Kurkuma.flac', 'ext': 'flac', 'album': 'Sklejam się', 'artist': 'Grażyna Łobaszewska', 'title': 'Kurkuma', 'date': '2016', 'length': 273, 'bitrate': 817}

2018.10.17 20:54:24-INFO: File Crawler for starts for file : /home/kuba/Muzyka/Grażyna Łobaszewska-2016-Sklejam się-Scans/04 Anglia wita.flac
2018.10.17 20:54:24-DEBUG: Handling file by taglib - correct
2018.10.17 20:54:24-INFO: All file attributes collected correct
2018.10.17 20:54:24-INFO: {'path': '/home/kuba/Muzyka/Grażyna Łobaszewska-2016-Sklejam się-Scans/04 Anglia wita.flac', 'ext': 'flac', 'album': 'Sklejam się', 'artist': 'Grażyna Łobaszewska', 'title': 'Anglia wita', 'date': '2016', 'length': 335, 'bitrate': 773}

2018.10.17 20:54:24-INFO: File Crawler for starts for file : /home/kuba/Muzyka/Grażyna Łobaszewska-2016-Sklejam się-Scans/07 Rzym płonie.flac
2018.10.17 20:54:24-DEBUG: Handling file by taglib - correct
2018.10.17 20:54:24-INFO: All file attributes collected correct
2018.10.17 20:54:24-INFO: {'path': '/home/kuba/Muzyka/Grażyna Łobaszewska-2016-Sklejam się-Scans/07 Rzym płonie.flac', 'ext': 'flac', 'album': 'Sklejam się', 'artist': 'Grażyna Łobaszewska', 'title': 'Rzym płonie', 'date': '2016', 'length': 235, 'bitrate': 711}

2018.10.17 20:54:24-INFO: File Crawler for starts for file : /home/kuba/Muzyka/Grażyna Łobaszewska-2016-Sklejam się-Scans/10 Szpilki.flac
2018.10.17 20:54:24-DEBUG: Handling file by taglib - correct
2018.10.17 20:54:24-INFO: All file attributes collected correct
2018.10.17 20:54:24-INFO: {'path': '/home/kuba/Muzyka/Grażyna Łobaszewska-2016-Sklejam się-Scans/10 Szpilki.flac', 'ext': 'flac', 'album': 'Sklejam się', 'artist': 'Grażyna Łobaszewska', 'title': 'Szpilki', 'date': '2016', 'length': 204, 'bitrate': 917}

2018.10.17 20:54:24-INFO: File Crawler for starts for file : /home/kuba/Muzyka/Grażyna Łobaszewska-2016-Sklejam się-Scans/06 Pełnia szczęść.flac
2018.10.17 20:54:24-DEBUG: Handling file by taglib - correct
2018.10.17 20:54:24-INFO: All file attributes collected correct
2018.10.17 20:54:24-INFO: {'path': '/home/kuba/Muzyka/Grażyna Łobaszewska-2016-Sklejam się-Scans/06 Pełnia szczęść.flac', 'ext': 'flac', 'album': 'Sklejam się', 'artist': 'Grażyna Łobaszewska', 'title': 'Pełnia szczęść', 'date': '2016', 'length': 213, 'bitrate': 931}

2018.10.17 20:54:24-INFO: File Crawler for starts for file : /home/kuba/Muzyka/Grażyna Łobaszewska-2016-Sklejam się-Scans/11 Pełnoletni.flac
2018.10.17 20:54:24-DEBUG: Handling file by taglib - correct
2018.10.17 20:54:24-INFO: All file attributes collected correct
2018.10.17 20:54:24-INFO: {'path': '/home/kuba/Muzyka/Grażyna Łobaszewska-2016-Sklejam się-Scans/11 Pełnoletni.flac', 'ext': 'flac', 'album': 'Sklejam się', 'artist': 'Grażyna Łobaszewska', 'title': 'Pełnoletni', 'date': '2016', 'length': 221, 'bitrate': 797}

2018.10.17 20:54:24-INFO: File Crawler for starts for file : /home/kuba/Muzyka/Grażyna Łobaszewska-2016-Sklejam się-Scans/09 Ole gondola.flac
2018.10.17 20:54:24-DEBUG: Handling file by taglib - correct
2018.10.17 20:54:24-INFO: All file attributes collected correct
2018.10.17 20:54:24-INFO: {'path': '/home/kuba/Muzyka/Grażyna Łobaszewska-2016-Sklejam się-Scans/09 Ole gondola.flac', 'ext': 'flac', 'album': 'Sklejam się', 'artist': 'Grażyna Łobaszewska', 'title': 'Ole gondola', 'date': '2016', 'length': 237, 'bitrate': 868}

2018.10.17 20:54:24-INFO: 

2018.10.17 20:54:24-INFO: Loop through files ends succesfully

2018.10.17 20:54:24-INFO: Determine Catalog Attributes function starts

2018.10.17 20:54:24-DEBUG: Tries to guess Album name
2018.10.17 20:54:24-DEBUG: Found 1 proposition(s) : ['Sklejam się']
2018.10.17 20:54:24-DEBUG: Album found : Sklejam się
2018.10.17 20:54:24-DEBUG: Tries to guess Artist name
2018.10.17 20:54:24-DEBUG: Found 1 proposition(s) : ['Grażyna Łobaszewska']
2018.10.17 20:54:24-DEBUG: Artist found : Grażyna Łobaszewska
2018.10.17 20:54:24-DEBUG: Tries to guess date of album
2018.10.17 20:54:24-DEBUG: Date recognized : 2016
2018.10.17 20:54:24-DEBUG: Computing average bitrate of files
2018.10.17 20:54:24-DEBUG: Computing total length of files
2018.10.17 20:54:24-INFO: reckognized Catalog Attributes:
Artist: Grażyna Łobaszewska        
Album: Sklejam się
Date: 2016
AvgBitrate: 831.4545454545455
CatalogSym        
Total Length: 0:45:04


2018.10.17 20:54:24-DEBUG: returns {'album': 'Sklejam się', 'artist': 'Grażyna Łobaszewska', 'date': '2016', 'avg_bitrate': 831.4545454545455, 'total_length': 2704, 'catalog_mark': '', 'ext': 'flac', 'img_count': 0, 'path': '/home/kuba/Muzyka/Grażyna Łobaszewska-2016-Sklejam się-Scans', 'is_supported': False}
2018.10.17 20:54:24-INFO: Catalog Crawler ends,

2018.10.17 20:54:24-INFO: Finding Album DiscogsID started
2018.10.17 20:54:24-INFO: Working on /home/kuba/Muzyka/Grażyna Łobaszewska-2016-Sklejam się-Scans
2018.10.17 20:54:24-INFO: metoda Album
2018.10.17 20:54:24-INFO: Connecting Discogs
Query: Sklejam się
2018.10.17 20:54:27-INFO: metoda Token
2018.10.17 20:54:27-INFO: Connecting Discogs
 Query: Grażyna Łobaszewska - Sklejam się
2018.10.17 20:54:30-INFO: metoda Variations
2018.10.17 20:54:30-INFO: Connecting Discogs
Query: Grażyna Łobaszewska
2018.10.17 20:54:31-INFO: <Artist 852231 'Grażyna Łobaszewska'>  aliases : ['G. Łobaszewska', 'Grazyna Lobaszewska']
2018.10.17 20:54:31-INFO: Connecting Discogs
Query: G. Łobaszewska - Sklejam się
2018.10.17 20:54:31-INFO: tried: G. Łobaszewska - Sklejam się
2018.10.17 20:54:34-INFO: Connecting Discogs
Query: Grazyna Lobaszewska - Sklejam się
2018.10.17 20:54:34-INFO: tried: Grazyna Lobaszewska - Sklejam się
2018.10.17 20:54:39-INFO: metoda Release
2018.10.17 20:54:39-INFO: Connecting Discogs
Query: Sklejam się
2018.10.17 20:54:40-INFO: Comparing Grażyna Łobaszewska, Ajagore - Sklejam Się
2018.10.17 20:54:40-INFO: Comparing Hurt (3) - Nowy Początek
2018.10.17 20:54:42-INFO: metoda Release2
2018.10.17 20:54:42-INFO: Connecting Discogs
Query: Grażyna Łobaszewska - Sklejam się
2018.10.17 20:54:43-INFO: Comparing Grażyna Łobaszewska Ajagore - Sklejam Się
2018.10.17 20:54:43-INFO: With Grażyna Łobaszewska - Sklejam się
2018.10.17 20:54:47-INFO: Save to DB started
2018.10.17 20:54:47-INFO: Catalog data inserted successfully
2018.10.17 20:54:47-DEBUG: Tries to insert : {'path': '/home/kuba/Muzyka/Grażyna Łobaszewska-2016-Sklejam się-Scans/03 Pomost.flac', 'ext': 'flac', 'album': 'Sklejam się', 'artist': 'Grażyna Łobaszewska', 'title': 'Pomost', 'date': '2016', 'length': 284, 'bitrate': 813}
2018.10.17 20:54:47-DEBUG: Tries to insert : {'path': '/home/kuba/Muzyka/Grażyna Łobaszewska-2016-Sklejam się-Scans/01 Sklejam się.flac', 'ext': 'flac', 'album': 'Sklejam się', 'artist': 'Grażyna Łobaszewska', 'title': 'Sklejam się', 'date': '2016', 'length': 209, 'bitrate': 876}
2018.10.17 20:54:47-DEBUG: Tries to insert : {'path': '/home/kuba/Muzyka/Grażyna Łobaszewska-2016-Sklejam się-Scans/05 Para-finał.flac', 'ext': 'flac', 'album': 'Sklejam się', 'artist': 'Grażyna Łobaszewska', 'title': 'Para-finał', 'date': '2016', 'length': 218, 'bitrate': 872}
2018.10.17 20:54:47-DEBUG: Tries to insert : {'path': '/home/kuba/Muzyka/Grażyna Łobaszewska-2016-Sklejam się-Scans/02 Filozof.flac', 'ext': 'flac', 'album': 'Sklejam się', 'artist': 'Grażyna Łobaszewska', 'title': 'Filozof', 'date': '2016', 'length': 275, 'bitrate': 771}
2018.10.17 20:54:47-DEBUG: Tries to insert : {'path': '/home/kuba/Muzyka/Grażyna Łobaszewska-2016-Sklejam się-Scans/08 Kurkuma.flac', 'ext': 'flac', 'album': 'Sklejam się', 'artist': 'Grażyna Łobaszewska', 'title': 'Kurkuma', 'date': '2016', 'length': 273, 'bitrate': 817}
2018.10.17 20:54:47-DEBUG: Tries to insert : {'path': '/home/kuba/Muzyka/Grażyna Łobaszewska-2016-Sklejam się-Scans/04 Anglia wita.flac', 'ext': 'flac', 'album': 'Sklejam się', 'artist': 'Grażyna Łobaszewska', 'title': 'Anglia wita', 'date': '2016', 'length': 335, 'bitrate': 773}
2018.10.17 20:54:47-DEBUG: Tries to insert : {'path': '/home/kuba/Muzyka/Grażyna Łobaszewska-2016-Sklejam się-Scans/07 Rzym płonie.flac', 'ext': 'flac', 'album': 'Sklejam się', 'artist': 'Grażyna Łobaszewska', 'title': 'Rzym płonie', 'date': '2016', 'length': 235, 'bitrate': 711}
2018.10.17 20:54:47-DEBUG: Tries to insert : {'path': '/home/kuba/Muzyka/Grażyna Łobaszewska-2016-Sklejam się-Scans/10 Szpilki.flac', 'ext': 'flac', 'album': 'Sklejam się', 'artist': 'Grażyna Łobaszewska', 'title': 'Szpilki', 'date': '2016', 'length': 204, 'bitrate': 917}
2018.10.17 20:54:47-DEBUG: Tries to insert : {'path': '/home/kuba/Muzyka/Grażyna Łobaszewska-2016-Sklejam się-Scans/06 Pełnia szczęść.flac', 'ext': 'flac', 'album': 'Sklejam się', 'artist': 'Grażyna Łobaszewska', 'title': 'Pełnia szczęść', 'date': '2016', 'length': 213, 'bitrate': 931}
2018.10.17 20:54:47-DEBUG: Tries to insert : {'path': '/home/kuba/Muzyka/Grażyna Łobaszewska-2016-Sklejam się-Scans/11 Pełnoletni.flac', 'ext': 'flac', 'album': 'Sklejam się', 'artist': 'Grażyna Łobaszewska', 'title': 'Pełnoletni', 'date': '2016', 'length': 221, 'bitrate': 797}
2018.10.17 20:54:47-DEBUG: Tries to insert : {'path': '/home/kuba/Muzyka/Grażyna Łobaszewska-2016-Sklejam się-Scans/09 Ole gondola.flac', 'ext': 'flac', 'album': 'Sklejam się', 'artist': 'Grażyna Łobaszewska', 'title': 'Ole gondola', 'date': '2016', 'length': 237, 'bitrate': 868}
2018.10.17 20:54:47-INFO: Catalog data inserted successfully
2018.10.17 20:54:47-INFO: Data Commited
